#
# There is insufficient memory for the Java Runtime Environment to continue.
# Native memory allocation (mmap) failed to map 92274688 bytes for G1 virtual space
# Possible reasons:
#   The system is out of physical RAM or swap space
#   The process is running with CompressedOops enabled, and the Java Heap may be blocking the growth of the native heap
# Possible solutions:
#   Reduce memory load on the system
#   Increase physical memory or swap space
#   Check if swap backing store is full
#   Decrease Java heap size (-Xmx/-Xms)
#   Decrease number of Java threads
#   Decrease Java thread stack sizes (-Xss)
#   Set larger code cache with -XX:ReservedCodeCacheSize=
#   JVM is running with Zero Based Compressed Oops mode in which the Java heap is
#     placed in the first 32GB address space. The Java Heap base address is the
#     maximum limit for the native heap growth. Please use -XX:HeapBaseMinAddress
#     to set the Java Heap base and to place the Java Heap above 32GB virtual address.
# This output file may be truncated or incomplete.
#
#  Out of Memory Error (os_windows.cpp:3527), pid=640, tid=14256
#
# JRE version: OpenJDK Runtime Environment (19.0.1+10) (build 19.0.1+10-21)
# Java VM: OpenJDK 64-Bit Server VM (19.0.1+10-21, mixed mode, emulated-client, sharing, tiered, compressed oops, compressed class ptrs, g1 gc, windows-amd64)
# No core dump will be written. Minidumps are not enabled by default on client versions of Windows
#

---------------  S U M M A R Y ------------

Command Line: -XX:TieredStopAtLevel=1 -Dspring.output.ansi.enabled=always -Dcom.sun.management.jmxremote -Dspring.jmx.enabled=true -Dspring.liveBeansView.mbeanDomain -Dspring.application.admin.enabled=true -javaagent:C:\Users\vlade\IntelliJ IDEA 2022.2.4\lib\idea_rt.jar=60968:C:\Users\vlade\IntelliJ IDEA 2022.2.4\bin -Dfile.encoding=UTF-8 -Dsun.stdout.encoding=UTF-8 -Dsun.stderr.encoding=UTF-8 kursovoi.mestopolozhenie_po_zasechkam.MestopolozheniePoZasechkamApplication

Host: AMD Ryzen 5 3500U with Radeon Vega Mobile Gfx  , 8 cores, 9G,  Windows 11 , 64 bit Build 22000 (10.0.22000.1335)
Time: Sun Dec 18 14:31:54 2022 RTZ 2 (s 11 , 64 bit Build 22000 (10.0.22000.1335) elapsed time: 92.670929 seconds (0d 0h 1m 32s)

---------------  T H R E A D  ---------------

Current thread (0x0000027fecd1ff60):  VMThread "VM Thread" [stack: 0x000000b923f00000,0x000000b924000000] [id=14256]

Stack: [0x000000b923f00000,0x000000b924000000]
Native frames: (J=compiled Java code, j=interpreted, Vv=VM code, C=native code)
V  [jvm.dll+0x6ee8fa]
V  [jvm.dll+0x857a1e]
V  [jvm.dll+0x85940e]
V  [jvm.dll+0x859ac3]
V  [jvm.dll+0x28291f]
V  [jvm.dll+0x6eb6e9]
V  [jvm.dll+0x6e028a]
V  [jvm.dll+0x357136]
V  [jvm.dll+0x35eb96]
V  [jvm.dll+0x3b555e]
V  [jvm.dll+0x3b578f]
V  [jvm.dll+0x32c6ea]
V  [jvm.dll+0x32f276]
V  [jvm.dll+0x339df5]
V  [jvm.dll+0x372a40]
V  [jvm.dll+0x85ef83]
V  [jvm.dll+0x85fd49]
V  [jvm.dll+0x86027d]
V  [jvm.dll+0x86070b]
V  [jvm.dll+0x8607c7]
V  [jvm.dll+0x8015fa]
V  [jvm.dll+0x6ed5eb]
C  [ucrtbase.dll+0x26c0c]
C  [KERNEL32.DLL+0x155a0]
C  [ntdll.dll+0x485b]

VM_Operation (0x000000b923bff3a0): G1PauseRemark, mode: safepoint, requested by thread 0x0000027fd747d920


---------------  P R O C E S S  ---------------

Threads class SMR info:
_java_thread_list=0x0000027ff82e16e0, length=41, elements={
0x0000027fecd3ac90, 0x0000027fecd3d790, 0x0000027fecd401e0, 0x0000027fecd42730,
0x0000027fecd42fb0, 0x0000027fecd47c20, 0x0000027fecd58030, 0x0000027fecd476d0,
0x0000027fecd48170, 0x0000027fecd486c0, 0x0000027fecd48c10, 0x0000027fecd456f0,
0x0000027fecd46190, 0x0000027fecd466e0, 0x0000027fecd47180, 0x0000027fecd45c40,
0x0000027ff796aae0, 0x0000027ff79675c0, 0x0000027ff796cac0, 0x0000027ff796a590,
0x0000027ff7968060, 0x0000027ff796a040, 0x0000027ff79665d0, 0x0000027ff796c570,
0x0000027ff796b030, 0x0000027ff796c020, 0x0000027ff796bad0, 0x0000027ff7965090,
0x0000027ff7966080, 0x0000027ff79655e0, 0x0000027ff7969050, 0x0000027ff7965b30,
0x0000027ff7967b10, 0x0000027ff7967070, 0x0000027ff7968b00, 0x0000027ff79695a0,
0x0000027ff7969af0, 0x0000027ff796b580, 0x0000027ff6fda110, 0x0000027ff6fdb650,
0x0000027ff6fd8bd0
}

Java Threads: ( => current thread )
  0x0000027fecd3ac90 JavaThread "Reference Handler" daemon [_thread_blocked, id=12000, stack(0x000000b924000000,0x000000b924100000)]
  0x0000027fecd3d790 JavaThread "Finalizer" daemon [_thread_blocked, id=11884, stack(0x000000b924100000,0x000000b924200000)]
  0x0000027fecd401e0 JavaThread "Signal Dispatcher" daemon [_thread_blocked, id=5920, stack(0x000000b924200000,0x000000b924300000)]
  0x0000027fecd42730 JavaThread "Attach Listener" daemon [_thread_blocked, id=3400, stack(0x000000b924300000,0x000000b924400000)]
  0x0000027fecd42fb0 JavaThread "Service Thread" daemon [_thread_blocked, id=13864, stack(0x000000b924400000,0x000000b924500000)]
  0x0000027fecd47c20 JavaThread "Monitor Deflation Thread" daemon [_thread_blocked, id=12600, stack(0x000000b924500000,0x000000b924600000)]
  0x0000027fecd58030 JavaThread "C1 CompilerThread0" daemon [_thread_blocked, id=12448, stack(0x000000b924600000,0x000000b924700000)]
  0x0000027fecd476d0 JavaThread "Sweeper thread" daemon [_thread_blocked, id=11592, stack(0x000000b924700000,0x000000b924800000)]
  0x0000027fecd48170 JavaThread "Common-Cleaner" daemon [_thread_blocked, id=7948, stack(0x000000b924800000,0x000000b924900000)]
  0x0000027fecd486c0 JavaThread "Monitor Ctrl-Break" daemon [_thread_in_native, id=8516, stack(0x000000b924c00000,0x000000b924d00000)]
  0x0000027fecd48c10 JavaThread "Notification Thread" daemon [_thread_blocked, id=5592, stack(0x000000b924d00000,0x000000b924e00000)]
  0x0000027fecd456f0 JavaThread "RMI TCP Accept-0" daemon [_thread_in_native, id=3348, stack(0x000000b924e00000,0x000000b924f00000)]
  0x0000027fecd46190 JavaThread "Java2D Disposer" daemon [_thread_blocked, id=5608, stack(0x000000b925000000,0x000000b925100000)]
  0x0000027fecd466e0 JavaThread "AWT-Windows" daemon [_thread_blocked, id=7760, stack(0x000000b925200000,0x000000b925300000)]
  0x0000027fecd47180 JavaThread "RMI Scheduler(0)" daemon [_thread_blocked, id=8624, stack(0x000000b926300000,0x000000b926400000)]
  0x0000027fecd45c40 JavaThread "Catalina-utility-1" [_thread_blocked, id=9432, stack(0x000000b926400000,0x000000b926500000)]
  0x0000027ff796aae0 JavaThread "Catalina-utility-2" [_thread_blocked, id=4912, stack(0x000000b926500000,0x000000b926600000)]
  0x0000027ff79675c0 JavaThread "container-0" [_thread_blocked, id=2840, stack(0x000000b926600000,0x000000b926700000)]
  0x0000027ff796cac0 JavaThread "HikariPool-1 housekeeper" daemon [_thread_blocked, id=9036, stack(0x000000b926800000,0x000000b926900000)]
  0x0000027ff796a590 JavaThread "http-nio-8080-exec-1" daemon [_thread_blocked, id=12332, stack(0x000000b926c00000,0x000000b926d00000)]
  0x0000027ff7968060 JavaThread "http-nio-8080-exec-2" daemon [_thread_blocked, id=11828, stack(0x000000b926d00000,0x000000b926e00000)]
  0x0000027ff796a040 JavaThread "http-nio-8080-exec-3" daemon [_thread_blocked, id=13556, stack(0x000000b926e00000,0x000000b926f00000)]
  0x0000027ff79665d0 JavaThread "http-nio-8080-exec-4" daemon [_thread_blocked, id=1572, stack(0x000000b926f00000,0x000000b927000000)]
  0x0000027ff796c570 JavaThread "http-nio-8080-exec-5" daemon [_thread_blocked, id=12348, stack(0x000000b927000000,0x000000b927100000)]
  0x0000027ff796b030 JavaThread "http-nio-8080-exec-6" daemon [_thread_blocked, id=8724, stack(0x000000b927100000,0x000000b927200000)]
  0x0000027ff796c020 JavaThread "http-nio-8080-exec-7" daemon [_thread_blocked, id=972, stack(0x000000b927200000,0x000000b927300000)]
  0x0000027ff796bad0 JavaThread "http-nio-8080-exec-8" daemon [_thread_blocked, id=8480, stack(0x000000b927300000,0x000000b927400000)]
  0x0000027ff7965090 JavaThread "http-nio-8080-exec-9" daemon [_thread_blocked, id=4844, stack(0x000000b927400000,0x000000b927500000)]
  0x0000027ff7966080 JavaThread "http-nio-8080-exec-10" daemon [_thread_blocked, id=7264, stack(0x000000b927500000,0x000000b927600000)]
  0x0000027ff79655e0 JavaThread "http-nio-8080-Poller" daemon [_thread_in_native, id=11508, stack(0x000000b927600000,0x000000b927700000)]
  0x0000027ff7969050 JavaThread "http-nio-8080-Acceptor" daemon [_thread_in_native, id=1456, stack(0x000000b927700000,0x000000b927800000)]
  0x0000027ff7965b30 JavaThread "AWT-Shutdown" [_thread_blocked, id=13248, stack(0x000000b927800000,0x000000b927900000)]
  0x0000027ff7967b10 JavaThread "AWT-EventQueue-0" [_thread_in_native, id=7420, stack(0x000000b927900000,0x000000b927a00000)]
  0x0000027ff7967070 JavaThread "DestroyJavaVM" [_thread_blocked, id=8768, stack(0x000000b923900000,0x000000b923a00000)]
  0x0000027ff7968b00 JavaThread "D3D Screen Updater" daemon [_thread_blocked, id=12648, stack(0x000000b927d00000,0x000000b927e00000)]
  0x0000027ff79695a0 JavaThread "TimerQueue" daemon [_thread_blocked, id=11736, stack(0x000000b927e00000,0x000000b927f00000)]
  0x0000027ff7969af0 JavaThread "Keep-Alive-Timer" daemon [_thread_blocked, id=4476, stack(0x000000b926900000,0x000000b926a00000)]
  0x0000027ff796b580 JavaThread "tile-pool-0" daemon [_thread_blocked, id=13052, stack(0x000000b927f00000,0x000000b928000000)]
  0x0000027ff6fda110 JavaThread "tile-pool-1" daemon [_thread_blocked, id=5252, stack(0x000000b928000000,0x000000b928100000)]
  0x0000027ff6fdb650 JavaThread "tile-pool-2" daemon [_thread_blocked, id=6884, stack(0x000000b928100000,0x000000b928200000)]
  0x0000027ff6fd8bd0 JavaThread "tile-pool-3" daemon [_thread_blocked, id=13520, stack(0x000000b928200000,0x000000b928300000)]

Other Threads:
=>0x0000027fecd1ff60 VMThread "VM Thread" [stack: 0x000000b923f00000,0x000000b924000000] [id=14256]
  0x0000027fd741e3a0 WatcherThread "VM Periodic Task Thread" [stack: 0x000000b924f00000,0x000000b925000000] [id=8816]
  0x0000027fd74727b0 WorkerThread "GC Thread#0" [stack: 0x000000b923a00000,0x000000b923b00000] [id=1956]
  0x0000027ff1a7f7b0 WorkerThread "GC Thread#1" [stack: 0x000000b925c00000,0x000000b925d00000] [id=9356]
  0x0000027ff1a7db30 WorkerThread "GC Thread#2" [stack: 0x000000b925d00000,0x000000b925e00000] [id=8180]
  0x0000027ff1a7de00 WorkerThread "GC Thread#3" [stack: 0x000000b925e00000,0x000000b925f00000] [id=11712]
  0x0000027ff1ac6960 WorkerThread "GC Thread#4" [stack: 0x000000b925f00000,0x000000b926000000] [id=9592]
  0x0000027ff1ac6c30 WorkerThread "GC Thread#5" [stack: 0x000000b926000000,0x000000b926100000] [id=8528]
  0x0000027ff1ac7d60 WorkerThread "GC Thread#6" [stack: 0x000000b926100000,0x000000b926200000] [id=13572]
  0x0000027ff1ac6f50 WorkerThread "GC Thread#7" [stack: 0x000000b926200000,0x000000b926300000] [id=8268]
  0x0000027fd747d920 ConcurrentGCThread "G1 Main Marker" [stack: 0x000000b923b00000,0x000000b923c00000] [id=9328]
  0x0000027fd747eaf0 WorkerThread "G1 Conc#0" [stack: 0x000000b923c00000,0x000000b923d00000] [id=11924]
  0x0000027ff1ac7a90 WorkerThread "G1 Conc#1" [stack: 0x000000b925100000,0x000000b925200000] [id=1504]
  0x0000027fd74d5990 ConcurrentGCThread "G1 Refine#0" [stack: 0x000000b923d00000,0x000000b923e00000] [id=11840]
  0x0000027fecbe2400 ConcurrentGCThread "G1 Service" [stack: 0x000000b923e00000,0x000000b923f00000] [id=10192]

Threads with active compile tasks:

VM state: at safepoint (normal execution)

VM Mutex/Monitor currently owned by a thread:  ([mutex/lock_event])
[0x0000027fd7419850] Threads_lock - owner thread: 0x0000027fecd1ff60
[0x0000027fd74196a0] Heap_lock - owner thread: 0x0000027fd747d920

Heap address: 0x0000000760e00000, size: 2546 MB, Compressed Oops mode: Zero based, Oop shift amount: 3

CDS archive(s) mapped at: [0x0000000800000000-0x0000000800c30000-0x0000000800c30000), size 12779520, SharedBaseAddress: 0x0000000800000000, ArchiveRelocationMode: 0.
Compressed class space mapped at: 0x0000000801000000-0x0000000841000000, reserved size: 1073741824
Narrow klass base: 0x0000000800000000, Narrow klass shift: 0, Narrow klass range: 0x100000000

GC Precious Log:
 CardTable entry size: 512
 Card Set container configuration: InlinePtr #cards 4 size 8 Array Of Cards #cards 16 size 48 Howl #buckets 8 coarsen threshold 3686 Howl Bitmap #cards 512 size 80 coarsen threshold 460 Card regions per heap region 1 cards per card region 4096
 CPUs: 8 total, 8 available
 Memory: 10177M
 Large Page Support: Disabled
 NUMA Support: Disabled
 Compressed Oops: Enabled (Zero based)
 Heap Region Size: 2M
 Heap Min Capacity: 8M
 Heap Initial Capacity: 160M
 Heap Max Capacity: 2546M
 Pre-touch: Disabled
 Parallel Workers: 8
 Concurrent Workers: 2
 Concurrent Refinement Workers: 8
 Periodic GC: Disabled

Heap:
 garbage-first heap   total 165888K, used 150687K [0x0000000760e00000, 0x0000000800000000)
  region size 2048K, 2 young (4096K), 1 survivors (2048K)
 Metaspace       used 65562K, committed 66624K, reserved 1114112K
  class space    used 8867K, committed 9280K, reserved 1048576K

Heap Regions: E=young(eden), S=young(survivor), O=old, HS=humongous(starts), HC=humongous(continues), CS=collection set, F=free, OA=open archive, CA=closed archive, TAMS=top-at-mark-start (previous, next)
|   0|0x0000000760e00000, 0x0000000761000000, 0x0000000761000000|100%| O|  |TAMS 0x0000000761000000, 0x0000000760e00000| Untracked 
|   1|0x0000000761000000, 0x0000000761200000, 0x0000000761200000|100%| O|  |TAMS 0x0000000761200000, 0x0000000761000000| Untracked 
|   2|0x0000000761200000, 0x0000000761400000, 0x0000000761400000|100%| O|  |TAMS 0x0000000761400000, 0x0000000761200000| Untracked 
|   3|0x0000000761400000, 0x0000000761600000, 0x0000000761600000|100%| O|  |TAMS 0x0000000761600000, 0x0000000761400000| Updating 
|   4|0x0000000761600000, 0x0000000761800000, 0x0000000761800000|100%| O|  |TAMS 0x0000000761800000, 0x0000000761600000| Updating 
|   5|0x0000000761800000, 0x0000000761a00000, 0x0000000761a00000|100%| O|  |TAMS 0x0000000761a00000, 0x0000000761800000| Updating 
|   6|0x0000000761a00000, 0x0000000761c00000, 0x0000000761c00000|100%| O|  |TAMS 0x0000000761c00000, 0x0000000761a00000| Updating 
|   7|0x0000000761c00000, 0x0000000761e00000, 0x0000000761e00000|100%| O|  |TAMS 0x0000000761e00000, 0x0000000761c00000| Updating 
|   8|0x0000000761e00000, 0x0000000762000000, 0x0000000762000000|100%| O|  |TAMS 0x0000000762000000, 0x0000000761e00000| Updating 
|   9|0x0000000762000000, 0x0000000762200000, 0x0000000762200000|100%| O|  |TAMS 0x0000000762200000, 0x0000000762000000| Untracked 
|  10|0x0000000762200000, 0x0000000762400000, 0x0000000762400000|100%| O|  |TAMS 0x0000000762400000, 0x0000000762200000| Updating 
|  11|0x0000000762400000, 0x0000000762600000, 0x0000000762600000|100%| O|  |TAMS 0x0000000762600000, 0x0000000762400000| Updating 
|  12|0x0000000762600000, 0x0000000762800000, 0x0000000762800000|100%| O|  |TAMS 0x0000000762800000, 0x0000000762600000| Updating 
|  13|0x0000000762800000, 0x0000000762a00000, 0x0000000762a00000|100%| O|  |TAMS 0x0000000762a00000, 0x0000000762800000| Updating 
|  14|0x0000000762a00000, 0x0000000762c00000, 0x0000000762c00000|100%| O|  |TAMS 0x0000000762c00000, 0x0000000762a00000| Updating 
|  15|0x0000000762c00000, 0x0000000762e00000, 0x0000000762e00000|100%| O|  |TAMS 0x0000000762e00000, 0x0000000762c00000| Updating 
|  16|0x0000000762e00000, 0x0000000763000000, 0x0000000763000000|100%| O|  |TAMS 0x0000000763000000, 0x0000000762e00000| Updating 
|  17|0x0000000763000000, 0x0000000763200000, 0x0000000763200000|100%| O|  |TAMS 0x0000000763200000, 0x0000000763000000| Updating 
|  18|0x0000000763200000, 0x0000000763400000, 0x0000000763400000|100%| O|  |TAMS 0x0000000763400000, 0x0000000763200000| Updating 
|  19|0x0000000763400000, 0x0000000763600000, 0x0000000763600000|100%| O|  |TAMS 0x0000000763600000, 0x0000000763400000| Updating 
|  20|0x0000000763600000, 0x0000000763800000, 0x0000000763800000|100%| O|  |TAMS 0x0000000763800000, 0x0000000763600000| Updating 
|  21|0x0000000763800000, 0x0000000763a00000, 0x0000000763a00000|100%| O|  |TAMS 0x0000000763a00000, 0x0000000763800000| Updating 
|  22|0x0000000763a00000, 0x0000000763c00000, 0x0000000763c00000|100%| O|  |TAMS 0x0000000763c00000, 0x0000000763a00000| Updating 
|  23|0x0000000763c00000, 0x0000000763e00000, 0x0000000763e00000|100%| O|  |TAMS 0x0000000763e00000, 0x0000000763c00000| Updating 
|  24|0x0000000763e00000, 0x0000000764000000, 0x0000000764000000|100%| O|  |TAMS 0x0000000764000000, 0x0000000763e00000| Updating 
|  25|0x0000000764000000, 0x0000000764200000, 0x0000000764200000|100%| O|  |TAMS 0x0000000764200000, 0x0000000764000000| Updating 
|  26|0x0000000764200000, 0x0000000764400000, 0x0000000764400000|100%| O|  |TAMS 0x0000000764400000, 0x0000000764200000| Updating 
|  27|0x0000000764400000, 0x0000000764600000, 0x0000000764600000|100%| O|  |TAMS 0x0000000764600000, 0x0000000764400000| Updating 
|  28|0x0000000764600000, 0x0000000764800000, 0x0000000764800000|100%| O|  |TAMS 0x0000000764800000, 0x0000000764600000| Updating 
|  29|0x0000000764800000, 0x0000000764a00000, 0x0000000764a00000|100%| O|  |TAMS 0x0000000764a00000, 0x0000000764800000| Updating 
|  30|0x0000000764a00000, 0x0000000764c00000, 0x0000000764c00000|100%| O|  |TAMS 0x0000000764c00000, 0x0000000764a00000| Updating 
|  31|0x0000000764c00000, 0x0000000764e00000, 0x0000000764e00000|100%| O|  |TAMS 0x0000000764e00000, 0x0000000764c00000| Updating 
|  32|0x0000000764e00000, 0x0000000765000000, 0x0000000765000000|100%| O|  |TAMS 0x0000000765000000, 0x0000000764e00000| Updating 
|  33|0x0000000765000000, 0x0000000765200000, 0x0000000765200000|100%| O|  |TAMS 0x0000000765200000, 0x0000000765000000| Updating 
|  34|0x0000000765200000, 0x0000000765400000, 0x0000000765400000|100%| O|  |TAMS 0x0000000765400000, 0x0000000765200000| Updating 
|  35|0x0000000765400000, 0x0000000765600000, 0x0000000765600000|100%| O|  |TAMS 0x0000000765600000, 0x0000000765400000| Updating 
|  36|0x0000000765600000, 0x0000000765800000, 0x0000000765800000|100%| O|  |TAMS 0x0000000765800000, 0x0000000765600000| Updating 
|  37|0x0000000765800000, 0x0000000765a00000, 0x0000000765a00000|100%| O|  |TAMS 0x0000000765a00000, 0x0000000765800000| Updating 
|  38|0x0000000765a00000, 0x0000000765c00000, 0x0000000765c00000|100%| O|  |TAMS 0x0000000765c00000, 0x0000000765a00000| Updating 
|  39|0x0000000765c00000, 0x0000000765e00000, 0x0000000765e00000|100%| O|  |TAMS 0x0000000765e00000, 0x0000000765c00000| Updating 
|  40|0x0000000765e00000, 0x0000000766000000, 0x0000000766000000|100%| O|  |TAMS 0x0000000766000000, 0x0000000765e00000| Updating 
|  41|0x0000000766000000, 0x0000000766200000, 0x0000000766200000|100%| O|  |TAMS 0x0000000766200000, 0x0000000766000000| Updating 
|  42|0x0000000766200000, 0x0000000766400000, 0x0000000766400000|100%| O|  |TAMS 0x0000000766400000, 0x0000000766200000| Updating 
|  43|0x0000000766400000, 0x0000000766600000, 0x0000000766600000|100%| O|  |TAMS 0x0000000766600000, 0x0000000766400000| Updating 
|  44|0x0000000766600000, 0x0000000766800000, 0x0000000766800000|100%| O|  |TAMS 0x0000000766800000, 0x0000000766600000| Updating 
|  45|0x0000000766800000, 0x0000000766a00000, 0x0000000766a00000|100%| O|  |TAMS 0x0000000766a00000, 0x0000000766800000| Updating 
|  46|0x0000000766a00000, 0x0000000766c00000, 0x0000000766c00000|100%| O|  |TAMS 0x0000000766c00000, 0x0000000766a00000| Updating 
|  47|0x0000000766c00000, 0x0000000766e00000, 0x0000000766e00000|100%| O|  |TAMS 0x0000000766e00000, 0x0000000766c00000| Updating 
|  48|0x0000000766e00000, 0x0000000767000000, 0x0000000767000000|100%| O|  |TAMS 0x0000000767000000, 0x0000000766e00000| Updating 
|  49|0x0000000767000000, 0x0000000767200000, 0x0000000767200000|100%| O|  |TAMS 0x0000000767200000, 0x0000000767000000| Updating 
|  50|0x0000000767200000, 0x0000000767400000, 0x0000000767400000|100%| O|  |TAMS 0x0000000767400000, 0x0000000767200000| Updating 
|  51|0x0000000767400000, 0x0000000767600000, 0x0000000767600000|100%| O|  |TAMS 0x0000000767600000, 0x0000000767400000| Updating 
|  52|0x0000000767600000, 0x0000000767800000, 0x0000000767800000|100%| O|  |TAMS 0x0000000767800000, 0x0000000767600000| Updating 
|  53|0x0000000767800000, 0x0000000767a00000, 0x0000000767a00000|100%| O|  |TAMS 0x0000000767a00000, 0x0000000767800000| Updating 
|  54|0x0000000767a00000, 0x0000000767c00000, 0x0000000767c00000|100%| O|  |TAMS 0x0000000767c00000, 0x0000000767a00000| Updating 
|  55|0x0000000767c00000, 0x0000000767e00000, 0x0000000767e00000|100%| O|  |TAMS 0x0000000767e00000, 0x0000000767c00000| Updating 
|  56|0x0000000767e00000, 0x0000000768000000, 0x0000000768000000|100%| O|  |TAMS 0x0000000768000000, 0x0000000767e00000| Updating 
|  57|0x0000000768000000, 0x0000000768200000, 0x0000000768200000|100%| O|  |TAMS 0x0000000768200000, 0x0000000768000000| Updating 
|  58|0x0000000768200000, 0x0000000768400000, 0x0000000768400000|100%| O|  |TAMS 0x0000000768400000, 0x0000000768200000| Updating 
|  59|0x0000000768400000, 0x0000000768600000, 0x0000000768600000|100%| O|  |TAMS 0x0000000768600000, 0x0000000768400000| Untracked 
|  60|0x0000000768600000, 0x0000000768800000, 0x0000000768800000|100%| O|  |TAMS 0x0000000768800000, 0x0000000768600000| Untracked 
|  61|0x0000000768800000, 0x0000000768a00000, 0x0000000768a00000|100%| O|  |TAMS 0x0000000768a00000, 0x0000000768800000| Untracked 
|  62|0x0000000768a00000, 0x0000000768c00000, 0x0000000768c00000|100%| O|  |TAMS 0x0000000768c00000, 0x0000000768a00000| Updating 
|  63|0x0000000768c00000, 0x0000000768e00000, 0x0000000768e00000|100%| O|  |TAMS 0x0000000768e00000, 0x0000000768c00000| Untracked 
|  64|0x0000000768e00000, 0x0000000769000000, 0x0000000769000000|100%| O|  |TAMS 0x0000000769000000, 0x0000000768e00000| Updating 
|  65|0x0000000769000000, 0x0000000769200000, 0x0000000769200000|100%| O|  |TAMS 0x0000000769200000, 0x0000000769000000| Untracked 
|  66|0x0000000769200000, 0x0000000769400000, 0x0000000769400000|100%| O|  |TAMS 0x0000000769400000, 0x0000000769200000| Updating 
|  67|0x0000000769400000, 0x0000000769600000, 0x0000000769600000|100%| O|  |TAMS 0x0000000769600000, 0x0000000769400000| Untracked 
|  68|0x0000000769600000, 0x0000000769800000, 0x0000000769800000|100%| O|  |TAMS 0x0000000769800000, 0x0000000769600000| Updating 
|  69|0x0000000769800000, 0x0000000769a00000, 0x0000000769a00000|100%| O|  |TAMS 0x0000000769a00000, 0x0000000769800000| Untracked 
|  70|0x0000000769a00000, 0x0000000769c00000, 0x0000000769c00000|100%| O|  |TAMS 0x0000000769c00000, 0x0000000769a00000| Updating 
|  71|0x0000000769c00000, 0x0000000769e00000, 0x0000000769e00000|100%| O|  |TAMS 0x0000000769e00000, 0x0000000769c00000| Updating 
|  72|0x0000000769e00000, 0x0000000769f27e00, 0x000000076a000000| 57%| O|  |TAMS 0x0000000769eeac00, 0x0000000769e00000| Updating 
|  73|0x000000076a000000, 0x000000076a000000, 0x000000076a200000|  0%| F|  |TAMS 0x000000076a000000, 0x000000076a000000| Untracked 
|  74|0x000000076a200000, 0x000000076a200000, 0x000000076a400000|  0%| F|  |TAMS 0x000000076a200000, 0x000000076a200000| Untracked 
|  75|0x000000076a400000, 0x000000076a400000, 0x000000076a600000|  0%| F|  |TAMS 0x000000076a400000, 0x000000076a400000| Untracked 
|  76|0x000000076a600000, 0x000000076a600000, 0x000000076a800000|  0%| F|  |TAMS 0x000000076a600000, 0x000000076a600000| Untracked 
|  77|0x000000076a800000, 0x000000076aa00000, 0x000000076aa00000|100%| S|CS|TAMS 0x000000076a800000, 0x000000076a800000| Complete 
|  78|0x000000076aa00000, 0x000000076aa00000, 0x000000076ac00000|  0%| F|  |TAMS 0x000000076aa00000, 0x000000076aa00000| Untracked 
|  79|0x000000076ac00000, 0x000000076ac00000, 0x000000076ae00000|  0%| F|  |TAMS 0x000000076ac00000, 0x000000076ac00000| Untracked 
|  80|0x000000076ae00000, 0x000000076af26cc0, 0x000000076b000000| 57%| E|  |TAMS 0x000000076ae00000, 0x000000076ae00000| Complete 

Card table byte_map: [0x0000027fe4940000,0x0000027fe4e40000] _byte_map_base: 0x0000027fe0e39000

Marking Bits (Prev, Next): (CMBitMap*) 0x0000027fd7472e20, (CMBitMap*) 0x0000027fd7472de0
 Prev Bits: [0x0000027fe7b10000, 0x0000027fea2d8000)
 Next Bits: [0x0000027fe5340000, 0x0000027fe7b08000)

Polling page: 0x0000027fd74e0000

Metaspace:

Usage:
  Non-class:     55.37 MB used.
      Class:      8.66 MB used.
       Both:     64.03 MB used.

Virtual space:
  Non-class space:       64.00 MB reserved,      56.00 MB ( 88%) committed,  1 nodes.
      Class space:        1.00 GB reserved,       9.06 MB ( <1%) committed,  1 nodes.
             Both:        1.06 GB reserved,      65.06 MB (  6%) committed. 

Chunk freelists:
   Non-Class:  429.00 KB
       Class:  3.18 MB
        Both:  3.59 MB

MaxMetaspaceSize: unlimited
CompressedClassSpaceSize: 1.00 GB
Initial GC threshold: 21.00 MB
Current GC threshold: 108.44 MB
CDS: on
MetaspaceReclaimPolicy: balanced
 - commit_granule_bytes: 65536.
 - commit_granule_words: 8192.
 - virtual_space_node_default_size: 8388608.
 - enlarge_chunks_in_place: 1.
 - new_chunks_are_fully_committed: 0.
 - uncommit_free_chunks: 1.
 - use_allocation_guard: 0.


Internal statistics:

num_allocs_failed_limit: 14.
num_arena_births: 946.
num_arena_deaths: 392.
num_vsnodes_births: 2.
num_vsnodes_deaths: 0.
num_space_committed: 1041.
num_space_uncommitted: 0.
num_chunks_returned_to_freelist: 438.
num_chunks_taken_from_freelist: 2981.
num_chunk_merges: 121.
num_chunk_splits: 2182.
num_chunks_enlarged: 1756.
num_inconsistent_stats: 0.

CodeCache: size=49152Kb used=12292Kb max_used=13910Kb free=36859Kb
 bounds [0x0000027fe0b50000, 0x0000027fe1930000, 0x0000027fe3b50000]
 total_blobs=7529 nmethods=6689 adapters=764
 compilation: enabled
              stopped_count=0, restarted_count=0
 full_count=0

Compilation events (20 events):
Event: 64.354 Thread 0x0000027fecd58030 6680       1       java.util.concurrent.ScheduledThreadPoolExecutor$ScheduledFutureTask::getDelay (16 bytes)
Event: 64.355 Thread 0x0000027fecd58030 nmethod 6680 0x0000027fe0ddd110 code [0x0000027fe0ddd2c0, 0x0000027fe0ddd3e8]
Event: 65.720 Thread 0x0000027fecd58030 6681       1       java.awt.image.Raster::getTransferType (8 bytes)
Event: 65.720 Thread 0x0000027fecd58030 nmethod 6681 0x0000027fe0ddce10 code [0x0000027fe0ddcfc0, 0x0000027fe0ddd0a8]
Event: 65.736 Thread 0x0000027fecd58030 6682       1       java.awt.image.IndexColorModel::isCompatibleRaster (44 bytes)
Event: 65.737 Thread 0x0000027fecd58030 nmethod 6682 0x0000027fe0ddc990 code [0x0000027fe0ddcb40, 0x0000027fe0ddccd8]
Event: 74.215 Thread 0x0000027fecd58030 6683       1       org.apache.catalina.LifecycleEvent::getType (5 bytes)
Event: 74.215 Thread 0x0000027fecd58030 nmethod 6683 0x0000027fe0ddc690 code [0x0000027fe0ddc820, 0x0000027fe0ddc8f8]
Event: 78.352 Thread 0x0000027fecd58030 6684       1       java.util.concurrent.ThreadPoolExecutor::getQueue (5 bytes)
Event: 78.352 Thread 0x0000027fecd58030 nmethod 6684 0x0000027fe0ddc390 code [0x0000027fe0ddc520, 0x0000027fe0ddc5f8]
Event: 81.741 Thread 0x0000027fecd58030 6685       1       java.awt.image.MultiPixelPackedSampleModel::getNumDataElements (2 bytes)
Event: 81.742 Thread 0x0000027fecd58030 nmethod 6685 0x0000027fe0ddc090 code [0x0000027fe0ddc220, 0x0000027fe0ddc2f8]
Event: 81.742 Thread 0x0000027fecd58030 6686       1       java.awt.image.MultiPixelPackedSampleModel::getPixelBitStride (5 bytes)
Event: 81.742 Thread 0x0000027fecd58030 nmethod 6686 0x0000027fe0ddbd90 code [0x0000027fe0ddbf20, 0x0000027fe0ddbfd8]
Event: 81.742 Thread 0x0000027fecd58030 6687       1       java.awt.image.MultiPixelPackedSampleModel::getScanlineStride (5 bytes)
Event: 81.742 Thread 0x0000027fecd58030 nmethod 6687 0x0000027fe0ddba90 code [0x0000027fe0ddbc20, 0x0000027fe0ddbcd8]
Event: 81.742 Thread 0x0000027fecd58030 6688       1       java.awt.image.MultiPixelPackedSampleModel::getDataBitOffset (5 bytes)
Event: 81.742 Thread 0x0000027fecd58030 nmethod 6688 0x0000027fe0ddb790 code [0x0000027fe0ddb920, 0x0000027fe0ddb9d8]
Event: 83.326 Thread 0x0000027fecd58030 6689       1       sun.awt.image.BytePackedRaster::getDataBitOffset (5 bytes)
Event: 83.326 Thread 0x0000027fecd58030 nmethod 6689 0x0000027fe0ddb490 code [0x0000027fe0ddb620, 0x0000027fe0ddb6d8]

GC Heap History (20 events):
Event: 78.867 GC heap before
{Heap before GC invocations=66 (full 0):
 garbage-first heap   total 165888K, used 133324K [0x0000000760e00000, 0x0000000800000000)
  region size 2048K, 5 young (10240K), 1 survivors (2048K)
 Metaspace       used 65562K, committed 66624K, reserved 1114112K
  class space    used 8867K, committed 9280K, reserved 1048576K
}
Event: 78.870 GC heap after
{Heap after GC invocations=67 (full 0):
 garbage-first heap   total 165888K, used 131053K [0x0000000760e00000, 0x0000000800000000)
  region size 2048K, 1 young (2048K), 1 survivors (2048K)
 Metaspace       used 65562K, committed 66624K, reserved 1114112K
  class space    used 8867K, committed 9280K, reserved 1048576K
}
Event: 79.124 GC heap before
{Heap before GC invocations=67 (full 0):
 garbage-first heap   total 165888K, used 135149K [0x0000000760e00000, 0x0000000800000000)
  region size 2048K, 4 young (8192K), 1 survivors (2048K)
 Metaspace       used 65562K, committed 66624K, reserved 1114112K
  class space    used 8867K, committed 9280K, reserved 1048576K
}
Event: 79.128 GC heap after
{Heap after GC invocations=68 (full 0):
 garbage-first heap   total 165888K, used 133768K [0x0000000760e00000, 0x0000000800000000)
  region size 2048K, 1 young (2048K), 1 survivors (2048K)
 Metaspace       used 65562K, committed 66624K, reserved 1114112K
  class space    used 8867K, committed 9280K, reserved 1048576K
}
Event: 79.400 GC heap before
{Heap before GC invocations=68 (full 0):
 garbage-first heap   total 165888K, used 137864K [0x0000000760e00000, 0x0000000800000000)
  region size 2048K, 4 young (8192K), 1 survivors (2048K)
 Metaspace       used 65562K, committed 66624K, reserved 1114112K
  class space    used 8867K, committed 9280K, reserved 1048576K
}
Event: 79.402 GC heap after
{Heap after GC invocations=69 (full 0):
 garbage-first heap   total 165888K, used 136612K [0x0000000760e00000, 0x0000000800000000)
  region size 2048K, 1 young (2048K), 1 survivors (2048K)
 Metaspace       used 65562K, committed 66624K, reserved 1114112K
  class space    used 8867K, committed 9280K, reserved 1048576K
}
Event: 82.735 GC heap before
{Heap before GC invocations=69 (full 0):
 garbage-first heap   total 165888K, used 140708K [0x0000000760e00000, 0x0000000800000000)
  region size 2048K, 4 young (8192K), 1 survivors (2048K)
 Metaspace       used 65562K, committed 66624K, reserved 1114112K
  class space    used 8867K, committed 9280K, reserved 1048576K
}
Event: 82.738 GC heap after
{Heap after GC invocations=70 (full 0):
 garbage-first heap   total 165888K, used 138097K [0x0000000760e00000, 0x0000000800000000)
  region size 2048K, 1 young (2048K), 1 survivors (2048K)
 Metaspace       used 65562K, committed 66624K, reserved 1114112K
  class space    used 8867K, committed 9280K, reserved 1048576K
}
Event: 83.466 GC heap before
{Heap before GC invocations=70 (full 0):
 garbage-first heap   total 165888K, used 142193K [0x0000000760e00000, 0x0000000800000000)
  region size 2048K, 4 young (8192K), 1 survivors (2048K)
 Metaspace       used 65562K, committed 66624K, reserved 1114112K
  class space    used 8867K, committed 9280K, reserved 1048576K
}
Event: 83.469 GC heap after
{Heap after GC invocations=71 (full 0):
 garbage-first heap   total 165888K, used 140364K [0x0000000760e00000, 0x0000000800000000)
  region size 2048K, 1 young (2048K), 1 survivors (2048K)
 Metaspace       used 65562K, committed 66624K, reserved 1114112K
  class space    used 8867K, committed 9280K, reserved 1048576K
}
Event: 83.786 GC heap before
{Heap before GC invocations=71 (full 0):
 garbage-first heap   total 165888K, used 144460K [0x0000000760e00000, 0x0000000800000000)
  region size 2048K, 4 young (8192K), 1 survivors (2048K)
 Metaspace       used 65562K, committed 66624K, reserved 1114112K
  class space    used 8867K, committed 9280K, reserved 1048576K
}
Event: 83.789 GC heap after
{Heap after GC invocations=72 (full 0):
 garbage-first heap   total 165888K, used 143426K [0x0000000760e00000, 0x0000000800000000)
  region size 2048K, 1 young (2048K), 1 survivors (2048K)
 Metaspace       used 65562K, committed 66624K, reserved 1114112K
  class space    used 8867K, committed 9280K, reserved 1048576K
}
Event: 85.050 GC heap before
{Heap before GC invocations=72 (full 0):
 garbage-first heap   total 165888K, used 149570K [0x0000000760e00000, 0x0000000800000000)
  region size 2048K, 4 young (8192K), 1 survivors (2048K)
 Metaspace       used 65562K, committed 66624K, reserved 1114112K
  class space    used 8867K, committed 9280K, reserved 1048576K
}
Event: 85.052 GC heap after
{Heap after GC invocations=73 (full 0):
 garbage-first heap   total 165888K, used 145794K [0x0000000760e00000, 0x0000000800000000)
  region size 2048K, 1 young (2048K), 1 survivors (2048K)
 Metaspace       used 65562K, committed 66624K, reserved 1114112K
  class space    used 8867K, committed 9280K, reserved 1048576K
}
Event: 86.360 GC heap before
{Heap before GC invocations=73 (full 0):
 garbage-first heap   total 165888K, used 149890K [0x0000000760e00000, 0x0000000800000000)
  region size 2048K, 4 young (8192K), 1 survivors (2048K)
 Metaspace       used 65562K, committed 66624K, reserved 1114112K
  class space    used 8867K, committed 9280K, reserved 1048576K
}
Event: 86.363 GC heap after
{Heap after GC invocations=74 (full 0):
 garbage-first heap   total 165888K, used 148309K [0x0000000760e00000, 0x0000000800000000)
  region size 2048K, 1 young (2048K), 1 survivors (2048K)
 Metaspace       used 65562K, committed 66624K, reserved 1114112K
  class space    used 8867K, committed 9280K, reserved 1048576K
}
Event: 90.255 GC heap before
{Heap before GC invocations=74 (full 0):
 garbage-first heap   total 165888K, used 154453K [0x0000000760e00000, 0x0000000800000000)
  region size 2048K, 4 young (8192K), 1 survivors (2048K)
 Metaspace       used 65562K, committed 66624K, reserved 1114112K
  class space    used 8867K, committed 9280K, reserved 1048576K
}
Event: 90.257 GC heap after
{Heap after GC invocations=75 (full 0):
 garbage-first heap   total 165888K, used 149000K [0x0000000760e00000, 0x0000000800000000)
  region size 2048K, 1 young (2048K), 1 survivors (2048K)
 Metaspace       used 65562K, committed 66624K, reserved 1114112K
  class space    used 8867K, committed 9280K, reserved 1048576K
}
Event: 92.615 GC heap before
{Heap before GC invocations=75 (full 0):
 garbage-first heap   total 165888K, used 153096K [0x0000000760e00000, 0x0000000800000000)
  region size 2048K, 4 young (8192K), 1 survivors (2048K)
 Metaspace       used 65562K, committed 66624K, reserved 1114112K
  class space    used 8867K, committed 9280K, reserved 1048576K
}
Event: 92.617 GC heap after
{Heap after GC invocations=76 (full 0):
 garbage-first heap   total 165888K, used 150687K [0x0000000760e00000, 0x0000000800000000)
  region size 2048K, 1 young (2048K), 1 survivors (2048K)
 Metaspace       used 65562K, committed 66624K, reserved 1114112K
  class space    used 8867K, committed 9280K, reserved 1048576K
}

Dll operation events (17 events):
Event: 0.014 Loaded shared library C:\Users\vlade\IntelliJ IDEA 2022.2.4\.jdks\openjdk-19.0.1\bin\java.dll
Event: 0.034 Loaded shared library C:\Users\vlade\IntelliJ IDEA 2022.2.4\.jdks\openjdk-19.0.1\bin\jsvml.dll
Event: 0.241 Loaded shared library C:\Users\vlade\IntelliJ IDEA 2022.2.4\.jdks\openjdk-19.0.1\bin\zip.dll
Event: 0.246 Loaded shared library C:\Users\vlade\IntelliJ IDEA 2022.2.4\.jdks\openjdk-19.0.1\bin\instrument.dll
Event: 0.254 Loaded shared library C:\Users\vlade\IntelliJ IDEA 2022.2.4\.jdks\openjdk-19.0.1\bin\net.dll
Event: 0.258 Loaded shared library C:\Users\vlade\IntelliJ IDEA 2022.2.4\.jdks\openjdk-19.0.1\bin\nio.dll
Event: 0.261 Loaded shared library C:\Users\vlade\IntelliJ IDEA 2022.2.4\.jdks\openjdk-19.0.1\bin\zip.dll
Event: 0.375 Loaded shared library C:\Users\vlade\IntelliJ IDEA 2022.2.4\bin\breakgen64.dll
Event: 0.385 Loaded shared library C:\Users\vlade\IntelliJ IDEA 2022.2.4\.jdks\openjdk-19.0.1\bin\jimage.dll
Event: 0.394 Loaded shared library C:\Users\vlade\IntelliJ IDEA 2022.2.4\.jdks\openjdk-19.0.1\bin\extnet.dll
Event: 0.419 Loaded shared library C:\Users\vlade\IntelliJ IDEA 2022.2.4\.jdks\openjdk-19.0.1\bin\management.dll
Event: 0.436 Loaded shared library C:\Users\vlade\IntelliJ IDEA 2022.2.4\.jdks\openjdk-19.0.1\bin\management_ext.dll
Event: 0.896 Loaded shared library C:\Users\vlade\IntelliJ IDEA 2022.2.4\.jdks\openjdk-19.0.1\bin\awt.dll
Event: 2.149 Loaded shared library C:\Users\vlade\IntelliJ IDEA 2022.2.4\.jdks\openjdk-19.0.1\bin\verify.dll
Event: 4.039 Loaded shared library C:\Users\vlade\IntelliJ IDEA 2022.2.4\.jdks\openjdk-19.0.1\bin\sunmscapi.dll
Event: 7.474 Loaded shared library C:\Users\vlade\IntelliJ IDEA 2022.2.4\.jdks\openjdk-19.0.1\bin\freetype.dll
Event: 7.477 Loaded shared library C:\Users\vlade\IntelliJ IDEA 2022.2.4\.jdks\openjdk-19.0.1\bin\fontmanager.dll

Deoptimization events (20 events):
Event: 0.597 Thread 0x0000027fd741d2b0 DEOPT PACKING pc=0x0000027fe0f14bd5 sp=0x000000b9239fd490
Event: 0.597 Thread 0x0000027fd741d2b0 DEOPT UNPACKING pc=0x0000027fe0bb7543 sp=0x000000b9239fc940 mode 3
Event: 0.618 Thread 0x0000027fd741d2b0 DEOPT PACKING pc=0x0000027fe0f2e150 sp=0x000000b9239fd460
Event: 0.618 Thread 0x0000027fd741d2b0 DEOPT UNPACKING pc=0x0000027fe0bb7543 sp=0x000000b9239fc918 mode 3
Event: 2.231 Thread 0x0000027fd741d2b0 DEOPT PACKING pc=0x0000027fe117cb19 sp=0x000000b9239fd780
Event: 2.231 Thread 0x0000027fd741d2b0 DEOPT UNPACKING pc=0x0000027fe0bb7543 sp=0x000000b9239fcc60 mode 3
Event: 4.141 Thread 0x0000027fd741d2b0 DEOPT PACKING pc=0x0000027fe13c30a5 sp=0x000000b9239fc8d0
Event: 4.141 Thread 0x0000027fd741d2b0 DEOPT UNPACKING pc=0x0000027fe0bb7543 sp=0x000000b9239fbe38 mode 3
Event: 6.478 Thread 0x0000027fd741d2b0 DEOPT PACKING pc=0x0000027fe11ddfd4 sp=0x000000b9239fc970
Event: 6.478 Thread 0x0000027fd741d2b0 DEOPT UNPACKING pc=0x0000027fe0bb7543 sp=0x000000b9239fbec8 mode 0
Event: 6.999 Thread 0x0000027fd741d2b0 DEOPT PACKING pc=0x0000027fe11c6772 sp=0x000000b9239fe0e0
Event: 6.999 Thread 0x0000027fd741d2b0 DEOPT UNPACKING pc=0x0000027fe0bb7543 sp=0x000000b9239fd5e8 mode 3
Event: 6.999 Thread 0x0000027fd741d2b0 DEOPT PACKING pc=0x0000027fe11b4584 sp=0x000000b9239fe0a0
Event: 6.999 Thread 0x0000027fd741d2b0 DEOPT UNPACKING pc=0x0000027fe0bb7543 sp=0x000000b9239fd5e8 mode 3
Event: 7.000 Thread 0x0000027fd741d2b0 DEOPT PACKING pc=0x0000027fe119482d sp=0x000000b9239fe030
Event: 7.000 Thread 0x0000027fd741d2b0 DEOPT UNPACKING pc=0x0000027fe0bb7543 sp=0x000000b9239fd5e8 mode 3
Event: 13.309 Thread 0x0000027ff7967b10 DEOPT PACKING pc=0x0000027fe169fb04 sp=0x000000b9279fdef0
Event: 13.309 Thread 0x0000027ff7967b10 DEOPT UNPACKING pc=0x0000027fe0bb7543 sp=0x000000b9279fd398 mode 0
Event: 59.879 Thread 0x0000027ff796b580 DEOPT PACKING pc=0x0000027fe1787a67 sp=0x000000b927ffe810
Event: 59.879 Thread 0x0000027ff796b580 DEOPT UNPACKING pc=0x0000027fe0bb7543 sp=0x000000b927ffdce8 mode 3

Classes loaded (20 events):
Event: 13.435 Loading class java/beans/VetoableChangeSupport$VetoableChangeListenerMap
Event: 13.435 Loading class java/beans/VetoableChangeSupport$VetoableChangeListenerMap done
Event: 13.441 Loading class sun/java2d/loops/MaskBlit$General
Event: 13.441 Loading class sun/java2d/loops/GraphicsPrimitive$GeneralBinaryOp
Event: 13.441 Loading class sun/java2d/loops/GraphicsPrimitive$GeneralBinaryOp done
Event: 13.441 Loading class sun/java2d/loops/MaskBlit$General done
Event: 13.650 Loading class javax/imageio/ImageTypeSpecifier$Indexed
Event: 13.650 Loading class javax/imageio/ImageTypeSpecifier$Indexed done
Event: 13.651 Loading class sun/awt/image/BytePackedRaster
Event: 13.652 Loading class sun/awt/image/BytePackedRaster done
Event: 13.661 Loading class java/awt/EventQueue$1AWTInvocationLock
Event: 13.661 Loading class java/awt/EventQueue$1AWTInvocationLock done
Event: 14.180 Loading class java/util/Collections$ReverseComparator
Event: 14.181 Loading class java/util/Collections$ReverseComparator done
Event: 14.181 Loading class java/util/Collections$ReverseComparator2
Event: 14.181 Loading class java/util/Collections$ReverseComparator2 done
Event: 59.876 Loading class java/awt/image/MultiPixelPackedSampleModel
Event: 59.876 Loading class java/awt/image/MultiPixelPackedSampleModel done
Event: 68.037 Loading class java/util/concurrent/atomic/Striped64$Cell
Event: 68.037 Loading class java/util/concurrent/atomic/Striped64$Cell done

Classes unloaded (20 events):
Event: 36.481 Thread 0x0000027fecd1ff60 Unloading class 0x000000080100c000 'java/lang/invoke/LambdaForm$MH+0x000000080100c000'
Event: 36.481 Thread 0x0000027fecd1ff60 Unloading class 0x000000080100bc00 'java/lang/invoke/LambdaForm$DMH+0x000000080100bc00'
Event: 36.481 Thread 0x0000027fecd1ff60 Unloading class 0x000000080100b800 'java/lang/invoke/LambdaForm$DMH+0x000000080100b800'
Event: 36.481 Thread 0x0000027fecd1ff60 Unloading class 0x000000080100ac00 'java/lang/invoke/LambdaForm$MH+0x000000080100ac00'
Event: 36.481 Thread 0x0000027fecd1ff60 Unloading class 0x000000080100a000 'java/lang/invoke/LambdaForm$MH+0x000000080100a000'
Event: 36.481 Thread 0x0000027fecd1ff60 Unloading class 0x0000000801009c00 'java/lang/invoke/LambdaForm$MH+0x0000000801009c00'
Event: 36.481 Thread 0x0000027fecd1ff60 Unloading class 0x0000000801009800 'java/lang/invoke/LambdaForm$MH+0x0000000801009800'
Event: 36.481 Thread 0x0000027fecd1ff60 Unloading class 0x0000000801009000 'java/lang/invoke/LambdaForm$MH+0x0000000801009000'
Event: 36.481 Thread 0x0000027fecd1ff60 Unloading class 0x0000000801008400 'java/lang/invoke/LambdaForm$MH+0x0000000801008400'
Event: 36.481 Thread 0x0000027fecd1ff60 Unloading class 0x0000000801007000 'java/lang/invoke/LambdaForm$MH+0x0000000801007000'
Event: 36.481 Thread 0x0000027fecd1ff60 Unloading class 0x0000000801006c00 'java/lang/invoke/LambdaForm$MH+0x0000000801006c00'
Event: 36.481 Thread 0x0000027fecd1ff60 Unloading class 0x0000000801006400 'java/lang/invoke/LambdaForm$MH+0x0000000801006400'
Event: 36.481 Thread 0x0000027fecd1ff60 Unloading class 0x0000000801005c00 'java/lang/invoke/LambdaForm$MH+0x0000000801005c00'
Event: 36.481 Thread 0x0000027fecd1ff60 Unloading class 0x0000000801005400 'java/lang/invoke/LambdaForm$MH+0x0000000801005400'
Event: 36.481 Thread 0x0000027fecd1ff60 Unloading class 0x0000000801004c00 'java/lang/invoke/LambdaForm$MH+0x0000000801004c00'
Event: 36.481 Thread 0x0000027fecd1ff60 Unloading class 0x0000000801004400 'java/lang/invoke/LambdaForm$MH+0x0000000801004400'
Event: 36.481 Thread 0x0000027fecd1ff60 Unloading class 0x0000000801002400 'java/lang/invoke/LambdaForm$MH+0x0000000801002400'
Event: 36.481 Thread 0x0000027fecd1ff60 Unloading class 0x0000000801002000 'java/lang/invoke/LambdaForm$MH+0x0000000801002000'
Event: 36.481 Thread 0x0000027fecd1ff60 Unloading class 0x0000000801001c00 'java/lang/invoke/LambdaForm$MH+0x0000000801001c00'
Event: 36.481 Thread 0x0000027fecd1ff60 Unloading class 0x0000000801001400 'java/lang/invoke/LambdaForm$MH+0x0000000801001400'

Classes redefined (0 events):
No events

Internal exceptions (20 events):
Event: 6.319 Thread 0x0000027fd741d2b0 Exception <a 'java/lang/IncompatibleClassChangeError'{0x0000000763ef73b0}: Found class java.lang.Object, but interface was expected> (0x0000000763ef73b0) 
thrown [s\open\src\hotspot\share\interpreter\linkResolver.cpp, line 841]
Event: 6.357 Thread 0x0000027fd741d2b0 Exception <a 'java/lang/IncompatibleClassChangeError'{0x0000000763ca2200}: Found class java.lang.Object, but interface was expected> (0x0000000763ca2200) 
thrown [s\open\src\hotspot\share\interpreter\linkResolver.cpp, line 841]
Event: 6.530 Thread 0x0000027fd741d2b0 Exception <a 'java/lang/IncompatibleClassChangeError'{0x00000007637367a0}: Found class java.lang.Object, but interface was expected> (0x00000007637367a0) 
thrown [s\open\src\hotspot\share\interpreter\linkResolver.cpp, line 841]
Event: 6.618 Thread 0x0000027fd741d2b0 Exception <a 'java/lang/NoSuchMethodError'{0x0000000769169158}: 'int java.lang.invoke.DirectMethodHandle$Holder.invokeStatic(java.lang.Object, int, java.lang.Object)'> (0x0000000769169158) 
thrown [s\open\src\hotspot\share\interpreter\linkResolver.cpp, line 774]
Event: 6.729 Thread 0x0000027fd741d2b0 Exception <a 'java/lang/NoSuchMethodError'{0x0000000764f6db50}: 'java.lang.Object java.lang.invoke.DirectMethodHandle$Holder.newInvokeSpecial(java.lang.Object, java.lang.Object, java.lang.Object, java.lang.Object, java.lang.Object, java.lang.Object, java.lang.Object, java.lang.Object)'> (0x0000000764f6db50) 
thrown [s\open\src\hotspot\share\interpreter\linkResolver.cpp, line 774]
Event: 6.829 Thread 0x0000027fd741d2b0 Exception <a 'java/lang/IncompatibleClassChangeError'{0x000000076482d130}: Found class java.lang.Object, but interface was expected> (0x000000076482d130) 
thrown [s\open\src\hotspot\share\interpreter\linkResolver.cpp, line 841]
Event: 6.861 Thread 0x0000027fd741d2b0 Exception <a 'java/lang/NoSuchMethodError'{0x000000076464a918}: 'void java.lang.invoke.DirectMethodHandle$Holder.invokeVirtual(java.lang.Object, java.lang.Object, long)'> (0x000000076464a918) 
thrown [s\open\src\hotspot\share\interpreter\linkResolver.cpp, line 774]
Event: 6.998 Thread 0x0000027fd741d2b0 Exception <a 'java/lang/IncompatibleClassChangeError'{0x0000000764024600}: Found class java.lang.Object, but interface was expected> (0x0000000764024600) 
thrown [s\open\src\hotspot\share\interpreter\linkResolver.cpp, line 841]
Event: 7.320 Thread 0x0000027fd741d2b0 Exception <a 'java/lang/NoSuchMethodError'{0x000000076918cef8}: 'java.lang.Object java.lang.invoke.DirectMethodHandle$Holder.newInvokeSpecial(java.lang.Object, java.lang.Object, int, java.lang.Object, java.lang.Object)'> (0x000000076918cef8) 
thrown [s\open\src\hotspot\share\interpreter\linkResolver.cpp, line 774]
Event: 7.321 Thread 0x0000027fd741d2b0 Exception <a 'java/lang/NoSuchMethodError'{0x00000007691947f0}: 'java.lang.Object java.lang.invoke.Invokers$Holder.linkToTargetMethod(java.lang.Object, int, java.lang.Object, java.lang.Object, java.lang.Object)'> (0x00000007691947f0) 
thrown [s\open\src\hotspot\share\interpreter\linkResolver.cpp, line 774]
Event: 7.321 Thread 0x0000027fd741d2b0 Exception <a 'java/lang/NoSuchMethodError'{0x0000000769198730}: 'java.lang.Object java.lang.invoke.DirectMethodHandle$Holder.invokeSpecial(java.lang.Object, java.lang.Object, int, java.lang.Object, int, java.lang.Object)'> (0x0000000769198730) 
thrown [s\open\src\hotspot\share\interpreter\linkResolver.cpp, line 774]
Event: 7.322 Thread 0x0000027fd741d2b0 Exception <a 'java/lang/NoSuchMethodError'{0x00000007691a0518}: 'java.lang.Object java.lang.invoke.DirectMethodHandle$Holder.newInvokeSpecial(java.lang.Object, java.lang.Object, int, java.lang.Object, int)'> (0x00000007691a0518) 
thrown [s\open\src\hotspot\share\interpreter\linkResolver.cpp, line 774]
Event: 7.322 Thread 0x0000027fd741d2b0 Exception <a 'java/lang/NoSuchMethodError'{0x00000007691a4630}: 'java.lang.Object java.lang.invoke.DirectMethodHandle$Holder.invokeSpecial(java.lang.Object, java.lang.Object, java.lang.Object, int, java.lang.Object, int)'> (0x00000007691a4630) 
thrown [s\open\src\hotspot\share\interpreter\linkResolver.cpp, line 774]
Event: 7.467 Thread 0x0000027fd741d2b0 Exception <a 'java/lang/NoSuchMethodError'{0x000000076ac28de0}: 'void java.lang.invoke.DirectMethodHandle$Holder.invokeStaticInit(java.lang.Object)'> (0x000000076ac28de0) 
thrown [s\open\src\hotspot\share\interpreter\linkResolver.cpp, line 774]
Event: 7.512 Thread 0x0000027ff7966b20 Exception <a 'java/lang/NoSuchMethodError'{0x000000076ad513a0}: 'java.lang.Object java.lang.invoke.DirectMethodHandle$Holder.invokeInterface(java.lang.Object, java.lang.Object, java.lang.Object, java.lang.Object, java.lang.Object, java.lang.Object, java.lang.Object)'> (0x000000076ad513a0) 
thrown [s\open\src\hotspot\share\interpreter\linkResolver.cpp, line 774]
Event: 12.409 Thread 0x0000027ff796a590 Exception <a 'java/lang/NoSuchMethodError'{0x0000000764ec6850}: 'java.lang.Object java.lang.invoke.DirectMethodHandle$Holder.invokeSpecial(java.lang.Object, java.lang.Object, java.lang.Object, java.lang.Object, java.lang.Object, long)'> (0x0000000764ec6850) 
thrown [s\open\src\hotspot\share\interpreter\linkResolver.cpp, line 774]
Event: 12.409 Thread 0x0000027ff796a590 Exception <a 'java/lang/NoSuchMethodError'{0x0000000764eca2a0}: 'java.lang.Object java.lang.invoke.Invokers$Holder.linkToTargetMethod(java.lang.Object, java.lang.Object, java.lang.Object, long, java.lang.Object)'> (0x0000000764eca2a0) 
thrown [s\open\src\hotspot\share\interpreter\linkResolver.cpp, line 774]
Event: 12.577 Thread 0x0000027ff796a590 Exception <a 'java/lang/NoSuchMethodError'{0x0000000764466c60}: 'void java.lang.invoke.DirectMethodHandle$Holder.invokeStaticInit(java.lang.Object, java.lang.Object, java.lang.Object, java.lang.Object, java.lang.Object)'> (0x0000000764466c60) 
thrown [s\open\src\hotspot\share\interpreter\linkResolver.cpp, line 774]
Event: 12.604 Thread 0x0000027ff796a590 Exception <a 'java/lang/NoSuchMethodError'{0x00000007644fbd48}: 'java.lang.Object java.lang.invoke.DirectMethodHandle$Holder.invokeInterface(java.lang.Object, java.lang.Object, int)'> (0x00000007644fbd48) 
thrown [s\open\src\hotspot\share\interpreter\linkResolver.cpp, line 774]
Event: 12.611 Thread 0x0000027ff796a590 Exception <a 'java/lang/IncompatibleClassChangeError'{0x000000076452ee10}: Found class java.lang.Object, but interface was expected> (0x000000076452ee10) 
thrown [s\open\src\hotspot\share\interpreter\linkResolver.cpp, line 841]

VM Operations (20 events):
Event: 79.128 Executing VM operation: G1CollectForAllocation done
Event: 79.400 Executing VM operation: G1CollectForAllocation
Event: 79.402 Executing VM operation: G1CollectForAllocation done
Event: 82.735 Executing VM operation: G1CollectForAllocation
Event: 82.738 Executing VM operation: G1CollectForAllocation done
Event: 83.466 Executing VM operation: G1CollectForAllocation
Event: 83.470 Executing VM operation: G1CollectForAllocation done
Event: 83.786 Executing VM operation: G1CollectForAllocation
Event: 83.789 Executing VM operation: G1CollectForAllocation done
Event: 85.049 Executing VM operation: G1CollectForAllocation
Event: 85.053 Executing VM operation: G1CollectForAllocation done
Event: 86.360 Executing VM operation: G1CollectForAllocation
Event: 86.363 Executing VM operation: G1CollectForAllocation done
Event: 90.255 Executing VM operation: G1CollectForAllocation
Event: 90.257 Executing VM operation: G1CollectForAllocation done
Event: 92.259 Executing VM operation: Cleanup
Event: 92.259 Executing VM operation: Cleanup done
Event: 92.614 Executing VM operation: G1CollectForAllocation
Event: 92.617 Executing VM operation: G1CollectForAllocation done
Event: 92.662 Executing VM operation: G1PauseRemark

Events (20 events):
Event: 7.660 Thread 0x0000027ff7968b00 Thread added: 0x0000027ff7968b00
Event: 7.745 Thread 0x0000027ff79695a0 Thread added: 0x0000027ff79695a0
Event: 11.371 Thread 0x0000027ff796b580 Thread exited: 0x0000027ff796b580
Event: 12.651 Thread 0x0000027ff7969af0 Thread added: 0x0000027ff7969af0
Event: 13.439 Thread 0x0000027ff796b580 Thread added: 0x0000027ff796b580
Event: 13.440 Thread 0x0000027ff6fda110 Thread added: 0x0000027ff6fda110
Event: 13.442 Thread 0x0000027ff6fdb650 Thread added: 0x0000027ff6fdb650
Event: 13.443 Thread 0x0000027ff6fd8bd0 Thread added: 0x0000027ff6fd8bd0
Event: 21.134 Thread 0x0000027ff10885a0 Thread exited: 0x0000027ff10885a0
Event: 21.192 Thread 0x0000027ff107e020 Thread exited: 0x0000027ff107e020
Event: 23.367 Thread 0x0000027fecdbe9a0 Thread exited: 0x0000027fecdbe9a0
Event: 23.552 Thread 0x0000027ff107e020 Thread added: 0x0000027ff107e020
Event: 23.553 Thread 0x0000027fff1de730 Thread added: 0x0000027fff1de730
Event: 23.744 Thread 0x0000027fecd954e0 Thread added: 0x0000027fecd954e0
Event: 24.295 Thread 0x0000027fecd954e0 Thread exited: 0x0000027fecd954e0
Event: 24.296 Thread 0x0000027fff1de730 Thread exited: 0x0000027fff1de730
Event: 26.599 Thread 0x0000027ff107e020 Thread exited: 0x0000027ff107e020
Event: 68.036 Thread 0x0000027ff7966b20 Thread exited: 0x0000027ff7966b20
Event: 68.038 Thread 0x0000027fecd46c30 Thread exited: 0x0000027fecd46c30
Event: 91.337 Thread 0x0000027ff79685b0 Thread exited: 0x0000027ff79685b0


Dynamic libraries:
0x00007ff72ac90000 - 0x00007ff72ac9e000 	C:\Users\vlade\IntelliJ IDEA 2022.2.4\.jdks\openjdk-19.0.1\bin\java.exe
0x00007fff9b4c0000 - 0x00007fff9b6c9000 	C:\Windows\SYSTEM32\ntdll.dll
0x00007fff9aa10000 - 0x00007fff9aace000 	C:\Windows\System32\KERNEL32.DLL
0x00007fff98ed0000 - 0x00007fff9924b000 	C:\Windows\System32\KERNELBASE.dll
0x00007fff98ab0000 - 0x00007fff98bc1000 	C:\Windows\System32\ucrtbase.dll
0x00007fff830e0000 - 0x00007fff830f7000 	C:\Users\vlade\IntelliJ IDEA 2022.2.4\.jdks\openjdk-19.0.1\bin\jli.dll
0x00007fff81a30000 - 0x00007fff81a4b000 	C:\Users\vlade\IntelliJ IDEA 2022.2.4\.jdks\openjdk-19.0.1\bin\VCRUNTIME140.dll
0x00007fff99830000 - 0x00007fff999dd000 	C:\Windows\System32\USER32.dll
0x00007fff853a0000 - 0x00007fff85645000 	C:\Windows\WinSxS\amd64_microsoft.windows.common-controls_6595b64144ccf1df_6.0.22000.120_none_9d947278b86cc467\COMCTL32.dll
0x00007fff98a80000 - 0x00007fff98aa6000 	C:\Windows\System32\win32u.dll
0x00007fff9a960000 - 0x00007fff9aa03000 	C:\Windows\System32\msvcrt.dll
0x00007fff9a930000 - 0x00007fff9a959000 	C:\Windows\System32\GDI32.dll
0x00007fff98960000 - 0x00007fff98a78000 	C:\Windows\System32\gdi32full.dll
0x00007fff98bd0000 - 0x00007fff98c6d000 	C:\Windows\System32\msvcp_win.dll
0x00007fff9a670000 - 0x00007fff9a6a2000 	C:\Windows\System32\IMM32.DLL
0x00007fff85870000 - 0x00007fff8587c000 	C:\Users\vlade\IntelliJ IDEA 2022.2.4\.jdks\openjdk-19.0.1\bin\vcruntime140_1.dll
0x00007fff6c750000 - 0x00007fff6c7de000 	C:\Users\vlade\IntelliJ IDEA 2022.2.4\.jdks\openjdk-19.0.1\bin\msvcp140.dll
0x00007fff180a0000 - 0x00007fff18d60000 	C:\Users\vlade\IntelliJ IDEA 2022.2.4\.jdks\openjdk-19.0.1\bin\server\jvm.dll
0x00007fff9b200000 - 0x00007fff9b2ae000 	C:\Windows\System32\ADVAPI32.dll
0x00007fff993b0000 - 0x00007fff9944e000 	C:\Windows\System32\sechost.dll
0x00007fff9aad0000 - 0x00007fff9abf0000 	C:\Windows\System32\RPCRT4.dll
0x00007fff92320000 - 0x00007fff92353000 	C:\Windows\SYSTEM32\WINMM.dll
0x00007fff90200000 - 0x00007fff9020a000 	C:\Windows\SYSTEM32\VERSION.dll
0x00007fff80200000 - 0x00007fff80209000 	C:\Windows\SYSTEM32\WSOCK32.dll
0x00007fff99340000 - 0x00007fff993af000 	C:\Windows\System32\WS2_32.dll
0x00007fff979b0000 - 0x00007fff979c8000 	C:\Windows\SYSTEM32\kernel.appcore.dll
0x00007fff81a20000 - 0x00007fff81a2a000 	C:\Users\vlade\IntelliJ IDEA 2022.2.4\.jdks\openjdk-19.0.1\bin\jimage.dll
0x00007fff8f7d0000 - 0x00007fff8f9f1000 	C:\Windows\SYSTEM32\DBGHELP.DLL
0x00007fff81d20000 - 0x00007fff81d51000 	C:\Windows\SYSTEM32\dbgcore.DLL
0x00007fff98c70000 - 0x00007fff98cef000 	C:\Windows\System32\bcryptPrimitives.dll
0x00007fff95740000 - 0x00007fff9574e000 	C:\Users\vlade\IntelliJ IDEA 2022.2.4\.jdks\openjdk-19.0.1\bin\instrument.dll
0x00007fff80ab0000 - 0x00007fff80ad6000 	C:\Users\vlade\IntelliJ IDEA 2022.2.4\.jdks\openjdk-19.0.1\bin\java.dll
0x00007fff46130000 - 0x00007fff46207000 	C:\Users\vlade\IntelliJ IDEA 2022.2.4\.jdks\openjdk-19.0.1\bin\jsvml.dll
0x00007fff999e0000 - 0x00007fff9a197000 	C:\Windows\System32\SHELL32.dll
0x00007fff96a10000 - 0x00007fff97275000 	C:\Windows\SYSTEM32\windows.storage.dll
0x00007fff99450000 - 0x00007fff997c8000 	C:\Windows\System32\combase.dll
0x00007fff968a0000 - 0x00007fff96a06000 	C:\Windows\SYSTEM32\wintypes.dll
0x00007fff9a490000 - 0x00007fff9a57a000 	C:\Windows\System32\SHCORE.dll
0x00007fff997d0000 - 0x00007fff9982d000 	C:\Windows\System32\shlwapi.dll
0x00007fff98890000 - 0x00007fff988b1000 	C:\Windows\SYSTEM32\profapi.dll
0x00007fff7b020000 - 0x00007fff7b038000 	C:\Users\vlade\IntelliJ IDEA 2022.2.4\.jdks\openjdk-19.0.1\bin\zip.dll
0x00007fff80a50000 - 0x00007fff80a63000 	C:\Users\vlade\IntelliJ IDEA 2022.2.4\.jdks\openjdk-19.0.1\bin\net.dll
0x00007fff916c0000 - 0x00007fff917d4000 	C:\Windows\SYSTEM32\WINHTTP.dll
0x00007fff97e80000 - 0x00007fff97ee7000 	C:\Windows\system32\mswsock.dll
0x00007fff7c0e0000 - 0x00007fff7c0f6000 	C:\Users\vlade\IntelliJ IDEA 2022.2.4\.jdks\openjdk-19.0.1\bin\nio.dll
0x00007fff94820000 - 0x00007fff9483a000 	C:\Users\vlade\IntelliJ IDEA 2022.2.4\bin\breakgen64.dll
0x00007fff80a40000 - 0x00007fff80a48000 	C:\Users\vlade\IntelliJ IDEA 2022.2.4\.jdks\openjdk-19.0.1\bin\extnet.dll
0x00007fff97500000 - 0x00007fff975e8000 	C:\Windows\SYSTEM32\DNSAPI.dll
0x00007fff974d0000 - 0x00007fff974fd000 	C:\Windows\SYSTEM32\IPHLPAPI.DLL
0x00007fff9a580000 - 0x00007fff9a589000 	C:\Windows\System32\NSI.dll
0x00007fff8e350000 - 0x00007fff8e35a000 	C:\Windows\System32\rasadhlp.dll
0x00007fff8dc50000 - 0x00007fff8dcd1000 	C:\Windows\System32\fwpuclnt.dll
0x00007fff95710000 - 0x00007fff9571a000 	C:\Users\vlade\IntelliJ IDEA 2022.2.4\.jdks\openjdk-19.0.1\bin\management.dll
0x00007fff956c0000 - 0x00007fff956cb000 	C:\Users\vlade\IntelliJ IDEA 2022.2.4\.jdks\openjdk-19.0.1\bin\management_ext.dll
0x00007fff99330000 - 0x00007fff99338000 	C:\Windows\System32\PSAPI.DLL
0x00007fff980d0000 - 0x00007fff980e8000 	C:\Windows\SYSTEM32\CRYPTSP.dll
0x00007fff97910000 - 0x00007fff97945000 	C:\Windows\system32\rsaenh.dll
0x00007fff97f70000 - 0x00007fff97f99000 	C:\Windows\SYSTEM32\USERENV.dll
0x00007fff98250000 - 0x00007fff98277000 	C:\Windows\SYSTEM32\bcrypt.dll
0x00007fff980c0000 - 0x00007fff980cc000 	C:\Windows\SYSTEM32\CRYPTBASE.dll
0x00007fff92230000 - 0x00007fff92249000 	C:\Windows\SYSTEM32\dhcpcsvc6.DLL
0x00007fff92300000 - 0x00007fff9231e000 	C:\Windows\SYSTEM32\dhcpcsvc.DLL
0x00007fff6a800000 - 0x00007fff6a817000 	C:\Windows\system32\napinsp.dll
0x00007fff690a0000 - 0x00007fff690bb000 	C:\Windows\system32\pnrpnsp.dll
0x00007fff5c160000 - 0x00007fff5c172000 	C:\Windows\System32\winrnr.dll
0x00007fff7a730000 - 0x00007fff7a745000 	C:\Windows\system32\wshbth.dll
0x00007fff89e80000 - 0x00007fff89e9f000 	C:\Windows\system32\nlansp_c.dll
0x00007fff7b370000 - 0x00007fff7b500000 	C:\Users\vlade\IntelliJ IDEA 2022.2.4\.jdks\openjdk-19.0.1\bin\awt.dll
0x00007fff9a590000 - 0x00007fff9a666000 	C:\Windows\System32\OLEAUT32.dll
0x00007fff95f10000 - 0x00007fff95fa2000 	C:\Windows\SYSTEM32\apphelp.dll
0x00007fff96030000 - 0x00007fff960dc000 	C:\Windows\system32\uxtheme.dll
0x00007fff9ac70000 - 0x00007fff9ad8d000 	C:\Windows\System32\MSCTF.dll
0x00007fff9b2b0000 - 0x00007fff9b44a000 	C:\Windows\System32\ole32.dll
0x00007fff96580000 - 0x00007fff965af000 	C:\Windows\system32\DWMAPI.DLL
0x00007fff51fd0000 - 0x00007fff520d1000 	C:\Windows\system32\opengl32.dll
0x00007fff51e00000 - 0x00007fff51e2d000 	C:\Windows\SYSTEM32\GLU32.dll
0x00007fff96110000 - 0x00007fff96148000 	C:\Windows\SYSTEM32\dxcore.dll
0x00007fff5aa50000 - 0x00007fff5abf6000 	C:\Windows\system32\d3d9.dll
0x00007fff8f400000 - 0x00007fff8f5db000 	C:\Windows\System32\DriverStore\FileRepository\u0364341.inf_amd64_c22b73fb0c3a32d3\B364190\aticfx64.dll
0x00007fff6e400000 - 0x00007fff6e433000 	C:\Windows\System32\DriverStore\FileRepository\u0364341.inf_amd64_c22b73fb0c3a32d3\B364190\atiu9p64.dll
0x00007fff48400000 - 0x00007fff49096000 	C:\Windows\System32\DriverStore\FileRepository\u0364341.inf_amd64_c22b73fb0c3a32d3\B364190\atiumd64.dll
0x0000000065d20000 - 0x0000000066b9d000 	C:\Windows\System32\DriverStore\FileRepository\u0364341.inf_amd64_c22b73fb0c3a32d3\B364190\atiumd6a.dll
0x00007fff98830000 - 0x00007fff9887d000 	C:\Windows\SYSTEM32\POWRPROF.dll
0x00007fff98810000 - 0x00007fff98823000 	C:\Windows\SYSTEM32\UMPDC.dll
0x00007fff902c0000 - 0x00007fff902ef000 	C:\Windows\SYSTEM32\amdihk64.dll
0x00007fff94610000 - 0x00007fff94654000 	C:\Windows\SYSTEM32\directxdatabasehelper.dll
0x00007fff979d0000 - 0x00007fff97a04000 	C:\Windows\SYSTEM32\ntmarta.dll
0x00007fff7aa10000 - 0x00007fff7aa20000 	C:\Users\vlade\IntelliJ IDEA 2022.2.4\.jdks\openjdk-19.0.1\bin\verify.dll
0x00007fff95660000 - 0x00007fff9566e000 	C:\Users\vlade\IntelliJ IDEA 2022.2.4\.jdks\openjdk-19.0.1\bin\sunmscapi.dll
0x00007fff98cf0000 - 0x00007fff98e52000 	C:\Windows\System32\CRYPT32.dll
0x00007fff98220000 - 0x00007fff98248000 	C:\Windows\SYSTEM32\ncrypt.dll
0x00007fff981e0000 - 0x00007fff98217000 	C:\Windows\SYSTEM32\NTASN1.dll
0x00007fff85880000 - 0x00007fff85888000 	C:\Windows\system32\wshunix.dll
0x00007fff7a000000 - 0x00007fff7a086000 	C:\Users\vlade\IntelliJ IDEA 2022.2.4\.jdks\openjdk-19.0.1\bin\freetype.dll
0x00007fff73660000 - 0x00007fff73725000 	C:\Users\vlade\IntelliJ IDEA 2022.2.4\.jdks\openjdk-19.0.1\bin\fontmanager.dll
0x00007fff9a340000 - 0x00007fff9a3f5000 	C:\Windows\System32\clbcatq.dll
0x00007fff92560000 - 0x00007fff9270e000 	C:\Windows\SYSTEM32\WindowsCodecs.dll
0x00007fff88b30000 - 0x00007fff88b8d000 	C:\Windows\system32\dataexchange.dll
0x00007fff91140000 - 0x00007fff913a6000 	C:\Windows\system32\twinapi.appcore.dll
0x00007fff81a50000 - 0x00007fff81b7d000 	C:\Windows\SYSTEM32\textinputframework.dll
0x00007fff95b70000 - 0x00007fff95ca1000 	C:\Windows\SYSTEM32\CoreMessaging.dll
0x00007fff93f70000 - 0x00007fff942dd000 	C:\Windows\SYSTEM32\CoreUIComponents.dll

dbghelp: loaded successfully - version: 4.0.5 - missing functions: none
symbol engine: initialized successfully - sym options: 0x614 - pdb path: .;C:\Users\vlade\IntelliJ IDEA 2022.2.4\.jdks\openjdk-19.0.1\bin;C:\Windows\SYSTEM32;C:\Windows\WinSxS\amd64_microsoft.windows.common-controls_6595b64144ccf1df_6.0.22000.120_none_9d947278b86cc467;C:\Users\vlade\IntelliJ IDEA 2022.2.4\.jdks\openjdk-19.0.1\bin\server;C:\Users\vlade\IntelliJ IDEA 2022.2.4\bin;C:\Windows\System32\DriverStore\FileRepository\u0364341.inf_amd64_c22b73fb0c3a32d3\B364190

VM Arguments:
jvm_args: -XX:TieredStopAtLevel=1 -Dspring.output.ansi.enabled=always -Dcom.sun.management.jmxremote -Dspring.jmx.enabled=true -Dspring.liveBeansView.mbeanDomain -Dspring.application.admin.enabled=true -javaagent:C:\Users\vlade\IntelliJ IDEA 2022.2.4\lib\idea_rt.jar=60968:C:\Users\vlade\IntelliJ IDEA 2022.2.4\bin -Dfile.encoding=UTF-8 -Dsun.stdout.encoding=UTF-8 -Dsun.stderr.encoding=UTF-8 
java_command: kursovoi.mestopolozhenie_po_zasechkam.MestopolozheniePoZasechkamApplication
java_class_path (initial): C:\Users\vlade\IdeaProjects\Mestopolozhenie_po_zasechkam\target\classes;C:\Users\vlade\.m2\repository\org\springframework\boot\spring-boot-starter-data-jpa\3.0.0\spring-boot-starter-data-jpa-3.0.0.jar;C:\Users\vlade\.m2\repository\org\springframework\boot\spring-boot-starter-aop\3.0.0\spring-boot-starter-aop-3.0.0.jar;C:\Users\vlade\.m2\repository\org\springframework\spring-aop\6.0.2\spring-aop-6.0.2.jar;C:\Users\vlade\.m2\repository\org\aspectj\aspectjweaver\1.9.9.1\aspectjweaver-1.9.9.1.jar;C:\Users\vlade\.m2\repository\org\springframework\boot\spring-boot-starter-jdbc\3.0.0\spring-boot-starter-jdbc-3.0.0.jar;C:\Users\vlade\.m2\repository\com\zaxxer\HikariCP\5.0.1\HikariCP-5.0.1.jar;C:\Users\vlade\.m2\repository\org\springframework\spring-jdbc\6.0.2\spring-jdbc-6.0.2.jar;C:\Users\vlade\.m2\repository\org\hibernate\orm\hibernate-core\6.1.5.Final\hibernate-core-6.1.5.Final.jar;C:\Users\vlade\.m2\repository\jakarta\persistence\jakarta.persistence-api\3.1.0\jakarta.persistence-api-3.1.0.jar;C:\Users\vlade\.m2\repository\jakarta\transaction\jakarta.transaction-api\2.0.1\jakarta.transaction-api-2.0.1.jar;C:\Users\vlade\.m2\repository\org\jboss\logging\jboss-logging\3.5.0.Final\jboss-logging-3.5.0.Final.jar;C:\Users\vlade\.m2\repository\org\hibernate\common\hibernate-commons-annotations\6.0.2.Final\hibernate-commons-annotations-6.0.2.Final.jar;C:\Users\vlade\.m2\repository\org\jboss\jandex\2.4.2.Final\jandex-2.4.2.Final.jar;C:\Users\vlade\.m2\repository\com\fasterxml\classmate\1.5.1\classmate-1.5.1.jar;C:\Users\vlade\.m2\repository\net\bytebuddy\byte-buddy\1.12.19\byte-buddy-1.12.19.jar;C:\Users\vlade\.m2\repository\org\glassfish\jaxb\jaxb-runtime\4.0.1\jaxb-runtime-4.0.1.jar;C:\Users\vlade\.m2\repository\org\glassfish\jaxb\jaxb-core\4.0.1\jaxb-core-4.0.1.jar;C:\Users\vlade\.m2\repository\org\eclipse\angus\angus-activation\1.0.0\angus-activation-1.0.0.jar;C:\Users\vlade\.m2\repository\org\glassfish\jaxb\txw2\4.0.1\txw2-4.0.1.jar;C:\Users\vlade\.m2\repository\com\sun\istack\istack-commons-runtime\4.1.1\istack-commons-runtime-4.1.1.jar;C:\Users\vlade\.m2\repository\jakarta\inject\jakarta.inject-api\2.0.0\jakarta.inject-api-2.0.0.jar;C:\Users\vlade\.m2\repository\org\antlr\antlr4-runtime\4.10.1\antlr4-runtime-4.10.1.jar;C:\Users\vlade\.m2\repository\org\springframework\data\spring-data-jpa\3.0.0\spring-data-jpa-3.0.0.jar;C:\Users\vlade\.m2\repository\org\springframework\data\spring-data-commons\3.0.0\spring-data-commons-3.0.0.jar;C:\Users\vlade\.m2\repository\org\springframework\spring-orm\6.0.2\spring-orm-6.0.2.jar;C:\Users\vlade\.m2\repository\org\springframework\spring-context\6.0.2\spring-context-6.0.2.jar;C:\Users\vlade\.m2\repository\org\springframework\spring-tx\6.0.2\spring-tx-6.0.2.jar;C:\Users\vlade\.m2\repository\org\springframework\spring-beans\6.0.2\spring-beans-6.0.2.jar;C:\Users\vlade\.m2\repository\jakarta\annotation\jakarta.annotation-api\2.1.1\jakarta.annotation-api-2.1.1.jar;C:\Users\vlade\.m2\repository\org\slf4j\slf4j-api\2.0.4\slf4j-api-2.0.4.jar;C:\Users\vlade\.m2\repository\org\springframework\spring-aspects\6.0.2\spring-aspects-6.0.2.jar;C:\Users\vlade\.m2\repository\org\springframework\boot\spring-boot-starter-freemarker\3.0.0\spring-boot-starter-freemarker-3.0.0.jar;C:\Users\vlade\.m2\repository\org\springframework\boot\spring-boot-starter\3.0.0\spring-boot-starter-3.0.0.jar;C:\Users\vlade\.m2\repository\org\springframework\boot\spring-boot\3.0.0\spring-boot-3.0.0.jar;C:\Users\vlade\.m2\repository\org\springframework\boot\spring-boot-autoconfigure\3.0.0\spring-boot-autoconfigure-3.0.0.jar;C:\Users\vlade\.m2\repository\org\springframework\boot\spring-boot-starter-logging\3.0.0\spring-boot-starter-logging-3.0.0.jar;C:\Users\vlade\.m2\repository\ch\qos\logback\logback-classic\1.4.5\logback-classic-1.4.5.jar;C:\Users\vlade\.m2\repository\ch\qos\logback\logback-core\1.4.5\logback-core-1.4.5.jar;C:\Users\vlade\.m2\repository\org\apache\logging\log4j\log4j-to-slf4j\2.19.0\log4j-to-slf4j-2.19.0.jar;C:\Users\vlade\.m2\repository\org\apache\logging\log4j\log4j-api\2.19.0\log4j-api-2.19.0.jar;C:\Users\vlade\.m2\repository\org\slf4j\jul-to-slf4j\2.0.4\jul-to-slf4j-2.0.4.jar;C:\Users\vlade\.m2\repository\org\yaml\snakeyaml\1.33\snakeyaml-1.33.jar;C:\Users\vlade\.m2\repository\org\freemarker\freemarker\2.3.31\freemarker-2.3.31.jar;C:\Users\vlade\.m2\repository\org\springframework\spring-context-support\6.0.2\spring-context-support-6.0.2.jar;C:\Users\vlade\.m2\repository\org\springframework\boot\spring-boot-starter-web\3.0.0\spring-boot-starter-web-3.0.0.jar;C:\Users\vlade\.m2\repository\org\springframework\boot\spring-boot-starter-json\3.0.0\spring-boot-starter-json-3.0.0.jar;C:\Users\vlade\.m2\repository\com\fasterxml\jackson\core\jackson-databind\2.14.1\jackson-databind-2.14.1.jar;C:\Users\vlade\.m2\repository\com\fasterxml\jackson\core\jackson-annotations\2.14.1\jackson-annotations-2.14.1.jar;C:\Users\vlade\.m2\repository\com\fasterxml\jackson\core\jackson-core\2.14.1\jackson-core-2.14.1.jar;C:\Users\vlade\.m2\repository\com\fasterxml\jackson\datatype\jackson-datatype-jdk8\2.14.1\jackson-datatype-jdk8-2.14.1.jar;C:\Users\vlade\.m2\repository\com\fasterxml\jackson\datatype\jackson-datatype-jsr310\2.14.1\jackson-datatype-jsr310-2.14.1.jar;C:\Users\vlade\.m2\repository\com\fasterxml\jackson\module\jackson-module-parameter-names\2.14.1\jackson-module-parameter-names-2.14.1.jar;C:\Users\vlade\.m2\repository\org\springframework\boot\spring-boot-starter-tomcat\3.0.0\spring-boot-starter-tomcat-3.0.0.jar;C:\Users\vlade\.m2\repository\org\apache\tomcat\embed\tomcat-embed-core\10.1.1\tomcat-embed-core-10.1.1.jar;C:\Users\vlade\.m2\repository\org\apache\tomcat\embed\tomcat-embed-el\10.1.1\tomcat-embed-el-10.1.1.jar;C:\Users\vlade\.m2\repository\org\apache\tomcat\embed\tomcat-embed-websocket\10.1.1\tomcat-embed-websocket-10.1.1.jar;C:\Users\vlade\.m2\repository\org\springframework\spring-web\6.0.2\spring-web-6.0.2.jar;C:\Users\vlade\.m2\repository\io\micrometer\micrometer-observation\1.10.2\micrometer-observation-1.10.2.jar;C:\Users\vlade\.m2\repository\io\micrometer\micrometer-commons\1.10.2\micrometer-commons-1.10.2.jar;C:\Users\vlade\.m2\repository\org\springframework\spring-webmvc\6.0.2\spring-webmvc-6.0.2.jar;C:\Users\vlade\.m2\repository\org\springframework\spring-expression\6.0.2\spring-expression-6.0.2.jar;C:\Users\vlade\.m2\repository\org\postgresql\postgresql\42.5.1\postgresql-42.5.1.jar;C:\Users\vlade\.m2\repository\org\checkerframework\checker-qual\3.5.0\checker-qual-3.5.0.jar;C:\Users\vlade\.m2\repository\org\projectlombok\lombok\1.18.24\lombok-1.18.24.jar;C:\Users\vlade\.m2\repository\jakarta\xml\bind\jakarta.xml.bind-api\4.0.0\jakarta.xml.bind-api-4.0.0.jar;C:\Users\vlade\.m2\repository\jakarta\activation\jakarta.activation-api\2.1.0\jakarta.activation-api-2.1.0.jar;C:\Users\vlade\.m2\repository\org\springframework\spring-core\6.0.2\spring-core-6.0.2.jar;C:\Users\vlade\.m2\repository\org\springframework\spring-jcl\6.0.2\spring-jcl-6.0.2.jar;C:\Users\vlade\.m2\repository\com\google\maps\google-maps-services\2.1.2\google-maps-services-2.1.2.jar;C:\Users\vlade\.m2\repository\com\squareup\okhttp3\okhttp\4.10.0\okhttp-4.10.0.jar;C:\Users\vlade\.m2\repository\com\squareup\okio\okio-jvm\3.0.0\okio-jvm-3.0.0.jar;C:\Users\vlade\.m2\repository\org\jetbrains\kotlin\kotlin-stdlib-jdk8\1.5.31\kotlin-stdlib-jdk8-1.5.31.jar;C:\Users\vlade\.m2\repository\org\jetbrains\kotlin\kotlin-stdlib-jdk7\1.5.31\kotlin-stdlib-jdk7-1.5.31.jar;C:\Users\vlade\.m2\repository\org\jetbrains\kotlin\kotlin-stdlib-common\1.5.31\kotlin-stdlib-common-1.5.31.jar;C:\Users\vlade\.m2\repository\org\jetbrains\kotlin\kotlin-stdlib\1.6.20\kotlin-stdlib-1.6.20.jar;C:\Users\vlade\.m2\repository\org\jetbrains\annotations\13.0\annotations-13.0.jar;C:\Users\vlade\.m2\repository\com\google\code\gson\gson\2.10\gson-2.10.jar;C:\Users\vlade\.m2\repository\io\opencensus\opencensus-api\0.31.0\opencensus-api-0.31.0.jar;C:\Users\vlade\.m2\repository\io\grpc\grpc-context\1.27.2\grpc-context-1.27.2.jar;C:\Users\vlade\.m2\repository\org\slf4j\slf4j-api\2.0.3\slf4j-api-2.0.3.jar;C:\Users\vlade\.m2\repository\org\apache\maven\archetypes\maven-archetype-simple\1.0\maven-archetype-simple-1.0.jar;C:\Users\vlade\.m2\repository\junit\junit\3.8.1\junit-3.8.1.jar;C:\Users\vlade\IdeaProjects\Mestopolozhenie_po_zasechkam\jxmapviewer2-2.6.jar;C:\Users\vlade\IdeaProjects\Mestopolozhenie_po_zasechkam\commons-logging-1.1.3.jar
Launcher Type: SUN_STANDARD

[Global flags]
     intx CICompilerCount                          = 4                                         {product} {ergonomic}
     uint ConcGCThreads                            = 2                                         {product} {ergonomic}
     uint G1ConcRefinementThreads                  = 8                                         {product} {ergonomic}
   size_t G1HeapRegionSize                         = 2097152                                   {product} {ergonomic}
    uintx GCDrainStackTargetSize                   = 64                                        {product} {ergonomic}
   size_t InitialHeapSize                          = 167772160                                 {product} {ergonomic}
     bool ManagementServer                         = true                                      {product} {command line}
   size_t MarkStackSize                            = 4194304                                   {product} {ergonomic}
   size_t MaxHeapSize                              = 2669674496                                {product} {ergonomic}
   size_t MaxNewSize                               = 1600126976                                {product} {ergonomic}
   size_t MinHeapDeltaBytes                        = 2097152                                   {product} {ergonomic}
   size_t MinHeapSize                              = 8388608                                   {product} {ergonomic}
    uintx NonProfiledCodeHeapSize                  = 0                                      {pd product} {ergonomic}
     bool ProfileInterpreter                       = false                                  {pd product} {command line}
    uintx ProfiledCodeHeapSize                     = 0                                      {pd product} {ergonomic}
   size_t SoftMaxHeapSize                          = 2669674496                             {manageable} {ergonomic}
     intx TieredStopAtLevel                        = 1                                         {product} {command line}
     bool UseCompressedClassPointers               = true                           {product lp64_product} {ergonomic}
     bool UseCompressedOops                        = true                           {product lp64_product} {ergonomic}
     bool UseG1GC                                  = true                                      {product} {ergonomic}
     bool UseLargePagesIndividualAllocation        = false                                  {pd product} {ergonomic}

Logging:
Log output configuration:
 #0: stdout all=warning uptime,level,tags foldmultilines=false
 #1: stderr all=off uptime,level,tags foldmultilines=false

Environment Variables:
PATH=C:\Windows\system32;C:\Windows;C:\Windows\System32\Wbem;C:\Windows\System32\WindowsPowerShell\v1.0\;C:\Windows\System32\OpenSSH\;C:\Program Files (x86)\dotnet\;C:\Users\vlade\AppData\Local\Microsoft\WindowsApps;;C:\Users\vlade\IntelliJ IDEA 2022.2.4\bin;
USERNAME=vlade
OS=Windows_NT
PROCESSOR_IDENTIFIER=AMD64 Family 23 Model 24 Stepping 1, AuthenticAMD
TMP=C:\Users\vlade\AppData\Local\Temp
TEMP=C:\Users\vlade\AppData\Local\Temp



---------------  S Y S T E M  ---------------

OS:
 Windows 11 , 64 bit Build 22000 (10.0.22000.1335)
OS uptime: 1 days 18:13 hours
Hyper-V role detected

CPU: total 8 (initial active 8) (8 cores per cpu, 2 threads per core) family 23 model 24 stepping 1 microcode 0x0, cx8, cmov, fxsr, ht, mmx, 3dnowpref, sse, sse2, sse3, ssse3, sse4a, sse4.1, sse4.2, popcnt, lzcnt, tsc, tscinvbit, avx, avx2, aes, clmul, bmi1, bmi2, adx, sha, fma, vzeroupper, clflush, clflushopt, hv, rdtscp

Memory: 4k page, system-wide physical 10177M (2083M free)
TotalPageFile size 10177M (AvailPageFile size 49M)
current process WorkingSet (physical memory assigned to process): 625M, peak: 625M
current process commit charge ("private bytes"): 973M, peak: 1061M

vm_info: OpenJDK 64-Bit Server VM (19.0.1+10-21) for windows-amd64 JRE (19.0.1+10-21), built on 2022-09-14T12:45:06Z by "mach5one" with MS VC++ 17.1 (VS2022)

END.
