#
# There is insufficient memory for the Java Runtime Environment to continue.
# Native memory allocation (malloc) failed to allocate 1048576 bytes for AllocateHeap
# Possible reasons:
#   The system is out of physical RAM or swap space
#   The process is running with CompressedOops enabled, and the Java Heap may be blocking the growth of the native heap
# Possible solutions:
#   Reduce memory load on the system
#   Increase physical memory or swap space
#   Check if swap backing store is full
#   Decrease Java heap size (-Xmx/-Xms)
#   Decrease number of Java threads
#   Decrease Java thread stack sizes (-Xss)
#   Set larger code cache with -XX:ReservedCodeCacheSize=
#   JVM is running with Unscaled Compressed Oops mode in which the Java heap is
#     placed in the first 4GB address space. The Java Heap base address is the
#     maximum limit for the native heap growth. Please use -XX:HeapBaseMinAddress
#     to set the Java Heap base and to place the Java Heap above 4GB virtual address.
# This output file may be truncated or incomplete.
#
#  Out of Memory Error (allocation.cpp:44), pid=11536, tid=6604
#
# JRE version: OpenJDK Runtime Environment JBR-17.0.5+7-469.71-jcef (17.0.5+7) (build 17.0.5+7-b469.71)
# Java VM: OpenJDK 64-Bit Server VM JBR-17.0.5+7-469.71-jcef (17.0.5+7-b469.71, mixed mode, tiered, compressed oops, compressed class ptrs, g1 gc, windows-amd64)
# No core dump will be written. Minidumps are not enabled by default on client versions of Windows
#

---------------  S U M M A R Y ------------

Command Line: -Dawt.toolkit=com.intellij.desktop.DesktopActionsToolkit -Djava.rmi.server.hostname=127.0.0.1 -Duser.timezone=UTC -Xmx750m -Xms128m --add-exports=java.desktop/sun.awt=ALL-UNNAMED --add-exports=java.desktop/java.awt.peer=ALL-UNNAMED --add-opens=java.desktop/java.awt=ALL-UNNAMED --add-opens=jdk.unsupported/sun.misc=ALL-UNNAMED --add-opens=java.base/java.nio=ALL-UNNAMED --add-opens=java.base/java.util=ALL-UNNAMED -Dfile.encoding=UTF-8 com.intellij.database.remote.RemoteJdbcServer org.postgresql.Driver

Host: AMD Ryzen 5 3500U with Radeon Vega Mobile Gfx  , 8 cores, 9G,  Windows 11 , 64 bit Build 22000 (10.0.22000.1335)
Time: Sat Dec 17 19:39:19 2022 RTZ 2 (s 11 , 64 bit Build 22000 (10.0.22000.1335) elapsed time: 21600.142794 seconds (0d 6h 0m 0s)

---------------  T H R E A D  ---------------

Current thread (0x0000020cef29c050):  VMThread "VM Thread" [stack: 0x000000e51ca00000,0x000000e51cb00000] [id=6604]

Stack: [0x000000e51ca00000,0x000000e51cb00000]
Native frames: (J=compiled Java code, j=interpreted, Vv=VM code, C=native code)
V  [jvm.dll+0x6830ca]
V  [jvm.dll+0x83f4c4]
V  [jvm.dll+0x840c6e]
V  [jvm.dll+0x8412d3]
V  [jvm.dll+0x2490b5]
V  [jvm.dll+0xa64cf]
V  [jvm.dll+0x2f9d93]
V  [jvm.dll+0x2f51c0]
V  [jvm.dll+0x2dd787]
V  [jvm.dll+0x321537]
V  [jvm.dll+0x8457ab]
V  [jvm.dll+0x8464e4]
V  [jvm.dll+0x8469fd]
V  [jvm.dll+0x846dd4]
V  [jvm.dll+0x846ea0]
V  [jvm.dll+0x7ef40a]
V  [jvm.dll+0x681f05]
C  [ucrtbase.dll+0x26c0c]
C  [KERNEL32.DLL+0x155a0]
C  [ntdll.dll+0x485b]

VM_Operation (0x000000e51ddfed40): G1CollectFull, mode: safepoint, requested by thread 0x0000020ceff587d0


---------------  P R O C E S S  ---------------

Threads class SMR info:
_java_thread_list=0x0000020cf040eb30, length=22, elements={
0x0000020cd81e0a30, 0x0000020cef29ef20, 0x0000020cef2a0270, 0x0000020cef2f1330,
0x0000020cef2f1bf0, 0x0000020cef2da1b0, 0x0000020cef2dd250, 0x0000020cef2ddb10,
0x0000020cefd1ce30, 0x0000020cefd1ded0, 0x0000020cefec5e80, 0x0000020cefec8360,
0x0000020cf01b9ac0, 0x0000020cf01ba460, 0x0000020cf01ebaf0, 0x0000020cf023e730,
0x0000020ceff573e0, 0x0000020ceff587d0, 0x0000020cf02e5610, 0x0000020cf02e8060,
0x0000020cf02e9870, 0x0000020cf02e8530
}

Java Threads: ( => current thread )
  0x0000020cd81e0a30 JavaThread "main" [_thread_blocked, id=1744, stack(0x000000e51c400000,0x000000e51c500000)]
  0x0000020cef29ef20 JavaThread "Reference Handler" daemon [_thread_blocked, id=8432, stack(0x000000e51cb00000,0x000000e51cc00000)]
  0x0000020cef2a0270 JavaThread "Finalizer" daemon [_thread_blocked, id=11988, stack(0x000000e51cc00000,0x000000e51cd00000)]
  0x0000020cef2f1330 JavaThread "Signal Dispatcher" daemon [_thread_blocked, id=11496, stack(0x000000e51cd00000,0x000000e51ce00000)]
  0x0000020cef2f1bf0 JavaThread "Attach Listener" daemon [_thread_blocked, id=8208, stack(0x000000e51ce00000,0x000000e51cf00000)]
  0x0000020cef2da1b0 JavaThread "Service Thread" daemon [_thread_blocked, id=2840, stack(0x000000e51cf00000,0x000000e51d000000)]
  0x0000020cef2dd250 JavaThread "Monitor Deflation Thread" daemon [_thread_blocked, id=9132, stack(0x000000e51d000000,0x000000e51d100000)]
  0x0000020cef2ddb10 JavaThread "C2 CompilerThread0" daemon [_thread_blocked, id=2796, stack(0x000000e51d100000,0x000000e51d200000)]
  0x0000020cefd1ce30 JavaThread "C1 CompilerThread0" daemon [_thread_blocked, id=10840, stack(0x000000e51d200000,0x000000e51d300000)]
  0x0000020cefd1ded0 JavaThread "Sweeper thread" daemon [_thread_blocked, id=11412, stack(0x000000e51d300000,0x000000e51d400000)]
  0x0000020cefec5e80 JavaThread "Common-Cleaner" daemon [_thread_blocked, id=10160, stack(0x000000e51d400000,0x000000e51d500000)]
  0x0000020cefec8360 JavaThread "Notification Thread" daemon [_thread_blocked, id=10632, stack(0x000000e51d500000,0x000000e51d600000)]
  0x0000020cf01b9ac0 JavaThread "Java2D Disposer" daemon [_thread_blocked, id=9184, stack(0x000000e51d700000,0x000000e51d800000)]
  0x0000020cf01ba460 JavaThread "AWT-Windows" daemon [_thread_in_native, id=11780, stack(0x000000e51d900000,0x000000e51da00000)]
  0x0000020cf01ebaf0 JavaThread "RMI TCP Accept-42383" daemon [_thread_in_native, id=9948, stack(0x000000e51da00000,0x000000e51db00000)]
  0x0000020cf023e730 JavaThread "RMI TCP Accept-0" daemon [_thread_in_native, id=6728, stack(0x000000e51db00000,0x000000e51dc00000)]
  0x0000020ceff573e0 JavaThread "RMI Reaper" [_thread_blocked, id=4240, stack(0x000000e51dc00000,0x000000e51dd00000)]
  0x0000020ceff587d0 JavaThread "RMI GC Daemon" daemon [_thread_blocked, id=11040, stack(0x000000e51dd00000,0x000000e51de00000)]
  0x0000020cf02e5610 JavaThread "RMI TCP Connection(1)-127.0.0.1" daemon [_thread_in_native, id=5404, stack(0x000000e51de00000,0x000000e51df00000)]
  0x0000020cf02e8060 JavaThread "RMI Scheduler(0)" daemon [_thread_blocked, id=1672, stack(0x000000e51df00000,0x000000e51e000000)]
  0x0000020cf02e9870 JavaThread "RMI TCP Connection(2)-127.0.0.1" daemon [_thread_in_native, id=11468, stack(0x000000e51e000000,0x000000e51e100000)]
  0x0000020cf02e8530 JavaThread "RMI RenewClean-[127.0.0.1:55000]" daemon [_thread_blocked, id=10676, stack(0x000000e51e100000,0x000000e51e200000)]

Other Threads:
=>0x0000020cef29c050 VMThread "VM Thread" [stack: 0x000000e51ca00000,0x000000e51cb00000] [id=6604]
  0x0000020cd8223b90 WatcherThread [stack: 0x000000e51d600000,0x000000e51d700000] [id=10084]
  0x0000020cd8214690 GCTaskThread "GC Thread#0" [stack: 0x000000e51c500000,0x000000e51c600000] [id=11168]
  0x0000020cf2033610 GCTaskThread "GC Thread#1" [stack: 0x000000e51e400000,0x000000e51e500000] [id=2960]
  0x0000020cf1f82380 GCTaskThread "GC Thread#2" [stack: 0x000000e51e500000,0x000000e51e600000] [id=7864]
  0x0000020cf37dd570 GCTaskThread "GC Thread#3" [stack: 0x000000e51e600000,0x000000e51e700000] [id=10140]
  0x0000020cf1c5f030 GCTaskThread "GC Thread#4" [stack: 0x000000e51e700000,0x000000e51e800000] [id=8436]
  0x0000020cf1c5e820 GCTaskThread "GC Thread#5" [stack: 0x000000e51e800000,0x000000e51e900000] [id=10828]
  0x0000020cf1c5e010 GCTaskThread "GC Thread#6" [stack: 0x000000e51e900000,0x000000e51ea00000] [id=11760]
  0x0000020cf1c5e2c0 GCTaskThread "GC Thread#7" [stack: 0x000000e51ea00000,0x000000e51eb00000] [id=8592]
  0x0000020cd821b4f0 ConcurrentGCThread "G1 Main Marker" [stack: 0x000000e51c600000,0x000000e51c700000] [id=11640]
  0x0000020cd821c6a0 ConcurrentGCThread "G1 Conc#0" [stack: 0x000000e51c700000,0x000000e51c800000] [id=8756]
  0x0000020cd82a4010 ConcurrentGCThread "G1 Refine#0" [stack: 0x000000e51c800000,0x000000e51c900000] [id=11776]
  0x0000020cf27e4570 ConcurrentGCThread "G1 Refine#1" [stack: 0x000000e51eb00000,0x000000e51ec00000] [id=1936]
  0x0000020cf42cda20 ConcurrentGCThread "G1 Refine#2" [stack: 0x000000e51ec00000,0x000000e51ed00000] [id=6652]
  0x0000020cd82a6a40 ConcurrentGCThread "G1 Service" [stack: 0x000000e51c900000,0x000000e51ca00000] [id=9380]

Threads with active compile tasks:

VM state: at safepoint (normal execution)

VM Mutex/Monitor currently owned by a thread:  ([mutex/lock_event])
[0x0000020cd81de380] Threads_lock - owner thread: 0x0000020cef29c050
[0x0000020cd81ded10] Heap_lock - owner thread: 0x0000020ceff587d0

Heap address: 0x00000000d1200000, size: 750 MB, Compressed Oops mode: 32-bit

CDS archive(s) not mapped
Compressed class space mapped at: 0x0000000100000000-0x0000000140000000, reserved size: 1073741824
Narrow klass base: 0x0000000000000000, Narrow klass shift: 3, Narrow klass range: 0x140000000

GC Precious Log:
 CPUs: 8 total, 8 available
 Memory: 10177M
 Large Page Support: Disabled
 NUMA Support: Disabled
 Compressed Oops: Enabled (32-bit)
 Heap Region Size: 1M
 Heap Min Capacity: 128M
 Heap Initial Capacity: 128M
 Heap Max Capacity: 750M
 Pre-touch: Disabled
 Parallel Workers: 8
 Concurrent Workers: 2
 Concurrent Refinement Workers: 8
 Periodic GC: Disabled

Heap:
 garbage-first heap   total 131072K, used 14466K [0x00000000d1200000, 0x0000000100000000)
  region size 1024K, 10 young (10240K), 0 survivors (0K)
 Metaspace       used 20169K, committed 20416K, reserved 1073152K
  class space    used 1956K, committed 2112K, reserved 1048576K

Heap Regions: E=young(eden), S=young(survivor), O=old, HS=humongous(starts), HC=humongous(continues), CS=collection set, F=free, OA=open archive, CA=closed archive, TAMS=top-at-mark-start (previous, next)
|   0|0x00000000d1200000, 0x00000000d12fe330, 0x00000000d1300000| 99%| O|  |TAMS 0x00000000d1200000, 0x00000000d1200000| Untracked 
|   1|0x00000000d1300000, 0x00000000d13f9fe8, 0x00000000d1400000| 97%| O|  |TAMS 0x00000000d1300000, 0x00000000d1300000| Untracked 
|   2|0x00000000d1400000, 0x00000000d14f6bb0, 0x00000000d1500000| 96%| O|  |TAMS 0x00000000d14f6bb0, 0x00000000d1400000| Untracked 
|   3|0x00000000d1500000, 0x00000000d15ffff8, 0x00000000d1600000| 99%| O|  |TAMS 0x00000000d15ffff8, 0x00000000d1500000| Untracked 
|   4|0x00000000d1600000, 0x00000000d16ef310, 0x00000000d1700000| 93%| O|  |TAMS 0x00000000d1600000, 0x00000000d1600000| Untracked 
|   5|0x00000000d1700000, 0x00000000d1742908, 0x00000000d1800000| 26%| O|  |TAMS 0x00000000d1700000, 0x00000000d1700000| Untracked 
|   6|0x00000000d1800000, 0x00000000d1800000, 0x00000000d1900000|  0%| F|  |TAMS 0x00000000d1800000, 0x00000000d1800000| Untracked 
|   7|0x00000000d1900000, 0x00000000d1900000, 0x00000000d1a00000|  0%| F|  |TAMS 0x00000000d1900000, 0x00000000d1900000| Untracked 
|   8|0x00000000d1a00000, 0x00000000d1a00000, 0x00000000d1b00000|  0%| F|  |TAMS 0x00000000d1a00000, 0x00000000d1a00000| Untracked 
|   9|0x00000000d1b00000, 0x00000000d1b00000, 0x00000000d1c00000|  0%| F|  |TAMS 0x00000000d1b00000, 0x00000000d1b00000| Untracked 
|  10|0x00000000d1c00000, 0x00000000d1c00000, 0x00000000d1d00000|  0%| F|  |TAMS 0x00000000d1c00000, 0x00000000d1c00000| Untracked 
|  11|0x00000000d1d00000, 0x00000000d1d00000, 0x00000000d1e00000|  0%| F|  |TAMS 0x00000000d1d00000, 0x00000000d1d00000| Untracked 
|  12|0x00000000d1e00000, 0x00000000d1e00000, 0x00000000d1f00000|  0%| F|  |TAMS 0x00000000d1e00000, 0x00000000d1e00000| Untracked 
|  13|0x00000000d1f00000, 0x00000000d1f00000, 0x00000000d2000000|  0%| F|  |TAMS 0x00000000d1f00000, 0x00000000d1f00000| Untracked 
|  14|0x00000000d2000000, 0x00000000d2000000, 0x00000000d2100000|  0%| F|  |TAMS 0x00000000d2000000, 0x00000000d2000000| Untracked 
|  15|0x00000000d2100000, 0x00000000d2100000, 0x00000000d2200000|  0%| F|  |TAMS 0x00000000d2100000, 0x00000000d2100000| Untracked 
|  16|0x00000000d2200000, 0x00000000d2200000, 0x00000000d2300000|  0%| F|  |TAMS 0x00000000d2200000, 0x00000000d2200000| Untracked 
|  17|0x00000000d2300000, 0x00000000d2300000, 0x00000000d2400000|  0%| F|  |TAMS 0x00000000d2300000, 0x00000000d2300000| Untracked 
|  18|0x00000000d2400000, 0x00000000d2400000, 0x00000000d2500000|  0%| F|  |TAMS 0x00000000d2400000, 0x00000000d2400000| Untracked 
|  19|0x00000000d2500000, 0x00000000d2500000, 0x00000000d2600000|  0%| F|  |TAMS 0x00000000d2500000, 0x00000000d2500000| Untracked 
|  20|0x00000000d2600000, 0x00000000d2600000, 0x00000000d2700000|  0%| F|  |TAMS 0x00000000d2600000, 0x00000000d2600000| Untracked 
|  21|0x00000000d2700000, 0x00000000d2700000, 0x00000000d2800000|  0%| F|  |TAMS 0x00000000d2700000, 0x00000000d2700000| Untracked 
|  22|0x00000000d2800000, 0x00000000d2800000, 0x00000000d2900000|  0%| F|  |TAMS 0x00000000d2800000, 0x00000000d2800000| Untracked 
|  23|0x00000000d2900000, 0x00000000d2900000, 0x00000000d2a00000|  0%| F|  |TAMS 0x00000000d2900000, 0x00000000d2900000| Untracked 
|  24|0x00000000d2a00000, 0x00000000d2a00000, 0x00000000d2b00000|  0%| F|  |TAMS 0x00000000d2a00000, 0x00000000d2a00000| Untracked 
|  25|0x00000000d2b00000, 0x00000000d2b00000, 0x00000000d2c00000|  0%| F|  |TAMS 0x00000000d2b00000, 0x00000000d2b00000| Untracked 
|  26|0x00000000d2c00000, 0x00000000d2c00000, 0x00000000d2d00000|  0%| F|  |TAMS 0x00000000d2c00000, 0x00000000d2c00000| Untracked 
|  27|0x00000000d2d00000, 0x00000000d2d00000, 0x00000000d2e00000|  0%| F|  |TAMS 0x00000000d2d00000, 0x00000000d2d00000| Untracked 
|  28|0x00000000d2e00000, 0x00000000d2e00000, 0x00000000d2f00000|  0%| F|  |TAMS 0x00000000d2e00000, 0x00000000d2e00000| Untracked 
|  29|0x00000000d2f00000, 0x00000000d2f00000, 0x00000000d3000000|  0%| F|  |TAMS 0x00000000d2f00000, 0x00000000d2f00000| Untracked 
|  30|0x00000000d3000000, 0x00000000d3000000, 0x00000000d3100000|  0%| F|  |TAMS 0x00000000d3000000, 0x00000000d3000000| Untracked 
|  31|0x00000000d3100000, 0x00000000d3100000, 0x00000000d3200000|  0%| F|  |TAMS 0x00000000d3100000, 0x00000000d3100000| Untracked 
|  32|0x00000000d3200000, 0x00000000d3200000, 0x00000000d3300000|  0%| F|  |TAMS 0x00000000d3200000, 0x00000000d3200000| Untracked 
|  33|0x00000000d3300000, 0x00000000d3300000, 0x00000000d3400000|  0%| F|  |TAMS 0x00000000d3300000, 0x00000000d3300000| Untracked 
|  34|0x00000000d3400000, 0x00000000d3400000, 0x00000000d3500000|  0%| F|  |TAMS 0x00000000d3400000, 0x00000000d3400000| Untracked 
|  35|0x00000000d3500000, 0x00000000d3500000, 0x00000000d3600000|  0%| F|  |TAMS 0x00000000d3500000, 0x00000000d3500000| Untracked 
|  36|0x00000000d3600000, 0x00000000d3600000, 0x00000000d3700000|  0%| F|  |TAMS 0x00000000d3600000, 0x00000000d3600000| Untracked 
|  37|0x00000000d3700000, 0x00000000d3700000, 0x00000000d3800000|  0%| F|  |TAMS 0x00000000d3700000, 0x00000000d3700000| Untracked 
|  38|0x00000000d3800000, 0x00000000d3800000, 0x00000000d3900000|  0%| F|  |TAMS 0x00000000d3800000, 0x00000000d3800000| Untracked 
|  39|0x00000000d3900000, 0x00000000d3900000, 0x00000000d3a00000|  0%| F|  |TAMS 0x00000000d3900000, 0x00000000d3900000| Untracked 
|  40|0x00000000d3a00000, 0x00000000d3a00000, 0x00000000d3b00000|  0%| F|  |TAMS 0x00000000d3a00000, 0x00000000d3a00000| Untracked 
|  41|0x00000000d3b00000, 0x00000000d3b00000, 0x00000000d3c00000|  0%| F|  |TAMS 0x00000000d3b00000, 0x00000000d3b00000| Untracked 
|  42|0x00000000d3c00000, 0x00000000d3c00000, 0x00000000d3d00000|  0%| F|  |TAMS 0x00000000d3c00000, 0x00000000d3c00000| Untracked 
|  43|0x00000000d3d00000, 0x00000000d3d00000, 0x00000000d3e00000|  0%| F|  |TAMS 0x00000000d3d00000, 0x00000000d3d00000| Untracked 
|  44|0x00000000d3e00000, 0x00000000d3e00000, 0x00000000d3f00000|  0%| F|  |TAMS 0x00000000d3e00000, 0x00000000d3e00000| Untracked 
|  45|0x00000000d3f00000, 0x00000000d3f00000, 0x00000000d4000000|  0%| F|  |TAMS 0x00000000d3f00000, 0x00000000d3f00000| Untracked 
|  46|0x00000000d4000000, 0x00000000d4000000, 0x00000000d4100000|  0%| F|  |TAMS 0x00000000d4000000, 0x00000000d4000000| Untracked 
|  47|0x00000000d4100000, 0x00000000d4100000, 0x00000000d4200000|  0%| F|  |TAMS 0x00000000d4100000, 0x00000000d4100000| Untracked 
|  48|0x00000000d4200000, 0x00000000d4200000, 0x00000000d4300000|  0%| F|  |TAMS 0x00000000d4200000, 0x00000000d4200000| Untracked 
|  49|0x00000000d4300000, 0x00000000d4300000, 0x00000000d4400000|  0%| F|  |TAMS 0x00000000d4300000, 0x00000000d4300000| Untracked 
|  50|0x00000000d4400000, 0x00000000d4400000, 0x00000000d4500000|  0%| F|  |TAMS 0x00000000d4400000, 0x00000000d4400000| Untracked 
|  51|0x00000000d4500000, 0x00000000d4500000, 0x00000000d4600000|  0%| F|  |TAMS 0x00000000d4500000, 0x00000000d4500000| Untracked 
|  52|0x00000000d4600000, 0x00000000d4600000, 0x00000000d4700000|  0%| F|  |TAMS 0x00000000d4600000, 0x00000000d4600000| Untracked 
|  53|0x00000000d4700000, 0x00000000d4700000, 0x00000000d4800000|  0%| F|  |TAMS 0x00000000d4700000, 0x00000000d4700000| Untracked 
|  54|0x00000000d4800000, 0x00000000d4800000, 0x00000000d4900000|  0%| F|  |TAMS 0x00000000d4800000, 0x00000000d4800000| Untracked 
|  55|0x00000000d4900000, 0x00000000d4900000, 0x00000000d4a00000|  0%| F|  |TAMS 0x00000000d4900000, 0x00000000d4900000| Untracked 
|  56|0x00000000d4a00000, 0x00000000d4a00000, 0x00000000d4b00000|  0%| F|  |TAMS 0x00000000d4a00000, 0x00000000d4a00000| Untracked 
|  57|0x00000000d4b00000, 0x00000000d4b00000, 0x00000000d4c00000|  0%| F|  |TAMS 0x00000000d4b00000, 0x00000000d4b00000| Untracked 
|  58|0x00000000d4c00000, 0x00000000d4c00000, 0x00000000d4d00000|  0%| F|  |TAMS 0x00000000d4c00000, 0x00000000d4c00000| Untracked 
|  59|0x00000000d4d00000, 0x00000000d4d00000, 0x00000000d4e00000|  0%| F|  |TAMS 0x00000000d4d00000, 0x00000000d4d00000| Untracked 
|  60|0x00000000d4e00000, 0x00000000d4e00000, 0x00000000d4f00000|  0%| F|  |TAMS 0x00000000d4e00000, 0x00000000d4e00000| Untracked 
|  61|0x00000000d4f00000, 0x00000000d4f00000, 0x00000000d5000000|  0%| F|  |TAMS 0x00000000d4f00000, 0x00000000d4f00000| Untracked 
|  62|0x00000000d5000000, 0x00000000d5000000, 0x00000000d5100000|  0%| F|  |TAMS 0x00000000d5000000, 0x00000000d5000000| Untracked 
|  63|0x00000000d5100000, 0x00000000d5100000, 0x00000000d5200000|  0%| F|  |TAMS 0x00000000d5100000, 0x00000000d5100000| Untracked 
|  64|0x00000000d5200000, 0x00000000d5200000, 0x00000000d5300000|  0%| F|  |TAMS 0x00000000d5200000, 0x00000000d5200000| Untracked 
|  65|0x00000000d5300000, 0x00000000d5300000, 0x00000000d5400000|  0%| F|  |TAMS 0x00000000d5300000, 0x00000000d5300000| Untracked 
|  66|0x00000000d5400000, 0x00000000d5400000, 0x00000000d5500000|  0%| F|  |TAMS 0x00000000d5400000, 0x00000000d5400000| Untracked 
|  67|0x00000000d5500000, 0x00000000d5500000, 0x00000000d5600000|  0%| F|  |TAMS 0x00000000d5500000, 0x00000000d5500000| Untracked 
|  68|0x00000000d5600000, 0x00000000d5600000, 0x00000000d5700000|  0%| F|  |TAMS 0x00000000d5600000, 0x00000000d5600000| Untracked 
|  69|0x00000000d5700000, 0x00000000d5700000, 0x00000000d5800000|  0%| F|  |TAMS 0x00000000d5700000, 0x00000000d5700000| Untracked 
|  70|0x00000000d5800000, 0x00000000d5800000, 0x00000000d5900000|  0%| F|  |TAMS 0x00000000d5800000, 0x00000000d5800000| Untracked 
|  71|0x00000000d5900000, 0x00000000d5900000, 0x00000000d5a00000|  0%| F|  |TAMS 0x00000000d5900000, 0x00000000d5900000| Untracked 
|  72|0x00000000d5a00000, 0x00000000d5a00000, 0x00000000d5b00000|  0%| F|  |TAMS 0x00000000d5a00000, 0x00000000d5a00000| Untracked 
|  73|0x00000000d5b00000, 0x00000000d5b00000, 0x00000000d5c00000|  0%| F|  |TAMS 0x00000000d5b00000, 0x00000000d5b00000| Untracked 
|  74|0x00000000d5c00000, 0x00000000d5c00000, 0x00000000d5d00000|  0%| F|  |TAMS 0x00000000d5c00000, 0x00000000d5c00000| Untracked 
|  75|0x00000000d5d00000, 0x00000000d5d00000, 0x00000000d5e00000|  0%| F|  |TAMS 0x00000000d5d00000, 0x00000000d5d00000| Untracked 
|  76|0x00000000d5e00000, 0x00000000d5e00000, 0x00000000d5f00000|  0%| F|  |TAMS 0x00000000d5e00000, 0x00000000d5e00000| Untracked 
|  77|0x00000000d5f00000, 0x00000000d5f00000, 0x00000000d6000000|  0%| F|  |TAMS 0x00000000d5f00000, 0x00000000d5f00000| Untracked 
|  78|0x00000000d6000000, 0x00000000d6000000, 0x00000000d6100000|  0%| F|  |TAMS 0x00000000d6000000, 0x00000000d6000000| Untracked 
|  79|0x00000000d6100000, 0x00000000d6100000, 0x00000000d6200000|  0%| F|  |TAMS 0x00000000d6100000, 0x00000000d6100000| Untracked 
|  80|0x00000000d6200000, 0x00000000d6200000, 0x00000000d6300000|  0%| F|  |TAMS 0x00000000d6200000, 0x00000000d6200000| Untracked 
|  81|0x00000000d6300000, 0x00000000d6300000, 0x00000000d6400000|  0%| F|  |TAMS 0x00000000d6300000, 0x00000000d6300000| Untracked 
|  82|0x00000000d6400000, 0x00000000d6400000, 0x00000000d6500000|  0%| F|  |TAMS 0x00000000d6400000, 0x00000000d6400000| Untracked 
|  83|0x00000000d6500000, 0x00000000d6500000, 0x00000000d6600000|  0%| F|  |TAMS 0x00000000d6500000, 0x00000000d6500000| Untracked 
|  84|0x00000000d6600000, 0x00000000d6600000, 0x00000000d6700000|  0%| F|  |TAMS 0x00000000d6600000, 0x00000000d6600000| Untracked 
|  85|0x00000000d6700000, 0x00000000d6700000, 0x00000000d6800000|  0%| F|  |TAMS 0x00000000d6700000, 0x00000000d6700000| Untracked 
|  86|0x00000000d6800000, 0x00000000d6800000, 0x00000000d6900000|  0%| F|  |TAMS 0x00000000d6800000, 0x00000000d6800000| Untracked 
|  87|0x00000000d6900000, 0x00000000d6900000, 0x00000000d6a00000|  0%| F|  |TAMS 0x00000000d6900000, 0x00000000d6900000| Untracked 
|  88|0x00000000d6a00000, 0x00000000d6a00000, 0x00000000d6b00000|  0%| F|  |TAMS 0x00000000d6a00000, 0x00000000d6a00000| Untracked 
|  89|0x00000000d6b00000, 0x00000000d6b00000, 0x00000000d6c00000|  0%| F|  |TAMS 0x00000000d6b00000, 0x00000000d6b00000| Untracked 
|  90|0x00000000d6c00000, 0x00000000d6c00000, 0x00000000d6d00000|  0%| F|  |TAMS 0x00000000d6c00000, 0x00000000d6c00000| Untracked 
|  91|0x00000000d6d00000, 0x00000000d6d00000, 0x00000000d6e00000|  0%| F|  |TAMS 0x00000000d6d00000, 0x00000000d6d00000| Untracked 
|  92|0x00000000d6e00000, 0x00000000d6e00000, 0x00000000d6f00000|  0%| F|  |TAMS 0x00000000d6e00000, 0x00000000d6e00000| Untracked 
|  93|0x00000000d6f00000, 0x00000000d6f00000, 0x00000000d7000000|  0%| F|  |TAMS 0x00000000d6f00000, 0x00000000d6f00000| Untracked 
|  94|0x00000000d7000000, 0x00000000d7000000, 0x00000000d7100000|  0%| F|  |TAMS 0x00000000d7000000, 0x00000000d7000000| Untracked 
|  95|0x00000000d7100000, 0x00000000d7100000, 0x00000000d7200000|  0%| F|  |TAMS 0x00000000d7100000, 0x00000000d7100000| Untracked 
|  96|0x00000000d7200000, 0x00000000d7200000, 0x00000000d7300000|  0%| F|  |TAMS 0x00000000d7200000, 0x00000000d7200000| Untracked 
|  97|0x00000000d7300000, 0x00000000d7300000, 0x00000000d7400000|  0%| F|  |TAMS 0x00000000d7300000, 0x00000000d7300000| Untracked 
|  98|0x00000000d7400000, 0x00000000d7400000, 0x00000000d7500000|  0%| F|  |TAMS 0x00000000d7400000, 0x00000000d7400000| Untracked 
|  99|0x00000000d7500000, 0x00000000d7500000, 0x00000000d7600000|  0%| F|  |TAMS 0x00000000d7500000, 0x00000000d7500000| Untracked 
| 100|0x00000000d7600000, 0x00000000d7600000, 0x00000000d7700000|  0%| F|  |TAMS 0x00000000d7600000, 0x00000000d7600000| Untracked 
| 101|0x00000000d7700000, 0x00000000d7700000, 0x00000000d7800000|  0%| F|  |TAMS 0x00000000d7700000, 0x00000000d7700000| Untracked 
| 102|0x00000000d7800000, 0x00000000d7800000, 0x00000000d7900000|  0%| F|  |TAMS 0x00000000d7800000, 0x00000000d7800000| Untracked 
| 103|0x00000000d7900000, 0x00000000d7900000, 0x00000000d7a00000|  0%| F|  |TAMS 0x00000000d7900000, 0x00000000d7900000| Untracked 
| 104|0x00000000d7a00000, 0x00000000d7a00000, 0x00000000d7b00000|  0%| F|  |TAMS 0x00000000d7a00000, 0x00000000d7a00000| Untracked 
| 105|0x00000000d7b00000, 0x00000000d7b00000, 0x00000000d7c00000|  0%| F|  |TAMS 0x00000000d7b00000, 0x00000000d7b00000| Untracked 
| 106|0x00000000d7c00000, 0x00000000d7c00000, 0x00000000d7d00000|  0%| F|  |TAMS 0x00000000d7c00000, 0x00000000d7c00000| Untracked 
| 107|0x00000000d7d00000, 0x00000000d7d00000, 0x00000000d7e00000|  0%| F|  |TAMS 0x00000000d7d00000, 0x00000000d7d00000| Untracked 
| 108|0x00000000d7e00000, 0x00000000d7e00000, 0x00000000d7f00000|  0%| F|  |TAMS 0x00000000d7e00000, 0x00000000d7e00000| Untracked 
| 109|0x00000000d7f00000, 0x00000000d7f00000, 0x00000000d8000000|  0%| F|  |TAMS 0x00000000d7f00000, 0x00000000d7f00000| Untracked 
| 110|0x00000000d8000000, 0x00000000d8000000, 0x00000000d8100000|  0%| F|  |TAMS 0x00000000d8000000, 0x00000000d8000000| Untracked 
| 111|0x00000000d8100000, 0x00000000d8100000, 0x00000000d8200000|  0%| F|  |TAMS 0x00000000d8100000, 0x00000000d8100000| Untracked 
| 112|0x00000000d8200000, 0x00000000d8200000, 0x00000000d8300000|  0%| F|  |TAMS 0x00000000d8200000, 0x00000000d8200000| Untracked 
| 113|0x00000000d8300000, 0x00000000d8300000, 0x00000000d8400000|  0%| F|  |TAMS 0x00000000d8300000, 0x00000000d8300000| Untracked 
| 114|0x00000000d8400000, 0x00000000d8400000, 0x00000000d8500000|  0%| F|  |TAMS 0x00000000d8400000, 0x00000000d8400000| Untracked 
| 115|0x00000000d8500000, 0x00000000d8500000, 0x00000000d8600000|  0%| F|  |TAMS 0x00000000d8500000, 0x00000000d8500000| Untracked 
| 116|0x00000000d8600000, 0x00000000d8600000, 0x00000000d8700000|  0%| F|  |TAMS 0x00000000d8600000, 0x00000000d8600000| Untracked 
| 117|0x00000000d8700000, 0x00000000d8700000, 0x00000000d8800000|  0%| F|  |TAMS 0x00000000d8700000, 0x00000000d8700000| Untracked 
| 118|0x00000000d8800000, 0x00000000d88cfd48, 0x00000000d8900000| 81%| E|  |TAMS 0x00000000d8800000, 0x00000000d8800000| Complete 
| 119|0x00000000d8900000, 0x00000000d8a00000, 0x00000000d8a00000|100%| E|CS|TAMS 0x00000000d8900000, 0x00000000d8900000| Complete 
| 120|0x00000000d8a00000, 0x00000000d8b00000, 0x00000000d8b00000|100%| E|CS|TAMS 0x00000000d8a00000, 0x00000000d8a00000| Complete 
| 121|0x00000000d8b00000, 0x00000000d8c00000, 0x00000000d8c00000|100%| E|CS|TAMS 0x00000000d8b00000, 0x00000000d8b00000| Complete 
| 122|0x00000000d8c00000, 0x00000000d8d00000, 0x00000000d8d00000|100%| E|CS|TAMS 0x00000000d8c00000, 0x00000000d8c00000| Complete 
| 123|0x00000000d8d00000, 0x00000000d8e00000, 0x00000000d8e00000|100%| E|CS|TAMS 0x00000000d8d00000, 0x00000000d8d00000| Complete 
| 124|0x00000000d8e00000, 0x00000000d8f00000, 0x00000000d8f00000|100%| E|CS|TAMS 0x00000000d8e00000, 0x00000000d8e00000| Complete 
| 125|0x00000000d8f00000, 0x00000000d9000000, 0x00000000d9000000|100%| E|CS|TAMS 0x00000000d8f00000, 0x00000000d8f00000| Complete 
| 126|0x00000000d9000000, 0x00000000d9100000, 0x00000000d9100000|100%| E|CS|TAMS 0x00000000d9000000, 0x00000000d9000000| Complete 
| 127|0x00000000d9100000, 0x00000000d9200000, 0x00000000d9200000|100%| E|CS|TAMS 0x00000000d9100000, 0x00000000d9100000| Complete 

Card table byte_map: [0x0000020ceae00000,0x0000020ceaf80000] _byte_map_base: 0x0000020cea777000

Marking Bits (Prev, Next): (CMBitMap*) 0x0000020cd8214ce0, (CMBitMap*) 0x0000020cd8214ca0
 Prev Bits: [0x0000020cebcc0000, 0x0000020cec878000)
 Next Bits: [0x0000020ceb100000, 0x0000020cebcb8000)

Polling page: 0x0000020cd61d0000

Metaspace:

Usage:
  Non-class:     17.79 MB used.
      Class:      1.91 MB used.
       Both:     19.70 MB used.

Virtual space:
  Non-class space:       24.00 MB reserved,      17.88 MB ( 74%) committed,  3 nodes.
      Class space:        1.00 GB reserved,       2.06 MB ( <1%) committed,  1 nodes.
             Both:        1.02 GB reserved,      19.94 MB (  2%) committed. 

Chunk freelists:
   Non-Class:  2.00 MB
       Class:  2.02 MB
        Both:  4.02 MB

MaxMetaspaceSize: unlimited
CompressedClassSpaceSize: 1.00 GB
Initial GC threshold: 21.00 MB
Current GC threshold: 33.12 MB
CDS: off
MetaspaceReclaimPolicy: balanced
 - commit_granule_bytes: 65536.
 - commit_granule_words: 8192.
 - virtual_space_node_default_size: 1048576.
 - enlarge_chunks_in_place: 1.
 - new_chunks_are_fully_committed: 0.
 - uncommit_free_chunks: 1.
 - use_allocation_guard: 0.
 - handle_deallocations: 1.


Internal statistics:

num_allocs_failed_limit: 0.
num_arena_births: 356.
num_arena_deaths: 114.
num_vsnodes_births: 4.
num_vsnodes_deaths: 0.
num_space_committed: 319.
num_space_uncommitted: 0.
num_chunks_returned_to_freelist: 149.
num_chunks_taken_from_freelist: 723.
num_chunk_merges: 43.
num_chunk_splits: 361.
num_chunks_enlarged: 160.
num_purges: 4.
num_inconsistent_stats: 0.

CodeHeap 'non-profiled nmethods': size=120000Kb used=1952Kb max_used=1952Kb free=118047Kb
 bounds [0x0000020ce3420000, 0x0000020ce3690000, 0x0000020cea950000]
CodeHeap 'profiled nmethods': size=120000Kb used=5465Kb max_used=5465Kb free=114534Kb
 bounds [0x0000020cdbef0000, 0x0000020cdc450000, 0x0000020ce3420000]
CodeHeap 'non-nmethods': size=5760Kb used=1240Kb max_used=1297Kb free=4520Kb
 bounds [0x0000020cdb950000, 0x0000020cdbbc0000, 0x0000020cdbef0000]
 total_blobs=3298 nmethods=2742 adapters=468
 compilation: enabled
              stopped_count=0, restarted_count=0
 full_count=0

Compilation events (20 events):
Event: 17304.070 Thread 0x0000020cefd1ce30 2732       3       java.net.URI$Parser::scanByte (46 bytes)
Event: 17304.071 Thread 0x0000020cefd1ce30 nmethod 2732 0x0000020cdc442510 code [0x0000020cdc4426e0, 0x0000020cdc442958]
Event: 17304.073 Thread 0x0000020cefd1ce30 2733       1       sun.rmi.transport.tcp.TCPConnection::isReusable (2 bytes)
Event: 17304.073 Thread 0x0000020cefd1ce30 nmethod 2733 0x0000020ce3601e10 code [0x0000020ce3601fa0, 0x0000020ce3602078]
Event: 17904.077 Thread 0x0000020cefd1ce30 2734       1       sun.rmi.transport.StreamRemoteCall::getConnection (5 bytes)
Event: 17904.077 Thread 0x0000020cefd1ce30 nmethod 2734 0x0000020ce3602110 code [0x0000020ce36022a0, 0x0000020ce3602378]
Event: 18001.298 Thread 0x0000020cefd1ce30 2735       3       java.lang.invoke.VarHandleGuards::guard_LLL_Z (86 bytes)
Event: 18001.302 Thread 0x0000020cefd1ce30 nmethod 2735 0x0000020cdc442a10 code [0x0000020cdc442d60, 0x0000020cdc4449e8]
Event: 18001.302 Thread 0x0000020cefd1ce30 2736       3       java.lang.invoke.VarHandleReferences$FieldInstanceReadWrite::compareAndSet (48 bytes)
Event: 18001.304 Thread 0x0000020cefd1ce30 nmethod 2736 0x0000020cdc445290 code [0x0000020cdc445500, 0x0000020cdc445f48]
Event: 18720.647 Thread 0x0000020cef2ddb10 2738       4       java.io.ObjectStreamClass::getReflector (100 bytes)
Event: 18720.837 Thread 0x0000020cef2ddb10 nmethod 2738 0x0000020ce3602710 code [0x0000020ce3602a40, 0x0000020ce36056f8]
Event: 19065.656 Thread 0x0000020cef2ddb10 2739       4       java.util.concurrent.ScheduledThreadPoolExecutor$ScheduledFutureTask::getDelay (16 bytes)
Event: 19065.660 Thread 0x0000020cef2ddb10 nmethod 2739 0x0000020ce3607190 code [0x0000020ce3607320, 0x0000020ce3607498]
Event: 19939.148 Thread 0x0000020cef2ddb10 2740       4       java.util.concurrent.locks.ReentrantLock$Sync::isHeldExclusively (16 bytes)
Event: 19939.150 Thread 0x0000020cef2ddb10 nmethod 2740 0x0000020ce3607610 code [0x0000020ce3607780, 0x0000020ce3607838]
Event: 20619.132 Thread 0x0000020cef2ddb10 2741   !   4       java.net.Socket::isClosed (19 bytes)
Event: 20619.134 Thread 0x0000020cef2ddb10 nmethod 2741 0x0000020ce3607910 code [0x0000020ce3607a80, 0x0000020ce3607c58]
Event: 20904.128 Thread 0x0000020cefd1ce30 2742       3       java.net.InetSocketAddress::getAddress (8 bytes)
Event: 20904.128 Thread 0x0000020cefd1ce30 nmethod 2742 0x0000020cdc446310 code [0x0000020cdc4464a0, 0x0000020cdc4465d8]

GC Heap History (14 events):
Event: 3.130 GC heap before
{Heap before GC invocations=0 (full 0):
 garbage-first heap   total 131072K, used 22528K [0x00000000d1200000, 0x0000000100000000)
  region size 1024K, 23 young (23552K), 0 survivors (0K)
 Metaspace       used 18787K, committed 19072K, reserved 1073152K
  class space    used 1907K, committed 2048K, reserved 1048576K
}
Event: 3.144 GC heap after
{Heap after GC invocations=1 (full 0):
 garbage-first heap   total 131072K, used 5712K [0x00000000d1200000, 0x0000000100000000)
  region size 1024K, 3 young (3072K), 3 survivors (3072K)
 Metaspace       used 18787K, committed 19072K, reserved 1073152K
  class space    used 1907K, committed 2048K, reserved 1048576K
}
Event: 3600.022 GC heap before
{Heap before GC invocations=1 (full 0):
 garbage-first heap   total 131072K, used 18000K [0x00000000d1200000, 0x0000000100000000)
  region size 1024K, 16 young (16384K), 3 survivors (3072K)
 Metaspace       used 19513K, committed 19712K, reserved 1073152K
  class space    used 1937K, committed 2048K, reserved 1048576K
}
Event: 3600.048 GC heap after
{Heap after GC invocations=2 (full 1):
 garbage-first heap   total 131072K, used 5285K [0x00000000d1200000, 0x0000000100000000)
  region size 1024K, 0 young (0K), 0 survivors (0K)
 Metaspace       used 19513K, committed 19712K, reserved 1073152K
  class space    used 1937K, committed 2048K, reserved 1048576K
}
Event: 7200.050 GC heap before
{Heap before GC invocations=2 (full 1):
 garbage-first heap   total 131072K, used 28837K [0x00000000d1200000, 0x0000000100000000)
  region size 1024K, 24 young (24576K), 0 survivors (0K)
 Metaspace       used 19842K, committed 20160K, reserved 1073152K
  class space    used 1966K, committed 2112K, reserved 1048576K
}
Event: 7200.073 GC heap after
{Heap after GC invocations=3 (full 2):
 garbage-first heap   total 131072K, used 5206K [0x00000000d1200000, 0x0000000100000000)
  region size 1024K, 0 young (0K), 0 survivors (0K)
 Metaspace       used 19745K, committed 20160K, reserved 1073152K
  class space    used 1942K, committed 2112K, reserved 1048576K
}
Event: 9606.805 GC heap before
{Heap before GC invocations=3 (full 2):
 garbage-first heap   total 131072K, used 34902K [0x00000000d1200000, 0x0000000100000000)
  region size 1024K, 29 young (29696K), 0 survivors (0K)
 Metaspace       used 20018K, committed 20288K, reserved 1073152K
  class space    used 1953K, committed 2112K, reserved 1048576K
}
Event: 9606.807 GC heap after
{Heap after GC invocations=4 (full 2):
 garbage-first heap   total 131072K, used 5610K [0x00000000d1200000, 0x0000000100000000)
  region size 1024K, 1 young (1024K), 1 survivors (1024K)
 Metaspace       used 20018K, committed 20288K, reserved 1073152K
  class space    used 1953K, committed 2112K, reserved 1048576K
}
Event: 10800.074 GC heap before
{Heap before GC invocations=4 (full 2):
 garbage-first heap   total 131072K, used 26090K [0x00000000d1200000, 0x0000000100000000)
  region size 1024K, 22 young (22528K), 1 survivors (1024K)
 Metaspace       used 20026K, committed 20288K, reserved 1073152K
  class space    used 1953K, committed 2112K, reserved 1048576K
}
Event: 10800.091 GC heap after
{Heap after GC invocations=5 (full 3):
 garbage-first heap   total 131072K, used 5092K [0x00000000d1200000, 0x0000000100000000)
  region size 1024K, 0 young (0K), 0 survivors (0K)
 Metaspace       used 19990K, committed 20288K, reserved 1073152K
  class space    used 1947K, committed 2112K, reserved 1048576K
}
Event: 14400.093 GC heap before
{Heap before GC invocations=5 (full 3):
 garbage-first heap   total 131072K, used 20452K [0x00000000d1200000, 0x0000000100000000)
  region size 1024K, 16 young (16384K), 0 survivors (0K)
 Metaspace       used 20103K, committed 20352K, reserved 1073152K
  class space    used 1956K, committed 2112K, reserved 1048576K
}
Event: 14400.110 GC heap after
{Heap after GC invocations=6 (full 4):
 garbage-first heap   total 131072K, used 5193K [0x00000000d1200000, 0x0000000100000000)
  region size 1024K, 0 young (0K), 0 survivors (0K)
 Metaspace       used 20103K, committed 20352K, reserved 1073152K
  class space    used 1956K, committed 2112K, reserved 1048576K
}
Event: 18000.111 GC heap before
{Heap before GC invocations=6 (full 4):
 garbage-first heap   total 131072K, used 22601K [0x00000000d1200000, 0x0000000100000000)
  region size 1024K, 18 young (18432K), 0 survivors (0K)
 Metaspace       used 20169K, committed 20416K, reserved 1073152K
  class space    used 1956K, committed 2112K, reserved 1048576K
}
Event: 18000.135 GC heap after
{Heap after GC invocations=7 (full 5):
 garbage-first heap   total 131072K, used 5250K [0x00000000d1200000, 0x0000000100000000)
  region size 1024K, 0 young (0K), 0 survivors (0K)
 Metaspace       used 20169K, committed 20416K, reserved 1073152K
  class space    used 1956K, committed 2112K, reserved 1048576K
}

Dll operation events (2 events):
Event: 0.015 Loaded shared library C:\Users\vlade\IntelliJ IDEA 2022.2.4\jbr\bin\java.dll
Event: 1.552 Loaded shared library C:\Users\vlade\IntelliJ IDEA 2022.2.4\jbr\bin\verify.dll

Deoptimization events (20 events):
Event: 9590.572 Thread 0x0000020cf02e9870 DEOPT PACKING pc=0x0000020ce35c6cfc sp=0x000000e51e0fe270
Event: 9590.572 Thread 0x0000020cf02e9870 DEOPT UNPACKING pc=0x0000020cdb9a23a3 sp=0x000000e51e0fe1c0 mode 2
Event: 9590.572 Thread 0x0000020cf02e9870 Uncommon trap: trap_request=0xffffffbe fr.pc=0x0000020ce35c6cfc relative=0x00000000000002dc
Event: 9590.572 Thread 0x0000020cf02e9870 Uncommon trap: reason=profile_predicate action=maybe_recompile pc=0x0000020ce35c6cfc method=sun.security.provider.HashDrbg.addBytes([BI[[B)V @ 36 c2
Event: 9590.573 Thread 0x0000020cf02e9870 DEOPT PACKING pc=0x0000020ce35c6cfc sp=0x000000e51e0fe260
Event: 9590.573 Thread 0x0000020cf02e9870 DEOPT UNPACKING pc=0x0000020cdb9a23a3 sp=0x000000e51e0fe1b0 mode 2
Event: 10800.093 Thread 0x0000020cf02e8530 Uncommon trap: trap_request=0xffffff45 fr.pc=0x0000020ce34e98b4 relative=0x0000000000002574
Event: 10800.093 Thread 0x0000020cf02e8530 Uncommon trap: reason=unstable_if action=reinterpret pc=0x0000020ce34e98b4 method=java.io.ClassCache.processQueue()V @ 9 c2
Event: 10800.093 Thread 0x0000020cf02e8530 DEOPT PACKING pc=0x0000020ce34e98b4 sp=0x000000e51e1ff330
Event: 10800.093 Thread 0x0000020cf02e8530 DEOPT UNPACKING pc=0x0000020cdb9a23a3 sp=0x000000e51e1ff1b8 mode 2
Event: 10800.093 Thread 0x0000020cf02e8530 Uncommon trap: trap_request=0xffffff45 fr.pc=0x0000020ce3557e5c relative=0x0000000000005b9c
Event: 10800.093 Thread 0x0000020cf02e8530 Uncommon trap: reason=unstable_if action=reinterpret pc=0x0000020ce3557e5c method=java.io.ObjectOutputStream.writeTypeString(Ljava/lang/String;)V @ 22 c2
Event: 10800.093 Thread 0x0000020cf02e8530 DEOPT PACKING pc=0x0000020ce3557e5c sp=0x000000e51e1ff180
Event: 10800.093 Thread 0x0000020cf02e8530 DEOPT UNPACKING pc=0x0000020cdb9a23a3 sp=0x000000e51e1ff040 mode 2
Event: 10986.691 Thread 0x0000020cf02e9870 Uncommon trap: trap_request=0xffffff45 fr.pc=0x0000020ce3475a60 relative=0x0000000000000a80
Event: 10986.691 Thread 0x0000020cf02e9870 Uncommon trap: reason=unstable_if action=reinterpret pc=0x0000020ce3475a60 method=sun.security.provider.SHA2.implReset()V @ 8 c2
Event: 10986.691 Thread 0x0000020cf02e9870 DEOPT PACKING pc=0x0000020ce3475a60 sp=0x000000e51e0fd0d0
Event: 10986.691 Thread 0x0000020cf02e9870 DEOPT UNPACKING pc=0x0000020cdb9a23a3 sp=0x000000e51e0fcfe8 mode 2
Event: 10986.767 Thread 0x0000020cf02e9870 DEOPT PACKING pc=0x0000020cdc31defa sp=0x000000e51e0fdd10
Event: 10986.767 Thread 0x0000020cf02e9870 DEOPT UNPACKING pc=0x0000020cdb9a2b43 sp=0x000000e51e0fd128 mode 0

Classes unloaded (20 events):
Event: 7200.055 Thread 0x0000020cef29c050 Unloading class 0x00000001000c7000 'java/lang/invoke/LambdaForm$MH+0x00000001000c7000'
Event: 7200.055 Thread 0x0000020cef29c050 Unloading class 0x00000001000c6c00 'java/lang/invoke/LambdaForm$MH+0x00000001000c6c00'
Event: 7200.055 Thread 0x0000020cef29c050 Unloading class 0x00000001000c6800 'java/lang/invoke/LambdaForm$MH+0x00000001000c6800'
Event: 7200.055 Thread 0x0000020cef29c050 Unloading class 0x00000001000c6000 'java/lang/invoke/LambdaForm$MH+0x00000001000c6000'
Event: 7200.055 Thread 0x0000020cef29c050 Unloading class 0x00000001000c5800 'java/lang/invoke/LambdaForm$MH+0x00000001000c5800'
Event: 7200.055 Thread 0x0000020cef29c050 Unloading class 0x00000001000c5400 'java/lang/invoke/LambdaForm$MH+0x00000001000c5400'
Event: 7200.055 Thread 0x0000020cef29c050 Unloading class 0x00000001000c4c00 'java/lang/invoke/LambdaForm$MH+0x00000001000c4c00'
Event: 7200.055 Thread 0x0000020cef29c050 Unloading class 0x00000001000c4800 'java/lang/invoke/LambdaForm$MH+0x00000001000c4800'
Event: 7200.055 Thread 0x0000020cef29c050 Unloading class 0x00000001000c4000 'java/lang/invoke/LambdaForm$MH+0x00000001000c4000'
Event: 10800.078 Thread 0x0000020cef29c050 Unloading class 0x0000000100140000 'jdk/internal/reflect/GeneratedSerializationConstructorAccessor28'
Event: 10800.078 Thread 0x0000020cef29c050 Unloading class 0x0000000100140c00 'jdk/internal/reflect/GeneratedSerializationConstructorAccessor27'
Event: 10800.078 Thread 0x0000020cef29c050 Unloading class 0x00000001001fd400 'jdk/internal/reflect/GeneratedSerializationConstructorAccessor26'
Event: 10800.078 Thread 0x0000020cef29c050 Unloading class 0x00000001001fd000 'jdk/internal/reflect/GeneratedSerializationConstructorAccessor25'
Event: 10800.078 Thread 0x0000020cef29c050 Unloading class 0x00000001001ec000 'jdk/internal/reflect/GeneratedSerializationConstructorAccessor14'
Event: 10800.078 Thread 0x0000020cef29c050 Unloading class 0x000000010014e000 'jdk/internal/reflect/GeneratedSerializationConstructorAccessor13'
Event: 10800.078 Thread 0x0000020cef29c050 Unloading class 0x000000010014dc00 'jdk/internal/reflect/GeneratedSerializationConstructorAccessor12'
Event: 10800.078 Thread 0x0000020cef29c050 Unloading class 0x000000010014d800 'jdk/internal/reflect/GeneratedSerializationConstructorAccessor11'
Event: 10800.078 Thread 0x0000020cef29c050 Unloading class 0x000000010014d400 'jdk/internal/reflect/GeneratedSerializationConstructorAccessor10'
Event: 10800.078 Thread 0x0000020cef29c050 Unloading class 0x000000010014c000 'jdk/internal/reflect/GeneratedSerializationConstructorAccessor9'
Event: 10800.078 Thread 0x0000020cef29c050 Unloading class 0x000000010014a400 'jdk/internal/reflect/GeneratedSerializationConstructorAccessor2'

Classes redefined (0 events):
No events

Internal exceptions (20 events):
Event: 1.453 Thread 0x0000020cf02e9870 Exception <a 'java/lang/NoSuchMethodError'{0x00000000d89cd158}: static [Ljava/rmi/server/ObjID;.<clinit>()V> (0x00000000d89cd158) 
thrown [s\src\hotspot\share\prims\jni.cpp, line 1108]
Event: 1.462 Thread 0x0000020cf02e8530 Exception <a 'java/lang/InterruptedException'{0x00000000d89ec138}> (0x00000000d89ec138) 
thrown [s\src\hotspot\share\runtime\objectMonitor.cpp, line 1648]
Event: 1.464 Thread 0x0000020cf02e8530 Exception <a 'java/lang/NoSuchMethodError'{0x00000000d89f48d8}: 'java.lang.Object java.lang.invoke.DirectMethodHandle$Holder.newInvokeSpecial(java.lang.Object, java.lang.Object, int, java.lang.Object, long)'> (0x00000000d89f48d8) 
thrown [s\src\hotspot\share\interpreter\linkResolver.cpp, line 771]
Event: 1.617 Thread 0x0000020cf02e9870 Exception <a 'java/lang/NoSuchMethodError'{0x00000000d87b4e10}: 'java.lang.Object java.lang.invoke.DirectMethodHandle$Holder.invokeVirtual(java.lang.Object, java.lang.Object, java.lang.Object, java.lang.Object)'> (0x00000000d87b4e10) 
thrown [s\src\hotspot\share\interpreter\linkResolver.cpp, line 771]
Event: 1.619 Thread 0x0000020cf02e9870 Exception <a 'java/lang/NoSuchMethodError'{0x00000000d87bd628}: 'void java.lang.invoke.DirectMethodHandle$Holder.invokeStatic(java.lang.Object, java.lang.Object, java.lang.Object, java.lang.Object)'> (0x00000000d87bd628) 
thrown [s\src\hotspot\share\interpreter\linkResolver.cpp, line 771]
Event: 1.647 Thread 0x0000020cf02e9870 Exception <a 'java/lang/NoSuchMethodError'{0x00000000d862d1e0}: 'int java.lang.invoke.DirectMethodHandle$Holder.invokeStaticInit(java.lang.Object, java.lang.Object, java.lang.Object, java.lang.Object)'> (0x00000000d862d1e0) 
thrown [s\src\hotspot\share\interpreter\linkResolver.cpp, line 771]
Event: 1.649 Thread 0x0000020cf02e9870 Exception <a 'java/lang/NoSuchMethodError'{0x00000000d8636908}: 'java.lang.Object java.lang.invoke.DirectMethodHandle$Holder.invokeInterface(java.lang.Object, java.lang.Object)'> (0x00000000d8636908) 
thrown [s\src\hotspot\share\interpreter\linkResolver.cpp, line 771]
Event: 1.649 Thread 0x0000020cf02e9870 Exception <a 'java/lang/IncompatibleClassChangeError'{0x00000000d863a1a0}: Found class java.lang.Object, but interface was expected> (0x00000000d863a1a0) 
thrown [s\src\hotspot\share\interpreter\linkResolver.cpp, line 838]
Event: 1.650 Thread 0x0000020cf02e9870 Exception <a 'java/lang/NoSuchMethodError'{0x00000000d863d098}: 'void java.lang.invoke.DirectMethodHandle$Holder.invokeStaticInit(java.lang.Object, java.lang.Object)'> (0x00000000d863d098) 
thrown [s\src\hotspot\share\interpreter\linkResolver.cpp, line 771]
Event: 1.653 Thread 0x0000020cf02e9870 Exception <a 'java/lang/NoSuchMethodError'{0x00000000d8643168}: 'int java.lang.invoke.DirectMethodHandle$Holder.invokeStaticInit(java.lang.Object, java.lang.Object)'> (0x00000000d8643168) 
thrown [s\src\hotspot\share\interpreter\linkResolver.cpp, line 771]
Event: 1.745 Thread 0x0000020cf02e9870 Exception <a 'java/lang/NoSuchMethodError'{0x00000000d851e250}: 'int java.lang.invoke.DirectMethodHandle$Holder.invokeSpecial(java.lang.Object, java.lang.Object, java.lang.Object)'> (0x00000000d851e250) 
thrown [s\src\hotspot\share\interpreter\linkResolver.cpp, line 771]
Event: 2.115 Thread 0x0000020cf02e9870 Exception <a 'sun/nio/fs/WindowsException'{0x00000000d8231020}> (0x00000000d8231020) 
thrown [s\src\hotspot\share\prims\jni.cpp, line 517]
Event: 2.212 Thread 0x0000020cf02e9870 Exception <a 'java/lang/NoSuchMethodError'{0x00000000d827c328}: 'void java.lang.invoke.DirectMethodHandle$Holder.invokeStatic(java.lang.Object, java.lang.Object, java.lang.Object)'> (0x00000000d827c328) 
thrown [s\src\hotspot\share\interpreter\linkResolver.cpp, line 771]
Event: 3.160 Thread 0x0000020cf02e9870 Exception <a 'java/lang/NoSuchMethodError'{0x00000000d911e100}: static [Ljava/lang/Object;.<clinit>()V> (0x00000000d911e100) 
thrown [s\src\hotspot\share\prims\jni.cpp, line 1108]
Event: 3.271 Thread 0x0000020cf02e9870 Exception <a 'java/lang/NoSuchMethodError'{0x00000000d901b6d0}: static Lcom/intellij/database/remote/jdbc/RemoteResultSet$DataRetrievingOptions;.<clinit>()V> (0x00000000d901b6d0) 
thrown [s\src\hotspot\share\prims\jni.cpp, line 1108]
Event: 15.103 Thread 0x0000020cf02e9870 Exception <a 'java/lang/NoSuchMethodError'{0x00000000d9084cf0}: 'void java.lang.invoke.DirectMethodHandle$Holder.invokeSpecial(java.lang.Object, java.lang.Object, java.lang.Object)'> (0x00000000d9084cf0) 
thrown [s\src\hotspot\share\interpreter\linkResolver.cpp, line 771]
Event: 5450.754 Thread 0x0000020cf02e9870 Exception <a 'java/lang/NoSuchMethodError'{0x00000000d85f3888}: static Lcom/intellij/database/remote/jdbc/ColumnInfo;.<clinit>()V> (0x00000000d85f3888) 
thrown [s\src\hotspot\share\prims\jni.cpp, line 1108]
Event: 9590.470 Thread 0x0000020cf02e9870 Implicit null exception at 0x0000020ce35b1f35 to 0x0000020ce35b2618
Event: 9590.474 Thread 0x0000020cf02e9870 Implicit null exception at 0x0000020ce35860e1 to 0x0000020ce3586260
Event: 10986.691 Thread 0x0000020cf02e9870 Implicit null exception at 0x0000020ce34750b4 to 0x0000020ce3475a2c

VM Operations (20 events):
Event: 14382.192 Executing VM operation: Cleanup done
Event: 14400.092 Executing VM operation: G1CollectFull
Event: 14400.110 Executing VM operation: G1CollectFull done
Event: 14624.216 Executing VM operation: Cleanup
Event: 14624.216 Executing VM operation: Cleanup done
Event: 14887.329 Executing VM operation: Cleanup
Event: 14887.330 Executing VM operation: Cleanup done
Event: 15640.764 Executing VM operation: Cleanup
Event: 15640.764 Executing VM operation: Cleanup done
Event: 15829.852 Executing VM operation: Cleanup
Event: 15829.853 Executing VM operation: Cleanup done
Event: 15921.901 Executing VM operation: Cleanup
Event: 15921.901 Executing VM operation: Cleanup done
Event: 16404.168 Executing VM operation: Cleanup
Event: 16404.169 Executing VM operation: Cleanup done
Event: 18000.111 Executing VM operation: G1CollectFull
Event: 18000.136 Executing VM operation: G1CollectFull done
Event: 19948.534 Executing VM operation: Cleanup
Event: 19948.534 Executing VM operation: Cleanup done
Event: 21600.137 Executing VM operation: G1CollectFull

Events (20 events):
Event: 15932.595 Thread 0x0000020cf02e8a00 Thread exited: 0x0000020cf02e8a00
Event: 15932.596 Thread 0x0000020cf03de230 Thread exited: 0x0000020cf03de230
Event: 15980.661 Thread 0x0000020cf02ea6e0 Thread added: 0x0000020cf02ea6e0
Event: 15980.662 Thread 0x0000020cf02ea6e0 Thread exited: 0x0000020cf02ea6e0
Event: 16413.904 Thread 0x0000020cf02e8a00 Thread added: 0x0000020cf02e8a00
Event: 16413.905 Thread 0x0000020cf02e8ed0 Thread added: 0x0000020cf02e8ed0
Event: 16413.905 Thread 0x0000020cf02ea6e0 Thread added: 0x0000020cf02ea6e0
Event: 16413.905 Thread 0x0000020cf02e8a00 Thread exited: 0x0000020cf02e8a00
Event: 16413.905 Thread 0x0000020cf02e93a0 Thread added: 0x0000020cf02e93a0
Event: 16413.905 Thread 0x0000020cf02e7b90 Thread added: 0x0000020cf02e7b90
Event: 16413.906 Thread 0x0000020cf02e8a00 Thread added: 0x0000020cf02e8a00
Event: 16413.906 Thread 0x0000020cf02e9d40 Thread added: 0x0000020cf02e9d40
Event: 16413.906 Thread 0x0000020cf02e7b90 Thread exited: 0x0000020cf02e7b90
Event: 16413.906 Thread 0x0000020cf02e8ed0 Thread exited: 0x0000020cf02e8ed0
Event: 16413.906 Thread 0x0000020cf02e93a0 Thread exited: 0x0000020cf02e93a0
Event: 16413.906 Thread 0x0000020cf02ea6e0 Thread exited: 0x0000020cf02ea6e0
Event: 16413.907 Thread 0x0000020cf02e8a00 Thread exited: 0x0000020cf02e8a00
Event: 16413.907 Thread 0x0000020cf02e9d40 Thread exited: 0x0000020cf02e9d40
Event: 20358.503 Thread 0x0000020cf02ea6e0 Thread added: 0x0000020cf02ea6e0
Event: 20359.507 Thread 0x0000020cf02ea6e0 Thread exited: 0x0000020cf02ea6e0


Dynamic libraries:
0x00007ff744a20000 - 0x00007ff744a2a000 	C:\Users\vlade\IntelliJ IDEA 2022.2.4\jbr\bin\java.exe
0x00007fff9b4c0000 - 0x00007fff9b6c9000 	C:\Windows\SYSTEM32\ntdll.dll
0x00007fff9aa10000 - 0x00007fff9aace000 	C:\Windows\System32\KERNEL32.DLL
0x00007fff98ed0000 - 0x00007fff9924b000 	C:\Windows\System32\KERNELBASE.dll
0x00007fff98ab0000 - 0x00007fff98bc1000 	C:\Windows\System32\ucrtbase.dll
0x00007fff95730000 - 0x00007fff9574b000 	C:\Users\vlade\IntelliJ IDEA 2022.2.4\jbr\bin\VCRUNTIME140.dll
0x00007fff956f0000 - 0x00007fff95707000 	C:\Users\vlade\IntelliJ IDEA 2022.2.4\jbr\bin\jli.dll
0x00007fff99830000 - 0x00007fff999dd000 	C:\Windows\System32\USER32.dll
0x00007fff853a0000 - 0x00007fff85645000 	C:\Windows\WinSxS\amd64_microsoft.windows.common-controls_6595b64144ccf1df_6.0.22000.120_none_9d947278b86cc467\COMCTL32.dll
0x00007fff98a80000 - 0x00007fff98aa6000 	C:\Windows\System32\win32u.dll
0x00007fff9a960000 - 0x00007fff9aa03000 	C:\Windows\System32\msvcrt.dll
0x00007fff9a930000 - 0x00007fff9a959000 	C:\Windows\System32\GDI32.dll
0x00007fff98960000 - 0x00007fff98a78000 	C:\Windows\System32\gdi32full.dll
0x00007fff98bd0000 - 0x00007fff98c6d000 	C:\Windows\System32\msvcp_win.dll
0x00007fff9a670000 - 0x00007fff9a6a2000 	C:\Windows\System32\IMM32.DLL
0x00007fff95720000 - 0x00007fff9572c000 	C:\Users\vlade\IntelliJ IDEA 2022.2.4\jbr\bin\vcruntime140_1.dll
0x00007fff8b2e0000 - 0x00007fff8b36d000 	C:\Users\vlade\IntelliJ IDEA 2022.2.4\jbr\bin\msvcp140.dll
0x00007fff53100000 - 0x00007fff53d6b000 	C:\Users\vlade\IntelliJ IDEA 2022.2.4\jbr\bin\server\jvm.dll
0x00007fff9b200000 - 0x00007fff9b2ae000 	C:\Windows\System32\ADVAPI32.dll
0x00007fff993b0000 - 0x00007fff9944e000 	C:\Windows\System32\sechost.dll
0x00007fff9aad0000 - 0x00007fff9abf0000 	C:\Windows\System32\RPCRT4.dll
0x00007fff92320000 - 0x00007fff92353000 	C:\Windows\SYSTEM32\WINMM.dll
0x00007fff80200000 - 0x00007fff80209000 	C:\Windows\SYSTEM32\WSOCK32.dll
0x00007fff90200000 - 0x00007fff9020a000 	C:\Windows\SYSTEM32\VERSION.dll
0x00007fff99340000 - 0x00007fff993af000 	C:\Windows\System32\WS2_32.dll
0x00007fff979b0000 - 0x00007fff979c8000 	C:\Windows\SYSTEM32\kernel.appcore.dll
0x00007fff93b80000 - 0x00007fff93b8a000 	C:\Users\vlade\IntelliJ IDEA 2022.2.4\jbr\bin\jimage.dll
0x00007fff8f7d0000 - 0x00007fff8f9f1000 	C:\Windows\SYSTEM32\DBGHELP.DLL
0x00007fff81d20000 - 0x00007fff81d51000 	C:\Windows\SYSTEM32\dbgcore.DLL
0x00007fff98c70000 - 0x00007fff98cef000 	C:\Windows\System32\bcryptPrimitives.dll
0x00007fff8dfb0000 - 0x00007fff8dfd5000 	C:\Users\vlade\IntelliJ IDEA 2022.2.4\jbr\bin\java.dll
0x00007fff81950000 - 0x00007fff81968000 	C:\Users\vlade\IntelliJ IDEA 2022.2.4\jbr\bin\zip.dll
0x00007fff999e0000 - 0x00007fff9a197000 	C:\Windows\System32\SHELL32.dll
0x00007fff96a10000 - 0x00007fff97275000 	C:\Windows\SYSTEM32\windows.storage.dll
0x00007fff99450000 - 0x00007fff997c8000 	C:\Windows\System32\combase.dll
0x00007fff968a0000 - 0x00007fff96a06000 	C:\Windows\SYSTEM32\wintypes.dll
0x00007fff9a490000 - 0x00007fff9a57a000 	C:\Windows\System32\SHCORE.dll
0x00007fff997d0000 - 0x00007fff9982d000 	C:\Windows\System32\shlwapi.dll
0x00007fff98890000 - 0x00007fff988b1000 	C:\Windows\SYSTEM32\profapi.dll
0x00007fff80d30000 - 0x00007fff80d49000 	C:\Users\vlade\IntelliJ IDEA 2022.2.4\jbr\bin\net.dll
0x00007fff916c0000 - 0x00007fff917d4000 	C:\Windows\SYSTEM32\WINHTTP.dll
0x00007fff97e80000 - 0x00007fff97ee7000 	C:\Windows\system32\mswsock.dll
0x00007fff7ab00000 - 0x00007fff7ab16000 	C:\Users\vlade\IntelliJ IDEA 2022.2.4\jbr\bin\nio.dll
0x00007fff68dc0000 - 0x00007fff68f53000 	C:\Users\vlade\IntelliJ IDEA 2022.2.4\jbr\bin\awt.dll
0x00007fff9a590000 - 0x00007fff9a666000 	C:\Windows\System32\OLEAUT32.dll
0x00007fff96580000 - 0x00007fff965af000 	C:\Windows\SYSTEM32\dwmapi.dll
0x00007fff95f10000 - 0x00007fff95fa2000 	C:\Windows\SYSTEM32\apphelp.dll
0x00007fff96030000 - 0x00007fff960dc000 	C:\Windows\system32\uxtheme.dll
0x00007fff9ac70000 - 0x00007fff9ad8d000 	C:\Windows\System32\MSCTF.dll
0x00007fff9b2b0000 - 0x00007fff9b44a000 	C:\Windows\System32\ole32.dll
0x00007fff974d0000 - 0x00007fff974fd000 	C:\Windows\SYSTEM32\IPHLPAPI.DLL
0x00007fff9a580000 - 0x00007fff9a589000 	C:\Windows\System32\NSI.dll
0x00007fff92230000 - 0x00007fff92249000 	C:\Windows\SYSTEM32\dhcpcsvc6.DLL
0x00007fff92300000 - 0x00007fff9231e000 	C:\Windows\SYSTEM32\dhcpcsvc.DLL
0x00007fff97500000 - 0x00007fff975e8000 	C:\Windows\SYSTEM32\DNSAPI.dll
0x00007fff980d0000 - 0x00007fff980e8000 	C:\Windows\SYSTEM32\CRYPTSP.dll
0x00007fff97910000 - 0x00007fff97945000 	C:\Windows\system32\rsaenh.dll
0x00007fff97f70000 - 0x00007fff97f99000 	C:\Windows\SYSTEM32\USERENV.dll
0x00007fff98250000 - 0x00007fff98277000 	C:\Windows\SYSTEM32\bcrypt.dll
0x00007fff980c0000 - 0x00007fff980cc000 	C:\Windows\SYSTEM32\CRYPTBASE.dll
0x00007fff792d0000 - 0x00007fff792d7000 	C:\Users\vlade\IntelliJ IDEA 2022.2.4\jbr\bin\rmi.dll
0x00007fff8f790000 - 0x00007fff8f7a0000 	C:\Users\vlade\IntelliJ IDEA 2022.2.4\jbr\bin\verify.dll
0x00007fff8e350000 - 0x00007fff8e35a000 	C:\Windows\System32\rasadhlp.dll
0x00007fff8dc50000 - 0x00007fff8dcd1000 	C:\Windows\System32\fwpuclnt.dll
0x00007fff81940000 - 0x00007fff81949000 	C:\Users\vlade\IntelliJ IDEA 2022.2.4\jbr\bin\management.dll
0x00007fff7add0000 - 0x00007fff7addb000 	C:\Users\vlade\IntelliJ IDEA 2022.2.4\jbr\bin\management_ext.dll
0x00007fff99330000 - 0x00007fff99338000 	C:\Windows\System32\PSAPI.DLL

dbghelp: loaded successfully - version: 4.0.5 - missing functions: none
symbol engine: initialized successfully - sym options: 0x614 - pdb path: .;C:\Users\vlade\IntelliJ IDEA 2022.2.4\jbr\bin;C:\Windows\SYSTEM32;C:\Windows\WinSxS\amd64_microsoft.windows.common-controls_6595b64144ccf1df_6.0.22000.120_none_9d947278b86cc467;C:\Users\vlade\IntelliJ IDEA 2022.2.4\jbr\bin\server

VM Arguments:
jvm_args: -Dawt.toolkit=com.intellij.desktop.DesktopActionsToolkit -Djava.rmi.server.hostname=127.0.0.1 -Duser.timezone=UTC -Xmx750m -Xms128m --add-exports=java.desktop/sun.awt=ALL-UNNAMED --add-exports=java.desktop/java.awt.peer=ALL-UNNAMED --add-opens=java.desktop/java.awt=ALL-UNNAMED --add-opens=jdk.unsupported/sun.misc=ALL-UNNAMED --add-opens=java.base/java.nio=ALL-UNNAMED --add-opens=java.base/java.util=ALL-UNNAMED -Dfile.encoding=UTF-8 
java_command: com.intellij.database.remote.RemoteJdbcServer org.postgresql.Driver
java_class_path (initial): C:\Users\vlade\IntelliJ IDEA 2022.2.4\lib\util_rt.jar;C:\Users\vlade\IntelliJ IDEA 2022.2.4\lib\util.jar;C:\Users\vlade\IntelliJ IDEA 2022.2.4\lib\groovy.jar;C:\Users\vlade\IntelliJ IDEA 2022.2.4\plugins\DatabaseTools\lib\jdbc-console.jar;C:\Users\vlade\AppData\Roaming\JetBrains\IntelliJIdea2022.2\jdbc-drivers\PostgreSQL\42.5.0\org\postgresql\postgresql\42.5.0\postgresql-42.5.0.jar;C:\Users\vlade\AppData\Roaming\JetBrains\IntelliJIdea2022.2\jdbc-drivers\PostgreSQL\42.5.0\org\checkerframework\checker-qual\3.5.0\checker-qual-3.5.0.jar;C:\Users\vlade\AppData\Roaming\JetBrains\IntelliJIdea2022.2\jdbc-drivers\PostgreSQL\42.5.0\net\java\dev\jna\jna-platform\4.5.1\jna-platform-4.5.1.jar;C:\Users\vlade\AppData\Roaming\JetBrains\IntelliJIdea2022.2\jdbc-drivers\PostgreSQL\42.5.0\net\java\dev\jna\jna\4.5.1\jna-4.5.1.jar;C:\Users\vlade\AppData\Roaming\JetBrains\IntelliJIdea2022.2\jdbc-drivers\PostgreSQL\42.5.0\com\github\waffle\waffle-jna\1.9.1\waffle-jna-1.9.1.jar;C:\Users\vlade\AppData\Roaming\JetBrains\IntelliJIdea2022.2\jdbc-drivers\PostgreSQL\42.5.0\org\slf4j\jcl-over-slf4j\1.7.25\jcl-over-slf4j-1.7.25.jar;C:\Users\vlade\AppData\Roaming\JetBrains\IntelliJIdea2022.2\jdbc-drivers\PostgreSQL\42.5.0\org\slf4j\slf4j-api\1.7.25\slf4j-api-1.7.25.jar;C:\Users\vlade\AppData\Roaming\JetBrains\IntelliJIdea2022.2\jdbc-drivers\PostgreSQL\42.5.0\com\github\ben-manes\caffeine\caffeine\2.6.2\caffeine-2.6.2.jar
Launcher Type: SUN_STANDARD

[Global flags]
     intx CICompilerCount                          = 4                                         {product} {ergonomic}
     uint ConcGCThreads                            = 2                                         {product} {ergonomic}
     uint G1ConcRefinementThreads                  = 8                                         {product} {ergonomic}
   size_t G1HeapRegionSize                         = 1048576                                   {product} {ergonomic}
    uintx GCDrainStackTargetSize                   = 64                                        {product} {ergonomic}
   size_t InitialHeapSize                          = 134217728                                 {product} {command line}
   size_t MarkStackSize                            = 4194304                                   {product} {ergonomic}
   size_t MaxHeapSize                              = 786432000                                 {product} {command line}
   size_t MaxNewSize                               = 471859200                                 {product} {ergonomic}
   size_t MinHeapDeltaBytes                        = 1048576                                   {product} {ergonomic}
   size_t MinHeapSize                              = 134217728                                 {product} {command line}
    uintx NonNMethodCodeHeapSize                   = 5839372                                {pd product} {ergonomic}
    uintx NonProfiledCodeHeapSize                  = 122909434                              {pd product} {ergonomic}
    uintx ProfiledCodeHeapSize                     = 122909434                              {pd product} {ergonomic}
    uintx ReservedCodeCacheSize                    = 251658240                              {pd product} {ergonomic}
     bool SegmentedCodeCache                       = true                                      {product} {ergonomic}
   size_t SoftMaxHeapSize                          = 786432000                              {manageable} {ergonomic}
     bool UseCompressedClassPointers               = true                           {product lp64_product} {ergonomic}
     bool UseCompressedOops                        = true                           {product lp64_product} {ergonomic}
     bool UseG1GC                                  = true                                      {product} {ergonomic}
     bool UseLargePagesIndividualAllocation        = false                                  {pd product} {ergonomic}

Logging:
Log output configuration:
 #0: stdout all=warning uptime,level,tags
 #1: stderr all=off uptime,level,tags

Environment Variables:
PATH=C:\Windows\system32;C:\Windows;C:\Windows\System32\Wbem;C:\Windows\System32\WindowsPowerShell\v1.0\;C:\Windows\System32\OpenSSH\;C:\Program Files (x86)\dotnet\;C:\Users\vlade\AppData\Local\Microsoft\WindowsApps;;C:\Users\vlade\IntelliJ IDEA 2022.2.4\bin;
USERNAME=vlade
OS=Windows_NT
PROCESSOR_IDENTIFIER=AMD64 Family 23 Model 24 Stepping 1, AuthenticAMD
TMP=C:\Users\vlade\AppData\Local\Temp
TEMP=C:\Users\vlade\AppData\Local\Temp



---------------  S Y S T E M  ---------------

OS:
 Windows 11 , 64 bit Build 22000 (10.0.22000.1335)
OS uptime: 0 days 23:21 hours
Hyper-V role detected

CPU: total 8 (initial active 8) (8 cores per cpu, 2 threads per core) family 23 model 24 stepping 1 microcode 0x0, cx8, cmov, fxsr, ht, mmx, 3dnowpref, sse, sse2, sse3, ssse3, sse4a, sse4.1, sse4.2, popcnt, lzcnt, tsc, tscinvbit, avx, avx2, aes, clmul, bmi1, bmi2, adx, sha, fma, vzeroupper, clflush, clflushopt, hv

Memory: 4k page, system-wide physical 10177M (2433M free)
TotalPageFile size 10177M (AvailPageFile size 26M)
current process WorkingSet (physical memory assigned to process): 44M, peak: 124M
current process commit charge ("private bytes"): 231M, peak: 271M

vm_info: OpenJDK 64-Bit Server VM (17.0.5+7-b469.71) for windows-amd64 JRE (17.0.5+7-b469.71), built on 2022-11-10 by "builduser" with MS VC++ 16.10 / 16.11 (VS2019)

END.
