#
# There is insufficient memory for the Java Runtime Environment to continue.
# Native memory allocation (mmap) failed to map 65536 bytes for Failed to commit metaspace.
# Possible reasons:
#   The system is out of physical RAM or swap space
#   The process is running with CompressedOops enabled, and the Java Heap may be blocking the growth of the native heap
# Possible solutions:
#   Reduce memory load on the system
#   Increase physical memory or swap space
#   Check if swap backing store is full
#   Decrease Java heap size (-Xmx/-Xms)
#   Decrease number of Java threads
#   Decrease Java thread stack sizes (-Xss)
#   Set larger code cache with -XX:ReservedCodeCacheSize=
#   JVM is running with Zero Based Compressed Oops mode in which the Java heap is
#     placed in the first 32GB address space. The Java Heap base address is the
#     maximum limit for the native heap growth. Please use -XX:HeapBaseMinAddress
#     to set the Java Heap base and to place the Java Heap above 32GB virtual address.
# This output file may be truncated or incomplete.
#
#  Out of Memory Error (virtualSpaceNode.cpp:110), pid=13800, tid=6316
#
# JRE version: OpenJDK Runtime Environment (19.0.1+10) (build 19.0.1+10-21)
# Java VM: OpenJDK 64-Bit Server VM (19.0.1+10-21, mixed mode, emulated-client, sharing, tiered, compressed oops, compressed class ptrs, g1 gc, windows-amd64)
# No core dump will be written. Minidumps are not enabled by default on client versions of Windows
#

---------------  S U M M A R Y ------------

Command Line: -XX:TieredStopAtLevel=1 -Dspring.output.ansi.enabled=always -Dcom.sun.management.jmxremote -Dspring.jmx.enabled=true -Dspring.liveBeansView.mbeanDomain -Dspring.application.admin.enabled=true -javaagent:C:\Users\vlade\IntelliJ IDEA 2022.2.4\lib\idea_rt.jar=54743:C:\Users\vlade\IntelliJ IDEA 2022.2.4\bin -Dfile.encoding=UTF-8 -Dsun.stdout.encoding=UTF-8 -Dsun.stderr.encoding=UTF-8 kursovoi.mestopolozhenie_po_zasechkam.MestopolozheniePoZasechkamApplication

Host: AMD Ryzen 5 3500U with Radeon Vega Mobile Gfx  , 8 cores, 9G,  Windows 11 , 64 bit Build 22000 (10.0.22000.1219)
Time: Sun Dec  4 21:02:45 2022 RTZ 2 (s 11 , 64 bit Build 22000 (10.0.22000.1219) elapsed time: 8.217570 seconds (0d 0h 0m 8s)

---------------  T H R E A D  ---------------

Current thread (0x000001cb69ec8a10):  VMThread "VM Thread" [stack: 0x00000007bbc00000,0x00000007bbd00000] [id=6316]

Stack: [0x00000007bbc00000,0x00000007bbd00000]
Native frames: (J=compiled Java code, j=interpreted, Vv=VM code, C=native code)
V  [jvm.dll+0x6ee8fa]
V  [jvm.dll+0x857a1e]
V  [jvm.dll+0x85940e]
V  [jvm.dll+0x859ac3]
V  [jvm.dll+0x28291f]
V  [jvm.dll+0x85369b]
V  [jvm.dll+0x693276]
V  [jvm.dll+0x1f29b7]
V  [jvm.dll+0x695cb2]
V  [jvm.dll+0x695a9e]
V  [jvm.dll+0x22d20a]
V  [jvm.dll+0x384b7f]
V  [jvm.dll+0x85ef83]
V  [jvm.dll+0x85fd49]
V  [jvm.dll+0x86027d]
V  [jvm.dll+0x86070b]
V  [jvm.dll+0x8607c7]
V  [jvm.dll+0x8015fa]
V  [jvm.dll+0x6ed5eb]
C  [ucrtbase.dll+0x26c0c]
C  [KERNEL32.DLL+0x15550]
C  [ntdll.dll+0x485b]

VM_Operation (0x00000007bb6fa560): CollectForMetadataAllocation, mode: safepoint, requested by thread 0x000001cb56589000


---------------  P R O C E S S  ---------------

Threads class SMR info:
_java_thread_list=0x000001cb6ea61640, length=29, elements={
0x000001cb56589000, 0x000001cb69edf050, 0x000001cb69ee24d0, 0x000001cb69eebdf0,
0x000001cb69eec8c0, 0x000001cb69eef9a0, 0x000001cb69ef4dd0, 0x000001cb69ef9540,
0x000001cb69effc80, 0x000001cb69eb54f0, 0x000001cb69f6e6a0, 0x000001cb6e181fe0,
0x000001cb6e182560, 0x000001cb6e4ed500, 0x000001cb6e4f7b40, 0x000001cb6e6f3af0,
0x000001cb6e7ab030, 0x000001cb6e7ae4b0, 0x000001cb6e7b2560, 0x000001cb6eab89f0,
0x000001cb6eb036e0, 0x000001cb6eb24320, 0x000001cb6eb24870, 0x000001cb6eb23dd0,
0x000001cb6eb24dc0, 0x000001cb6eb25310, 0x000001cb6eb25860, 0x000001cb6eb25db0,
0x000001cb6eb22890
}

Java Threads: ( => current thread )
  0x000001cb56589000 JavaThread "main" [_thread_blocked, id=14168, stack(0x00000007bb600000,0x00000007bb700000)]
  0x000001cb69edf050 JavaThread "Reference Handler" daemon [_thread_blocked, id=11664, stack(0x00000007bbd00000,0x00000007bbe00000)]
  0x000001cb69ee24d0 JavaThread "Finalizer" daemon [_thread_blocked, id=9136, stack(0x00000007bbe00000,0x00000007bbf00000)]
  0x000001cb69eebdf0 JavaThread "Signal Dispatcher" daemon [_thread_blocked, id=11108, stack(0x00000007bbf00000,0x00000007bc000000)]
  0x000001cb69eec8c0 JavaThread "Attach Listener" daemon [_thread_blocked, id=13896, stack(0x00000007bc000000,0x00000007bc100000)]
  0x000001cb69eef9a0 JavaThread "Service Thread" daemon [_thread_blocked, id=14312, stack(0x00000007bc100000,0x00000007bc200000)]
  0x000001cb69ef4dd0 JavaThread "Monitor Deflation Thread" daemon [_thread_blocked, id=7480, stack(0x00000007bc200000,0x00000007bc300000)]
  0x000001cb69ef9540 JavaThread "C1 CompilerThread0" daemon [_thread_blocked, id=5316, stack(0x00000007bc300000,0x00000007bc400000)]
  0x000001cb69effc80 JavaThread "Sweeper thread" daemon [_thread_blocked, id=8328, stack(0x00000007bc400000,0x00000007bc500000)]
  0x000001cb69eb54f0 JavaThread "Common-Cleaner" daemon [_thread_blocked, id=13944, stack(0x00000007bc500000,0x00000007bc600000)]
  0x000001cb69f6e6a0 JavaThread "C1 CompilerThread1" daemon [_thread_blocked, id=7372, stack(0x00000007bc600000,0x00000007bc700000)]
  0x000001cb6e181fe0 JavaThread "C1 CompilerThread2" daemon [_thread_blocked, id=6836, stack(0x00000007bc700000,0x00000007bc800000)]
  0x000001cb6e182560 JavaThread "C1 CompilerThread3" daemon [_thread_blocked, id=3164, stack(0x00000007bc800000,0x00000007bc900000)]
  0x000001cb6e4ed500 JavaThread "Monitor Ctrl-Break" daemon [_thread_in_native, id=6932, stack(0x00000007bc900000,0x00000007bca00000)]
  0x000001cb6e4f7b40 JavaThread "Notification Thread" daemon [_thread_blocked, id=9840, stack(0x00000007bca00000,0x00000007bcb00000)]
  0x000001cb6e6f3af0 JavaThread "RMI TCP Accept-0" daemon [_thread_in_native, id=10496, stack(0x00000007bcb00000,0x00000007bcc00000)]
  0x000001cb6e7ab030 JavaThread "Java2D Disposer" daemon [_thread_blocked, id=6796, stack(0x00000007bcd00000,0x00000007bce00000)]
  0x000001cb6e7ae4b0 JavaThread "AWT-Shutdown" [_thread_blocked, id=2460, stack(0x00000007bce00000,0x00000007bcf00000)]
  0x000001cb6e7b2560 JavaThread "AWT-Windows" daemon [_thread_in_native, id=10264, stack(0x00000007bcf00000,0x00000007bd000000)]
  0x000001cb6eab89f0 JavaThread "AWT-EventQueue-0" [_thread_blocked, id=14176, stack(0x00000007bd800000,0x00000007bd900000)]
  0x000001cb6eb036e0 JavaThread "RMI TCP Connection(1)-192.168.0.16" daemon [_thread_in_native, id=1172, stack(0x00000007bd900000,0x00000007bda00000)]
  0x000001cb6eb24320 JavaThread "RMI Scheduler(0)" daemon [_thread_blocked, id=1196, stack(0x00000007bda00000,0x00000007bdb00000)]
  0x000001cb6eb24870 JavaThread "D3D Screen Updater" daemon [_thread_blocked, id=13268, stack(0x00000007bdc00000,0x00000007bdd00000)]
  0x000001cb6eb23dd0 JavaThread "Catalina-utility-1" [_thread_blocked, id=1096, stack(0x00000007be400000,0x00000007be500000)]
  0x000001cb6eb24dc0 JavaThread "Catalina-utility-2" [_thread_blocked, id=2812, stack(0x00000007be600000,0x00000007be700000)]
  0x000001cb6eb25310 JavaThread "container-0" [_thread_blocked, id=6004, stack(0x00000007be700000,0x00000007be800000)]
  0x000001cb6eb25860 JavaThread "TimerQueue" daemon [_thread_blocked, id=12836, stack(0x00000007be800000,0x00000007be900000)]
  0x000001cb6eb25db0 JavaThread "HikariPool-1 housekeeper" daemon [_thread_blocked, id=1008, stack(0x00000007bea00000,0x00000007beb00000)]
  0x000001cb6eb22890 JavaThread "HikariPool-1 connection adder" daemon [_thread_blocked, id=13344, stack(0x00000007beb00000,0x00000007bec00000)]

Other Threads:
=>0x000001cb69ec8a10 VMThread "VM Thread" [stack: 0x00000007bbc00000,0x00000007bbd00000] [id=6316]
  0x000001cb6e738bf0 WatcherThread "VM Periodic Task Thread" [stack: 0x00000007bcc00000,0x00000007bcd00000] [id=3016]
  0x000001cb565dbd00 WorkerThread "GC Thread#0" [stack: 0x00000007bb700000,0x00000007bb800000] [id=8888]
  0x000001cb6eb634e0 WorkerThread "GC Thread#1" [stack: 0x00000007bdd00000,0x00000007bde00000] [id=2408]
  0x000001cb6eb6bb30 WorkerThread "GC Thread#2" [stack: 0x00000007bde00000,0x00000007bdf00000] [id=14236]
  0x000001cb6eb6fe10 WorkerThread "GC Thread#3" [stack: 0x00000007bdf00000,0x00000007be000000] [id=13272]
  0x000001cb6eb700e0 WorkerThread "GC Thread#4" [stack: 0x00000007be000000,0x00000007be100000] [id=8348]
  0x000001cb6eb703b0 WorkerThread "GC Thread#5" [stack: 0x00000007be100000,0x00000007be200000] [id=10204]
  0x000001cb6ebdf190 WorkerThread "GC Thread#6" [stack: 0x00000007be200000,0x00000007be300000] [id=9576]
  0x000001cb6ebe0860 WorkerThread "GC Thread#7" [stack: 0x00000007be300000,0x00000007be400000] [id=12492]
  0x000001cb565e7e80 ConcurrentGCThread "G1 Main Marker" [stack: 0x00000007bb800000,0x00000007bb900000] [id=2056]
  0x000001cb565e9050 WorkerThread "G1 Conc#0" [stack: 0x00000007bb900000,0x00000007bba00000] [id=2332]
  0x000001cb6ebdfa50 WorkerThread "G1 Conc#1" [stack: 0x00000007be500000,0x00000007be600000] [id=14120]
  0x000001cb56642db0 ConcurrentGCThread "G1 Refine#0" [stack: 0x00000007bba00000,0x00000007bbb00000] [id=8340]
  0x000001cb566447a0 ConcurrentGCThread "G1 Service" [stack: 0x00000007bbb00000,0x00000007bbc00000] [id=11064]

Threads with active compile tasks:

VM state: at safepoint (normal execution)

VM Mutex/Monitor currently owned by a thread:  ([mutex/lock_event])
[0x000001cb56582f50] Metaspace_lock - owner thread: 0x000001cb69ec8a10
[0x000001cb56583d20] Threads_lock - owner thread: 0x000001cb69ec8a10
[0x000001cb56585550] Heap_lock - owner thread: 0x000001cb56589000

Heap address: 0x0000000515e00000, size: 2546 MB, Compressed Oops mode: Zero based, Oop shift amount: 3

CDS archive(s) mapped at: [0x0000000800000000-0x0000000800c30000-0x0000000800c30000), size 12779520, SharedBaseAddress: 0x0000000800000000, ArchiveRelocationMode: 0.
Compressed class space mapped at: 0x0000000801000000-0x0000000841000000, reserved size: 1073741824
Narrow klass base: 0x0000000800000000, Narrow klass shift: 0, Narrow klass range: 0x100000000

GC Precious Log:
 CardTable entry size: 512
 Card Set container configuration: InlinePtr #cards 4 size 8 Array Of Cards #cards 16 size 48 Howl #buckets 8 coarsen threshold 3686 Howl Bitmap #cards 512 size 80 coarsen threshold 460 Card regions per heap region 1 cards per card region 4096
 CPUs: 8 total, 8 available
 Memory: 10177M
 Large Page Support: Disabled
 NUMA Support: Disabled
 Compressed Oops: Enabled (Zero based)
 Heap Region Size: 2M
 Heap Min Capacity: 8M
 Heap Initial Capacity: 160M
 Heap Max Capacity: 2546M
 Pre-touch: Disabled
 Parallel Workers: 8
 Concurrent Workers: 2
 Concurrent Refinement Workers: 8
 Periodic GC: Disabled

Heap:
 garbage-first heap   total 63488K, used 24989K [0x0000000515e00000, 0x00000005b5000000)
  region size 2048K, 2 young (4096K), 2 survivors (4096K)
 Metaspace       used 60192K, committed 60736K, reserved 1114112K
  class space    used 8249K, committed 8512K, reserved 1048576K

Heap Regions: E=young(eden), S=young(survivor), O=old, HS=humongous(starts), HC=humongous(continues), CS=collection set, F=free, OA=open archive, CA=closed archive, TAMS=top-at-mark-start (previous, next)
|   0|0x0000000515e00000, 0x0000000516000000, 0x0000000516000000|100%| O|  |TAMS 0x0000000516000000, 0x0000000516000000| Untracked 
|   1|0x0000000516000000, 0x0000000516200000, 0x0000000516200000|100%| O|  |TAMS 0x0000000516200000, 0x0000000516200000| Untracked 
|   2|0x0000000516200000, 0x0000000516400000, 0x0000000516400000|100%| O|  |TAMS 0x0000000516400000, 0x0000000516400000| Untracked 
|   3|0x0000000516400000, 0x0000000516600000, 0x0000000516600000|100%| O|  |TAMS 0x000000051652ee00, 0x0000000516600000| Untracked 
|   4|0x0000000516600000, 0x0000000516800000, 0x0000000516800000|100%| O|  |TAMS 0x0000000516800000, 0x0000000516800000| Untracked 
|   5|0x0000000516800000, 0x0000000516a00000, 0x0000000516a00000|100%| O|  |TAMS 0x0000000516a00000, 0x0000000516a00000| Untracked 
|   6|0x0000000516a00000, 0x0000000516c00000, 0x0000000516c00000|100%| O|  |TAMS 0x0000000516a00000, 0x0000000516a8fa00| Untracked 
|   7|0x0000000516c00000, 0x0000000516e00000, 0x0000000516e00000|100%| O|  |TAMS 0x0000000516c00000, 0x0000000516e00000| Untracked 
|   8|0x0000000516e00000, 0x0000000517000000, 0x0000000517000000|100%| O|  |TAMS 0x0000000516e00000, 0x0000000517000000| Untracked 
|   9|0x0000000517000000, 0x0000000517200000, 0x0000000517200000|100%| O|  |TAMS 0x0000000517000000, 0x0000000517200000| Untracked 
|  10|0x0000000517200000, 0x0000000517400000, 0x0000000517400000|100%| O|  |TAMS 0x0000000517200000, 0x0000000517400000| Untracked 
|  11|0x0000000517400000, 0x0000000517455600, 0x0000000517600000| 16%| O|  |TAMS 0x0000000517400000, 0x0000000517400000| Untracked 
|  12|0x0000000517600000, 0x0000000517600000, 0x0000000517800000|  0%| F|  |TAMS 0x0000000517600000, 0x0000000517600000| Untracked 
|  13|0x0000000517800000, 0x0000000517800000, 0x0000000517a00000|  0%| F|  |TAMS 0x0000000517800000, 0x0000000517800000| Untracked 
|  14|0x0000000517a00000, 0x0000000517a00000, 0x0000000517c00000|  0%| F|  |TAMS 0x0000000517a00000, 0x0000000517a00000| Untracked 
|  15|0x0000000517c00000, 0x0000000517c00000, 0x0000000517e00000|  0%| F|  |TAMS 0x0000000517c00000, 0x0000000517c00000| Untracked 
|  16|0x0000000517e00000, 0x0000000517e00000, 0x0000000518000000|  0%| F|  |TAMS 0x0000000517e00000, 0x0000000517e00000| Untracked 
|  17|0x0000000518000000, 0x0000000518000000, 0x0000000518200000|  0%| F|  |TAMS 0x0000000518000000, 0x0000000518000000| Untracked 
|  18|0x0000000518200000, 0x0000000518200000, 0x0000000518400000|  0%| F|  |TAMS 0x0000000518200000, 0x0000000518200000| Untracked 
|  19|0x0000000518400000, 0x0000000518400000, 0x0000000518600000|  0%| F|  |TAMS 0x0000000518400000, 0x0000000518400000| Untracked 
|  20|0x0000000518600000, 0x0000000518600000, 0x0000000518800000|  0%| F|  |TAMS 0x0000000518600000, 0x0000000518600000| Untracked 
|  21|0x0000000518800000, 0x0000000518800000, 0x0000000518a00000|  0%| F|  |TAMS 0x0000000518800000, 0x0000000518800000| Untracked 
|  22|0x0000000518a00000, 0x0000000518a00000, 0x0000000518c00000|  0%| F|  |TAMS 0x0000000518a00000, 0x0000000518a00000| Untracked 
|  23|0x0000000518c00000, 0x0000000518c00000, 0x0000000518e00000|  0%| F|  |TAMS 0x0000000518c00000, 0x0000000518c00000| Untracked 
|  24|0x0000000518e00000, 0x0000000518e00000, 0x0000000519000000|  0%| F|  |TAMS 0x0000000518e00000, 0x0000000518e00000| Untracked 
|  25|0x0000000519000000, 0x0000000519000000, 0x0000000519200000|  0%| F|  |TAMS 0x0000000519000000, 0x0000000519000000| Untracked 
|  26|0x0000000519200000, 0x0000000519211e80, 0x0000000519400000|  3%| S|CS|TAMS 0x0000000519200000, 0x0000000519200000| Complete 
|  27|0x0000000519400000, 0x0000000519600000, 0x0000000519600000|100%| S|CS|TAMS 0x0000000519400000, 0x0000000519400000| Complete 
|  70|0x000000051ea00000, 0x000000051ea00000, 0x000000051ec00000|  0%| F|  |TAMS 0x000000051ea00000, 0x000000051ea00000| Untracked 
|  71|0x000000051ec00000, 0x000000051ec00000, 0x000000051ee00000|  0%| F|  |TAMS 0x000000051ec00000, 0x000000051ec00000| Untracked 
|  79|0x000000051fc00000, 0x000000051fc00000, 0x000000051fe00000|  0%| F|  |TAMS 0x000000051fc00000, 0x000000051fc00000| Untracked 

Card table byte_map: [0x000001cb61af0000,0x000001cb61ff0000] _byte_map_base: 0x000001cb5f241000

Marking Bits (Prev, Next): (CMBitMap*) 0x000001cb565dd340, (CMBitMap*) 0x000001cb565dd380
 Prev Bits: [0x000001cb624f0000, 0x000001cb64cb8000)
 Next Bits: [0x000001cb64cc0000, 0x000001cb67488000)

Polling page: 0x000001cb54710000

Metaspace:

Usage:
  Non-class:     50.73 MB used.
      Class:      8.06 MB used.
       Both:     58.78 MB used.

Virtual space:
  Non-class space:       64.00 MB reserved,      51.00 MB ( 80%) committed,  1 nodes.
      Class space:        1.00 GB reserved,       8.31 MB ( <1%) committed,  1 nodes.
             Both:        1.06 GB reserved,      59.31 MB (  5%) committed. 

Chunk freelists:
   Non-Class:  496.00 KB
       Class:  3.50 MB
        Both:  3.99 MB

MaxMetaspaceSize: unlimited
CompressedClassSpaceSize: 1.00 GB
Initial GC threshold: 21.00 MB
Current GC threshold: 59.62 MB
CDS: on
MetaspaceReclaimPolicy: balanced
 - commit_granule_bytes: 65536.
 - commit_granule_words: 8192.
 - virtual_space_node_default_size: 8388608.
 - enlarge_chunks_in_place: 1.
 - new_chunks_are_fully_committed: 0.
 - uncommit_free_chunks: 1.
 - use_allocation_guard: 0.


Internal statistics:

num_allocs_failed_limit: 11.
num_arena_births: 846.
num_arena_deaths: 0.
num_vsnodes_births: 2.
num_vsnodes_deaths: 0.
num_space_committed: 949.
num_space_uncommitted: 0.
num_chunks_returned_to_freelist: 11.
num_chunks_taken_from_freelist: 2702.
num_chunk_merges: 11.
num_chunk_splits: 2028.
num_chunks_enlarged: 1632.
num_inconsistent_stats: 0.

CodeCache: size=49152Kb used=10432Kb max_used=10432Kb free=38719Kb
 bounds [0x000001cb5e4e0000, 0x000001cb5ef20000, 0x000001cb614e0000]
 total_blobs=5569 nmethods=4792 adapters=699
 compilation: disabled (not enough contiguous free space left)
              stopped_count=1, restarted_count=0
 full_count=2

Compilation events (20 events):
Event: 8.102 Thread 0x000001cb6e182560 4784       1       org.springframework.context.support.GenericApplicationContext::getBeanFactory (5 bytes)
Event: 8.102 Thread 0x000001cb69f6e6a0 4785       1       org.springframework.beans.factory.support.DefaultSingletonBeanRegistry::isSingletonCurrentlyInCreation (11 bytes)
Event: 8.103 Thread 0x000001cb6e182560 nmethod 4784 0x000001cb5ef0d910 code [0x000001cb5ef0daa0, 0x000001cb5ef0db78]
Event: 8.103 Thread 0x000001cb69f6e6a0 nmethod 4785 0x000001cb5ef0dc10 code [0x000001cb5ef0ddc0, 0x000001cb5ef0dea8]
Event: 8.104 Thread 0x000001cb6e182560 4786       1       org.springframework.core.annotation.AnnotationUtils::isCandidateClass (41 bytes)
Event: 8.104 Thread 0x000001cb6e181fe0 4787       1       org.springframework.beans.factory.support.AbstractBeanFactory::isPrototypeCurrentlyInCreation (48 bytes)
Event: 8.105 Thread 0x000001cb6e181fe0 nmethod 4787 0x000001cb5ef0df10 code [0x000001cb5ef0e0e0, 0x000001cb5ef0e328]
Event: 8.105 Thread 0x000001cb6e182560 nmethod 4786 0x000001cb5ef0e410 code [0x000001cb5ef0e620, 0x000001cb5ef0e948]
Event: 8.106 Thread 0x000001cb6e182560 4788       1       java.lang.invoke.Invokers$Holder::linkToTargetMethod (13 bytes)
Event: 8.106 Thread 0x000001cb6e181fe0 4789       1       java.lang.invoke.LambdaForm$DMH/0x0000000801089000::newInvokeSpecial (30 bytes)
Event: 8.106 Thread 0x000001cb6e182560 nmethod 4788 0x000001cb5ef0eb90 code [0x000001cb5ef0ed40, 0x000001cb5ef0ee78]
Event: 8.106 Thread 0x000001cb6e181fe0 nmethod 4789 0x000001cb5ef0ef10 code [0x000001cb5ef0f0c0, 0x000001cb5ef0f288]
Event: 8.112 Thread 0x000001cb6e181fe0 4790       1       org.springframework.beans.factory.config.BeanPostProcessor::postProcessBeforeInitialization (2 bytes)
Event: 8.112 Thread 0x000001cb6e181fe0 nmethod 4790 0x000001cb5ef0f410 code [0x000001cb5ef0f5a0, 0x000001cb5ef0f658]
Event: 8.112 Thread 0x000001cb6e181fe0 4791       1       org.springframework.util.ReflectionUtils::findConcreteMethodsOnInterfaces (100 bytes)
Event: 8.113 Thread 0x000001cb6e181fe0 nmethod 4791 0x000001cb5ef0f710 code [0x000001cb5ef0f8e0, 0x000001cb5ef0fc18]
Event: 8.114 Thread 0x000001cb69f6e6a0 4792       1       org.springframework.boot.web.servlet.context.ServletWebServerApplicationContext::getServletConfig (5 bytes)
Event: 8.114 Thread 0x000001cb69ef9540 4793       1       org.springframework.web.context.support.ServletContextAwareProcessor::getServletConfig (5 bytes)
Event: 8.114 Thread 0x000001cb69f6e6a0 

Event: 8.114 Thread 0x000001cb69ef9540 


GC Heap History (20 events):
Event: 3.680 GC heap before
{Heap before GC invocations=6 (full 0):
 garbage-first heap   total 49152K, used 27123K [0x0000000515e00000, 0x00000005b5000000)
  region size 2048K, 9 young (18432K), 1 survivors (2048K)
 Metaspace       used 27110K, committed 27520K, reserved 1114112K
  class space    used 3442K, committed 3648K, reserved 1048576K
}
Event: 3.683 GC heap after
{Heap after GC invocations=7 (full 0):
 garbage-first heap   total 49152K, used 13706K [0x0000000515e00000, 0x00000005b5000000)
  region size 2048K, 1 young (2048K), 1 survivors (2048K)
 Metaspace       used 27110K, committed 27520K, reserved 1114112K
  class space    used 3442K, committed 3648K, reserved 1048576K
}
Event: 4.221 GC heap before
{Heap before GC invocations=7 (full 0):
 garbage-first heap   total 49152K, used 32138K [0x0000000515e00000, 0x00000005b5000000)
  region size 2048K, 10 young (20480K), 1 survivors (2048K)
 Metaspace       used 30691K, committed 31168K, reserved 1114112K
  class space    used 3984K, committed 4224K, reserved 1048576K
}
Event: 4.226 GC heap after
{Heap after GC invocations=8 (full 0):
 garbage-first heap   total 49152K, used 15609K [0x0000000515e00000, 0x00000005b5000000)
  region size 2048K, 2 young (4096K), 2 survivors (4096K)
 Metaspace       used 30691K, committed 31168K, reserved 1114112K
  class space    used 3984K, committed 4224K, reserved 1048576K
}
Event: 4.654 GC heap before
{Heap before GC invocations=8 (full 0):
 garbage-first heap   total 49152K, used 29945K [0x0000000515e00000, 0x00000005b5000000)
  region size 2048K, 10 young (20480K), 2 survivors (4096K)
 Metaspace       used 33452K, committed 33984K, reserved 1114112K
  class space    used 4355K, committed 4608K, reserved 1048576K
}
Event: 4.659 GC heap after
{Heap after GC invocations=9 (full 0):
 garbage-first heap   total 49152K, used 17431K [0x0000000515e00000, 0x00000005b5000000)
  region size 2048K, 2 young (4096K), 2 survivors (4096K)
 Metaspace       used 33452K, committed 33984K, reserved 1114112K
  class space    used 4355K, committed 4608K, reserved 1048576K
}
Event: 4.953 GC heap before
{Heap before GC invocations=9 (full 0):
 garbage-first heap   total 49152K, used 25623K [0x0000000515e00000, 0x00000005b5000000)
  region size 2048K, 8 young (16384K), 2 survivors (4096K)
 Metaspace       used 35703K, committed 36288K, reserved 1114112K
  class space    used 4646K, committed 4928K, reserved 1048576K
}
Event: 4.958 GC heap after
{Heap after GC invocations=10 (full 0):
 garbage-first heap   total 63488K, used 18604K [0x0000000515e00000, 0x00000005b5000000)
  region size 2048K, 2 young (4096K), 2 survivors (4096K)
 Metaspace       used 35703K, committed 36288K, reserved 1114112K
  class space    used 4646K, committed 4928K, reserved 1048576K
}
Event: 5.817 GC heap before
{Heap before GC invocations=11 (full 0):
 garbage-first heap   total 63488K, used 43180K [0x0000000515e00000, 0x00000005b5000000)
  region size 2048K, 14 young (28672K), 2 survivors (4096K)
 Metaspace       used 43120K, committed 43648K, reserved 1114112K
  class space    used 5668K, committed 5888K, reserved 1048576K
}
Event: 5.822 GC heap after
{Heap after GC invocations=12 (full 0):
 garbage-first heap   total 63488K, used 19854K [0x0000000515e00000, 0x00000005b5000000)
  region size 2048K, 2 young (4096K), 2 survivors (4096K)
 Metaspace       used 43120K, committed 43648K, reserved 1114112K
  class space    used 5668K, committed 5888K, reserved 1048576K
}
Event: 5.866 GC heap before
{Heap before GC invocations=12 (full 0):
 garbage-first heap   total 63488K, used 21902K [0x0000000515e00000, 0x00000005b5000000)
  region size 2048K, 3 young (6144K), 2 survivors (4096K)
 Metaspace       used 43811K, committed 44352K, reserved 1114112K
  class space    used 5770K, committed 6016K, reserved 1048576K
}
Event: 5.870 GC heap after
{Heap after GC invocations=13 (full 0):
 garbage-first heap   total 63488K, used 19891K [0x0000000515e00000, 0x00000005b5000000)
  region size 2048K, 1 young (2048K), 1 survivors (2048K)
 Metaspace       used 43811K, committed 44352K, reserved 1114112K
  class space    used 5770K, committed 6016K, reserved 1048576K
}
Event: 6.659 GC heap before
{Heap before GC invocations=13 (full 0):
 garbage-first heap   total 63488K, used 44467K [0x0000000515e00000, 0x00000005b5000000)
  region size 2048K, 13 young (26624K), 1 survivors (2048K)
 Metaspace       used 50842K, committed 51456K, reserved 1114112K
  class space    used 6872K, committed 7168K, reserved 1048576K
}
Event: 6.663 GC heap after
{Heap after GC invocations=14 (full 0):
 garbage-first heap   total 63488K, used 21114K [0x0000000515e00000, 0x00000005b5000000)
  region size 2048K, 1 young (2048K), 1 survivors (2048K)
 Metaspace       used 50842K, committed 51456K, reserved 1114112K
  class space    used 6872K, committed 7168K, reserved 1048576K
}
Event: 7.413 GC heap before
{Heap before GC invocations=14 (full 0):
 garbage-first heap   total 63488K, used 45690K [0x0000000515e00000, 0x00000005b5000000)
  region size 2048K, 13 young (26624K), 1 survivors (2048K)
 Metaspace       used 56025K, committed 56640K, reserved 1114112K
  class space    used 7584K, committed 7872K, reserved 1048576K
}
Event: 7.417 GC heap after
{Heap after GC invocations=15 (full 0):
 garbage-first heap   total 63488K, used 22911K [0x0000000515e00000, 0x00000005b5000000)
  region size 2048K, 2 young (4096K), 2 survivors (4096K)
 Metaspace       used 56025K, committed 56640K, reserved 1114112K
  class space    used 7584K, committed 7872K, reserved 1048576K
}
Event: 8.056 GC heap before
{Heap before GC invocations=15 (full 0):
 garbage-first heap   total 63488K, used 47487K [0x0000000515e00000, 0x00000005b5000000)
  region size 2048K, 14 young (28672K), 2 survivors (4096K)
 Metaspace       used 59500K, committed 60096K, reserved 1114112K
  class space    used 8139K, committed 8448K, reserved 1048576K
}
Event: 8.061 GC heap after
{Heap after GC invocations=16 (full 0):
 garbage-first heap   total 63488K, used 24354K [0x0000000515e00000, 0x00000005b5000000)
  region size 2048K, 2 young (4096K), 2 survivors (4096K)
 Metaspace       used 59500K, committed 60096K, reserved 1114112K
  class space    used 8139K, committed 8448K, reserved 1048576K
}
Event: 8.211 GC heap before
{Heap before GC invocations=16 (full 0):
 garbage-first heap   total 63488K, used 28450K [0x0000000515e00000, 0x00000005b5000000)
  region size 2048K, 5 young (10240K), 2 survivors (4096K)
 Metaspace       used 60192K, committed 60736K, reserved 1114112K
  class space    used 8249K, committed 8512K, reserved 1048576K
}
Event: 8.215 GC heap after
{Heap after GC invocations=17 (full 0):
 garbage-first heap   total 63488K, used 24989K [0x0000000515e00000, 0x00000005b5000000)
  region size 2048K, 2 young (4096K), 2 survivors (4096K)
 Metaspace       used 60192K, committed 60736K, reserved 1114112K
  class space    used 8249K, committed 8512K, reserved 1048576K
}

Dll operation events (17 events):
Event: 0.012 Loaded shared library C:\Users\vlade\IntelliJ IDEA 2022.2.4\.jdks\openjdk-19.0.1\bin\java.dll
Event: 0.032 Loaded shared library C:\Users\vlade\IntelliJ IDEA 2022.2.4\.jdks\openjdk-19.0.1\bin\jsvml.dll
Event: 0.237 Loaded shared library C:\Users\vlade\IntelliJ IDEA 2022.2.4\.jdks\openjdk-19.0.1\bin\zip.dll
Event: 0.242 Loaded shared library C:\Users\vlade\IntelliJ IDEA 2022.2.4\.jdks\openjdk-19.0.1\bin\instrument.dll
Event: 0.250 Loaded shared library C:\Users\vlade\IntelliJ IDEA 2022.2.4\.jdks\openjdk-19.0.1\bin\net.dll
Event: 0.255 Loaded shared library C:\Users\vlade\IntelliJ IDEA 2022.2.4\.jdks\openjdk-19.0.1\bin\nio.dll
Event: 0.259 Loaded shared library C:\Users\vlade\IntelliJ IDEA 2022.2.4\.jdks\openjdk-19.0.1\bin\zip.dll
Event: 0.357 Loaded shared library C:\Users\vlade\IntelliJ IDEA 2022.2.4\bin\breakgen64.dll
Event: 0.365 Loaded shared library C:\Users\vlade\IntelliJ IDEA 2022.2.4\.jdks\openjdk-19.0.1\bin\jimage.dll
Event: 0.374 Loaded shared library C:\Users\vlade\IntelliJ IDEA 2022.2.4\.jdks\openjdk-19.0.1\bin\extnet.dll
Event: 0.395 Loaded shared library C:\Users\vlade\IntelliJ IDEA 2022.2.4\.jdks\openjdk-19.0.1\bin\management.dll
Event: 0.413 Loaded shared library C:\Users\vlade\IntelliJ IDEA 2022.2.4\.jdks\openjdk-19.0.1\bin\management_ext.dll
Event: 0.882 Loaded shared library C:\Users\vlade\IntelliJ IDEA 2022.2.4\.jdks\openjdk-19.0.1\bin\awt.dll
Event: 1.231 Loaded shared library C:\Users\vlade\IntelliJ IDEA 2022.2.4\.jdks\openjdk-19.0.1\bin\freetype.dll
Event: 1.233 Loaded shared library C:\Users\vlade\IntelliJ IDEA 2022.2.4\.jdks\openjdk-19.0.1\bin\fontmanager.dll
Event: 2.611 Loaded shared library C:\Users\vlade\IntelliJ IDEA 2022.2.4\.jdks\openjdk-19.0.1\bin\verify.dll
Event: 4.555 Loaded shared library C:\Users\vlade\IntelliJ IDEA 2022.2.4\.jdks\openjdk-19.0.1\bin\sunmscapi.dll

Deoptimization events (10 events):
Event: 0.579 Thread 0x000001cb56589000 DEOPT PACKING pc=0x000001cb5e8a5b55 sp=0x00000007bb6fd520
Event: 0.579 Thread 0x000001cb56589000 DEOPT UNPACKING pc=0x000001cb5e547543 sp=0x00000007bb6fc9d0 mode 3
Event: 0.596 Thread 0x000001cb56589000 DEOPT PACKING pc=0x000001cb5e8bc6d0 sp=0x00000007bb6fd4f0
Event: 0.596 Thread 0x000001cb56589000 DEOPT UNPACKING pc=0x000001cb5e547543 sp=0x00000007bb6fc9a8 mode 3
Event: 2.695 Thread 0x000001cb56589000 DEOPT PACKING pc=0x000001cb5eb2b819 sp=0x00000007bb6fd830
Event: 2.695 Thread 0x000001cb56589000 DEOPT UNPACKING pc=0x000001cb5e547543 sp=0x00000007bb6fcd10 mode 3
Event: 4.671 Thread 0x000001cb56589000 DEOPT PACKING pc=0x000001cb5ed7c3a5 sp=0x00000007bb6fc980
Event: 4.671 Thread 0x000001cb56589000 DEOPT UNPACKING pc=0x000001cb5e547543 sp=0x00000007bb6fbee8 mode 3
Event: 7.323 Thread 0x000001cb56589000 DEOPT PACKING pc=0x000001cb5eb53454 sp=0x00000007bb6fca10
Event: 7.323 Thread 0x000001cb56589000 DEOPT UNPACKING pc=0x000001cb5e547543 sp=0x00000007bb6fbf68 mode 0

Classes loaded (20 events):
Event: 7.444 Loading class java/util/stream/ReduceOps$CountingSink$OfRef
Event: 7.444 Loading class java/util/stream/ReduceOps$CountingSink$OfRef done
Event: 7.455 Loading class jdk/internal/loader/BootLoader$PackageHelper
Event: 7.455 Loading class jdk/internal/loader/BootLoader$PackageHelper done
Event: 7.468 Loading class java/util/regex/Pattern$Bound
Event: 7.468 Loading class java/util/regex/Pattern$Bound done
Event: 7.468 Loading class java/util/regex/Pattern$SliceI
Event: 7.468 Loading class java/util/regex/Pattern$SliceI done
Event: 7.469 Loading class java/util/regex/Pattern$LookBehindEndNode
Event: 7.469 Loading class java/util/regex/Pattern$LookBehindEndNode done
Event: 7.469 Loading class java/util/regex/Pattern$NotBehind
Event: 7.469 Loading class java/util/regex/Pattern$NotBehind done
Event: 7.470 Loading class java/util/regex/Pattern$Behind
Event: 7.470 Loading class java/util/regex/Pattern$Behind done
Event: 7.475 Loading class java/util/regex/Pattern$1
Event: 7.475 Loading class java/util/regex/Pattern$1 done
Event: 7.549 Loading class java/util/EmptyStackException
Event: 7.549 Loading class java/util/EmptyStackException done
Event: 7.562 Loading class java/io/InvalidClassException
Event: 7.562 Loading class java/io/InvalidClassException done

Classes unloaded (0 events):
No events

Classes redefined (0 events):
No events

Internal exceptions (20 events):
Event: 5.441 Thread 0x000001cb56589000 Exception <a 'java/lang/NoSuchMethodError'{0x0000000518c9df98}: 'int java.lang.invoke.DirectMethodHandle$Holder.invokeStaticInit(java.lang.Object, java.lang.Object, java.lang.Object, java.lang.Object)'> (0x0000000518c9df98) 
thrown [s\open\src\hotspot\share\interpreter\linkResolver.cpp, line 774]
Event: 5.568 Thread 0x000001cb56589000 Exception <a 'sun/nio/fs/WindowsException'{0x0000000518ada488}> (0x0000000518ada488) 
thrown [s\open\src\hotspot\share\prims\jni.cpp, line 517]
Event: 5.790 Thread 0x000001cb56589000 Exception <a 'java/lang/NoSuchMethodError'{0x00000005184ff9f8}: 'java.lang.Object java.lang.invoke.DirectMethodHandle$Holder.invokeStaticInit(java.lang.Object, java.lang.Object, java.lang.Object, java.lang.Object)'> (0x00000005184ff9f8) 
thrown [s\open\src\hotspot\share\interpreter\linkResolver.cpp, line 774]
Event: 5.954 Thread 0x000001cb56589000 Exception <a 'java/lang/NoSuchMethodError'{0x000000051ea83328}: 'java.lang.Object java.lang.invoke.DirectMethodHandle$Holder.newInvokeSpecial(java.lang.Object, java.lang.Object, java.lang.Object, int)'> (0x000000051ea83328) 
thrown [s\open\src\hotspot\share\interpreter\linkResolver.cpp, line 774]
Event: 5.954 Thread 0x000001cb56589000 Exception <a 'java/lang/NoSuchMethodError'{0x000000051ea87448}: 'java.lang.Object java.lang.invoke.DirectMethodHandle$Holder.invokeSpecial(java.lang.Object, java.lang.Object, java.lang.Object, java.lang.Object, int)'> (0x000000051ea87448) 
thrown [s\open\src\hotspot\share\interpreter\linkResolver.cpp, line 774]
Event: 5.955 Thread 0x000001cb56589000 Exception <a 'java/lang/NoSuchMethodError'{0x000000051ea8ab60}: 'java.lang.Object java.lang.invoke.Invokers$Holder.linkToTargetMethod(java.lang.Object, java.lang.Object, int, java.lang.Object)'> (0x000000051ea8ab60) 
thrown [s\open\src\hotspot\share\interpreter\linkResolver.cpp, line 774]
Event: 6.284 Thread 0x000001cb56589000 Exception <a 'java/lang/NoSuchMethodError'{0x0000000518d04f98}: 'java.lang.Object java.lang.invoke.DirectMethodHandle$Holder.invokeStatic(java.lang.Object, java.lang.Object, int, java.lang.Object)'> (0x0000000518d04f98) 
thrown [s\open\src\hotspot\share\interpreter\linkResolver.cpp, line 774]
Event: 6.285 Thread 0x000001cb56589000 Exception <a 'java/lang/NoSuchMethodError'{0x0000000518d08a38}: 'java.lang.Object java.lang.invoke.DirectMethodHandle$Holder.invokeStaticInit(java.lang.Object, java.lang.Object, int, java.lang.Object)'> (0x0000000518d08a38) 
thrown [s\open\src\hotspot\share\interpreter\linkResolver.cpp, line 774]
Event: 6.323 Thread 0x000001cb56589000 Exception <a 'java/lang/IncompatibleClassChangeError'{0x0000000518a96498}: Found class java.lang.Object, but interface was expected> (0x0000000518a96498) 
thrown [s\open\src\hotspot\share\interpreter\linkResolver.cpp, line 841]
Event: 6.873 Thread 0x000001cb56589000 Exception <a 'java/lang/NoSuchMethodError'{0x000000051eb8ea60}: 'void java.lang.invoke.DirectMethodHandle$Holder.invokeSpecial(java.lang.Object, java.lang.Object, java.lang.Object, java.lang.Object, java.lang.Object, java.lang.Object, java.lang.Object, java.lang.Object)'> (0x000000051eb8ea60) 
thrown [s\open\src\hotspot\share\interpreter\linkResolver.cpp, line 774]
Event: 6.877 Thread 0x000001cb56589000 Exception <a 'java/lang/NoSuchMethodError'{0x000000051ebb1008}: 'java.lang.Object java.lang.invoke.DirectMethodHandle$Holder.newInvokeSpecial(java.lang.Object, java.lang.Object, java.lang.Object, java.lang.Object, java.lang.Object, java.lang.Object, java.lang.Object, int)'> (0x000000051ebb1008) 
thrown [s\open\src\hotspot\share\interpreter\linkResolver.cpp, line 774]
Event: 6.877 Thread 0x000001cb56589000 Exception <a 'java/lang/NoSuchMethodError'{0x000000051ebb6018}: 'java.lang.Object java.lang.invoke.DirectMethodHandle$Holder.invokeSpecial(java.lang.Object, java.lang.Object, java.lang.Object, java.lang.Object, java.lang.Object, java.lang.Object, java.lang.Object, java.lang.Object, int)'> (0x000000051ebb6018) 
thrown [s\open\src\hotspot\share\interpreter\linkResolver.cpp, line 774]
Event: 6.980 Thread 0x000001cb56589000 Exception <a 'java/lang/NoSuchMethodError'{0x000000051927d088}: 'java.lang.Object java.lang.invoke.DirectMethodHandle$Holder.newInvokeSpecial(java.lang.Object, java.lang.Object, java.lang.Object, java.lang.Object, java.lang.Object, java.lang.Object, java.lang.Object)'> (0x000000051927d088) 
thrown [s\open\src\hotspot\share\interpreter\linkResolver.cpp, line 774]
Event: 7.080 Thread 0x000001cb56589000 Exception <a 'java/lang/NoSuchMethodError'{0x000000051906e940}: 'void java.lang.invoke.Invokers$Holder.invokeExact_MT(java.lang.Object, java.lang.Object, java.lang.Object, java.lang.Object)'> (0x000000051906e940) 
thrown [s\open\src\hotspot\share\interpreter\linkResolver.cpp, line 774]
Event: 7.145 Thread 0x000001cb56589000 Exception <a 'java/lang/IncompatibleClassChangeError'{0x0000000518fa6128}: Found class java.lang.Object, but interface was expected> (0x0000000518fa6128) 
thrown [s\open\src\hotspot\share\interpreter\linkResolver.cpp, line 841]
Event: 7.183 Thread 0x000001cb56589000 Exception <a 'java/lang/IncompatibleClassChangeError'{0x0000000518d01ce8}: Found class java.lang.Object, but interface was expected> (0x0000000518d01ce8) 
thrown [s\open\src\hotspot\share\interpreter\linkResolver.cpp, line 841]
Event: 7.375 Thread 0x000001cb56589000 Exception <a 'java/lang/IncompatibleClassChangeError'{0x000000051876a5b8}: Found class java.lang.Object, but interface was expected> (0x000000051876a5b8) 
thrown [s\open\src\hotspot\share\interpreter\linkResolver.cpp, line 841]
Event: 7.478 Thread 0x000001cb56589000 Exception <a 'java/lang/NoSuchMethodError'{0x000000051ed2e960}: 'int java.lang.invoke.DirectMethodHandle$Holder.invokeStatic(java.lang.Object, int, java.lang.Object)'> (0x000000051ed2e960) 
thrown [s\open\src\hotspot\share\interpreter\linkResolver.cpp, line 774]
Event: 8.002 Thread 0x000001cb56589000 Exception <a 'java/lang/NoSuchMethodError'{0x000000051850cf60}: 'int java.lang.invoke.DirectMethodHandle$Holder.invokeStatic(java.lang.Object)'> (0x000000051850cf60) 
thrown [s\open\src\hotspot\share\interpreter\linkResolver.cpp, line 774]
Event: 8.145 Thread 0x000001cb56589000 Exception <a 'java/lang/NoSuchMethodError'{0x000000051ecc9528}: 'java.lang.Object java.lang.invoke.DirectMethodHandle$Holder.newInvokeSpecial(java.lang.Object, java.lang.Object, java.lang.Object, java.lang.Object, java.lang.Object, java.lang.Object, java.lang.Object, java.lang.Object)'> (0x000000051ecc9528) 
thrown [s\open\src\hotspot\share\interpreter\linkResolver.cpp, line 774]

VM Operations (20 events):
Event: 5.822 Executing VM operation: G1CollectForAllocation done
Event: 5.866 Executing VM operation: G1CollectForAllocation
Event: 5.870 Executing VM operation: G1CollectForAllocation done
Event: 6.659 Executing VM operation: G1CollectForAllocation
Event: 6.663 Executing VM operation: G1CollectForAllocation done
Event: 7.322 Executing VM operation: HandshakeAllThreads
Event: 7.322 Executing VM operation: HandshakeAllThreads done
Event: 7.412 Executing VM operation: G1CollectForAllocation
Event: 7.417 Executing VM operation: G1CollectForAllocation done
Event: 7.426 Executing VM operation: HandshakeAllThreads
Event: 7.426 Executing VM operation: HandshakeAllThreads done
Event: 7.426 Executing VM operation: HandshakeAllThreads
Event: 7.426 Executing VM operation: HandshakeAllThreads done
Event: 7.597 Executing VM operation: HandshakeAllThreads
Event: 7.597 Executing VM operation: HandshakeAllThreads done
Event: 7.913 Executing VM operation: HandshakeAllThreads
Event: 7.913 Executing VM operation: HandshakeAllThreads done
Event: 8.055 Executing VM operation: G1CollectForAllocation
Event: 8.061 Executing VM operation: G1CollectForAllocation done
Event: 8.211 Executing VM operation: CollectForMetadataAllocation

Events (20 events):
Event: 4.698 Thread 0x000001cb6eb23dd0 Thread added: 0x000001cb6eb23dd0
Event: 4.700 Thread 0x000001cb6eb24dc0 Thread added: 0x000001cb6eb24dc0
Event: 4.708 Thread 0x000001cb6eb25310 Thread added: 0x000001cb6eb25310
Event: 4.776 Thread 0x000001cb6eb25860 Thread added: 0x000001cb6eb25860
Event: 4.947 Thread 0x000001cb6eb23880 Thread added: 0x000001cb6eb23880
Event: 4.958 Thread 0x000001cb6eb23880 Thread exited: 0x000001cb6eb23880
Event: 5.460 Thread 0x000001cb6eb25db0 Thread added: 0x000001cb6eb25db0
Event: 5.468 Thread 0x000001cb6eb25db0 Thread exited: 0x000001cb6eb25db0
Event: 5.683 Thread 0x000001cb6eb25db0 Thread added: 0x000001cb6eb25db0
Event: 5.797 Thread 0x000001cb6eb22890 Thread added: 0x000001cb6eb22890
Event: 5.971 Thread 0x000001cb6eb23880 Thread added: 0x000001cb6eb23880
Event: 5.978 Thread 0x000001cb6eb23880 Thread exited: 0x000001cb6eb23880
Event: 6.486 Thread 0x000001cb6eb23880 Thread added: 0x000001cb6eb23880
Event: 6.492 Thread 0x000001cb6eb23880 Thread exited: 0x000001cb6eb23880
Event: 6.994 Thread 0x000001cb6eb23880 Thread added: 0x000001cb6eb23880
Event: 7.002 Thread 0x000001cb6eb23880 Thread exited: 0x000001cb6eb23880
Event: 7.505 Thread 0x000001cb6eb22de0 Thread added: 0x000001cb6eb22de0
Event: 7.511 Thread 0x000001cb6eb22de0 Thread exited: 0x000001cb6eb22de0
Event: 8.026 Thread 0x000001cb6eb22de0 Thread added: 0x000001cb6eb22de0
Event: 8.034 Thread 0x000001cb6eb22de0 Thread exited: 0x000001cb6eb22de0


Dynamic libraries:
0x00007ff682e30000 - 0x00007ff682e3e000 	C:\Users\vlade\IntelliJ IDEA 2022.2.4\.jdks\openjdk-19.0.1\bin\java.exe
0x00007ffef4460000 - 0x00007ffef4669000 	C:\Windows\SYSTEM32\ntdll.dll
0x00007ffef3b60000 - 0x00007ffef3c1e000 	C:\Windows\System32\KERNEL32.DLL
0x00007ffef19d0000 - 0x00007ffef1d4b000 	C:\Windows\System32\KERNELBASE.dll
0x00007ffef1ee0000 - 0x00007ffef1ff1000 	C:\Windows\System32\ucrtbase.dll
0x00007ffeecb20000 - 0x00007ffeecb3b000 	C:\Users\vlade\IntelliJ IDEA 2022.2.4\.jdks\openjdk-19.0.1\bin\VCRUNTIME140.dll
0x00007ffeea200000 - 0x00007ffeea217000 	C:\Users\vlade\IntelliJ IDEA 2022.2.4\.jdks\openjdk-19.0.1\bin\jli.dll
0x00007ffef2cf0000 - 0x00007ffef2e9d000 	C:\Windows\System32\USER32.dll
0x00007ffeddce0000 - 0x00007ffeddf85000 	C:\Windows\WinSxS\amd64_microsoft.windows.common-controls_6595b64144ccf1df_6.0.22000.120_none_9d947278b86cc467\COMCTL32.dll
0x00007ffef19a0000 - 0x00007ffef19c6000 	C:\Windows\System32\win32u.dll
0x00007ffef4090000 - 0x00007ffef4133000 	C:\Windows\System32\msvcrt.dll
0x00007ffef3d80000 - 0x00007ffef3da9000 	C:\Windows\System32\GDI32.dll
0x00007ffef1dc0000 - 0x00007ffef1ed8000 	C:\Windows\System32\gdi32full.dll
0x00007ffef1900000 - 0x00007ffef199d000 	C:\Windows\System32\msvcp_win.dll
0x00007ffef2f70000 - 0x00007ffef2fa2000 	C:\Windows\System32\IMM32.DLL
0x00007ffeedfd0000 - 0x00007ffeedfdc000 	C:\Users\vlade\IntelliJ IDEA 2022.2.4\.jdks\openjdk-19.0.1\bin\vcruntime140_1.dll
0x00007ffec8fa0000 - 0x00007ffec902e000 	C:\Users\vlade\IntelliJ IDEA 2022.2.4\.jdks\openjdk-19.0.1\bin\msvcp140.dll
0x00007ffebc6b0000 - 0x00007ffebd370000 	C:\Users\vlade\IntelliJ IDEA 2022.2.4\.jdks\openjdk-19.0.1\bin\server\jvm.dll
0x00007ffef4340000 - 0x00007ffef43ee000 	C:\Windows\System32\ADVAPI32.dll
0x00007ffef3ff0000 - 0x00007ffef408e000 	C:\Windows\System32\sechost.dll
0x00007ffef2fb0000 - 0x00007ffef30d0000 	C:\Windows\System32\RPCRT4.dll
0x00007ffee8570000 - 0x00007ffee857a000 	C:\Windows\SYSTEM32\VERSION.dll
0x00007ffeeb600000 - 0x00007ffeeb633000 	C:\Windows\SYSTEM32\WINMM.dll
0x00007ffeeec90000 - 0x00007ffeeec99000 	C:\Windows\SYSTEM32\WSOCK32.dll
0x00007ffef2f00000 - 0x00007ffef2f6f000 	C:\Windows\System32\WS2_32.dll
0x00007ffef0950000 - 0x00007ffef0968000 	C:\Windows\SYSTEM32\kernel.appcore.dll
0x00007ffeed800000 - 0x00007ffeed80a000 	C:\Users\vlade\IntelliJ IDEA 2022.2.4\.jdks\openjdk-19.0.1\bin\jimage.dll
0x00007ffee8a70000 - 0x00007ffee8c91000 	C:\Windows\SYSTEM32\DBGHELP.DLL
0x00007ffedeaa0000 - 0x00007ffedead1000 	C:\Windows\SYSTEM32\dbgcore.DLL
0x00007ffef20c0000 - 0x00007ffef213f000 	C:\Windows\System32\bcryptPrimitives.dll
0x00007ffeeec50000 - 0x00007ffeeec5e000 	C:\Users\vlade\IntelliJ IDEA 2022.2.4\.jdks\openjdk-19.0.1\bin\instrument.dll
0x00007ffedfce0000 - 0x00007ffedfd06000 	C:\Users\vlade\IntelliJ IDEA 2022.2.4\.jdks\openjdk-19.0.1\bin\java.dll
0x00007ffec77b0000 - 0x00007ffec7887000 	C:\Users\vlade\IntelliJ IDEA 2022.2.4\.jdks\openjdk-19.0.1\bin\jsvml.dll
0x00007ffef22b0000 - 0x00007ffef2a68000 	C:\Windows\System32\SHELL32.dll
0x00007ffeef9b0000 - 0x00007ffef0215000 	C:\Windows\SYSTEM32\windows.storage.dll
0x00007ffef31d0000 - 0x00007ffef3548000 	C:\Windows\System32\combase.dll
0x00007ffeef840000 - 0x00007ffeef9a6000 	C:\Windows\SYSTEM32\wintypes.dll
0x00007ffef30e0000 - 0x00007ffef31ca000 	C:\Windows\System32\SHCORE.dll
0x00007ffef42e0000 - 0x00007ffef433d000 	C:\Windows\System32\shlwapi.dll
0x00007ffef1830000 - 0x00007ffef1851000 	C:\Windows\SYSTEM32\profapi.dll
0x00007ffedad50000 - 0x00007ffedad68000 	C:\Users\vlade\IntelliJ IDEA 2022.2.4\.jdks\openjdk-19.0.1\bin\zip.dll
0x00007ffee5660000 - 0x00007ffee5673000 	C:\Users\vlade\IntelliJ IDEA 2022.2.4\.jdks\openjdk-19.0.1\bin\net.dll
0x00007ffeeaea0000 - 0x00007ffeeafb4000 	C:\Windows\SYSTEM32\WINHTTP.dll
0x00007ffef0e20000 - 0x00007ffef0e87000 	C:\Windows\system32\mswsock.dll
0x00007ffee5330000 - 0x00007ffee5346000 	C:\Users\vlade\IntelliJ IDEA 2022.2.4\.jdks\openjdk-19.0.1\bin\nio.dll
0x00007ffeea220000 - 0x00007ffeea23a000 	C:\Users\vlade\IntelliJ IDEA 2022.2.4\bin\breakgen64.dll
0x00007ffeed820000 - 0x00007ffeed828000 	C:\Users\vlade\IntelliJ IDEA 2022.2.4\.jdks\openjdk-19.0.1\bin\extnet.dll
0x00007ffef0490000 - 0x00007ffef0578000 	C:\Windows\SYSTEM32\DNSAPI.dll
0x00007ffef0460000 - 0x00007ffef048d000 	C:\Windows\SYSTEM32\IPHLPAPI.DLL
0x00007ffef2a90000 - 0x00007ffef2a99000 	C:\Windows\System32\NSI.dll
0x00007ffee5300000 - 0x00007ffee530a000 	C:\Windows\System32\rasadhlp.dll
0x00007ffee87b0000 - 0x00007ffee8831000 	C:\Windows\System32\fwpuclnt.dll
0x00007ffeed810000 - 0x00007ffeed81a000 	C:\Users\vlade\IntelliJ IDEA 2022.2.4\.jdks\openjdk-19.0.1\bin\management.dll
0x00007ffeed7d0000 - 0x00007ffeed7db000 	C:\Users\vlade\IntelliJ IDEA 2022.2.4\.jdks\openjdk-19.0.1\bin\management_ext.dll
0x00007ffef3db0000 - 0x00007ffef3db8000 	C:\Windows\System32\PSAPI.DLL
0x00007ffef1070000 - 0x00007ffef1088000 	C:\Windows\SYSTEM32\CRYPTSP.dll
0x00007ffef08b0000 - 0x00007ffef08e5000 	C:\Windows\system32\rsaenh.dll
0x00007ffef0f10000 - 0x00007ffef0f39000 	C:\Windows\SYSTEM32\USERENV.dll
0x00007ffef11f0000 - 0x00007ffef1217000 	C:\Windows\SYSTEM32\bcrypt.dll
0x00007ffef1060000 - 0x00007ffef106c000 	C:\Windows\SYSTEM32\CRYPTBASE.dll
0x00007ffeeab90000 - 0x00007ffeeaba9000 	C:\Windows\SYSTEM32\dhcpcsvc6.DLL
0x00007ffeeb130000 - 0x00007ffeeb14e000 	C:\Windows\SYSTEM32\dhcpcsvc.DLL
0x00007ffed8ab0000 - 0x00007ffed8ac7000 	C:\Windows\system32\napinsp.dll
0x00007ffed8a90000 - 0x00007ffed8aab000 	C:\Windows\system32\pnrpnsp.dll
0x00007ffed8710000 - 0x00007ffed8722000 	C:\Windows\System32\winrnr.dll
0x00007ffed5700000 - 0x00007ffed5715000 	C:\Windows\system32\wshbth.dll
0x00007ffeec700000 - 0x00007ffeec71f000 	C:\Windows\system32\nlansp_c.dll
0x00007ffeccd60000 - 0x00007ffeccef0000 	C:\Users\vlade\IntelliJ IDEA 2022.2.4\.jdks\openjdk-19.0.1\bin\awt.dll
0x00007ffef3a80000 - 0x00007ffef3b56000 	C:\Windows\System32\OLEAUT32.dll
0x00007ffeeeeb0000 - 0x00007ffeeef42000 	C:\Windows\SYSTEM32\apphelp.dll
0x00007ffeef520000 - 0x00007ffeef54f000 	C:\Windows\system32\DWMAPI.DLL
0x00007ffeeefd0000 - 0x00007ffeef07c000 	C:\Windows\system32\uxtheme.dll
0x00007ffeaf490000 - 0x00007ffeaf591000 	C:\Windows\system32\opengl32.dll
0x00007ffeaef30000 - 0x00007ffeaef5d000 	C:\Windows\SYSTEM32\GLU32.dll
0x00007ffeef0b0000 - 0x00007ffeef0e8000 	C:\Windows\SYSTEM32\dxcore.dll
0x00007ffef3dc0000 - 0x00007ffef3edd000 	C:\Windows\System32\MSCTF.dll
0x00007ffef4140000 - 0x00007ffef42da000 	C:\Windows\System32\ole32.dll
0x00007ffec4090000 - 0x00007ffec4236000 	C:\Windows\system32\d3d9.dll
0x00007ffee85d0000 - 0x00007ffee87ab000 	C:\Windows\System32\DriverStore\FileRepository\u0364341.inf_amd64_c22b73fb0c3a32d3\B364190\aticfx64.dll
0x00007ffe9e250000 - 0x00007ffe9e283000 	C:\Windows\System32\DriverStore\FileRepository\u0364341.inf_amd64_c22b73fb0c3a32d3\B364190\atiu9p64.dll
0x00007ffe8a230000 - 0x00007ffe8aec6000 	C:\Windows\System32\DriverStore\FileRepository\u0364341.inf_amd64_c22b73fb0c3a32d3\B364190\atiumd64.dll
0x0000000067c50000 - 0x0000000068acd000 	C:\Windows\System32\DriverStore\FileRepository\u0364341.inf_amd64_c22b73fb0c3a32d3\B364190\atiumd6a.dll
0x00007ffef17d0000 - 0x00007ffef181d000 	C:\Windows\SYSTEM32\POWRPROF.dll
0x00007ffef17b0000 - 0x00007ffef17c3000 	C:\Windows\SYSTEM32\UMPDC.dll
0x00007ffee6ac0000 - 0x00007ffee6aef000 	C:\Windows\SYSTEM32\amdihk64.dll
0x00007ffeed530000 - 0x00007ffeed574000 	C:\Windows\SYSTEM32\directxdatabasehelper.dll
0x00007ffef0970000 - 0x00007ffef09a4000 	C:\Windows\SYSTEM32\ntmarta.dll
0x00007ffec8400000 - 0x00007ffec8486000 	C:\Users\vlade\IntelliJ IDEA 2022.2.4\.jdks\openjdk-19.0.1\bin\freetype.dll
0x00007ffec76e0000 - 0x00007ffec77a5000 	C:\Users\vlade\IntelliJ IDEA 2022.2.4\.jdks\openjdk-19.0.1\bin\fontmanager.dll
0x00007ffed9790000 - 0x00007ffed98bd000 	C:\Windows\SYSTEM32\textinputframework.dll
0x00007ffeeea80000 - 0x00007ffeeebb1000 	C:\Windows\SYSTEM32\CoreMessaging.dll
0x00007ffeecd60000 - 0x00007ffeed0cd000 	C:\Windows\SYSTEM32\CoreUIComponents.dll
0x00007ffef39c0000 - 0x00007ffef3a75000 	C:\Windows\System32\clbcatq.dll
0x00007ffeeb150000 - 0x00007ffeeb2fe000 	C:\Windows\SYSTEM32\WindowsCodecs.dll
0x00007ffed1b40000 - 0x00007ffed1b9d000 	C:\Windows\system32\dataexchange.dll
0x00007ffee9f80000 - 0x00007ffeea1e6000 	C:\Windows\system32\twinapi.appcore.dll
0x00007ffeec6e0000 - 0x00007ffeec6f0000 	C:\Users\vlade\IntelliJ IDEA 2022.2.4\.jdks\openjdk-19.0.1\bin\verify.dll
0x00007ffeed790000 - 0x00007ffeed79e000 	C:\Users\vlade\IntelliJ IDEA 2022.2.4\.jdks\openjdk-19.0.1\bin\sunmscapi.dll
0x00007ffef2140000 - 0x00007ffef22a2000 	C:\Windows\System32\CRYPT32.dll
0x00007ffef11c0000 - 0x00007ffef11e8000 	C:\Windows\SYSTEM32\ncrypt.dll
0x00007ffef1180000 - 0x00007ffef11b7000 	C:\Windows\SYSTEM32\NTASN1.dll

dbghelp: loaded successfully - version: 4.0.5 - missing functions: none
symbol engine: initialized successfully - sym options: 0x614 - pdb path: .;C:\Users\vlade\IntelliJ IDEA 2022.2.4\.jdks\openjdk-19.0.1\bin;C:\Windows\SYSTEM32;C:\Windows\WinSxS\amd64_microsoft.windows.common-controls_6595b64144ccf1df_6.0.22000.120_none_9d947278b86cc467;C:\Users\vlade\IntelliJ IDEA 2022.2.4\.jdks\openjdk-19.0.1\bin\server;C:\Users\vlade\IntelliJ IDEA 2022.2.4\bin;C:\Windows\System32\DriverStore\FileRepository\u0364341.inf_amd64_c22b73fb0c3a32d3\B364190

VM Arguments:
jvm_args: -XX:TieredStopAtLevel=1 -Dspring.output.ansi.enabled=always -Dcom.sun.management.jmxremote -Dspring.jmx.enabled=true -Dspring.liveBeansView.mbeanDomain -Dspring.application.admin.enabled=true -javaagent:C:\Users\vlade\IntelliJ IDEA 2022.2.4\lib\idea_rt.jar=54743:C:\Users\vlade\IntelliJ IDEA 2022.2.4\bin -Dfile.encoding=UTF-8 -Dsun.stdout.encoding=UTF-8 -Dsun.stderr.encoding=UTF-8 
java_command: kursovoi.mestopolozhenie_po_zasechkam.MestopolozheniePoZasechkamApplication
java_class_path (initial): C:\Users\vlade\IdeaProjects\Mestopolozhenie_po_zasechkam\target\classes;C:\Users\vlade\.m2\repository\org\springframework\boot\spring-boot-starter-data-jpa\3.0.0\spring-boot-starter-data-jpa-3.0.0.jar;C:\Users\vlade\.m2\repository\org\springframework\boot\spring-boot-starter-aop\3.0.0\spring-boot-starter-aop-3.0.0.jar;C:\Users\vlade\.m2\repository\org\springframework\spring-aop\6.0.2\spring-aop-6.0.2.jar;C:\Users\vlade\.m2\repository\org\aspectj\aspectjweaver\1.9.9.1\aspectjweaver-1.9.9.1.jar;C:\Users\vlade\.m2\repository\org\springframework\boot\spring-boot-starter-jdbc\3.0.0\spring-boot-starter-jdbc-3.0.0.jar;C:\Users\vlade\.m2\repository\com\zaxxer\HikariCP\5.0.1\HikariCP-5.0.1.jar;C:\Users\vlade\.m2\repository\org\springframework\spring-jdbc\6.0.2\spring-jdbc-6.0.2.jar;C:\Users\vlade\.m2\repository\org\hibernate\orm\hibernate-core\6.1.5.Final\hibernate-core-6.1.5.Final.jar;C:\Users\vlade\.m2\repository\jakarta\persistence\jakarta.persistence-api\3.1.0\jakarta.persistence-api-3.1.0.jar;C:\Users\vlade\.m2\repository\jakarta\transaction\jakarta.transaction-api\2.0.1\jakarta.transaction-api-2.0.1.jar;C:\Users\vlade\.m2\repository\org\jboss\logging\jboss-logging\3.5.0.Final\jboss-logging-3.5.0.Final.jar;C:\Users\vlade\.m2\repository\org\hibernate\common\hibernate-commons-annotations\6.0.2.Final\hibernate-commons-annotations-6.0.2.Final.jar;C:\Users\vlade\.m2\repository\org\jboss\jandex\2.4.2.Final\jandex-2.4.2.Final.jar;C:\Users\vlade\.m2\repository\com\fasterxml\classmate\1.5.1\classmate-1.5.1.jar;C:\Users\vlade\.m2\repository\net\bytebuddy\byte-buddy\1.12.19\byte-buddy-1.12.19.jar;C:\Users\vlade\.m2\repository\org\glassfish\jaxb\jaxb-runtime\4.0.1\jaxb-runtime-4.0.1.jar;C:\Users\vlade\.m2\repository\org\glassfish\jaxb\jaxb-core\4.0.1\jaxb-core-4.0.1.jar;C:\Users\vlade\.m2\repository\org\eclipse\angus\angus-activation\1.0.0\angus-activation-1.0.0.jar;C:\Users\vlade\.m2\repository\org\glassfish\jaxb\txw2\4.0.1\txw2-4.0.1.jar;C:\Users\vlade\.m2\repository\com\sun\istack\istack-commons-runtime\4.1.1\istack-commons-runtime-4.1.1.jar;C:\Users\vlade\.m2\repository\jakarta\inject\jakarta.inject-api\2.0.0\jakarta.inject-api-2.0.0.jar;C:\Users\vlade\.m2\repository\org\antlr\antlr4-runtime\4.10.1\antlr4-runtime-4.10.1.jar;C:\Users\vlade\.m2\repository\org\springframework\data\spring-data-jpa\3.0.0\spring-data-jpa-3.0.0.jar;C:\Users\vlade\.m2\repository\org\springframework\data\spring-data-commons\3.0.0\spring-data-commons-3.0.0.jar;C:\Users\vlade\.m2\repository\org\springframework\spring-orm\6.0.2\spring-orm-6.0.2.jar;C:\Users\vlade\.m2\repository\org\springframework\spring-context\6.0.2\spring-context-6.0.2.jar;C:\Users\vlade\.m2\repository\org\springframework\spring-tx\6.0.2\spring-tx-6.0.2.jar;C:\Users\vlade\.m2\repository\org\springframework\spring-beans\6.0.2\spring-beans-6.0.2.jar;C:\Users\vlade\.m2\repository\jakarta\annotation\jakarta.annotation-api\2.1.1\jakarta.annotation-api-2.1.1.jar;C:\Users\vlade\.m2\repository\org\slf4j\slf4j-api\2.0.4\slf4j-api-2.0.4.jar;C:\Users\vlade\.m2\repository\org\springframework\spring-aspects\6.0.2\spring-aspects-6.0.2.jar;C:\Users\vlade\.m2\repository\org\springframework\boot\spring-boot-starter-freemarker\3.0.0\spring-boot-starter-freemarker-3.0.0.jar;C:\Users\vlade\.m2\repository\org\springframework\boot\spring-boot-starter\3.0.0\spring-boot-starter-3.0.0.jar;C:\Users\vlade\.m2\repository\org\springframework\boot\spring-boot\3.0.0\spring-boot-3.0.0.jar;C:\Users\vlade\.m2\repository\org\springframework\boot\spring-boot-autoconfigure\3.0.0\spring-boot-autoconfigure-3.0.0.jar;C:\Users\vlade\.m2\repository\org\springframework\boot\spring-boot-starter-logging\3.0.0\spring-boot-starter-logging-3.0.0.jar;C:\Users\vlade\.m2\repository\ch\qos\logback\logback-classic\1.4.5\logback-classic-1.4.5.jar;C:\Users\vlade\.m2\repository\ch\qos\logback\logback-core\1.4.5\logback-core-1.4.5.jar;C:\Users\vlade\.m2\repository\org\apache\logging\log4j\log4j-to-slf4j\2.19.0\log4j-to-slf4j-2.19.0.jar;C:\Users\vlade\.m2\repository\org\apache\logging\log4j\log4j-api\2.19.0\log4j-api-2.19.0.jar;C:\Users\vlade\.m2\repository\org\slf4j\jul-to-slf4j\2.0.4\jul-to-slf4j-2.0.4.jar;C:\Users\vlade\.m2\repository\org\yaml\snakeyaml\1.33\snakeyaml-1.33.jar;C:\Users\vlade\.m2\repository\org\freemarker\freemarker\2.3.31\freemarker-2.3.31.jar;C:\Users\vlade\.m2\repository\org\springframework\spring-context-support\6.0.2\spring-context-support-6.0.2.jar;C:\Users\vlade\.m2\repository\org\springframework\boot\spring-boot-starter-web\3.0.0\spring-boot-starter-web-3.0.0.jar;C:\Users\vlade\.m2\repository\org\springframework\boot\spring-boot-starter-json\3.0.0\spring-boot-starter-json-3.0.0.jar;C:\Users\vlade\.m2\repository\com\fasterxml\jackson\core\jackson-databind\2.14.1\jackson-databind-2.14.1.jar;C:\Users\vlade\.m2\repository\com\fasterxml\jackson\core\jackson-annotations\2.14.1\jackson-annotations-2.14.1.jar;C:\Users\vlade\.m2\repository\com\fasterxml\jackson\core\jackson-core\2.14.1\jackson-core-2.14.1.jar;C:\Users\vlade\.m2\repository\com\fasterxml\jackson\datatype\jackson-datatype-jdk8\2.14.1\jackson-datatype-jdk8-2.14.1.jar;C:\Users\vlade\.m2\repository\com\fasterxml\jackson\datatype\jackson-datatype-jsr310\2.14.1\jackson-datatype-jsr310-2.14.1.jar;C:\Users\vlade\.m2\repository\com\fasterxml\jackson\module\jackson-module-parameter-names\2.14.1\jackson-module-parameter-names-2.14.1.jar;C:\Users\vlade\.m2\repository\org\springframework\boot\spring-boot-starter-tomcat\3.0.0\spring-boot-starter-tomcat-3.0.0.jar;C:\Users\vlade\.m2\repository\org\apache\tomcat\embed\tomcat-embed-core\10.1.1\tomcat-embed-core-10.1.1.jar;C:\Users\vlade\.m2\repository\org\apache\tomcat\embed\tomcat-embed-el\10.1.1\tomcat-embed-el-10.1.1.jar;C:\Users\vlade\.m2\repository\org\apache\tomcat\embed\tomcat-embed-websocket\10.1.1\tomcat-embed-websocket-10.1.1.jar;C:\Users\vlade\.m2\repository\org\springframework\spring-web\6.0.2\spring-web-6.0.2.jar;C:\Users\vlade\.m2\repository\io\micrometer\micrometer-observation\1.10.2\micrometer-observation-1.10.2.jar;C:\Users\vlade\.m2\repository\io\micrometer\micrometer-commons\1.10.2\micrometer-commons-1.10.2.jar;C:\Users\vlade\.m2\repository\org\springframework\spring-webmvc\6.0.2\spring-webmvc-6.0.2.jar;C:\Users\vlade\.m2\repository\org\springframework\spring-expression\6.0.2\spring-expression-6.0.2.jar;C:\Users\vlade\.m2\repository\org\postgresql\postgresql\42.5.1\postgresql-42.5.1.jar;C:\Users\vlade\.m2\repository\org\checkerframework\checker-qual\3.5.0\checker-qual-3.5.0.jar;C:\Users\vlade\.m2\repository\org\projectlombok\lombok\1.18.24\lombok-1.18.24.jar;C:\Users\vlade\.m2\repository\jakarta\xml\bind\jakarta.xml.bind-api\4.0.0\jakarta.xml.bind-api-4.0.0.jar;C:\Users\vlade\.m2\repository\jakarta\activation\jakarta.activation-api\2.1.0\jakarta.activation-api-2.1.0.jar;C:\Users\vlade\.m2\repository\org\springframework\spring-core\6.0.2\spring-core-6.0.2.jar;C:\Users\vlade\.m2\repository\org\springframework\spring-jcl\6.0.2\spring-jcl-6.0.2.jar
Launcher Type: SUN_STANDARD

[Global flags]
     intx CICompilerCount                          = 4                                         {product} {ergonomic}
     uint ConcGCThreads                            = 2                                         {product} {ergonomic}
     uint G1ConcRefinementThreads                  = 8                                         {product} {ergonomic}
   size_t G1HeapRegionSize                         = 2097152                                   {product} {ergonomic}
    uintx GCDrainStackTargetSize                   = 64                                        {product} {ergonomic}
   size_t InitialHeapSize                          = 167772160                                 {product} {ergonomic}
     bool ManagementServer                         = true                                      {product} {command line}
   size_t MarkStackSize                            = 4194304                                   {product} {ergonomic}
   size_t MaxHeapSize                              = 2669674496                                {product} {ergonomic}
   size_t MaxNewSize                               = 1600126976                                {product} {ergonomic}
   size_t MinHeapDeltaBytes                        = 2097152                                   {product} {ergonomic}
   size_t MinHeapSize                              = 8388608                                   {product} {ergonomic}
    uintx NonProfiledCodeHeapSize                  = 0                                      {pd product} {ergonomic}
     bool ProfileInterpreter                       = false                                  {pd product} {command line}
    uintx ProfiledCodeHeapSize                     = 0                                      {pd product} {ergonomic}
   size_t SoftMaxHeapSize                          = 2669674496                             {manageable} {ergonomic}
     intx TieredStopAtLevel                        = 1                                         {product} {command line}
     bool UseCompressedClassPointers               = true                           {product lp64_product} {ergonomic}
     bool UseCompressedOops                        = true                           {product lp64_product} {ergonomic}
     bool UseG1GC                                  = true                                      {product} {ergonomic}
     bool UseLargePagesIndividualAllocation        = false                                  {pd product} {ergonomic}

Logging:
Log output configuration:
 #0: stdout all=warning uptime,level,tags foldmultilines=false
 #1: stderr all=off uptime,level,tags foldmultilines=false

Environment Variables:
PATH=C:\Windows\system32;C:\Windows;C:\Windows\System32\Wbem;C:\Windows\System32\WindowsPowerShell\v1.0\;C:\Windows\System32\OpenSSH\;C:\Program Files (x86)\dotnet\;C:\Users\vlade\AppData\Local\Microsoft\WindowsApps;;C:\Users\vlade\IntelliJ IDEA 2022.2.4\bin;
USERNAME=vlade
OS=Windows_NT
PROCESSOR_IDENTIFIER=AMD64 Family 23 Model 24 Stepping 1, AuthenticAMD
TMP=C:\Users\vlade\AppData\Local\Temp
TEMP=C:\Users\vlade\AppData\Local\Temp



---------------  S Y S T E M  ---------------

OS:
 Windows 11 , 64 bit Build 22000 (10.0.22000.1219)
OS uptime: 0 days 4:05 hours
Hyper-V role detected

CPU: total 8 (initial active 8) (8 cores per cpu, 2 threads per core) family 23 model 24 stepping 1 microcode 0x0, cx8, cmov, fxsr, ht, mmx, 3dnowpref, sse, sse2, sse3, ssse3, sse4a, sse4.1, sse4.2, popcnt, lzcnt, tsc, tscinvbit, avx, avx2, aes, clmul, bmi1, bmi2, adx, sha, fma, vzeroupper, clflush, clflushopt, hv, rdtscp

Memory: 4k page, system-wide physical 10177M (1809M free)
TotalPageFile size 10177M (AvailPageFile size 3M)
current process WorkingSet (physical memory assigned to process): 217M, peak: 217M
current process commit charge ("private bytes"): 277M, peak: 301M

vm_info: OpenJDK 64-Bit Server VM (19.0.1+10-21) for windows-amd64 JRE (19.0.1+10-21), built on 2022-09-14T12:45:06Z by "mach5one" with MS VC++ 17.1 (VS2022)

END.
