#
# There is insufficient memory for the Java Runtime Environment to continue.
# Native memory allocation (mmap) failed to map 27262976 bytes for G1 virtual space
# Possible reasons:
#   The system is out of physical RAM or swap space
#   The process is running with CompressedOops enabled, and the Java Heap may be blocking the growth of the native heap
# Possible solutions:
#   Reduce memory load on the system
#   Increase physical memory or swap space
#   Check if swap backing store is full
#   Decrease Java heap size (-Xmx/-Xms)
#   Decrease number of Java threads
#   Decrease Java thread stack sizes (-Xss)
#   Set larger code cache with -XX:ReservedCodeCacheSize=
#   JVM is running with Zero Based Compressed Oops mode in which the Java heap is
#     placed in the first 32GB address space. The Java Heap base address is the
#     maximum limit for the native heap growth. Please use -XX:HeapBaseMinAddress
#     to set the Java Heap base and to place the Java Heap above 32GB virtual address.
# This output file may be truncated or incomplete.
#
#  Out of Memory Error (os_windows.cpp:3527), pid=10928, tid=13120
#
# JRE version: OpenJDK Runtime Environment (19.0.1+10) (build 19.0.1+10-21)
# Java VM: OpenJDK 64-Bit Server VM (19.0.1+10-21, mixed mode, emulated-client, sharing, tiered, compressed oops, compressed class ptrs, g1 gc, windows-amd64)
# No core dump will be written. Minidumps are not enabled by default on client versions of Windows
#

---------------  S U M M A R Y ------------

Command Line: -XX:TieredStopAtLevel=1 -Dspring.output.ansi.enabled=always -Dcom.sun.management.jmxremote -Dspring.jmx.enabled=true -Dspring.liveBeansView.mbeanDomain -Dspring.application.admin.enabled=true -javaagent:C:\Users\vlade\IntelliJ IDEA 2022.2.4\lib\idea_rt.jar=53805:C:\Users\vlade\IntelliJ IDEA 2022.2.4\bin -Dfile.encoding=UTF-8 -Dsun.stdout.encoding=UTF-8 -Dsun.stderr.encoding=UTF-8 kursovoi.mestopolozhenie_po_zasechkam.MestopolozheniePoZasechkamApplication

Host: AMD Ryzen 5 3500U with Radeon Vega Mobile Gfx  , 8 cores, 9G,  Windows 11 , 64 bit Build 22000 (10.0.22000.1219)
Time: Sun Dec  4 20:12:46 2022 RTZ 2 (s 11 , 64 bit Build 22000 (10.0.22000.1219) elapsed time: 4.982364 seconds (0d 0h 0m 4s)

---------------  T H R E A D  ---------------

Current thread (0x000002bb72e2a6d0):  VMThread "VM Thread" [stack: 0x000000caf8600000,0x000000caf8700000] [id=13120]

Stack: [0x000000caf8600000,0x000000caf8700000]
Native frames: (J=compiled Java code, j=interpreted, Vv=VM code, C=native code)
V  [jvm.dll+0x6ee8fa]
V  [jvm.dll+0x857a1e]
V  [jvm.dll+0x85940e]
V  [jvm.dll+0x859ac3]
V  [jvm.dll+0x28291f]
V  [jvm.dll+0x6eb6e9]
V  [jvm.dll+0x6e028a]
V  [jvm.dll+0x357136]
V  [jvm.dll+0x35eb96]
V  [jvm.dll+0x3b555e]
V  [jvm.dll+0x3b578f]
V  [jvm.dll+0x32c6ea]
V  [jvm.dll+0x32c797]
V  [jvm.dll+0x374b52]
V  [jvm.dll+0x37328f]
V  [jvm.dll+0x32bf10]
V  [jvm.dll+0x37282b]
V  [jvm.dll+0x85ef83]
V  [jvm.dll+0x85fd49]
V  [jvm.dll+0x86027d]
V  [jvm.dll+0x86070b]
V  [jvm.dll+0x8607c7]
V  [jvm.dll+0x8015fa]
V  [jvm.dll+0x6ed5eb]
C  [ucrtbase.dll+0x26c0c]
C  [KERNEL32.DLL+0x15550]
C  [ntdll.dll+0x485b]

VM_Operation (0x000000caf80fb2e0): G1CollectForAllocation, mode: safepoint, requested by thread 0x000002bb5f4e7590


---------------  P R O C E S S  ---------------

Threads class SMR info:
_java_thread_list=0x000002bb77bdc020, length=19, elements={
0x000002bb5f4e7590, 0x000002bb72e43570, 0x000002bb72e45d60, 0x000002bb72e4ebd0,
0x000002bb72e4f2b0, 0x000002bb72e4f7f0, 0x000002bb72e52080, 0x000002bb72e55c60,
0x000002bb72e56380, 0x000002bb72e14b60, 0x000002bb77072e70, 0x000002bb770733f0,
0x000002bb77073970, 0x000002bb773e8af0, 0x000002bb773e9030, 0x000002bb77578280,
0x000002bb781def90, 0x000002bb7889cc20, 0x000002bb7889d160
}

Java Threads: ( => current thread )
  0x000002bb5f4e7590 JavaThread "main" [_thread_blocked, id=3896, stack(0x000000caf8000000,0x000000caf8100000)]
  0x000002bb72e43570 JavaThread "Reference Handler" daemon [_thread_blocked, id=11276, stack(0x000000caf8700000,0x000000caf8800000)]
  0x000002bb72e45d60 JavaThread "Finalizer" daemon [_thread_blocked, id=6544, stack(0x000000caf8800000,0x000000caf8900000)]
  0x000002bb72e4ebd0 JavaThread "Signal Dispatcher" daemon [_thread_blocked, id=13748, stack(0x000000caf8900000,0x000000caf8a00000)]
  0x000002bb72e4f2b0 JavaThread "Attach Listener" daemon [_thread_blocked, id=13456, stack(0x000000caf8a00000,0x000000caf8b00000)]
  0x000002bb72e4f7f0 JavaThread "Service Thread" daemon [_thread_blocked, id=14324, stack(0x000000caf8b00000,0x000000caf8c00000)]
  0x000002bb72e52080 JavaThread "Monitor Deflation Thread" daemon [_thread_blocked, id=8164, stack(0x000000caf8c00000,0x000000caf8d00000)]
  0x000002bb72e55c60 JavaThread "C1 CompilerThread0" daemon [_thread_blocked, id=12988, stack(0x000000caf8d00000,0x000000caf8e00000)]
  0x000002bb72e56380 JavaThread "Sweeper thread" daemon [_thread_blocked, id=10540, stack(0x000000caf8e00000,0x000000caf8f00000)]
  0x000002bb72e14b60 JavaThread "Common-Cleaner" daemon [_thread_blocked, id=6696, stack(0x000000caf8f00000,0x000000caf9000000)]
  0x000002bb77072e70 JavaThread "C1 CompilerThread1" daemon [_thread_blocked, id=1928, stack(0x000000caf9000000,0x000000caf9100000)]
  0x000002bb770733f0 JavaThread "C1 CompilerThread2" daemon [_thread_blocked, id=11324, stack(0x000000caf9100000,0x000000caf9200000)]
  0x000002bb77073970 JavaThread "C1 CompilerThread3" daemon [_thread_blocked, id=9228, stack(0x000000caf9200000,0x000000caf9300000)]
  0x000002bb773e8af0 JavaThread "Monitor Ctrl-Break" daemon [_thread_in_native, id=4852, stack(0x000000caf9300000,0x000000caf9400000)]
  0x000002bb773e9030 JavaThread "Notification Thread" daemon [_thread_blocked, id=12316, stack(0x000000caf9400000,0x000000caf9500000)]
  0x000002bb77578280 JavaThread "RMI TCP Accept-0" daemon [_thread_in_native, id=11364, stack(0x000000caf9500000,0x000000caf9600000)]
  0x000002bb781def90 JavaThread "Catalina-utility-1" [_thread_blocked, id=8800, stack(0x000000caf9f00000,0x000000cafa000000)]
  0x000002bb7889cc20 JavaThread "Catalina-utility-2" [_thread_blocked, id=12376, stack(0x000000cafa000000,0x000000cafa100000)]
  0x000002bb7889d160 JavaThread "container-0" [_thread_blocked, id=10576, stack(0x000000cafa100000,0x000000cafa200000)]

Other Threads:
=>0x000002bb72e2a6d0 VMThread "VM Thread" [stack: 0x000000caf8600000,0x000000caf8700000] [id=13120]
  0x000002bb5f4e8470 WatcherThread "VM Periodic Task Thread" [stack: 0x000000caf9600000,0x000000caf9700000] [id=9524]
  0x000002bb5f53ee60 WorkerThread "GC Thread#0" [stack: 0x000000caf8100000,0x000000caf8200000] [id=9132]
  0x000002bb7793d070 WorkerThread "GC Thread#1" [stack: 0x000000caf9700000,0x000000caf9800000] [id=10972]
  0x000002bb7793d340 WorkerThread "GC Thread#2" [stack: 0x000000caf9800000,0x000000caf9900000] [id=3424]
  0x000002bb7797ceb0 WorkerThread "GC Thread#3" [stack: 0x000000caf9900000,0x000000caf9a00000] [id=13892]
  0x000002bb7797d180 WorkerThread "GC Thread#4" [stack: 0x000000caf9a00000,0x000000caf9b00000] [id=5088]
  0x000002bb7797e580 WorkerThread "GC Thread#5" [stack: 0x000000caf9b00000,0x000000caf9c00000] [id=13136]
  0x000002bb7797e850 WorkerThread "GC Thread#6" [stack: 0x000000caf9c00000,0x000000caf9d00000] [id=5648]
  0x000002bb7797dd10 WorkerThread "GC Thread#7" [stack: 0x000000caf9e00000,0x000000caf9f00000] [id=7420]
  0x000002bb5f549fd0 ConcurrentGCThread "G1 Main Marker" [stack: 0x000000caf8200000,0x000000caf8300000] [id=6128]
  0x000002bb5f54c050 WorkerThread "G1 Conc#0" [stack: 0x000000caf8300000,0x000000caf8400000] [id=7120]
  0x000002bb7797dfe0 WorkerThread "G1 Conc#1" [stack: 0x000000caf9d00000,0x000000caf9e00000] [id=11072]
  0x000002bb5f5adca0 ConcurrentGCThread "G1 Refine#0" [stack: 0x000000caf8400000,0x000000caf8500000] [id=10356]
  0x000002bb5f5ae680 ConcurrentGCThread "G1 Service" [stack: 0x000000caf8500000,0x000000caf8600000] [id=4028]

Threads with active compile tasks:

VM state: at safepoint (normal execution)

VM Mutex/Monitor currently owned by a thread:  ([mutex/lock_event])
[0x000002bb5f4e2610] Threads_lock - owner thread: 0x000002bb72e2a6d0
[0x000002bb5f4e2cd0] Heap_lock - owner thread: 0x000002bb5f4e7590

Heap address: 0x0000000760e00000, size: 2546 MB, Compressed Oops mode: Zero based, Oop shift amount: 3

CDS archive(s) mapped at: [0x0000000800000000-0x0000000800c30000-0x0000000800c30000), size 12779520, SharedBaseAddress: 0x0000000800000000, ArchiveRelocationMode: 0.
Compressed class space mapped at: 0x0000000801000000-0x0000000841000000, reserved size: 1073741824
Narrow klass base: 0x0000000800000000, Narrow klass shift: 0, Narrow klass range: 0x100000000

GC Precious Log:
 CardTable entry size: 512
 Card Set container configuration: InlinePtr #cards 4 size 8 Array Of Cards #cards 16 size 48 Howl #buckets 8 coarsen threshold 3686 Howl Bitmap #cards 512 size 80 coarsen threshold 460 Card regions per heap region 1 cards per card region 4096
 CPUs: 8 total, 8 available
 Memory: 10177M
 Large Page Support: Disabled
 NUMA Support: Disabled
 Compressed Oops: Enabled (Zero based)
 Heap Region Size: 2M
 Heap Min Capacity: 8M
 Heap Initial Capacity: 160M
 Heap Max Capacity: 2546M
 Pre-touch: Disabled
 Parallel Workers: 8
 Concurrent Workers: 2
 Concurrent Refinement Workers: 8
 Periodic GC: Disabled

Heap:
 garbage-first heap   total 55296K, used 16670K [0x0000000760e00000, 0x0000000800000000)
  region size 2048K, 1 young (2048K), 1 survivors (2048K)
 Metaspace       used 29928K, committed 30464K, reserved 1114112K
  class space    used 3943K, committed 4160K, reserved 1048576K

Heap Regions: E=young(eden), S=young(survivor), O=old, HS=humongous(starts), HC=humongous(continues), CS=collection set, F=free, OA=open archive, CA=closed archive, TAMS=top-at-mark-start (previous, next)
|   0|0x0000000760e00000, 0x0000000761000000, 0x0000000761000000|100%| O|  |TAMS 0x0000000761000000, 0x0000000760e00000| Untracked 
|   1|0x0000000761000000, 0x0000000761200000, 0x0000000761200000|100%| O|  |TAMS 0x0000000761200000, 0x0000000761000000| Untracked 
|   2|0x0000000761200000, 0x0000000761400000, 0x0000000761400000|100%| O|  |TAMS 0x0000000761400000, 0x0000000761200000| Untracked 
|   3|0x0000000761400000, 0x0000000761400000, 0x0000000761600000|  0%| F|  |TAMS 0x0000000761400000, 0x0000000761400000| Untracked 
|   4|0x0000000761600000, 0x0000000761800000, 0x0000000761800000|100%| O|  |TAMS 0x0000000761600000, 0x0000000761600000| Untracked 
|   5|0x0000000761800000, 0x0000000761a00000, 0x0000000761a00000|100%| O|  |TAMS 0x0000000761800000, 0x0000000761800000| Untracked 
|   6|0x0000000761a00000, 0x0000000761c00000, 0x0000000761c00000|100%| O|  |TAMS 0x0000000761a00000, 0x0000000761a00000| Untracked 
|   7|0x0000000761c00000, 0x0000000761e00000, 0x0000000761e00000|100%| O|  |TAMS 0x0000000761c00000, 0x0000000761c00000| Untracked 
|   8|0x0000000761e00000, 0x0000000761e5fa00, 0x0000000762000000| 18%| O|  |TAMS 0x0000000761e00000, 0x0000000761e00000| Untracked 
|   9|0x0000000762000000, 0x0000000762000000, 0x0000000762200000|  0%| F|  |TAMS 0x0000000762000000, 0x0000000762000000| Untracked 
|  10|0x0000000762200000, 0x0000000762200000, 0x0000000762400000|  0%| F|  |TAMS 0x0000000762200000, 0x0000000762200000| Untracked 
|  11|0x0000000762400000, 0x0000000762400000, 0x0000000762600000|  0%| F|  |TAMS 0x0000000762400000, 0x0000000762400000| Untracked 
|  12|0x0000000762600000, 0x0000000762600000, 0x0000000762800000|  0%| F|  |TAMS 0x0000000762600000, 0x0000000762600000| Untracked 
|  13|0x0000000762800000, 0x0000000762800000, 0x0000000762a00000|  0%| F|  |TAMS 0x0000000762800000, 0x0000000762800000| Untracked 
|  14|0x0000000762a00000, 0x0000000762a00000, 0x0000000762c00000|  0%| F|  |TAMS 0x0000000762a00000, 0x0000000762a00000| Untracked 
|  15|0x0000000762c00000, 0x0000000762c00000, 0x0000000762e00000|  0%| F|  |TAMS 0x0000000762c00000, 0x0000000762c00000| Untracked 
|  16|0x0000000762e00000, 0x0000000762fe7f78, 0x0000000763000000| 95%| S|CS|TAMS 0x0000000762e00000, 0x0000000762e00000| Complete 
|  17|0x0000000763000000, 0x0000000763000000, 0x0000000763200000|  0%| F|  |TAMS 0x0000000763000000, 0x0000000763000000| Untracked 
|  18|0x0000000763200000, 0x0000000763200000, 0x0000000763400000|  0%| F|  |TAMS 0x0000000763200000, 0x0000000763200000| Untracked 
|  19|0x0000000763400000, 0x0000000763400000, 0x0000000763600000|  0%| F|  |TAMS 0x0000000763400000, 0x0000000763400000| Untracked 
|  20|0x0000000763600000, 0x0000000763600000, 0x0000000763800000|  0%| F|  |TAMS 0x0000000763600000, 0x0000000763600000| Untracked 
|  21|0x0000000763800000, 0x0000000763800000, 0x0000000763a00000|  0%| F|  |TAMS 0x0000000763800000, 0x0000000763800000| Untracked 
|  22|0x0000000763a00000, 0x0000000763a00000, 0x0000000763c00000|  0%| F|  |TAMS 0x0000000763a00000, 0x0000000763a00000| Untracked 
|  51|0x0000000767400000, 0x0000000767400000, 0x0000000767600000|  0%| F|  |TAMS 0x0000000767400000, 0x0000000767400000| Untracked 
|  52|0x0000000767600000, 0x0000000767600000, 0x0000000767800000|  0%| F|  |TAMS 0x0000000767600000, 0x0000000767600000| Untracked 
|  53|0x0000000767800000, 0x0000000767800000, 0x0000000767a00000|  0%| F|  |TAMS 0x0000000767800000, 0x0000000767800000| Untracked 
|  79|0x000000076ac00000, 0x000000076ac00000, 0x000000076ae00000|  0%| F|  |TAMS 0x000000076ac00000, 0x000000076ac00000| Untracked 

Card table byte_map: [0x000002bb6aa50000,0x000002bb6af50000] _byte_map_base: 0x000002bb66f49000

Marking Bits (Prev, Next): (CMBitMap*) 0x000002bb5f53f4d0, (CMBitMap*) 0x000002bb5f53f490
 Prev Bits: [0x000002bb6dc20000, 0x000002bb703e8000)
 Next Bits: [0x000002bb6b450000, 0x000002bb6dc18000)

Polling page: 0x000002bb5d4c0000

Metaspace:

Usage:
  Non-class:     25.38 MB used.
      Class:      3.85 MB used.
       Both:     29.23 MB used.

Virtual space:
  Non-class space:       64.00 MB reserved,      25.69 MB ( 40%) committed,  1 nodes.
      Class space:        1.00 GB reserved,       4.06 MB ( <1%) committed,  1 nodes.
             Both:        1.06 GB reserved,      29.75 MB (  3%) committed. 

Chunk freelists:
   Non-Class:  1.55 MB
       Class:  3.88 MB
        Both:  5.43 MB

MaxMetaspaceSize: unlimited
CompressedClassSpaceSize: 1.00 GB
Initial GC threshold: 21.00 MB
Current GC threshold: 35.12 MB
CDS: on
MetaspaceReclaimPolicy: balanced
 - commit_granule_bytes: 65536.
 - commit_granule_words: 8192.
 - virtual_space_node_default_size: 8388608.
 - enlarge_chunks_in_place: 1.
 - new_chunks_are_fully_committed: 0.
 - uncommit_free_chunks: 1.
 - use_allocation_guard: 0.


Internal statistics:

num_allocs_failed_limit: 3.
num_arena_births: 646.
num_arena_deaths: 0.
num_vsnodes_births: 2.
num_vsnodes_deaths: 0.
num_space_committed: 476.
num_space_uncommitted: 0.
num_chunks_returned_to_freelist: 3.
num_chunks_taken_from_freelist: 1611.
num_chunk_merges: 3.
num_chunk_splits: 1152.
num_chunks_enlarged: 897.
num_inconsistent_stats: 0.

CodeCache: size=49152Kb used=8606Kb max_used=8606Kb free=40545Kb
 bounds [0x000002bb67440000, 0x000002bb67cb0000, 0x000002bb6a440000]
 total_blobs=4165 nmethods=3639 adapters=447
 compilation: enabled
              stopped_count=0, restarted_count=0
 full_count=0

Compilation events (20 events):
Event: 4.611 Thread 0x000002bb77073970 3628       1       java.util.ArrayList::elementAt (4 bytes)
Event: 4.612 Thread 0x000002bb77073970 nmethod 3628 0x000002bb67ca2e90 code [0x000002bb67ca3020, 0x000002bb67ca30f8]
Event: 4.612 Thread 0x000002bb770733f0 nmethod 3626 0x000002bb67ca3190 code [0x000002bb67ca33a0, 0x000002bb67ca3798]
Event: 4.612 Thread 0x000002bb77072e70 nmethod 3627 0x000002bb67ca3990 code [0x000002bb67ca3c00, 0x000002bb67ca4188]
Event: 4.613 Thread 0x000002bb77072e70 3629       1       org.springframework.beans.factory.support.AbstractBeanFactory::getBeanPostProcessors (5 bytes)
Event: 4.613 Thread 0x000002bb77072e70 nmethod 3629 0x000002bb67ca4590 code [0x000002bb67ca4720, 0x000002bb67ca47f8]
Event: 4.613 Thread 0x000002bb77072e70 3630       1       java.lang.invoke.DirectMethodHandle$Holder::invokeStatic (24 bytes)
Event: 4.613 Thread 0x000002bb77072e70 nmethod 3630 0x000002bb67ca4890 code [0x000002bb67ca4a40, 0x000002bb67ca4b78]
Event: 4.637 Thread 0x000002bb72e55c60 3631   !   1       jdk.proxy2.$Proxy38::annotationType (29 bytes)
Event: 4.637 Thread 0x000002bb72e55c60 nmethod 3631 0x000002bb67ca4c90 code [0x000002bb67ca4e40, 0x000002bb67ca5058]
Event: 4.703 Thread 0x000002bb77072e70 3635       1       java.lang.invoke.LambdaForm::arity (5 bytes)
Event: 4.703 Thread 0x000002bb77072e70 nmethod 3635 0x000002bb67ca6090 code [0x000002bb67ca6220, 0x000002bb67ca62d8]
Event: 4.770 Thread 0x000002bb77072e70 3636       1       jdk.internal.loader.ClassLoaders::bootLoader (4 bytes)
Event: 4.770 Thread 0x000002bb77072e70 nmethod 3636 0x000002bb67ca6390 code [0x000002bb67ca6520, 0x000002bb67ca65d8]
Event: 4.951 Thread 0x000002bb770733f0 3637       1       java.lang.Object::<init> (1 bytes)
Event: 4.952 Thread 0x000002bb770733f0 nmethod 3637 0x000002bb67ca6690 code [0x000002bb67ca6820, 0x000002bb67ca68f8]
Event: 4.965 Thread 0x000002bb770733f0 3638       1       java.lang.invoke.LambdaFormBuffer::endEdit (313 bytes)
Event: 4.967 Thread 0x000002bb770733f0 nmethod 3638 0x000002bb67ca6990 code [0x000002bb67ca6ba0, 0x000002bb67ca7338]
Event: 4.971 Thread 0x000002bb770733f0 3639       1       java.lang.Class::getDeclaredMethods (27 bytes)
Event: 4.972 Thread 0x000002bb770733f0 nmethod 3639 0x000002bb67ca7690 code [0x000002bb67ca7840, 0x000002bb67ca7938]

GC Heap History (11 events):
Event: 1.227 GC heap before
{Heap before GC invocations=0 (full 0):
 garbage-first heap   total 163840K, used 20480K [0x0000000760e00000, 0x0000000800000000)
  region size 2048K, 11 young (22528K), 0 survivors (0K)
 Metaspace       used 7429K, committed 7680K, reserved 1114112K
  class space    used 890K, committed 1024K, reserved 1048576K
}
Event: 1.237 GC heap after
{Heap after GC invocations=1 (full 0):
 garbage-first heap   total 163840K, used 6616K [0x0000000760e00000, 0x0000000800000000)
  region size 2048K, 2 young (4096K), 2 survivors (4096K)
 Metaspace       used 7429K, committed 7680K, reserved 1114112K
  class space    used 890K, committed 1024K, reserved 1048576K
}
Event: 1.922 GC heap before
{Heap before GC invocations=1 (full 0):
 garbage-first heap   total 163840K, used 29144K [0x0000000760e00000, 0x0000000800000000)
  region size 2048K, 14 young (28672K), 2 survivors (4096K)
 Metaspace       used 13456K, committed 13760K, reserved 1114112K
  class space    used 1686K, committed 1856K, reserved 1048576K
}
Event: 1.930 GC heap after
{Heap after GC invocations=2 (full 0):
 garbage-first heap   total 163840K, used 8891K [0x0000000760e00000, 0x0000000800000000)
  region size 2048K, 2 young (4096K), 2 survivors (4096K)
 Metaspace       used 13456K, committed 13760K, reserved 1114112K
  class space    used 1686K, committed 1856K, reserved 1048576K
}
Event: 3.071 GC heap before
{Heap before GC invocations=2 (full 0):
 garbage-first heap   total 163840K, used 53947K [0x0000000760e00000, 0x0000000800000000)
  region size 2048K, 26 young (53248K), 2 survivors (4096K)
 Metaspace       used 21239K, committed 21504K, reserved 1114112K
  class space    used 2749K, committed 2880K, reserved 1048576K
}
Event: 3.084 GC heap after
{Heap after GC invocations=3 (full 0):
 garbage-first heap   total 163840K, used 12118K [0x0000000760e00000, 0x0000000800000000)
  region size 2048K, 3 young (6144K), 3 survivors (6144K)
 Metaspace       used 21239K, committed 21504K, reserved 1114112K
  class space    used 2749K, committed 2880K, reserved 1048576K
}
Event: 4.005 GC heap before
{Heap before GC invocations=4 (full 0):
 garbage-first heap   total 55296K, used 38742K [0x0000000760e00000, 0x0000000800000000)
  region size 2048K, 16 young (32768K), 3 survivors (6144K)
 Metaspace       used 25740K, committed 26176K, reserved 1114112K
  class space    used 3406K, committed 3584K, reserved 1048576K
}
Event: 4.030 GC heap after
{Heap after GC invocations=5 (full 0):
 garbage-first heap   total 55296K, used 14616K [0x0000000760e00000, 0x0000000800000000)
  region size 2048K, 2 young (4096K), 2 survivors (4096K)
 Metaspace       used 25740K, committed 26176K, reserved 1114112K
  class space    used 3406K, committed 3584K, reserved 1048576K
}
Event: 4.115 GC heap before
{Heap before GC invocations=5 (full 0):
 garbage-first heap   total 55296K, used 16664K [0x0000000760e00000, 0x0000000800000000)
  region size 2048K, 3 young (6144K), 2 survivors (4096K)
 Metaspace       used 26207K, committed 26624K, reserved 1114112K
  class space    used 3444K, committed 3648K, reserved 1048576K
}
Event: 4.127 GC heap after
{Heap after GC invocations=6 (full 0):
 garbage-first heap   total 55296K, used 15357K [0x0000000760e00000, 0x0000000800000000)
  region size 2048K, 1 young (2048K), 1 survivors (2048K)
 Metaspace       used 26207K, committed 26624K, reserved 1114112K
  class space    used 3444K, committed 3648K, reserved 1048576K
}
Event: 4.977 GC heap before
{Heap before GC invocations=6 (full 0):
 garbage-first heap   total 55296K, used 33789K [0x0000000760e00000, 0x0000000800000000)
  region size 2048K, 10 young (20480K), 1 survivors (2048K)
 Metaspace       used 29928K, committed 30464K, reserved 1114112K
  class space    used 3943K, committed 4160K, reserved 1048576K
}

Dll operation events (14 events):
Event: 0.015 Loaded shared library C:\Users\vlade\IntelliJ IDEA 2022.2.4\.jdks\openjdk-19.0.1\bin\java.dll
Event: 0.037 Loaded shared library C:\Users\vlade\IntelliJ IDEA 2022.2.4\.jdks\openjdk-19.0.1\bin\jsvml.dll
Event: 0.242 Loaded shared library C:\Users\vlade\IntelliJ IDEA 2022.2.4\.jdks\openjdk-19.0.1\bin\zip.dll
Event: 0.245 Loaded shared library C:\Users\vlade\IntelliJ IDEA 2022.2.4\.jdks\openjdk-19.0.1\bin\instrument.dll
Event: 0.254 Loaded shared library C:\Users\vlade\IntelliJ IDEA 2022.2.4\.jdks\openjdk-19.0.1\bin\net.dll
Event: 0.257 Loaded shared library C:\Users\vlade\IntelliJ IDEA 2022.2.4\.jdks\openjdk-19.0.1\bin\nio.dll
Event: 0.261 Loaded shared library C:\Users\vlade\IntelliJ IDEA 2022.2.4\.jdks\openjdk-19.0.1\bin\zip.dll
Event: 0.360 Loaded shared library C:\Users\vlade\IntelliJ IDEA 2022.2.4\bin\breakgen64.dll
Event: 0.369 Loaded shared library C:\Users\vlade\IntelliJ IDEA 2022.2.4\.jdks\openjdk-19.0.1\bin\jimage.dll
Event: 0.377 Loaded shared library C:\Users\vlade\IntelliJ IDEA 2022.2.4\.jdks\openjdk-19.0.1\bin\extnet.dll
Event: 0.397 Loaded shared library C:\Users\vlade\IntelliJ IDEA 2022.2.4\.jdks\openjdk-19.0.1\bin\management.dll
Event: 0.412 Loaded shared library C:\Users\vlade\IntelliJ IDEA 2022.2.4\.jdks\openjdk-19.0.1\bin\management_ext.dll
Event: 1.853 Loaded shared library C:\Users\vlade\IntelliJ IDEA 2022.2.4\.jdks\openjdk-19.0.1\bin\verify.dll
Event: 4.186 Loaded shared library C:\Users\vlade\IntelliJ IDEA 2022.2.4\.jdks\openjdk-19.0.1\bin\sunmscapi.dll

Deoptimization events (8 events):
Event: 0.572 Thread 0x000002bb5f4e7590 DEOPT PACKING pc=0x000002bb67803155 sp=0x000000caf80fd030
Event: 0.572 Thread 0x000002bb5f4e7590 DEOPT UNPACKING pc=0x000002bb674a7543 sp=0x000000caf80fc4e0 mode 3
Event: 0.588 Thread 0x000002bb5f4e7590 DEOPT PACKING pc=0x000002bb6781b6d0 sp=0x000000caf80fd000
Event: 0.588 Thread 0x000002bb5f4e7590 DEOPT UNPACKING pc=0x000002bb674a7543 sp=0x000000caf80fc4b8 mode 3
Event: 1.966 Thread 0x000002bb5f4e7590 DEOPT PACKING pc=0x000002bb67a0ff19 sp=0x000000caf80fd350
Event: 1.967 Thread 0x000002bb5f4e7590 DEOPT UNPACKING pc=0x000002bb674a7543 sp=0x000000caf80fc830 mode 3
Event: 4.411 Thread 0x000002bb5f4e7590 DEOPT PACKING pc=0x000002bb67c67025 sp=0x000000caf80fc4a0
Event: 4.411 Thread 0x000002bb5f4e7590 DEOPT UNPACKING pc=0x000002bb674a7543 sp=0x000000caf80fba08 mode 3

Classes loaded (20 events):
Event: 4.479 Loading class java/util/concurrent/Executors$RunnableAdapter
Event: 4.479 Loading class java/util/concurrent/Executors$RunnableAdapter done
Event: 4.479 Loading class java/util/concurrent/ThreadPoolExecutor$Worker
Event: 4.479 Loading class java/util/concurrent/ThreadPoolExecutor$Worker done
Event: 4.482 Loading class java/util/concurrent/TimeUnit$1
Event: 4.482 Loading class java/util/concurrent/TimeUnit$1 done
Event: 4.484 Loading class java/lang/invoke/DirectMethodHandle$Special
Event: 4.484 Loading class java/lang/invoke/DirectMethodHandle$Special done
Event: 4.491 Loading class jdk/internal/event/ThreadSleepEvent
Event: 4.492 Loading class jdk/internal/event/ThreadSleepEvent done
Event: 4.520 Loading class java/lang/ExceptionInInitializerError
Event: 4.521 Loading class java/lang/ExceptionInInitializerError done
Event: 4.597 Loading class javax/naming/Referenceable
Event: 4.597 Loading class javax/naming/Referenceable done
Event: 4.875 Loading class java/lang/Process
Event: 4.875 Loading class java/lang/Process done
Event: 4.911 Loading class java/lang/reflect/GenericSignatureFormatError
Event: 4.911 Loading class java/lang/reflect/GenericSignatureFormatError done
Event: 4.969 Loading class java/io/Console
Event: 4.969 Loading class java/io/Console done

Classes unloaded (0 events):
No events

Classes redefined (0 events):
No events

Internal exceptions (20 events):
Event: 3.321 Thread 0x000002bb5f4e7590 Exception <a 'java/lang/NoClassDefFoundError'{0x0000000763504558}: org/springframework/batch/core/repository/JobRepository> (0x0000000763504558) 
thrown [s\open\src\hotspot\share\classfile\systemDictionary.cpp, line 244]
Event: 3.321 Thread 0x000002bb5f4e7590 Exception <a 'java/lang/NoClassDefFoundError'{0x0000000763505988}: org/quartz/Scheduler> (0x0000000763505988) 
thrown [s\open\src\hotspot\share\classfile\systemDictionary.cpp, line 244]
Event: 3.321 Thread 0x000002bb5f4e7590 Exception <a 'java/lang/NoClassDefFoundError'{0x0000000763507150}: org/springframework/session/jdbc/JdbcIndexedSessionRepository> (0x0000000763507150) 
thrown [s\open\src\hotspot\share\classfile\systemDictionary.cpp, line 244]
Event: 3.353 Thread 0x000002bb5f4e7590 Exception <a 'java/lang/NoSuchMethodError'{0x00000007635dc0e0}: 'void java.lang.invoke.DirectMethodHandle$Holder.invokeSpecial(java.lang.Object, java.lang.Object, java.lang.Object, java.lang.Object, java.lang.Object, java.lang.Object)'> (0x00000007635dc0e0) 
thrown [s\open\src\hotspot\share\interpreter\linkResolver.cpp, line 774]
Event: 3.360 Thread 0x000002bb5f4e7590 Exception <a 'java/lang/NoSuchMethodError'{0x000000076321d248}: 'void java.lang.invoke.DirectMethodHandle$Holder.invokeVirtual(java.lang.Object, java.lang.Object, int)'> (0x000000076321d248) 
thrown [s\open\src\hotspot\share\interpreter\linkResolver.cpp, line 774]
Event: 3.361 Thread 0x000002bb5f4e7590 Exception <a 'java/lang/NoSuchMethodError'{0x00000007632210b0}: 'int java.lang.invoke.DirectMethodHandle$Holder.invokeSpecial(java.lang.Object, java.lang.Object, java.lang.Object, int)'> (0x00000007632210b0) 
thrown [s\open\src\hotspot\share\interpreter\linkResolver.cpp, line 774]
Event: 3.362 Thread 0x000002bb5f4e7590 Exception <a 'java/lang/NoSuchMethodError'{0x00000007632330c8}: 'java.lang.Object java.lang.invoke.DirectMethodHandle$Holder.invokeStatic(java.lang.Object, java.lang.Object, java.lang.Object, java.lang.Object, int)'> (0x00000007632330c8) 
thrown [s\open\src\hotspot\share\interpreter\linkResolver.cpp, line 774]
Event: 3.363 Thread 0x000002bb5f4e7590 Exception <a 'java/lang/NoSuchMethodError'{0x000000076323df78}: 'void java.lang.invoke.DelegatingMethodHandle$Holder.reinvoke_L(java.lang.Object, java.lang.Object, int)'> (0x000000076323df78) 
thrown [s\open\src\hotspot\share\interpreter\linkResolver.cpp, line 774]
Event: 3.467 Thread 0x000002bb5f4e7590 Exception <a 'java/lang/NoSuchMethodError'{0x000000076313aec0}: 'java.lang.Object java.lang.invoke.DirectMethodHandle$Holder.invokeSpecialIFC(java.lang.Object, java.lang.Object, java.lang.Object)'> (0x000000076313aec0) 
thrown [s\open\src\hotspot\share\interpreter\linkResolver.cpp, line 774]
Event: 3.480 Thread 0x000002bb5f4e7590 Exception <a 'java/lang/NoSuchMethodError'{0x0000000763180f58}: 'java.lang.Object java.lang.invoke.DirectMethodHandle$Holder.invokeVirtual(java.lang.Object, java.lang.Object, java.lang.Object, java.lang.Object, java.lang.Object)'> (0x0000000763180f58) 
thrown [s\open\src\hotspot\share\interpreter\linkResolver.cpp, line 774]
Event: 3.650 Thread 0x000002bb5f4e7590 Exception <a 'java/lang/NoSuchMethodError'{0x0000000762d0eb78}: 'void java.lang.invoke.DirectMethodHandle$Holder.invokeInterface(java.lang.Object, java.lang.Object, int)'> (0x0000000762d0eb78) 
thrown [s\open\src\hotspot\share\interpreter\linkResolver.cpp, line 774]
Event: 3.657 Thread 0x000002bb5f4e7590 Exception <a 'java/lang/IncompatibleClassChangeError'{0x0000000762d5e110}: Found class java.lang.Object, but interface was expected> (0x0000000762d5e110) 
thrown [s\open\src\hotspot\share\interpreter\linkResolver.cpp, line 841]
Event: 3.658 Thread 0x000002bb5f4e7590 Exception <a 'java/lang/NoSuchMethodError'{0x0000000762d631f0}: 'void java.lang.invoke.DirectMethodHandle$Holder.invokeStatic(java.lang.Object, int, java.lang.Object)'> (0x0000000762d631f0) 
thrown [s\open\src\hotspot\share\interpreter\linkResolver.cpp, line 774]
Event: 3.836 Thread 0x000002bb5f4e7590 Exception <a 'java/lang/NoSuchMethodError'{0x00000007627e3878}: 'int java.lang.invoke.DirectMethodHandle$Holder.invokeVirtual(java.lang.Object, java.lang.Object, java.lang.Object, java.lang.Object)'> (0x00000007627e3878) 
thrown [s\open\src\hotspot\share\interpreter\linkResolver.cpp, line 774]
Event: 3.837 Thread 0x000002bb5f4e7590 Exception <a 'java/lang/NoSuchMethodError'{0x00000007627e7588}: 'int java.lang.invoke.DelegatingMethodHandle$Holder.reinvoke_L(java.lang.Object, java.lang.Object, java.lang.Object, java.lang.Object)'> (0x00000007627e7588) 
thrown [s\open\src\hotspot\share\interpreter\linkResolver.cpp, line 774]
Event: 4.242 Thread 0x000002bb5f4e7590 Exception <a 'java/io/FileNotFoundException'{0x00000007676133d0}> (0x00000007676133d0) 
thrown [s\open\src\hotspot\share\prims\jni.cpp, line 517]
Event: 4.300 Thread 0x000002bb5f4e7590 Exception <a 'java/lang/NoSuchMethodError'{0x000000076774f080}: 'int java.lang.invoke.DirectMethodHandle$Holder.invokeInterface(java.lang.Object, java.lang.Object, java.lang.Object, java.lang.Object)'> (0x000000076774f080) 
thrown [s\open\src\hotspot\share\interpreter\linkResolver.cpp, line 774]
Event: 4.442 Thread 0x000002bb5f4e7590 Exception <a 'java/lang/NoSuchMethodError'{0x0000000767557c28}: 'long java.lang.invoke.DirectMethodHandle$Holder.invokeVirtual(java.lang.Object, java.lang.Object)'> (0x0000000767557c28) 
thrown [s\open\src\hotspot\share\interpreter\linkResolver.cpp, line 774]
Event: 4.567 Thread 0x000002bb5f4e7590 Exception <a 'java/lang/NoSuchMethodError'{0x00000007639c75d0}: 'java.lang.Object java.lang.invoke.DirectMethodHandle$Holder.newInvokeSpecial(java.lang.Object, java.lang.Object, java.lang.Object, java.lang.Object, java.lang.Object, java.lang.Object, java.lang.Object, java.lang.Object, java.lang.Object, java.lang.Object, java.lang.Object)'> (0x00000007639c75d0) 
thrown [s\open\src\hotspot\share\interpreter\linkResolver.cpp, line 774]
Event: 4.700 Thread 0x000002bb5f4e7590 Exception <a 'java/lang/NoSuchMethodError'{0x0000000763497a50}: 'void java.lang.invoke.DelegatingMethodHandle$Holder.reinvoke_L(java.lang.Object, java.lang.Object, java.lang.Object, java.lang.Object, int, java.lang.Object, java.lang.Object, java.lang.Object)'> (0x0000000763497a50) 
thrown [s\open\src\hotspot\share\interpreter\linkResolver.cpp, line 774]

VM Operations (20 events):
Event: 3.967 Executing VM operation: HandshakeAllThreads done
Event: 4.005 Executing VM operation: G1CollectForAllocation
Event: 4.030 Executing VM operation: G1CollectForAllocation done
Event: 4.082 Executing VM operation: HandshakeAllThreads
Event: 4.082 Executing VM operation: HandshakeAllThreads done
Event: 4.115 Executing VM operation: G1CollectForAllocation
Event: 4.127 Executing VM operation: G1CollectForAllocation done
Event: 4.199 Executing VM operation: HandshakeAllThreads
Event: 4.199 Executing VM operation: HandshakeAllThreads done
Event: 4.231 Executing VM operation: HandshakeAllThreads
Event: 4.232 Executing VM operation: HandshakeAllThreads done
Event: 4.342 Executing VM operation: HandshakeAllThreads
Event: 4.342 Executing VM operation: HandshakeAllThreads done
Event: 4.343 Executing VM operation: HandshakeAllThreads
Event: 4.343 Executing VM operation: HandshakeAllThreads done
Event: 4.473 Executing VM operation: HandshakeAllThreads
Event: 4.473 Executing VM operation: HandshakeAllThreads done
Event: 4.822 Executing VM operation: HandshakeAllThreads
Event: 4.823 Executing VM operation: HandshakeAllThreads done
Event: 4.977 Executing VM operation: G1CollectForAllocation

Events (20 events):
Event: 0.070 Thread 0x000002bb72e4ebd0 Thread added: 0x000002bb72e4ebd0
Event: 0.070 Thread 0x000002bb72e4f2b0 Thread added: 0x000002bb72e4f2b0
Event: 0.071 Thread 0x000002bb72e4f7f0 Thread added: 0x000002bb72e4f7f0
Event: 0.071 Thread 0x000002bb72e52080 Thread added: 0x000002bb72e52080
Event: 0.071 Thread 0x000002bb72e55c60 Thread added: 0x000002bb72e55c60
Event: 0.071 Thread 0x000002bb72e56380 Thread added: 0x000002bb72e56380
Event: 0.210 Thread 0x000002bb72e14b60 Thread added: 0x000002bb72e14b60
Event: 0.224 Thread 0x000002bb77072e70 Thread added: 0x000002bb77072e70
Event: 0.226 Thread 0x000002bb770733f0 Thread added: 0x000002bb770733f0
Event: 0.227 Thread 0x000002bb77073970 Thread added: 0x000002bb77073970
Event: 0.361 Thread 0x000002bb773e8af0 Thread added: 0x000002bb773e8af0
Event: 0.361 Thread 0x000002bb773e9030 Thread added: 0x000002bb773e9030
Event: 0.826 Thread 0x000002bb77578280 Thread added: 0x000002bb77578280
Event: 1.737 Thread 0x000002bb77a81010 Thread added: 0x000002bb77a81010
Event: 2.215 Thread 0x000002bb77a81010 Thread exited: 0x000002bb77a81010
Event: 2.241 Thread 0x000002bb782a1830 Thread added: 0x000002bb782a1830
Event: 2.281 Thread 0x000002bb782a1830 Thread exited: 0x000002bb782a1830
Event: 4.482 Thread 0x000002bb781def90 Thread added: 0x000002bb781def90
Event: 4.484 Thread 0x000002bb7889cc20 Thread added: 0x000002bb7889cc20
Event: 4.491 Thread 0x000002bb7889d160 Thread added: 0x000002bb7889d160


Dynamic libraries:
0x00007ff682e30000 - 0x00007ff682e3e000 	C:\Users\vlade\IntelliJ IDEA 2022.2.4\.jdks\openjdk-19.0.1\bin\java.exe
0x00007ffef4460000 - 0x00007ffef4669000 	C:\Windows\SYSTEM32\ntdll.dll
0x00007ffef3b60000 - 0x00007ffef3c1e000 	C:\Windows\System32\KERNEL32.DLL
0x00007ffef19d0000 - 0x00007ffef1d4b000 	C:\Windows\System32\KERNELBASE.dll
0x00007ffef1ee0000 - 0x00007ffef1ff1000 	C:\Windows\System32\ucrtbase.dll
0x00007ffe9e230000 - 0x00007ffe9e24b000 	C:\Users\vlade\IntelliJ IDEA 2022.2.4\.jdks\openjdk-19.0.1\bin\VCRUNTIME140.dll
0x00007ffec54b0000 - 0x00007ffec54c7000 	C:\Users\vlade\IntelliJ IDEA 2022.2.4\.jdks\openjdk-19.0.1\bin\jli.dll
0x00007ffef2cf0000 - 0x00007ffef2e9d000 	C:\Windows\System32\USER32.dll
0x00007ffeddce0000 - 0x00007ffeddf85000 	C:\Windows\WinSxS\amd64_microsoft.windows.common-controls_6595b64144ccf1df_6.0.22000.120_none_9d947278b86cc467\COMCTL32.dll
0x00007ffef19a0000 - 0x00007ffef19c6000 	C:\Windows\System32\win32u.dll
0x00007ffef4090000 - 0x00007ffef4133000 	C:\Windows\System32\msvcrt.dll
0x00007ffef3d80000 - 0x00007ffef3da9000 	C:\Windows\System32\GDI32.dll
0x00007ffef1dc0000 - 0x00007ffef1ed8000 	C:\Windows\System32\gdi32full.dll
0x00007ffef1900000 - 0x00007ffef199d000 	C:\Windows\System32\msvcp_win.dll
0x00007ffef2f70000 - 0x00007ffef2fa2000 	C:\Windows\System32\IMM32.DLL
0x00007ffed3970000 - 0x00007ffed397c000 	C:\Users\vlade\IntelliJ IDEA 2022.2.4\.jdks\openjdk-19.0.1\bin\vcruntime140_1.dll
0x00007ffe9ca70000 - 0x00007ffe9cafe000 	C:\Users\vlade\IntelliJ IDEA 2022.2.4\.jdks\openjdk-19.0.1\bin\msvcp140.dll
0x00007ffe89390000 - 0x00007ffe8a050000 	C:\Users\vlade\IntelliJ IDEA 2022.2.4\.jdks\openjdk-19.0.1\bin\server\jvm.dll
0x00007ffef4340000 - 0x00007ffef43ee000 	C:\Windows\System32\ADVAPI32.dll
0x00007ffef3ff0000 - 0x00007ffef408e000 	C:\Windows\System32\sechost.dll
0x00007ffef2fb0000 - 0x00007ffef30d0000 	C:\Windows\System32\RPCRT4.dll
0x00007ffeeb600000 - 0x00007ffeeb633000 	C:\Windows\SYSTEM32\WINMM.dll
0x00007ffee8570000 - 0x00007ffee857a000 	C:\Windows\SYSTEM32\VERSION.dll
0x00007ffeeec90000 - 0x00007ffeeec99000 	C:\Windows\SYSTEM32\WSOCK32.dll
0x00007ffef2f00000 - 0x00007ffef2f6f000 	C:\Windows\System32\WS2_32.dll
0x00007ffef0950000 - 0x00007ffef0968000 	C:\Windows\SYSTEM32\kernel.appcore.dll
0x00007ffe9e720000 - 0x00007ffe9e72a000 	C:\Users\vlade\IntelliJ IDEA 2022.2.4\.jdks\openjdk-19.0.1\bin\jimage.dll
0x00007ffee8a70000 - 0x00007ffee8c91000 	C:\Windows\SYSTEM32\DBGHELP.DLL
0x00007ffedeaa0000 - 0x00007ffedead1000 	C:\Windows\SYSTEM32\dbgcore.DLL
0x00007ffef20c0000 - 0x00007ffef213f000 	C:\Windows\System32\bcryptPrimitives.dll
0x00007ffeeec50000 - 0x00007ffeeec5e000 	C:\Users\vlade\IntelliJ IDEA 2022.2.4\.jdks\openjdk-19.0.1\bin\instrument.dll
0x00007ffe9cd20000 - 0x00007ffe9cd46000 	C:\Users\vlade\IntelliJ IDEA 2022.2.4\.jdks\openjdk-19.0.1\bin\java.dll
0x00007ffe9a4c0000 - 0x00007ffe9a597000 	C:\Users\vlade\IntelliJ IDEA 2022.2.4\.jdks\openjdk-19.0.1\bin\jsvml.dll
0x00007ffef22b0000 - 0x00007ffef2a68000 	C:\Windows\System32\SHELL32.dll
0x00007ffeef9b0000 - 0x00007ffef0215000 	C:\Windows\SYSTEM32\windows.storage.dll
0x00007ffef31d0000 - 0x00007ffef3548000 	C:\Windows\System32\combase.dll
0x00007ffeef840000 - 0x00007ffeef9a6000 	C:\Windows\SYSTEM32\wintypes.dll
0x00007ffef30e0000 - 0x00007ffef31ca000 	C:\Windows\System32\SHCORE.dll
0x00007ffef42e0000 - 0x00007ffef433d000 	C:\Windows\System32\shlwapi.dll
0x00007ffef1830000 - 0x00007ffef1851000 	C:\Windows\SYSTEM32\profapi.dll
0x00007ffe9cc40000 - 0x00007ffe9cc58000 	C:\Users\vlade\IntelliJ IDEA 2022.2.4\.jdks\openjdk-19.0.1\bin\zip.dll
0x00007ffe9e210000 - 0x00007ffe9e223000 	C:\Users\vlade\IntelliJ IDEA 2022.2.4\.jdks\openjdk-19.0.1\bin\net.dll
0x00007ffeeaea0000 - 0x00007ffeeafb4000 	C:\Windows\SYSTEM32\WINHTTP.dll
0x00007ffef0e20000 - 0x00007ffef0e87000 	C:\Windows\system32\mswsock.dll
0x00007ffe9cd00000 - 0x00007ffe9cd16000 	C:\Users\vlade\IntelliJ IDEA 2022.2.4\.jdks\openjdk-19.0.1\bin\nio.dll
0x00007ffeecb20000 - 0x00007ffeecb3a000 	C:\Users\vlade\IntelliJ IDEA 2022.2.4\bin\breakgen64.dll
0x00007ffe9ccf0000 - 0x00007ffe9ccf8000 	C:\Users\vlade\IntelliJ IDEA 2022.2.4\.jdks\openjdk-19.0.1\bin\extnet.dll
0x00007ffef0490000 - 0x00007ffef0578000 	C:\Windows\SYSTEM32\DNSAPI.dll
0x00007ffef0460000 - 0x00007ffef048d000 	C:\Windows\SYSTEM32\IPHLPAPI.DLL
0x00007ffef2a90000 - 0x00007ffef2a99000 	C:\Windows\System32\NSI.dll
0x00007ffee5300000 - 0x00007ffee530a000 	C:\Windows\System32\rasadhlp.dll
0x00007ffee87b0000 - 0x00007ffee8831000 	C:\Windows\System32\fwpuclnt.dll
0x00007ffeeec20000 - 0x00007ffeeec2a000 	C:\Users\vlade\IntelliJ IDEA 2022.2.4\.jdks\openjdk-19.0.1\bin\management.dll
0x00007ffeee620000 - 0x00007ffeee62b000 	C:\Users\vlade\IntelliJ IDEA 2022.2.4\.jdks\openjdk-19.0.1\bin\management_ext.dll
0x00007ffef3db0000 - 0x00007ffef3db8000 	C:\Windows\System32\PSAPI.DLL
0x00007ffef1070000 - 0x00007ffef1088000 	C:\Windows\SYSTEM32\CRYPTSP.dll
0x00007ffef08b0000 - 0x00007ffef08e5000 	C:\Windows\system32\rsaenh.dll
0x00007ffef0f10000 - 0x00007ffef0f39000 	C:\Windows\SYSTEM32\USERENV.dll
0x00007ffef11f0000 - 0x00007ffef1217000 	C:\Windows\SYSTEM32\bcrypt.dll
0x00007ffef1060000 - 0x00007ffef106c000 	C:\Windows\SYSTEM32\CRYPTBASE.dll
0x00007ffeeab90000 - 0x00007ffeeaba9000 	C:\Windows\SYSTEM32\dhcpcsvc6.DLL
0x00007ffeeb130000 - 0x00007ffeeb14e000 	C:\Windows\SYSTEM32\dhcpcsvc.DLL
0x00007ffe6adb0000 - 0x00007ffe6adc7000 	C:\Windows\system32\napinsp.dll
0x00007ffe6ad90000 - 0x00007ffe6adab000 	C:\Windows\system32\pnrpnsp.dll
0x00007ffe6ad70000 - 0x00007ffe6ad82000 	C:\Windows\System32\winrnr.dll
0x00007ffed5700000 - 0x00007ffed5715000 	C:\Windows\system32\wshbth.dll
0x00007ffeec700000 - 0x00007ffeec71f000 	C:\Windows\system32\nlansp_c.dll
0x00007ffe9c840000 - 0x00007ffe9c850000 	C:\Users\vlade\IntelliJ IDEA 2022.2.4\.jdks\openjdk-19.0.1\bin\verify.dll
0x00007ffeedfe0000 - 0x00007ffeedfee000 	C:\Users\vlade\IntelliJ IDEA 2022.2.4\.jdks\openjdk-19.0.1\bin\sunmscapi.dll
0x00007ffef2140000 - 0x00007ffef22a2000 	C:\Windows\System32\CRYPT32.dll
0x00007ffef11c0000 - 0x00007ffef11e8000 	C:\Windows\SYSTEM32\ncrypt.dll
0x00007ffef1180000 - 0x00007ffef11b7000 	C:\Windows\SYSTEM32\NTASN1.dll

dbghelp: loaded successfully - version: 4.0.5 - missing functions: none
symbol engine: initialized successfully - sym options: 0x614 - pdb path: .;C:\Users\vlade\IntelliJ IDEA 2022.2.4\.jdks\openjdk-19.0.1\bin;C:\Windows\SYSTEM32;C:\Windows\WinSxS\amd64_microsoft.windows.common-controls_6595b64144ccf1df_6.0.22000.120_none_9d947278b86cc467;C:\Users\vlade\IntelliJ IDEA 2022.2.4\.jdks\openjdk-19.0.1\bin\server;C:\Users\vlade\IntelliJ IDEA 2022.2.4\bin

VM Arguments:
jvm_args: -XX:TieredStopAtLevel=1 -Dspring.output.ansi.enabled=always -Dcom.sun.management.jmxremote -Dspring.jmx.enabled=true -Dspring.liveBeansView.mbeanDomain -Dspring.application.admin.enabled=true -javaagent:C:\Users\vlade\IntelliJ IDEA 2022.2.4\lib\idea_rt.jar=53805:C:\Users\vlade\IntelliJ IDEA 2022.2.4\bin -Dfile.encoding=UTF-8 -Dsun.stdout.encoding=UTF-8 -Dsun.stderr.encoding=UTF-8 
java_command: kursovoi.mestopolozhenie_po_zasechkam.MestopolozheniePoZasechkamApplication
java_class_path (initial): C:\Users\vlade\IdeaProjects\Mestopolozhenie_po_zasechkam\target\classes;C:\Users\vlade\.m2\repository\org\springframework\boot\spring-boot-starter-data-jpa\3.0.0\spring-boot-starter-data-jpa-3.0.0.jar;C:\Users\vlade\.m2\repository\org\springframework\boot\spring-boot-starter-aop\3.0.0\spring-boot-starter-aop-3.0.0.jar;C:\Users\vlade\.m2\repository\org\springframework\spring-aop\6.0.2\spring-aop-6.0.2.jar;C:\Users\vlade\.m2\repository\org\aspectj\aspectjweaver\1.9.9.1\aspectjweaver-1.9.9.1.jar;C:\Users\vlade\.m2\repository\org\springframework\boot\spring-boot-starter-jdbc\3.0.0\spring-boot-starter-jdbc-3.0.0.jar;C:\Users\vlade\.m2\repository\com\zaxxer\HikariCP\5.0.1\HikariCP-5.0.1.jar;C:\Users\vlade\.m2\repository\org\springframework\spring-jdbc\6.0.2\spring-jdbc-6.0.2.jar;C:\Users\vlade\.m2\repository\org\hibernate\orm\hibernate-core\6.1.5.Final\hibernate-core-6.1.5.Final.jar;C:\Users\vlade\.m2\repository\jakarta\persistence\jakarta.persistence-api\3.1.0\jakarta.persistence-api-3.1.0.jar;C:\Users\vlade\.m2\repository\jakarta\transaction\jakarta.transaction-api\2.0.1\jakarta.transaction-api-2.0.1.jar;C:\Users\vlade\.m2\repository\org\jboss\logging\jboss-logging\3.5.0.Final\jboss-logging-3.5.0.Final.jar;C:\Users\vlade\.m2\repository\org\hibernate\common\hibernate-commons-annotations\6.0.2.Final\hibernate-commons-annotations-6.0.2.Final.jar;C:\Users\vlade\.m2\repository\org\jboss\jandex\2.4.2.Final\jandex-2.4.2.Final.jar;C:\Users\vlade\.m2\repository\com\fasterxml\classmate\1.5.1\classmate-1.5.1.jar;C:\Users\vlade\.m2\repository\net\bytebuddy\byte-buddy\1.12.19\byte-buddy-1.12.19.jar;C:\Users\vlade\.m2\repository\org\glassfish\jaxb\jaxb-runtime\4.0.1\jaxb-runtime-4.0.1.jar;C:\Users\vlade\.m2\repository\org\glassfish\jaxb\jaxb-core\4.0.1\jaxb-core-4.0.1.jar;C:\Users\vlade\.m2\repository\org\eclipse\angus\angus-activation\1.0.0\angus-activation-1.0.0.jar;C:\Users\vlade\.m2\repository\org\glassfish\jaxb\txw2\4.0.1\txw2-4.0.1.jar;C:\Users\vlade\.m2\repository\com\sun\istack\istack-commons-runtime\4.1.1\istack-commons-runtime-4.1.1.jar;C:\Users\vlade\.m2\repository\jakarta\inject\jakarta.inject-api\2.0.0\jakarta.inject-api-2.0.0.jar;C:\Users\vlade\.m2\repository\org\antlr\antlr4-runtime\4.10.1\antlr4-runtime-4.10.1.jar;C:\Users\vlade\.m2\repository\org\springframework\data\spring-data-jpa\3.0.0\spring-data-jpa-3.0.0.jar;C:\Users\vlade\.m2\repository\org\springframework\data\spring-data-commons\3.0.0\spring-data-commons-3.0.0.jar;C:\Users\vlade\.m2\repository\org\springframework\spring-orm\6.0.2\spring-orm-6.0.2.jar;C:\Users\vlade\.m2\repository\org\springframework\spring-context\6.0.2\spring-context-6.0.2.jar;C:\Users\vlade\.m2\repository\org\springframework\spring-tx\6.0.2\spring-tx-6.0.2.jar;C:\Users\vlade\.m2\repository\org\springframework\spring-beans\6.0.2\spring-beans-6.0.2.jar;C:\Users\vlade\.m2\repository\jakarta\annotation\jakarta.annotation-api\2.1.1\jakarta.annotation-api-2.1.1.jar;C:\Users\vlade\.m2\repository\org\slf4j\slf4j-api\2.0.4\slf4j-api-2.0.4.jar;C:\Users\vlade\.m2\repository\org\springframework\spring-aspects\6.0.2\spring-aspects-6.0.2.jar;C:\Users\vlade\.m2\repository\org\springframework\boot\spring-boot-starter-freemarker\3.0.0\spring-boot-starter-freemarker-3.0.0.jar;C:\Users\vlade\.m2\repository\org\springframework\boot\spring-boot-starter\3.0.0\spring-boot-starter-3.0.0.jar;C:\Users\vlade\.m2\repository\org\springframework\boot\spring-boot\3.0.0\spring-boot-3.0.0.jar;C:\Users\vlade\.m2\repository\org\springframework\boot\spring-boot-autoconfigure\3.0.0\spring-boot-autoconfigure-3.0.0.jar;C:\Users\vlade\.m2\repository\org\springframework\boot\spring-boot-starter-logging\3.0.0\spring-boot-starter-logging-3.0.0.jar;C:\Users\vlade\.m2\repository\ch\qos\logback\logback-classic\1.4.5\logback-classic-1.4.5.jar;C:\Users\vlade\.m2\repository\ch\qos\logback\logback-core\1.4.5\logback-core-1.4.5.jar;C:\Users\vlade\.m2\repository\org\apache\logging\log4j\log4j-to-slf4j\2.19.0\log4j-to-slf4j-2.19.0.jar;C:\Users\vlade\.m2\repository\org\apache\logging\log4j\log4j-api\2.19.0\log4j-api-2.19.0.jar;C:\Users\vlade\.m2\repository\org\slf4j\jul-to-slf4j\2.0.4\jul-to-slf4j-2.0.4.jar;C:\Users\vlade\.m2\repository\org\yaml\snakeyaml\1.33\snakeyaml-1.33.jar;C:\Users\vlade\.m2\repository\org\freemarker\freemarker\2.3.31\freemarker-2.3.31.jar;C:\Users\vlade\.m2\repository\org\springframework\spring-context-support\6.0.2\spring-context-support-6.0.2.jar;C:\Users\vlade\.m2\repository\org\springframework\boot\spring-boot-starter-web\3.0.0\spring-boot-starter-web-3.0.0.jar;C:\Users\vlade\.m2\repository\org\springframework\boot\spring-boot-starter-json\3.0.0\spring-boot-starter-json-3.0.0.jar;C:\Users\vlade\.m2\repository\com\fasterxml\jackson\core\jackson-databind\2.14.1\jackson-databind-2.14.1.jar;C:\Users\vlade\.m2\repository\com\fasterxml\jackson\core\jackson-annotations\2.14.1\jackson-annotations-2.14.1.jar;C:\Users\vlade\.m2\repository\com\fasterxml\jackson\core\jackson-core\2.14.1\jackson-core-2.14.1.jar;C:\Users\vlade\.m2\repository\com\fasterxml\jackson\datatype\jackson-datatype-jdk8\2.14.1\jackson-datatype-jdk8-2.14.1.jar;C:\Users\vlade\.m2\repository\com\fasterxml\jackson\datatype\jackson-datatype-jsr310\2.14.1\jackson-datatype-jsr310-2.14.1.jar;C:\Users\vlade\.m2\repository\com\fasterxml\jackson\module\jackson-module-parameter-names\2.14.1\jackson-module-parameter-names-2.14.1.jar;C:\Users\vlade\.m2\repository\org\springframework\boot\spring-boot-starter-tomcat\3.0.0\spring-boot-starter-tomcat-3.0.0.jar;C:\Users\vlade\.m2\repository\org\apache\tomcat\embed\tomcat-embed-core\10.1.1\tomcat-embed-core-10.1.1.jar;C:\Users\vlade\.m2\repository\org\apache\tomcat\embed\tomcat-embed-el\10.1.1\tomcat-embed-el-10.1.1.jar;C:\Users\vlade\.m2\repository\org\apache\tomcat\embed\tomcat-embed-websocket\10.1.1\tomcat-embed-websocket-10.1.1.jar;C:\Users\vlade\.m2\repository\org\springframework\spring-web\6.0.2\spring-web-6.0.2.jar;C:\Users\vlade\.m2\repository\io\micrometer\micrometer-observation\1.10.2\micrometer-observation-1.10.2.jar;C:\Users\vlade\.m2\repository\io\micrometer\micrometer-commons\1.10.2\micrometer-commons-1.10.2.jar;C:\Users\vlade\.m2\repository\org\springframework\spring-webmvc\6.0.2\spring-webmvc-6.0.2.jar;C:\Users\vlade\.m2\repository\org\springframework\spring-expression\6.0.2\spring-expression-6.0.2.jar;C:\Users\vlade\.m2\repository\org\postgresql\postgresql\42.5.1\postgresql-42.5.1.jar;C:\Users\vlade\.m2\repository\org\checkerframework\checker-qual\3.5.0\checker-qual-3.5.0.jar;C:\Users\vlade\.m2\repository\org\projectlombok\lombok\1.18.24\lombok-1.18.24.jar;C:\Users\vlade\.m2\repository\jakarta\xml\bind\jakarta.xml.bind-api\4.0.0\jakarta.xml.bind-api-4.0.0.jar;C:\Users\vlade\.m2\repository\jakarta\activation\jakarta.activation-api\2.1.0\jakarta.activation-api-2.1.0.jar;C:\Users\vlade\.m2\repository\org\springframework\spring-core\6.0.2\spring-core-6.0.2.jar;C:\Users\vlade\.m2\repository\org\springframework\spring-jcl\6.0.2\spring-jcl-6.0.2.jar
Launcher Type: SUN_STANDARD

[Global flags]
     intx CICompilerCount                          = 4                                         {product} {ergonomic}
     uint ConcGCThreads                            = 2                                         {product} {ergonomic}
     uint G1ConcRefinementThreads                  = 8                                         {product} {ergonomic}
   size_t G1HeapRegionSize                         = 2097152                                   {product} {ergonomic}
    uintx GCDrainStackTargetSize                   = 64                                        {product} {ergonomic}
   size_t InitialHeapSize                          = 167772160                                 {product} {ergonomic}
     bool ManagementServer                         = true                                      {product} {command line}
   size_t MarkStackSize                            = 4194304                                   {product} {ergonomic}
   size_t MaxHeapSize                              = 2669674496                                {product} {ergonomic}
   size_t MaxNewSize                               = 1600126976                                {product} {ergonomic}
   size_t MinHeapDeltaBytes                        = 2097152                                   {product} {ergonomic}
   size_t MinHeapSize                              = 8388608                                   {product} {ergonomic}
    uintx NonProfiledCodeHeapSize                  = 0                                      {pd product} {ergonomic}
     bool ProfileInterpreter                       = false                                  {pd product} {command line}
    uintx ProfiledCodeHeapSize                     = 0                                      {pd product} {ergonomic}
   size_t SoftMaxHeapSize                          = 2669674496                             {manageable} {ergonomic}
     intx TieredStopAtLevel                        = 1                                         {product} {command line}
     bool UseCompressedClassPointers               = true                           {product lp64_product} {ergonomic}
     bool UseCompressedOops                        = true                           {product lp64_product} {ergonomic}
     bool UseG1GC                                  = true                                      {product} {ergonomic}
     bool UseLargePagesIndividualAllocation        = false                                  {pd product} {ergonomic}

Logging:
Log output configuration:
 #0: stdout all=warning uptime,level,tags foldmultilines=false
 #1: stderr all=off uptime,level,tags foldmultilines=false

Environment Variables:
PATH=C:\Windows\system32;C:\Windows;C:\Windows\System32\Wbem;C:\Windows\System32\WindowsPowerShell\v1.0\;C:\Windows\System32\OpenSSH\;C:\Program Files (x86)\dotnet\;C:\Users\vlade\AppData\Local\Microsoft\WindowsApps;;C:\Users\vlade\IntelliJ IDEA 2022.2.4\bin;
USERNAME=vlade
OS=Windows_NT
PROCESSOR_IDENTIFIER=AMD64 Family 23 Model 24 Stepping 1, AuthenticAMD
TMP=C:\Users\vlade\AppData\Local\Temp
TEMP=C:\Users\vlade\AppData\Local\Temp



---------------  S Y S T E M  ---------------

OS:
 Windows 11 , 64 bit Build 22000 (10.0.22000.1219)
OS uptime: 0 days 3:15 hours
Hyper-V role detected

CPU: total 8 (initial active 8) (8 cores per cpu, 2 threads per core) family 23 model 24 stepping 1 microcode 0x0, cx8, cmov, fxsr, ht, mmx, 3dnowpref, sse, sse2, sse3, ssse3, sse4a, sse4.1, sse4.2, popcnt, lzcnt, tsc, tscinvbit, avx, avx2, aes, clmul, bmi1, bmi2, adx, sha, fma, vzeroupper, clflush, clflushopt, hv, rdtscp

Memory: 4k page, system-wide physical 10177M (2225M free)
TotalPageFile size 10177M (AvailPageFile size 35M)
current process WorkingSet (physical memory assigned to process): 140M, peak: 140M
current process commit charge ("private bytes"): 185M, peak: 280M

vm_info: OpenJDK 64-Bit Server VM (19.0.1+10-21) for windows-amd64 JRE (19.0.1+10-21), built on 2022-09-14T12:45:06Z by "mach5one" with MS VC++ 17.1 (VS2022)

END.
