#
# There is insufficient memory for the Java Runtime Environment to continue.
# Native memory allocation (mmap) failed to map 824180736 bytes for G1 virtual space
# Possible reasons:
#   The system is out of physical RAM or swap space
#   The process is running with CompressedOops enabled, and the Java Heap may be blocking the growth of the native heap
# Possible solutions:
#   Reduce memory load on the system
#   Increase physical memory or swap space
#   Check if swap backing store is full
#   Decrease Java heap size (-Xmx/-Xms)
#   Decrease number of Java threads
#   Decrease Java thread stack sizes (-Xss)
#   Set larger code cache with -XX:ReservedCodeCacheSize=
#   JVM is running with Zero Based Compressed Oops mode in which the Java heap is
#     placed in the first 32GB address space. The Java Heap base address is the
#     maximum limit for the native heap growth. Please use -XX:HeapBaseMinAddress
#     to set the Java Heap base and to place the Java Heap above 32GB virtual address.
# This output file may be truncated or incomplete.
#
#  Out of Memory Error (os_windows.cpp:3527), pid=11752, tid=13064
#
# JRE version: OpenJDK Runtime Environment (19.0.1+10) (build 19.0.1+10-21)
# Java VM: OpenJDK 64-Bit Server VM (19.0.1+10-21, mixed mode, emulated-client, sharing, tiered, compressed oops, compressed class ptrs, g1 gc, windows-amd64)
# No core dump will be written. Minidumps are not enabled by default on client versions of Windows
#

---------------  S U M M A R Y ------------

Command Line: -XX:TieredStopAtLevel=1 -Dspring.output.ansi.enabled=always -Dcom.sun.management.jmxremote -Dspring.jmx.enabled=true -Dspring.liveBeansView.mbeanDomain -Dspring.application.admin.enabled=true -javaagent:C:\Users\vlade\IntelliJ IDEA 2022.2.4\lib\idea_rt.jar=51497:C:\Users\vlade\IntelliJ IDEA 2022.2.4\bin -Dfile.encoding=UTF-8 -Dsun.stdout.encoding=UTF-8 -Dsun.stderr.encoding=UTF-8 kursovoi.mestopolozhenie_po_zasechkam.MestopolozheniePoZasechkamApplication

Host: AMD Ryzen 5 3500U with Radeon Vega Mobile Gfx  , 8 cores, 9G,  Windows 11 , 64 bit Build 22000 (10.0.22000.1335)
Time: Mon Dec 19 18:48:10 2022 RTZ 2 (s 11 , 64 bit Build 22000 (10.0.22000.1335) elapsed time: 20.845031 seconds (0d 0h 0m 20s)

---------------  T H R E A D  ---------------

Current thread (0x00000250a45ac7f0):  VMThread "VM Thread" [stack: 0x000000f5ea600000,0x000000f5ea700000] [id=13064]

Stack: [0x000000f5ea600000,0x000000f5ea700000]
Native frames: (J=compiled Java code, j=interpreted, Vv=VM code, C=native code)
V  [jvm.dll+0x6ee8fa]
V  [jvm.dll+0x857a1e]
V  [jvm.dll+0x85940e]
V  [jvm.dll+0x859ac3]
V  [jvm.dll+0x28291f]
V  [jvm.dll+0x6eb6e9]
V  [jvm.dll+0x6e028a]
V  [jvm.dll+0x357136]
V  [jvm.dll+0x35eb96]
V  [jvm.dll+0x3b555e]
V  [jvm.dll+0x3b578f]
V  [jvm.dll+0x32c6ea]
V  [jvm.dll+0x32c797]
V  [jvm.dll+0x374b52]
V  [jvm.dll+0x37328f]
V  [jvm.dll+0x32bf10]
V  [jvm.dll+0x37282b]
V  [jvm.dll+0x85ef83]
V  [jvm.dll+0x85fd49]
V  [jvm.dll+0x86027d]
V  [jvm.dll+0x86070b]
V  [jvm.dll+0x8607c7]
V  [jvm.dll+0x8015fa]
V  [jvm.dll+0x6ed5eb]
C  [ucrtbase.dll+0x26c0c]
C  [KERNEL32.DLL+0x155a0]
C  [ntdll.dll+0x485b]

VM_Operation (0x000000f5eddfda30): G1CollectForAllocation, mode: safepoint, requested by thread 0x00000250aff3a160


---------------  P R O C E S S  ---------------

Threads class SMR info:
_java_thread_list=0x00000250b37f64a0, length=43, elements={
0x00000250a45cd270, 0x00000250a45cddc0, 0x00000250a45d29b0, 0x00000250a45d4f00,
0x00000250a45d5440, 0x00000250a45d9fb0, 0x00000250a45e83a0, 0x00000250a45e8d30,
0x00000250a8878010, 0x00000250a8cba650, 0x00000250a8bfb650, 0x00000250a8ed0b20,
0x00000250a8ed2b00, 0x00000250a8ed15c0, 0x00000250a8ed3050, 0x00000250a8ed1b10,
0x00000250a8ed35a0, 0x00000250a8ed2060, 0x00000250a8ed1070, 0x00000250aff341c0,
0x00000250aff38c20, 0x00000250aff3a6b0, 0x00000250aff32c80, 0x00000250aff33720,
0x00000250aff33c70, 0x00000250aff396c0, 0x00000250aff34710, 0x00000250aff36c40,
0x00000250aff39170, 0x00000250aff39c10, 0x00000250aff351b0, 0x00000250aff3a160,
0x00000250aff37190, 0x00000250aff376e0, 0x00000250aff37c30, 0x00000250aff38180,
0x00000250aff34c60, 0x00000250aff331d0, 0x00000250aff386d0, 0x00000250aff35700,
0x00000250afaf27a0, 0x00000250afaf1c80, 0x00000250afaf4900
}

Java Threads: ( => current thread )
  0x00000250a45cd270 JavaThread "Reference Handler" daemon [_thread_blocked, id=12624, stack(0x000000f5ea700000,0x000000f5ea800000)]
  0x00000250a45cddc0 JavaThread "Finalizer" daemon [_thread_blocked, id=11468, stack(0x000000f5ea800000,0x000000f5ea900000)]
  0x00000250a45d29b0 JavaThread "Signal Dispatcher" daemon [_thread_blocked, id=8972, stack(0x000000f5ea900000,0x000000f5eaa00000)]
  0x00000250a45d4f00 JavaThread "Attach Listener" daemon [_thread_blocked, id=10812, stack(0x000000f5eaa00000,0x000000f5eab00000)]
  0x00000250a45d5440 JavaThread "Service Thread" daemon [_thread_blocked, id=6708, stack(0x000000f5eab00000,0x000000f5eac00000)]
  0x00000250a45d9fb0 JavaThread "Monitor Deflation Thread" daemon [_thread_blocked, id=8680, stack(0x000000f5eac00000,0x000000f5ead00000)]
  0x00000250a45e83a0 JavaThread "C1 CompilerThread0" daemon [_thread_blocked, id=11928, stack(0x000000f5ead00000,0x000000f5eae00000)]
  0x00000250a45e8d30 JavaThread "Sweeper thread" daemon [_thread_blocked, id=4648, stack(0x000000f5eae00000,0x000000f5eaf00000)]
  0x00000250a8878010 JavaThread "Common-Cleaner" daemon [_thread_blocked, id=13180, stack(0x000000f5eaf00000,0x000000f5eb000000)]
  0x00000250a8cba650 JavaThread "Monitor Ctrl-Break" daemon [_thread_in_native, id=8324, stack(0x000000f5eb300000,0x000000f5eb400000)]
  0x00000250a8bfb650 JavaThread "Notification Thread" daemon [_thread_blocked, id=9984, stack(0x000000f5eb400000,0x000000f5eb500000)]
  0x00000250a8ed0b20 JavaThread "RMI TCP Accept-0" daemon [_thread_in_native, id=7372, stack(0x000000f5eb500000,0x000000f5eb600000)]
  0x00000250a8ed2b00 JavaThread "Java2D Disposer" daemon [_thread_blocked, id=13372, stack(0x000000f5eb700000,0x000000f5eb800000)]
  0x00000250a8ed15c0 JavaThread "AWT-Windows" daemon [_thread_blocked, id=2728, stack(0x000000f5eb900000,0x000000f5eba00000)]
  0x00000250a8ed3050 JavaThread "Catalina-utility-1" [_thread_blocked, id=5836, stack(0x000000f5ecc00000,0x000000f5ecd00000)]
  0x00000250a8ed1b10 JavaThread "Catalina-utility-2" [_thread_blocked, id=2088, stack(0x000000f5ecd00000,0x000000f5ece00000)]
  0x00000250a8ed35a0 JavaThread "container-0" [_thread_blocked, id=14152, stack(0x000000f5ece00000,0x000000f5ecf00000)]
  0x00000250a8ed2060 JavaThread "HikariPool-1 housekeeper" daemon [_thread_blocked, id=8792, stack(0x000000f5ec200000,0x000000f5ec300000)]
  0x00000250a8ed1070 JavaThread "http-nio-8080-exec-1" daemon [_thread_blocked, id=188, stack(0x000000f5ed000000,0x000000f5ed100000)]
  0x00000250aff341c0 JavaThread "http-nio-8080-exec-2" daemon [_thread_blocked, id=732, stack(0x000000f5ed100000,0x000000f5ed200000)]
  0x00000250aff38c20 JavaThread "http-nio-8080-exec-3" daemon [_thread_blocked, id=5140, stack(0x000000f5ed200000,0x000000f5ed300000)]
  0x00000250aff3a6b0 JavaThread "http-nio-8080-exec-4" daemon [_thread_blocked, id=6748, stack(0x000000f5ed300000,0x000000f5ed400000)]
  0x00000250aff32c80 JavaThread "http-nio-8080-exec-5" daemon [_thread_blocked, id=3612, stack(0x000000f5ed400000,0x000000f5ed500000)]
  0x00000250aff33720 JavaThread "http-nio-8080-exec-6" daemon [_thread_blocked, id=10664, stack(0x000000f5ed500000,0x000000f5ed600000)]
  0x00000250aff33c70 JavaThread "http-nio-8080-exec-7" daemon [_thread_blocked, id=9920, stack(0x000000f5ed600000,0x000000f5ed700000)]
  0x00000250aff396c0 JavaThread "http-nio-8080-exec-8" daemon [_thread_blocked, id=8136, stack(0x000000f5ed700000,0x000000f5ed800000)]
  0x00000250aff34710 JavaThread "http-nio-8080-exec-9" daemon [_thread_blocked, id=4076, stack(0x000000f5ed800000,0x000000f5ed900000)]
  0x00000250aff36c40 JavaThread "http-nio-8080-exec-10" daemon [_thread_blocked, id=12424, stack(0x000000f5ed900000,0x000000f5eda00000)]
  0x00000250aff39170 JavaThread "http-nio-8080-Poller" daemon [_thread_in_native, id=10072, stack(0x000000f5eda00000,0x000000f5edb00000)]
  0x00000250aff39c10 JavaThread "http-nio-8080-Acceptor" daemon [_thread_in_native, id=7528, stack(0x000000f5edb00000,0x000000f5edc00000)]
  0x00000250aff351b0 JavaThread "AWT-Shutdown" [_thread_blocked, id=3212, stack(0x000000f5edc00000,0x000000f5edd00000)]
  0x00000250aff3a160 JavaThread "AWT-EventQueue-0" [_thread_blocked, id=5200, stack(0x000000f5edd00000,0x000000f5ede00000)]
  0x00000250aff37190 JavaThread "D3D Screen Updater" daemon [_thread_blocked, id=9540, stack(0x000000f5edf00000,0x000000f5ee000000)]
  0x00000250aff376e0 JavaThread "DestroyJavaVM" [_thread_blocked, id=10476, stack(0x000000f5ea000000,0x000000f5ea100000)]
  0x00000250aff37c30 JavaThread "TimerQueue" daemon [_thread_blocked, id=6056, stack(0x000000f5ee000000,0x000000f5ee100000)]
  0x00000250aff38180 JavaThread "Keep-Alive-Timer" daemon [_thread_blocked, id=12176, stack(0x000000f5eb000000,0x000000f5eb100000)]
  0x00000250aff34c60 JavaThread "tile-pool-0" daemon [_thread_blocked, id=7904, stack(0x000000f5eb100000,0x000000f5eb200000)]
  0x00000250aff331d0 JavaThread "tile-pool-1" daemon [_thread_blocked, id=6260, stack(0x000000f5ecf00000,0x000000f5ed000000)]
  0x00000250aff386d0 JavaThread "tile-pool-2" daemon [_thread_blocked, id=14168, stack(0x000000f5ee100000,0x000000f5ee200000)]
  0x00000250aff35700 JavaThread "tile-pool-3" daemon [_thread_blocked, id=1652, stack(0x000000f5ee200000,0x000000f5ee300000)]
  0x00000250afaf27a0 JavaThread "C1 CompilerThread1" daemon [_thread_blocked, id=992, stack(0x000000f5ee300000,0x000000f5ee400000)]
  0x00000250afaf1c80 JavaThread "C1 CompilerThread2" daemon [_thread_blocked, id=7340, stack(0x000000f5ee400000,0x000000f5ee500000)]
  0x00000250afaf4900 JavaThread "C1 CompilerThread3" daemon [_thread_blocked, id=6504, stack(0x000000f5ee500000,0x000000f5ee600000)]

Other Threads:
=>0x00000250a45ac7f0 VMThread "VM Thread" [stack: 0x000000f5ea600000,0x000000f5ea700000] [id=13064]
  0x00000250a8ec94d0 WatcherThread "VM Periodic Task Thread" [stack: 0x000000f5eb600000,0x000000f5eb700000] [id=11724]
  0x0000025090d13870 WorkerThread "GC Thread#0" [stack: 0x000000f5ea100000,0x000000f5ea200000] [id=9828]
  0x00000250a9368640 WorkerThread "GC Thread#1" [stack: 0x000000f5ec300000,0x000000f5ec400000] [id=13336]
  0x00000250a9368910 WorkerThread "GC Thread#2" [stack: 0x000000f5ec400000,0x000000f5ec500000] [id=9336]
  0x00000250a9368be0 WorkerThread "GC Thread#3" [stack: 0x000000f5ec500000,0x000000f5ec600000] [id=9096]
  0x00000250a93a93b0 WorkerThread "GC Thread#4" [stack: 0x000000f5ec600000,0x000000f5ec700000] [id=8924]
  0x00000250a93a9680 WorkerThread "GC Thread#5" [stack: 0x000000f5ec700000,0x000000f5ec800000] [id=10128]
  0x00000250a93a9f40 WorkerThread "GC Thread#6" [stack: 0x000000f5ec800000,0x000000f5ec900000] [id=5924]
  0x00000250a93aa7b0 WorkerThread "GC Thread#7" [stack: 0x000000f5ec900000,0x000000f5eca00000] [id=6772]
  0x0000025090d1e9e0 ConcurrentGCThread "G1 Main Marker" [stack: 0x000000f5ea200000,0x000000f5ea300000] [id=6000]
  0x0000025090d1fbb0 WorkerThread "G1 Conc#0" [stack: 0x000000f5ea300000,0x000000f5ea400000] [id=3800]
  0x00000250a93ab020 WorkerThread "G1 Conc#1" [stack: 0x000000f5eca00000,0x000000f5ecb00000] [id=2740]
  0x00000250a44700a0 ConcurrentGCThread "G1 Refine#0" [stack: 0x000000f5ea400000,0x000000f5ea500000] [id=10560]
  0x00000250a44725b0 ConcurrentGCThread "G1 Service" [stack: 0x000000f5ea500000,0x000000f5ea600000] [id=4832]

Threads with active compile tasks:

VM state: at safepoint (normal execution)

VM Mutex/Monitor currently owned by a thread:  ([mutex/lock_event])
[0x0000025090cb8eb0] Threads_lock - owner thread: 0x00000250a45ac7f0
[0x0000025090cb8f40] Heap_lock - owner thread: 0x00000250aff3a160

Heap address: 0x0000000760e00000, size: 2546 MB, Compressed Oops mode: Zero based, Oop shift amount: 3

CDS archive(s) mapped at: [0x0000000800000000-0x0000000800c30000-0x0000000800c30000), size 12779520, SharedBaseAddress: 0x0000000800000000, ArchiveRelocationMode: 0.
Compressed class space mapped at: 0x0000000801000000-0x0000000841000000, reserved size: 1073741824
Narrow klass base: 0x0000000800000000, Narrow klass shift: 0, Narrow klass range: 0x100000000

GC Precious Log:
 CardTable entry size: 512
 Card Set container configuration: InlinePtr #cards 4 size 8 Array Of Cards #cards 16 size 48 Howl #buckets 8 coarsen threshold 3686 Howl Bitmap #cards 512 size 80 coarsen threshold 460 Card regions per heap region 1 cards per card region 4096
 CPUs: 8 total, 8 available
 Memory: 10177M
 Large Page Support: Disabled
 NUMA Support: Disabled
 Compressed Oops: Enabled (Zero based)
 Heap Region Size: 2M
 Heap Min Capacity: 8M
 Heap Initial Capacity: 160M
 Heap Max Capacity: 2546M
 Pre-touch: Disabled
 Parallel Workers: 8
 Concurrent Workers: 2
 Concurrent Refinement Workers: 8
 Periodic GC: Disabled

Heap:
 garbage-first heap   total 595968K, used 421888K [0x0000000760e00000, 0x0000000800000000)
  region size 2048K, 5 young (10240K), 5 survivors (10240K)
 Metaspace       used 66797K, committed 67392K, reserved 1114112K
  class space    used 9081K, committed 9344K, reserved 1048576K

Heap Regions: E=young(eden), S=young(survivor), O=old, HS=humongous(starts), HC=humongous(continues), CS=collection set, F=free, OA=open archive, CA=closed archive, TAMS=top-at-mark-start (previous, next)
|   0|0x0000000760e00000, 0x0000000761000000, 0x0000000761000000|100%|HS|  |TAMS 0x0000000761000000, 0x0000000761000000| Complete 
|   1|0x0000000761000000, 0x0000000761200000, 0x0000000761200000|100%| O|  |TAMS 0x0000000761200000, 0x0000000761200000| Untracked 
|   2|0x0000000761200000, 0x0000000761400000, 0x0000000761400000|100%| O|  |TAMS 0x0000000761400000, 0x0000000761400000| Untracked 
|   3|0x0000000761400000, 0x0000000761600000, 0x0000000761600000|100%| O|  |TAMS 0x0000000761600000, 0x0000000761600000| Untracked 
|   4|0x0000000761600000, 0x0000000761800000, 0x0000000761800000|100%| O|  |TAMS 0x0000000761800000, 0x0000000761800000| Untracked 
|   5|0x0000000761800000, 0x0000000761a00000, 0x0000000761a00000|100%| O|  |TAMS 0x0000000761a00000, 0x0000000761a00000| Untracked 
|   6|0x0000000761a00000, 0x0000000761c00000, 0x0000000761c00000|100%| O|  |TAMS 0x0000000761c00000, 0x0000000761c00000| Untracked 
|   7|0x0000000761c00000, 0x0000000761e00000, 0x0000000761e00000|100%| O|  |TAMS 0x0000000761e00000, 0x0000000761e00000| Untracked 
|   8|0x0000000761e00000, 0x0000000762000000, 0x0000000762000000|100%| O|  |TAMS 0x0000000761e00000, 0x0000000762000000| Untracked 
|   9|0x0000000762000000, 0x0000000762200000, 0x0000000762200000|100%| O|  |TAMS 0x0000000762200000, 0x0000000762200000| Untracked 
|  10|0x0000000762200000, 0x0000000762400000, 0x0000000762400000|100%| O|  |TAMS 0x0000000762400000, 0x0000000762400000| Untracked 
|  11|0x0000000762400000, 0x0000000762600000, 0x0000000762600000|100%| O|  |TAMS 0x0000000762600000, 0x0000000762600000| Untracked 
|  12|0x0000000762600000, 0x0000000762800000, 0x0000000762800000|100%| O|  |TAMS 0x0000000762800000, 0x0000000762800000| Untracked 
|  13|0x0000000762800000, 0x0000000762a00000, 0x0000000762a00000|100%| O|  |TAMS 0x0000000762a00000, 0x0000000762a00000| Untracked 
|  14|0x0000000762a00000, 0x0000000762c00000, 0x0000000762c00000|100%| O|  |TAMS 0x0000000762c00000, 0x0000000762c00000| Untracked 
|  15|0x0000000762c00000, 0x0000000762e00000, 0x0000000762e00000|100%| O|  |TAMS 0x0000000762e00000, 0x0000000762e00000| Untracked 
|  16|0x0000000762e00000, 0x0000000763000000, 0x0000000763000000|100%| O|  |TAMS 0x0000000763000000, 0x0000000763000000| Untracked 
|  17|0x0000000763000000, 0x0000000763200000, 0x0000000763200000|100%| O|  |TAMS 0x0000000763200000, 0x0000000763200000| Untracked 
|  18|0x0000000763200000, 0x0000000763400000, 0x0000000763400000|100%| O|  |TAMS 0x0000000763400000, 0x0000000763400000| Untracked 
|  19|0x0000000763400000, 0x0000000763600000, 0x0000000763600000|100%| O|  |TAMS 0x0000000763600000, 0x0000000763600000| Untracked 
|  20|0x0000000763600000, 0x0000000763800000, 0x0000000763800000|100%| O|  |TAMS 0x0000000763800000, 0x0000000763800000| Untracked 
|  21|0x0000000763800000, 0x0000000763a00000, 0x0000000763a00000|100%| O|  |TAMS 0x0000000763a00000, 0x0000000763a00000| Untracked 
|  22|0x0000000763a00000, 0x0000000763c00000, 0x0000000763c00000|100%| O|  |TAMS 0x0000000763c00000, 0x0000000763c00000| Untracked 
|  23|0x0000000763c00000, 0x0000000763e00000, 0x0000000763e00000|100%| O|  |TAMS 0x0000000763e00000, 0x0000000763e00000| Untracked 
|  24|0x0000000763e00000, 0x0000000764000000, 0x0000000764000000|100%| O|  |TAMS 0x0000000764000000, 0x0000000764000000| Untracked 
|  25|0x0000000764000000, 0x0000000764200000, 0x0000000764200000|100%| O|  |TAMS 0x0000000764200000, 0x0000000764200000| Untracked 
|  26|0x0000000764200000, 0x0000000764400000, 0x0000000764400000|100%| O|  |TAMS 0x0000000764400000, 0x0000000764400000| Untracked 
|  27|0x0000000764400000, 0x0000000764600000, 0x0000000764600000|100%| O|  |TAMS 0x0000000764400000, 0x0000000764400000| Untracked 
|  28|0x0000000764600000, 0x0000000764800000, 0x0000000764800000|100%| O|  |TAMS 0x0000000764800000, 0x0000000764800000| Untracked 
|  29|0x0000000764800000, 0x0000000764a00000, 0x0000000764a00000|100%| O|  |TAMS 0x0000000764a00000, 0x0000000764a00000| Untracked 
|  30|0x0000000764a00000, 0x0000000764c00000, 0x0000000764c00000|100%| O|  |TAMS 0x0000000764c00000, 0x0000000764c00000| Untracked 
|  31|0x0000000764c00000, 0x0000000764e00000, 0x0000000764e00000|100%| O|  |TAMS 0x0000000764e00000, 0x0000000764e00000| Untracked 
|  32|0x0000000764e00000, 0x0000000765000000, 0x0000000765000000|100%| O|  |TAMS 0x0000000765000000, 0x0000000765000000| Untracked 
|  33|0x0000000765000000, 0x0000000765200000, 0x0000000765200000|100%| O|  |TAMS 0x0000000765200000, 0x0000000765200000| Untracked 
|  34|0x0000000765200000, 0x0000000765400000, 0x0000000765400000|100%| O|  |TAMS 0x0000000765400000, 0x0000000765400000| Untracked 
|  35|0x0000000765400000, 0x0000000765600000, 0x0000000765600000|100%| O|  |TAMS 0x0000000765600000, 0x0000000765600000| Untracked 
|  36|0x0000000765600000, 0x0000000765800000, 0x0000000765800000|100%| O|  |TAMS 0x0000000765800000, 0x0000000765800000| Untracked 
|  37|0x0000000765800000, 0x0000000765a00000, 0x0000000765a00000|100%| O|  |TAMS 0x0000000765a00000, 0x0000000765a00000| Untracked 
|  38|0x0000000765a00000, 0x0000000765c00000, 0x0000000765c00000|100%| O|  |TAMS 0x0000000765c00000, 0x0000000765c00000| Untracked 
|  39|0x0000000765c00000, 0x0000000765e00000, 0x0000000765e00000|100%| O|  |TAMS 0x0000000765e00000, 0x0000000765e00000| Untracked 
|  40|0x0000000765e00000, 0x0000000766000000, 0x0000000766000000|100%| O|  |TAMS 0x0000000766000000, 0x0000000766000000| Untracked 
|  41|0x0000000766000000, 0x0000000766200000, 0x0000000766200000|100%| O|  |TAMS 0x0000000766200000, 0x0000000766200000| Untracked 
|  42|0x0000000766200000, 0x0000000766400000, 0x0000000766400000|100%| O|  |TAMS 0x0000000766400000, 0x0000000766400000| Untracked 
|  43|0x0000000766400000, 0x0000000766600000, 0x0000000766600000|100%| O|  |TAMS 0x0000000766600000, 0x0000000766600000| Untracked 
|  44|0x0000000766600000, 0x0000000766800000, 0x0000000766800000|100%| O|  |TAMS 0x0000000766800000, 0x0000000766800000| Untracked 
|  45|0x0000000766800000, 0x0000000766a00000, 0x0000000766a00000|100%| O|  |TAMS 0x0000000766a00000, 0x0000000766a00000| Untracked 
|  46|0x0000000766a00000, 0x0000000766c00000, 0x0000000766c00000|100%| O|  |TAMS 0x0000000766c00000, 0x0000000766c00000| Untracked 
|  47|0x0000000766c00000, 0x0000000766e00000, 0x0000000766e00000|100%| O|  |TAMS 0x0000000766e00000, 0x0000000766e00000| Untracked 
|  48|0x0000000766e00000, 0x0000000767000000, 0x0000000767000000|100%| O|  |TAMS 0x0000000766e00000, 0x0000000766e00000| Untracked 
|  49|0x0000000767000000, 0x0000000767200000, 0x0000000767200000|100%| O|  |TAMS 0x0000000767099000, 0x0000000767200000| Untracked 
|  50|0x0000000767200000, 0x0000000767400000, 0x0000000767400000|100%| O|  |TAMS 0x0000000767200000, 0x0000000767400000| Untracked 
|  51|0x0000000767400000, 0x0000000767600000, 0x0000000767600000|100%| O|  |TAMS 0x0000000767400000, 0x0000000767600000| Untracked 
|  52|0x0000000767600000, 0x0000000767800000, 0x0000000767800000|100%| O|  |TAMS 0x0000000767600000, 0x0000000767800000| Untracked 
|  53|0x0000000767800000, 0x0000000767a00000, 0x0000000767a00000|100%| O|  |TAMS 0x0000000767800000, 0x0000000767a00000| Untracked 
|  54|0x0000000767a00000, 0x0000000767c00000, 0x0000000767c00000|100%| O|  |TAMS 0x0000000767a00000, 0x0000000767c00000| Untracked 
|  55|0x0000000767c00000, 0x0000000767e00000, 0x0000000767e00000|100%| O|  |TAMS 0x0000000767c00000, 0x0000000767e00000| Untracked 
|  56|0x0000000767e00000, 0x0000000768000000, 0x0000000768000000|100%| O|  |TAMS 0x0000000767e00000, 0x0000000768000000| Untracked 
|  57|0x0000000768000000, 0x0000000768200000, 0x0000000768200000|100%| O|  |TAMS 0x0000000768000000, 0x0000000768200000| Untracked 
|  58|0x0000000768200000, 0x0000000768400000, 0x0000000768400000|100%| O|  |TAMS 0x0000000768200000, 0x0000000768400000| Untracked 
|  59|0x0000000768400000, 0x0000000768600000, 0x0000000768600000|100%| O|  |TAMS 0x0000000768400000, 0x0000000768600000| Untracked 
|  60|0x0000000768600000, 0x0000000768800000, 0x0000000768800000|100%| O|  |TAMS 0x0000000768600000, 0x0000000768800000| Untracked 
|  61|0x0000000768800000, 0x0000000768a00000, 0x0000000768a00000|100%| O|  |TAMS 0x0000000768800000, 0x0000000768a00000| Untracked 
|  62|0x0000000768a00000, 0x0000000768c00000, 0x0000000768c00000|100%| O|  |TAMS 0x0000000768a00000, 0x0000000768c00000| Untracked 
|  63|0x0000000768c00000, 0x0000000768e00000, 0x0000000768e00000|100%| O|  |TAMS 0x0000000768c00000, 0x0000000768e00000| Untracked 
|  64|0x0000000768e00000, 0x0000000769000000, 0x0000000769000000|100%| O|  |TAMS 0x0000000768e00000, 0x0000000769000000| Untracked 
|  65|0x0000000769000000, 0x0000000769200000, 0x0000000769200000|100%| O|  |TAMS 0x0000000769000000, 0x0000000769200000| Untracked 
|  66|0x0000000769200000, 0x0000000769400000, 0x0000000769400000|100%| O|  |TAMS 0x0000000769200000, 0x0000000769400000| Untracked 
|  67|0x0000000769400000, 0x0000000769600000, 0x0000000769600000|100%| O|  |TAMS 0x0000000769400000, 0x0000000769600000| Untracked 
|  68|0x0000000769600000, 0x0000000769800000, 0x0000000769800000|100%| O|  |TAMS 0x0000000769600000, 0x0000000769800000| Untracked 
|  69|0x0000000769800000, 0x0000000769a00000, 0x0000000769a00000|100%| O|  |TAMS 0x0000000769800000, 0x0000000769a00000| Untracked 
|  70|0x0000000769a00000, 0x0000000769c00000, 0x0000000769c00000|100%| O|  |TAMS 0x0000000769a00000, 0x0000000769c00000| Untracked 
|  71|0x0000000769c00000, 0x0000000769e00000, 0x0000000769e00000|100%| O|  |TAMS 0x0000000769c00000, 0x0000000769e00000| Untracked 
|  72|0x0000000769e00000, 0x000000076a000000, 0x000000076a000000|100%| O|  |TAMS 0x0000000769e00000, 0x000000076a000000| Untracked 
|  73|0x000000076a000000, 0x000000076a200000, 0x000000076a200000|100%| O|  |TAMS 0x000000076a000000, 0x000000076a200000| Untracked 
|  74|0x000000076a200000, 0x000000076a400000, 0x000000076a400000|100%| O|  |TAMS 0x000000076a200000, 0x000000076a400000| Untracked 
|  75|0x000000076a400000, 0x000000076a600000, 0x000000076a600000|100%| O|  |TAMS 0x000000076a400000, 0x000000076a600000| Untracked 
|  76|0x000000076a600000, 0x000000076a800000, 0x000000076a800000|100%| O|  |TAMS 0x000000076a600000, 0x000000076a800000| Untracked 
|  77|0x000000076a800000, 0x000000076aa00000, 0x000000076aa00000|100%| O|  |TAMS 0x000000076a800000, 0x000000076aa00000| Untracked 
|  78|0x000000076aa00000, 0x000000076ac00000, 0x000000076ac00000|100%| O|  |TAMS 0x000000076aa00000, 0x000000076ac00000| Untracked 
|  79|0x000000076ac00000, 0x000000076ae00000, 0x000000076ae00000|100%| O|  |TAMS 0x000000076ac00000, 0x000000076ae00000| Untracked 
|  80|0x000000076ae00000, 0x000000076b000000, 0x000000076b000000|100%| O|  |TAMS 0x000000076ae00000, 0x000000076b000000| Untracked 
|  81|0x000000076b000000, 0x000000076b200000, 0x000000076b200000|100%| O|  |TAMS 0x000000076b000000, 0x000000076b200000| Untracked 
|  82|0x000000076b200000, 0x000000076b400000, 0x000000076b400000|100%| O|  |TAMS 0x000000076b200000, 0x000000076b400000| Untracked 
|  83|0x000000076b400000, 0x000000076b600000, 0x000000076b600000|100%| O|  |TAMS 0x000000076b400000, 0x000000076b600000| Untracked 
|  84|0x000000076b600000, 0x000000076b800000, 0x000000076b800000|100%| O|  |TAMS 0x000000076b600000, 0x000000076b800000| Untracked 
|  85|0x000000076b800000, 0x000000076ba00000, 0x000000076ba00000|100%| O|  |TAMS 0x000000076b800000, 0x000000076ba00000| Untracked 
|  86|0x000000076ba00000, 0x000000076bc00000, 0x000000076bc00000|100%| O|  |TAMS 0x000000076ba00000, 0x000000076bc00000| Untracked 
|  87|0x000000076bc00000, 0x000000076be00000, 0x000000076be00000|100%| O|  |TAMS 0x000000076bc00000, 0x000000076be00000| Untracked 
|  88|0x000000076be00000, 0x000000076c000000, 0x000000076c000000|100%| O|  |TAMS 0x000000076be00000, 0x000000076c000000| Untracked 
|  89|0x000000076c000000, 0x000000076c200000, 0x000000076c200000|100%| O|  |TAMS 0x000000076c000000, 0x000000076c200000| Untracked 
|  90|0x000000076c200000, 0x000000076c400000, 0x000000076c400000|100%| O|  |TAMS 0x000000076c200000, 0x000000076c400000| Untracked 
|  91|0x000000076c400000, 0x000000076c600000, 0x000000076c600000|100%| O|  |TAMS 0x000000076c400000, 0x000000076c600000| Untracked 
|  92|0x000000076c600000, 0x000000076c800000, 0x000000076c800000|100%| O|  |TAMS 0x000000076c600000, 0x000000076c800000| Untracked 
|  93|0x000000076c800000, 0x000000076ca00000, 0x000000076ca00000|100%| O|  |TAMS 0x000000076c800000, 0x000000076ca00000| Untracked 
|  94|0x000000076ca00000, 0x000000076cc00000, 0x000000076cc00000|100%| O|  |TAMS 0x000000076ca00000, 0x000000076cc00000| Untracked 
|  95|0x000000076cc00000, 0x000000076ce00000, 0x000000076ce00000|100%| O|  |TAMS 0x000000076cc00000, 0x000000076ce00000| Untracked 
|  96|0x000000076ce00000, 0x000000076d000000, 0x000000076d000000|100%| O|  |TAMS 0x000000076ce00000, 0x000000076d000000| Untracked 
|  97|0x000000076d000000, 0x000000076d200000, 0x000000076d200000|100%| O|  |TAMS 0x000000076d000000, 0x000000076d200000| Untracked 
|  98|0x000000076d200000, 0x000000076d400000, 0x000000076d400000|100%| O|  |TAMS 0x000000076d200000, 0x000000076d400000| Untracked 
|  99|0x000000076d400000, 0x000000076d600000, 0x000000076d600000|100%| O|  |TAMS 0x000000076d400000, 0x000000076d600000| Untracked 
| 100|0x000000076d600000, 0x000000076d800000, 0x000000076d800000|100%| O|  |TAMS 0x000000076d600000, 0x000000076d800000| Untracked 
| 101|0x000000076d800000, 0x000000076da00000, 0x000000076da00000|100%| O|  |TAMS 0x000000076d800000, 0x000000076da00000| Untracked 
| 102|0x000000076da00000, 0x000000076dc00000, 0x000000076dc00000|100%| O|  |TAMS 0x000000076da00000, 0x000000076dc00000| Untracked 
| 103|0x000000076dc00000, 0x000000076de00000, 0x000000076de00000|100%| O|  |TAMS 0x000000076dc00000, 0x000000076de00000| Untracked 
| 104|0x000000076de00000, 0x000000076e000000, 0x000000076e000000|100%| O|  |TAMS 0x000000076de00000, 0x000000076e000000| Untracked 
| 105|0x000000076e000000, 0x000000076e200000, 0x000000076e200000|100%| O|  |TAMS 0x000000076e000000, 0x000000076e200000| Untracked 
| 106|0x000000076e200000, 0x000000076e400000, 0x000000076e400000|100%| O|  |TAMS 0x000000076e200000, 0x000000076e400000| Untracked 
| 107|0x000000076e400000, 0x000000076e600000, 0x000000076e600000|100%| O|  |TAMS 0x000000076e400000, 0x000000076e600000| Untracked 
| 108|0x000000076e600000, 0x000000076e800000, 0x000000076e800000|100%| O|  |TAMS 0x000000076e600000, 0x000000076e800000| Untracked 
| 109|0x000000076e800000, 0x000000076ea00000, 0x000000076ea00000|100%| O|  |TAMS 0x000000076e800000, 0x000000076ea00000| Untracked 
| 110|0x000000076ea00000, 0x000000076ec00000, 0x000000076ec00000|100%| O|  |TAMS 0x000000076ea00000, 0x000000076ec00000| Untracked 
| 111|0x000000076ec00000, 0x000000076ee00000, 0x000000076ee00000|100%| O|  |TAMS 0x000000076ec00000, 0x000000076ee00000| Untracked 
| 112|0x000000076ee00000, 0x000000076f000000, 0x000000076f000000|100%| O|  |TAMS 0x000000076ee00000, 0x000000076f000000| Untracked 
| 113|0x000000076f000000, 0x000000076f200000, 0x000000076f200000|100%| O|  |TAMS 0x000000076f000000, 0x000000076f200000| Untracked 
| 114|0x000000076f200000, 0x000000076f400000, 0x000000076f400000|100%| O|  |TAMS 0x000000076f200000, 0x000000076f400000| Untracked 
| 115|0x000000076f400000, 0x000000076f600000, 0x000000076f600000|100%| O|  |TAMS 0x000000076f400000, 0x000000076f600000| Untracked 
| 116|0x000000076f600000, 0x000000076f800000, 0x000000076f800000|100%| O|  |TAMS 0x000000076f600000, 0x000000076f800000| Untracked 
| 117|0x000000076f800000, 0x000000076fa00000, 0x000000076fa00000|100%| O|  |TAMS 0x000000076f800000, 0x000000076fa00000| Untracked 
| 118|0x000000076fa00000, 0x000000076fc00000, 0x000000076fc00000|100%| O|  |TAMS 0x000000076fa00000, 0x000000076fc00000| Untracked 
| 119|0x000000076fc00000, 0x000000076fe00000, 0x000000076fe00000|100%| O|  |TAMS 0x000000076fc00000, 0x000000076fe00000| Untracked 
| 120|0x000000076fe00000, 0x0000000770000000, 0x0000000770000000|100%| O|  |TAMS 0x000000076fe00000, 0x0000000770000000| Untracked 
| 121|0x0000000770000000, 0x0000000770200000, 0x0000000770200000|100%| O|  |TAMS 0x0000000770000000, 0x0000000770200000| Untracked 
| 122|0x0000000770200000, 0x0000000770400000, 0x0000000770400000|100%| O|  |TAMS 0x0000000770200000, 0x0000000770200000| Untracked 
| 123|0x0000000770400000, 0x0000000770600000, 0x0000000770600000|100%| O|  |TAMS 0x0000000770400000, 0x0000000770400000| Untracked 
| 124|0x0000000770600000, 0x0000000770800000, 0x0000000770800000|100%| O|  |TAMS 0x0000000770600000, 0x0000000770600000| Untracked 
| 125|0x0000000770800000, 0x0000000770a00000, 0x0000000770a00000|100%| O|  |TAMS 0x0000000770800000, 0x0000000770800000| Untracked 
| 126|0x0000000770a00000, 0x0000000770c00000, 0x0000000770c00000|100%| O|  |TAMS 0x0000000770a00000, 0x0000000770a00000| Untracked 
| 127|0x0000000770c00000, 0x0000000770e00000, 0x0000000770e00000|100%| O|  |TAMS 0x0000000770c00000, 0x0000000770c00000| Untracked 
| 128|0x0000000770e00000, 0x0000000771000000, 0x0000000771000000|100%| O|  |TAMS 0x0000000770e00000, 0x0000000770e00000| Untracked 
| 129|0x0000000771000000, 0x0000000771200000, 0x0000000771200000|100%| O|  |TAMS 0x0000000771000000, 0x0000000771000000| Untracked 
| 130|0x0000000771200000, 0x0000000771400000, 0x0000000771400000|100%| O|  |TAMS 0x0000000771200000, 0x0000000771200000| Untracked 
| 131|0x0000000771400000, 0x0000000771600000, 0x0000000771600000|100%| O|  |TAMS 0x0000000771400000, 0x0000000771400000| Untracked 
| 132|0x0000000771600000, 0x0000000771800000, 0x0000000771800000|100%| O|  |TAMS 0x0000000771600000, 0x0000000771600000| Untracked 
| 133|0x0000000771800000, 0x0000000771a00000, 0x0000000771a00000|100%| O|  |TAMS 0x0000000771800000, 0x0000000771800000| Untracked 
| 134|0x0000000771a00000, 0x0000000771c00000, 0x0000000771c00000|100%| O|  |TAMS 0x0000000771a00000, 0x0000000771a00000| Untracked 
| 135|0x0000000771c00000, 0x0000000771e00000, 0x0000000771e00000|100%| O|  |TAMS 0x0000000771c00000, 0x0000000771c00000| Untracked 
| 136|0x0000000771e00000, 0x0000000772000000, 0x0000000772000000|100%| O|  |TAMS 0x0000000771e00000, 0x0000000771e00000| Untracked 
| 137|0x0000000772000000, 0x0000000772200000, 0x0000000772200000|100%| O|  |TAMS 0x0000000772000000, 0x0000000772000000| Untracked 
| 138|0x0000000772200000, 0x0000000772400000, 0x0000000772400000|100%| O|  |TAMS 0x0000000772200000, 0x0000000772200000| Untracked 
| 139|0x0000000772400000, 0x0000000772600000, 0x0000000772600000|100%| O|  |TAMS 0x0000000772400000, 0x0000000772400000| Untracked 
| 140|0x0000000772600000, 0x0000000772800000, 0x0000000772800000|100%| O|  |TAMS 0x0000000772600000, 0x0000000772600000| Untracked 
| 141|0x0000000772800000, 0x0000000772a00000, 0x0000000772a00000|100%| O|  |TAMS 0x0000000772800000, 0x0000000772800000| Untracked 
| 142|0x0000000772a00000, 0x0000000772c00000, 0x0000000772c00000|100%| O|  |TAMS 0x0000000772a00000, 0x0000000772a00000| Untracked 
| 143|0x0000000772c00000, 0x0000000772e00000, 0x0000000772e00000|100%| O|  |TAMS 0x0000000772c00000, 0x0000000772c00000| Untracked 
| 144|0x0000000772e00000, 0x0000000773000000, 0x0000000773000000|100%| O|  |TAMS 0x0000000772e00000, 0x0000000772e00000| Untracked 
| 145|0x0000000773000000, 0x0000000773200000, 0x0000000773200000|100%| O|  |TAMS 0x0000000773000000, 0x0000000773000000| Untracked 
| 146|0x0000000773200000, 0x0000000773400000, 0x0000000773400000|100%| O|  |TAMS 0x0000000773200000, 0x0000000773200000| Untracked 
| 147|0x0000000773400000, 0x0000000773600000, 0x0000000773600000|100%| O|  |TAMS 0x0000000773400000, 0x0000000773400000| Untracked 
| 148|0x0000000773600000, 0x0000000773800000, 0x0000000773800000|100%| O|  |TAMS 0x0000000773600000, 0x0000000773600000| Untracked 
| 149|0x0000000773800000, 0x0000000773a00000, 0x0000000773a00000|100%| O|  |TAMS 0x0000000773800000, 0x0000000773800000| Untracked 
| 150|0x0000000773a00000, 0x0000000773c00000, 0x0000000773c00000|100%| O|  |TAMS 0x0000000773a00000, 0x0000000773a00000| Untracked 
| 151|0x0000000773c00000, 0x0000000773e00000, 0x0000000773e00000|100%| O|  |TAMS 0x0000000773c00000, 0x0000000773c00000| Untracked 
| 152|0x0000000773e00000, 0x0000000774000000, 0x0000000774000000|100%| O|  |TAMS 0x0000000773e00000, 0x0000000773e00000| Untracked 
| 153|0x0000000774000000, 0x0000000774200000, 0x0000000774200000|100%| O|  |TAMS 0x0000000774000000, 0x0000000774000000| Untracked 
| 154|0x0000000774200000, 0x0000000774400000, 0x0000000774400000|100%| O|  |TAMS 0x0000000774200000, 0x0000000774200000| Untracked 
| 155|0x0000000774400000, 0x0000000774600000, 0x0000000774600000|100%| O|  |TAMS 0x0000000774400000, 0x0000000774400000| Untracked 
| 156|0x0000000774600000, 0x0000000774800000, 0x0000000774800000|100%| O|  |TAMS 0x0000000774600000, 0x0000000774600000| Untracked 
| 157|0x0000000774800000, 0x0000000774a00000, 0x0000000774a00000|100%| O|  |TAMS 0x0000000774800000, 0x0000000774800000| Untracked 
| 158|0x0000000774a00000, 0x0000000774c00000, 0x0000000774c00000|100%| O|  |TAMS 0x0000000774a00000, 0x0000000774a00000| Untracked 
| 159|0x0000000774c00000, 0x0000000774e00000, 0x0000000774e00000|100%| O|  |TAMS 0x0000000774c00000, 0x0000000774c00000| Untracked 
| 160|0x0000000774e00000, 0x0000000775000000, 0x0000000775000000|100%| O|  |TAMS 0x0000000774e00000, 0x0000000774e00000| Untracked 
| 161|0x0000000775000000, 0x0000000775200000, 0x0000000775200000|100%| O|  |TAMS 0x0000000775000000, 0x0000000775000000| Untracked 
| 162|0x0000000775200000, 0x0000000775400000, 0x0000000775400000|100%| O|  |TAMS 0x0000000775200000, 0x0000000775200000| Untracked 
| 163|0x0000000775400000, 0x0000000775600000, 0x0000000775600000|100%| O|  |TAMS 0x0000000775400000, 0x0000000775400000| Untracked 
| 164|0x0000000775600000, 0x0000000775800000, 0x0000000775800000|100%| O|  |TAMS 0x0000000775600000, 0x0000000775600000| Untracked 
| 165|0x0000000775800000, 0x0000000775a00000, 0x0000000775a00000|100%| O|  |TAMS 0x0000000775800000, 0x0000000775800000| Untracked 
| 166|0x0000000775a00000, 0x0000000775c00000, 0x0000000775c00000|100%| O|  |TAMS 0x0000000775a00000, 0x0000000775a00000| Untracked 
| 167|0x0000000775c00000, 0x0000000775e00000, 0x0000000775e00000|100%| O|  |TAMS 0x0000000775c00000, 0x0000000775c00000| Untracked 
| 168|0x0000000775e00000, 0x0000000776000000, 0x0000000776000000|100%| O|  |TAMS 0x0000000775e00000, 0x0000000775e00000| Untracked 
| 169|0x0000000776000000, 0x0000000776200000, 0x0000000776200000|100%| O|  |TAMS 0x0000000776000000, 0x0000000776000000| Untracked 
| 170|0x0000000776200000, 0x0000000776400000, 0x0000000776400000|100%| O|  |TAMS 0x0000000776200000, 0x0000000776200000| Untracked 
| 171|0x0000000776400000, 0x0000000776600000, 0x0000000776600000|100%| O|  |TAMS 0x0000000776400000, 0x0000000776400000| Untracked 
| 172|0x0000000776600000, 0x0000000776800000, 0x0000000776800000|100%| O|  |TAMS 0x0000000776600000, 0x0000000776600000| Untracked 
| 173|0x0000000776800000, 0x0000000776a00000, 0x0000000776a00000|100%| O|  |TAMS 0x0000000776800000, 0x0000000776800000| Untracked 
| 174|0x0000000776a00000, 0x0000000776c00000, 0x0000000776c00000|100%| O|  |TAMS 0x0000000776a00000, 0x0000000776a00000| Untracked 
| 175|0x0000000776c00000, 0x0000000776e00000, 0x0000000776e00000|100%| O|  |TAMS 0x0000000776c00000, 0x0000000776c00000| Untracked 
| 176|0x0000000776e00000, 0x0000000777000000, 0x0000000777000000|100%| O|  |TAMS 0x0000000776e00000, 0x0000000776e00000| Untracked 
| 177|0x0000000777000000, 0x0000000777200000, 0x0000000777200000|100%| O|  |TAMS 0x0000000777000000, 0x0000000777000000| Untracked 
| 178|0x0000000777200000, 0x0000000777400000, 0x0000000777400000|100%| O|  |TAMS 0x0000000777200000, 0x0000000777200000| Untracked 
| 179|0x0000000777400000, 0x0000000777600000, 0x0000000777600000|100%| O|  |TAMS 0x0000000777400000, 0x0000000777400000| Untracked 
| 180|0x0000000777600000, 0x0000000777800000, 0x0000000777800000|100%| O|  |TAMS 0x0000000777600000, 0x0000000777600000| Untracked 
| 181|0x0000000777800000, 0x0000000777a00000, 0x0000000777a00000|100%| O|  |TAMS 0x0000000777800000, 0x0000000777800000| Untracked 
| 182|0x0000000777a00000, 0x0000000777c00000, 0x0000000777c00000|100%| O|  |TAMS 0x0000000777a00000, 0x0000000777a00000| Untracked 
| 183|0x0000000777c00000, 0x0000000777e00000, 0x0000000777e00000|100%| O|  |TAMS 0x0000000777c00000, 0x0000000777c00000| Untracked 
| 184|0x0000000777e00000, 0x0000000778000000, 0x0000000778000000|100%| O|  |TAMS 0x0000000777e00000, 0x0000000777e00000| Untracked 
| 185|0x0000000778000000, 0x0000000778200000, 0x0000000778200000|100%| O|  |TAMS 0x0000000778000000, 0x0000000778000000| Untracked 
| 186|0x0000000778200000, 0x0000000778400000, 0x0000000778400000|100%| O|  |TAMS 0x0000000778200000, 0x0000000778200000| Untracked 
| 187|0x0000000778400000, 0x0000000778600000, 0x0000000778600000|100%| O|  |TAMS 0x0000000778400000, 0x0000000778400000| Untracked 
| 188|0x0000000778600000, 0x0000000778800000, 0x0000000778800000|100%| O|  |TAMS 0x0000000778600000, 0x0000000778600000| Untracked 
| 189|0x0000000778800000, 0x0000000778a00000, 0x0000000778a00000|100%| O|  |TAMS 0x0000000778800000, 0x0000000778800000| Untracked 
| 190|0x0000000778a00000, 0x0000000778c00000, 0x0000000778c00000|100%| O|  |TAMS 0x0000000778a00000, 0x0000000778a00000| Untracked 
| 191|0x0000000778c00000, 0x0000000778e00000, 0x0000000778e00000|100%| O|  |TAMS 0x0000000778c00000, 0x0000000778c00000| Untracked 
| 192|0x0000000778e00000, 0x0000000779000000, 0x0000000779000000|100%| O|  |TAMS 0x0000000778e00000, 0x0000000778e00000| Untracked 
| 193|0x0000000779000000, 0x0000000779200000, 0x0000000779200000|100%| O|  |TAMS 0x0000000779000000, 0x0000000779000000| Untracked 
| 194|0x0000000779200000, 0x0000000779400000, 0x0000000779400000|100%| O|  |TAMS 0x0000000779200000, 0x0000000779200000| Untracked 
| 195|0x0000000779400000, 0x0000000779600000, 0x0000000779600000|100%| O|  |TAMS 0x0000000779400000, 0x0000000779400000| Untracked 
| 196|0x0000000779600000, 0x0000000779800000, 0x0000000779800000|100%| O|  |TAMS 0x0000000779600000, 0x0000000779600000| Untracked 
| 197|0x0000000779800000, 0x0000000779a00000, 0x0000000779a00000|100%| O|  |TAMS 0x0000000779800000, 0x0000000779800000| Untracked 
| 198|0x0000000779a00000, 0x0000000779c00000, 0x0000000779c00000|100%| O|  |TAMS 0x0000000779a00000, 0x0000000779a00000| Untracked 
| 199|0x0000000779c00000, 0x0000000779e00000, 0x0000000779e00000|100%| O|  |TAMS 0x0000000779c00000, 0x0000000779c00000| Untracked 
| 200|0x0000000779e00000, 0x0000000779e00000, 0x000000077a000000|  0%| F|  |TAMS 0x0000000779e00000, 0x0000000779e00000| Untracked 
| 201|0x000000077a000000, 0x000000077a000000, 0x000000077a200000|  0%| F|  |TAMS 0x000000077a000000, 0x000000077a000000| Untracked 
| 202|0x000000077a200000, 0x000000077a200000, 0x000000077a400000|  0%| F|  |TAMS 0x000000077a200000, 0x000000077a200000| Untracked 
| 203|0x000000077a400000, 0x000000077a400000, 0x000000077a600000|  0%| F|  |TAMS 0x000000077a400000, 0x000000077a400000| Untracked 
| 204|0x000000077a600000, 0x000000077a600000, 0x000000077a800000|  0%| F|  |TAMS 0x000000077a600000, 0x000000077a600000| Untracked 
| 205|0x000000077a800000, 0x000000077a800000, 0x000000077aa00000|  0%| F|  |TAMS 0x000000077a800000, 0x000000077a800000| Untracked 
| 206|0x000000077aa00000, 0x000000077aa00000, 0x000000077ac00000|  0%| F|  |TAMS 0x000000077aa00000, 0x000000077aa00000| Untracked 
| 207|0x000000077ac00000, 0x000000077ac00000, 0x000000077ae00000|  0%| F|  |TAMS 0x000000077ac00000, 0x000000077ac00000| Untracked 
| 208|0x000000077ae00000, 0x000000077ae00000, 0x000000077b000000|  0%| F|  |TAMS 0x000000077ae00000, 0x000000077ae00000| Untracked 
| 209|0x000000077b000000, 0x000000077b000000, 0x000000077b200000|  0%| F|  |TAMS 0x000000077b000000, 0x000000077b000000| Untracked 
| 210|0x000000077b200000, 0x000000077b200000, 0x000000077b400000|  0%| F|  |TAMS 0x000000077b200000, 0x000000077b200000| Untracked 
| 211|0x000000077b400000, 0x000000077b400000, 0x000000077b600000|  0%| F|  |TAMS 0x000000077b400000, 0x000000077b400000| Untracked 
| 212|0x000000077b600000, 0x000000077b600000, 0x000000077b800000|  0%| F|  |TAMS 0x000000077b600000, 0x000000077b600000| Untracked 
| 213|0x000000077b800000, 0x000000077b800000, 0x000000077ba00000|  0%| F|  |TAMS 0x000000077b800000, 0x000000077b800000| Untracked 
| 214|0x000000077ba00000, 0x000000077ba00000, 0x000000077bc00000|  0%| F|  |TAMS 0x000000077ba00000, 0x000000077ba00000| Untracked 
| 215|0x000000077bc00000, 0x000000077bc00000, 0x000000077be00000|  0%| F|  |TAMS 0x000000077bc00000, 0x000000077bc00000| Untracked 
| 216|0x000000077be00000, 0x000000077be00000, 0x000000077c000000|  0%| F|  |TAMS 0x000000077be00000, 0x000000077be00000| Untracked 
| 217|0x000000077c000000, 0x000000077c000000, 0x000000077c200000|  0%| F|  |TAMS 0x000000077c000000, 0x000000077c000000| Untracked 
| 218|0x000000077c200000, 0x000000077c200000, 0x000000077c400000|  0%| F|  |TAMS 0x000000077c200000, 0x000000077c200000| Untracked 
| 219|0x000000077c400000, 0x000000077c400000, 0x000000077c600000|  0%| F|  |TAMS 0x000000077c400000, 0x000000077c400000| Untracked 
| 220|0x000000077c600000, 0x000000077c600000, 0x000000077c800000|  0%| F|  |TAMS 0x000000077c600000, 0x000000077c600000| Untracked 
| 221|0x000000077c800000, 0x000000077c800000, 0x000000077ca00000|  0%| F|  |TAMS 0x000000077c800000, 0x000000077c800000| Untracked 
| 222|0x000000077ca00000, 0x000000077ca00000, 0x000000077cc00000|  0%| F|  |TAMS 0x000000077ca00000, 0x000000077ca00000| Untracked 
| 223|0x000000077cc00000, 0x000000077cc00000, 0x000000077ce00000|  0%| F|  |TAMS 0x000000077cc00000, 0x000000077cc00000| Untracked 
| 224|0x000000077ce00000, 0x000000077ce00000, 0x000000077d000000|  0%| F|  |TAMS 0x000000077ce00000, 0x000000077ce00000| Untracked 
| 225|0x000000077d000000, 0x000000077d000000, 0x000000077d200000|  0%| F|  |TAMS 0x000000077d000000, 0x000000077d000000| Untracked 
| 226|0x000000077d200000, 0x000000077d200000, 0x000000077d400000|  0%| F|  |TAMS 0x000000077d200000, 0x000000077d200000| Untracked 
| 227|0x000000077d400000, 0x000000077d400000, 0x000000077d600000|  0%| F|  |TAMS 0x000000077d400000, 0x000000077d400000| Untracked 
| 228|0x000000077d600000, 0x000000077d600000, 0x000000077d800000|  0%| F|  |TAMS 0x000000077d600000, 0x000000077d600000| Untracked 
| 229|0x000000077d800000, 0x000000077d800000, 0x000000077da00000|  0%| F|  |TAMS 0x000000077d800000, 0x000000077d800000| Untracked 
| 230|0x000000077da00000, 0x000000077da00000, 0x000000077dc00000|  0%| F|  |TAMS 0x000000077da00000, 0x000000077da00000| Untracked 
| 231|0x000000077dc00000, 0x000000077dc00000, 0x000000077de00000|  0%| F|  |TAMS 0x000000077dc00000, 0x000000077dc00000| Untracked 
| 232|0x000000077de00000, 0x000000077de00000, 0x000000077e000000|  0%| F|  |TAMS 0x000000077de00000, 0x000000077de00000| Untracked 
| 233|0x000000077e000000, 0x000000077e000000, 0x000000077e200000|  0%| F|  |TAMS 0x000000077e000000, 0x000000077e000000| Untracked 
| 234|0x000000077e200000, 0x000000077e200000, 0x000000077e400000|  0%| F|  |TAMS 0x000000077e200000, 0x000000077e200000| Untracked 
| 235|0x000000077e400000, 0x000000077e400000, 0x000000077e600000|  0%| F|  |TAMS 0x000000077e400000, 0x000000077e400000| Untracked 
| 236|0x000000077e600000, 0x000000077e600000, 0x000000077e800000|  0%| F|  |TAMS 0x000000077e600000, 0x000000077e600000| Untracked 
| 237|0x000000077e800000, 0x000000077e800000, 0x000000077ea00000|  0%| F|  |TAMS 0x000000077e800000, 0x000000077e800000| Untracked 
| 238|0x000000077ea00000, 0x000000077ea00000, 0x000000077ec00000|  0%| F|  |TAMS 0x000000077ea00000, 0x000000077ea00000| Untracked 
| 239|0x000000077ec00000, 0x000000077ec00000, 0x000000077ee00000|  0%| F|  |TAMS 0x000000077ec00000, 0x000000077ec00000| Untracked 
| 240|0x000000077ee00000, 0x000000077ee00000, 0x000000077f000000|  0%| F|  |TAMS 0x000000077ee00000, 0x000000077ee00000| Untracked 
| 241|0x000000077f000000, 0x000000077f000000, 0x000000077f200000|  0%| F|  |TAMS 0x000000077f000000, 0x000000077f000000| Untracked 
| 242|0x000000077f200000, 0x000000077f200000, 0x000000077f400000|  0%| F|  |TAMS 0x000000077f200000, 0x000000077f200000| Untracked 
| 243|0x000000077f400000, 0x000000077f400000, 0x000000077f600000|  0%| F|  |TAMS 0x000000077f400000, 0x000000077f400000| Untracked 
| 244|0x000000077f600000, 0x000000077f600000, 0x000000077f800000|  0%| F|  |TAMS 0x000000077f600000, 0x000000077f600000| Untracked 
| 245|0x000000077f800000, 0x000000077f800000, 0x000000077fa00000|  0%| F|  |TAMS 0x000000077f800000, 0x000000077f800000| Untracked 
| 246|0x000000077fa00000, 0x000000077fa00000, 0x000000077fc00000|  0%| F|  |TAMS 0x000000077fa00000, 0x000000077fa00000| Untracked 
| 247|0x000000077fc00000, 0x000000077fc00000, 0x000000077fe00000|  0%| F|  |TAMS 0x000000077fc00000, 0x000000077fc00000| Untracked 
| 248|0x000000077fe00000, 0x000000077fe00000, 0x0000000780000000|  0%| F|  |TAMS 0x000000077fe00000, 0x000000077fe00000| Untracked 
| 249|0x0000000780000000, 0x0000000780000000, 0x0000000780200000|  0%| F|  |TAMS 0x0000000780000000, 0x0000000780000000| Untracked 
| 250|0x0000000780200000, 0x0000000780200000, 0x0000000780400000|  0%| F|  |TAMS 0x0000000780200000, 0x0000000780200000| Untracked 
| 251|0x0000000780400000, 0x0000000780400000, 0x0000000780600000|  0%| F|  |TAMS 0x0000000780400000, 0x0000000780400000| Untracked 
| 252|0x0000000780600000, 0x0000000780600000, 0x0000000780800000|  0%| F|  |TAMS 0x0000000780600000, 0x0000000780600000| Untracked 
| 253|0x0000000780800000, 0x0000000780800000, 0x0000000780a00000|  0%| F|  |TAMS 0x0000000780800000, 0x0000000780800000| Untracked 
| 254|0x0000000780a00000, 0x0000000780a00000, 0x0000000780c00000|  0%| F|  |TAMS 0x0000000780a00000, 0x0000000780a00000| Untracked 
| 255|0x0000000780c00000, 0x0000000780c00000, 0x0000000780e00000|  0%| F|  |TAMS 0x0000000780c00000, 0x0000000780c00000| Untracked 
| 256|0x0000000780e00000, 0x0000000780e00000, 0x0000000781000000|  0%| F|  |TAMS 0x0000000780e00000, 0x0000000780e00000| Untracked 
| 257|0x0000000781000000, 0x0000000781200000, 0x0000000781200000|100%| S|CS|TAMS 0x0000000781000000, 0x0000000781000000| Complete 
| 258|0x0000000781200000, 0x0000000781400000, 0x0000000781400000|100%| S|CS|TAMS 0x0000000781200000, 0x0000000781200000| Complete 
| 259|0x0000000781400000, 0x0000000781600000, 0x0000000781600000|100%| S|CS|TAMS 0x0000000781400000, 0x0000000781400000| Complete 
| 260|0x0000000781600000, 0x0000000781800000, 0x0000000781800000|100%| S|CS|TAMS 0x0000000781600000, 0x0000000781600000| Complete 
| 261|0x0000000781800000, 0x0000000781a00000, 0x0000000781a00000|100%| S|CS|TAMS 0x0000000781800000, 0x0000000781800000| Complete 
| 262|0x0000000781a00000, 0x0000000781a00000, 0x0000000781c00000|  0%| F|  |TAMS 0x0000000781a00000, 0x0000000781a00000| Untracked 
| 263|0x0000000781c00000, 0x0000000781c00000, 0x0000000781e00000|  0%| F|  |TAMS 0x0000000781c00000, 0x0000000781c00000| Untracked 
| 264|0x0000000781e00000, 0x0000000781e00000, 0x0000000782000000|  0%| F|  |TAMS 0x0000000781e00000, 0x0000000781e00000| Untracked 
| 265|0x0000000782000000, 0x0000000782000000, 0x0000000782200000|  0%| F|  |TAMS 0x0000000782000000, 0x0000000782000000| Untracked 
| 266|0x0000000782200000, 0x0000000782200000, 0x0000000782400000|  0%| F|  |TAMS 0x0000000782200000, 0x0000000782200000| Untracked 
| 267|0x0000000782400000, 0x0000000782400000, 0x0000000782600000|  0%| F|  |TAMS 0x0000000782400000, 0x0000000782400000| Untracked 
| 268|0x0000000782600000, 0x0000000782600000, 0x0000000782800000|  0%| F|  |TAMS 0x0000000782600000, 0x0000000782600000| Untracked 
| 269|0x0000000782800000, 0x0000000782800000, 0x0000000782a00000|  0%| F|  |TAMS 0x0000000782800000, 0x0000000782800000| Untracked 
| 270|0x0000000782a00000, 0x0000000782a00000, 0x0000000782c00000|  0%| F|  |TAMS 0x0000000782a00000, 0x0000000782a00000| Untracked 
| 271|0x0000000782c00000, 0x0000000782c00000, 0x0000000782e00000|  0%| F|  |TAMS 0x0000000782c00000, 0x0000000782c00000| Untracked 
| 272|0x0000000782e00000, 0x0000000782e00000, 0x0000000783000000|  0%| F|  |TAMS 0x0000000782e00000, 0x0000000782e00000| Untracked 
| 273|0x0000000783000000, 0x0000000783000000, 0x0000000783200000|  0%| F|  |TAMS 0x0000000783000000, 0x0000000783000000| Untracked 
| 274|0x0000000783200000, 0x0000000783200000, 0x0000000783400000|  0%| F|  |TAMS 0x0000000783200000, 0x0000000783200000| Untracked 
| 275|0x0000000783400000, 0x0000000783400000, 0x0000000783600000|  0%| F|  |TAMS 0x0000000783400000, 0x0000000783400000| Untracked 
| 276|0x0000000783600000, 0x0000000783600000, 0x0000000783800000|  0%| F|  |TAMS 0x0000000783600000, 0x0000000783600000| Untracked 
| 277|0x0000000783800000, 0x0000000783800000, 0x0000000783a00000|  0%| F|  |TAMS 0x0000000783800000, 0x0000000783800000| Untracked 
| 278|0x0000000783a00000, 0x0000000783a00000, 0x0000000783c00000|  0%| F|  |TAMS 0x0000000783a00000, 0x0000000783a00000| Untracked 
| 279|0x0000000783c00000, 0x0000000783c00000, 0x0000000783e00000|  0%| F|  |TAMS 0x0000000783c00000, 0x0000000783c00000| Untracked 
| 280|0x0000000783e00000, 0x0000000783e00000, 0x0000000784000000|  0%| F|  |TAMS 0x0000000783e00000, 0x0000000783e00000| Untracked 
| 281|0x0000000784000000, 0x0000000784000000, 0x0000000784200000|  0%| F|  |TAMS 0x0000000784000000, 0x0000000784000000| Untracked 
| 282|0x0000000784200000, 0x0000000784200000, 0x0000000784400000|  0%| F|  |TAMS 0x0000000784200000, 0x0000000784200000| Untracked 
| 283|0x0000000784400000, 0x0000000784400000, 0x0000000784600000|  0%| F|  |TAMS 0x0000000784400000, 0x0000000784400000| Untracked 
| 284|0x0000000784600000, 0x0000000784600000, 0x0000000784800000|  0%| F|  |TAMS 0x0000000784600000, 0x0000000784600000| Untracked 
| 285|0x0000000784800000, 0x0000000784800000, 0x0000000784a00000|  0%| F|  |TAMS 0x0000000784800000, 0x0000000784800000| Untracked 
| 286|0x0000000784a00000, 0x0000000784a00000, 0x0000000784c00000|  0%| F|  |TAMS 0x0000000784a00000, 0x0000000784a00000| Untracked 
| 287|0x0000000784c00000, 0x0000000784c00000, 0x0000000784e00000|  0%| F|  |TAMS 0x0000000784c00000, 0x0000000784c00000| Untracked 
| 288|0x0000000784e00000, 0x0000000784e00000, 0x0000000785000000|  0%| F|  |TAMS 0x0000000784e00000, 0x0000000784e00000| Untracked 
| 289|0x0000000785000000, 0x0000000785000000, 0x0000000785200000|  0%| F|  |TAMS 0x0000000785000000, 0x0000000785000000| Untracked 
|1272|0x00000007ffe00000, 0x0000000800000000, 0x0000000800000000|100%| O|  |TAMS 0x0000000800000000, 0x0000000800000000| Untracked 

Card table byte_map: [0x000002509c220000,0x000002509c720000] _byte_map_base: 0x0000025098719000

Marking Bits (Prev, Next): (CMBitMap*) 0x0000025090d13ee0, (CMBitMap*) 0x0000025090d13ea0
 Prev Bits: [0x000002509f3f0000, 0x00000250a1bb8000)
 Next Bits: [0x000002509cc20000, 0x000002509f3e8000)

Polling page: 0x000002508ec30000

Metaspace:

Usage:
  Non-class:     56.36 MB used.
      Class:      8.87 MB used.
       Both:     65.23 MB used.

Virtual space:
  Non-class space:       64.00 MB reserved,      56.69 MB ( 89%) committed,  1 nodes.
      Class space:        1.00 GB reserved,       9.12 MB ( <1%) committed,  1 nodes.
             Both:        1.06 GB reserved,      65.81 MB (  6%) committed. 

Chunk freelists:
   Non-Class:  2.80 MB
       Class:  2.81 MB
        Both:  5.61 MB

MaxMetaspaceSize: unlimited
CompressedClassSpaceSize: 1.00 GB
Initial GC threshold: 21.00 MB
Current GC threshold: 109.69 MB
CDS: on
MetaspaceReclaimPolicy: balanced
 - commit_granule_bytes: 65536.
 - commit_granule_words: 8192.
 - virtual_space_node_default_size: 8388608.
 - enlarge_chunks_in_place: 1.
 - new_chunks_are_fully_committed: 0.
 - uncommit_free_chunks: 1.
 - use_allocation_guard: 0.


Internal statistics:

num_allocs_failed_limit: 11.
num_arena_births: 856.
num_arena_deaths: 0.
num_vsnodes_births: 2.
num_vsnodes_deaths: 0.
num_space_committed: 1053.
num_space_uncommitted: 0.
num_chunks_returned_to_freelist: 11.
num_chunks_taken_from_freelist: 2864.
num_chunk_merges: 11.
num_chunk_splits: 2146.
num_chunks_enlarged: 1757.
num_inconsistent_stats: 0.

CodeCache: size=49152Kb used=12858Kb max_used=12858Kb free=36293Kb
 bounds [0x0000025098c10000, 0x00000250998a0000, 0x000002509bc10000]
 total_blobs=7093 nmethods=6247 adapters=767
 compilation: enabled
              stopped_count=0, restarted_count=0
 full_count=0

Compilation events (20 events):
Event: 19.889 Thread 0x00000250afaf27a0 6236  s    1       java.util.Hashtable::remove (133 bytes)
Event: 19.889 Thread 0x00000250afaf1c80 6237       1       java.lang.ref.ReferenceQueue::remove0 (18 bytes)
Event: 19.890 Thread 0x00000250afaf1c80 nmethod 6237 0x0000025099899b90 code [0x0000025099899d40, 0x0000025099899e78]
Event: 19.890 Thread 0x00000250afaf27a0 nmethod 6236 0x0000025099899f10 code [0x000002509989a0e0, 0x000002509989a5b8]
Event: 19.892 Thread 0x00000250afaf4900 6238   !   1       java.lang.ref.ReferenceQueue::remove (31 bytes)
Event: 19.892 Thread 0x00000250afaf1c80 6239   !   1       sun.java2d.Disposer::clearDeferredRecords (70 bytes)
Event: 19.893 Thread 0x00000250afaf4900 nmethod 6238 0x000002509989a790 code [0x000002509989a9a0, 0x000002509989ad28]
Event: 19.893 Thread 0x00000250afaf1c80 nmethod 6239 0x000002509989b010 code [0x000002509989b200, 0x000002509989b4e8]
Event: 19.895 Thread 0x00000250afaf27a0 6240       1       sun.java2d.DefaultDisposerRecord::dispose (12 bytes)
Event: 19.895 Thread 0x00000250afaf27a0 nmethod 6240 0x000002509989bc10 code [0x000002509989bda0, 0x000002509989be88]
Event: 19.895 Thread 0x00000250afaf1c80 6242   !   1       sun.java2d.d3d.D3DSurfaceData::dispose (54 bytes)
Event: 19.897 Thread 0x00000250afaf1c80 nmethod 6242 0x000002509989bf10 code [0x000002509989c180, 0x000002509989cb08]
Event: 20.005 Thread 0x00000250afaf4900 6244       1       java.util.ArrayList$SubList::<init> (35 bytes)
Event: 20.005 Thread 0x00000250afaf1c80 6245       1       java.util.ArrayList$SubList::toArray (79 bytes)
Event: 20.005 Thread 0x00000250afaf27a0 6246       1       java.util.ArrayList$SubList::checkForComodification (23 bytes)
Event: 20.005 Thread 0x00000250afaf4900 nmethod 6244 0x000002509989d690 code [0x000002509989d820, 0x000002509989d978]
Event: 20.005 Thread 0x00000250afaf27a0 nmethod 6246 0x000002509989da10 code [0x000002509989dbc0, 0x000002509989dd48]
Event: 20.006 Thread 0x00000250afaf1c80 nmethod 6245 0x000002509989de10 code [0x000002509989dfe0, 0x000002509989e408]
Event: 20.502 Thread 0x00000250afaf4900 6247       1       java.util.concurrent.locks.LockSupport::setBlocker (12 bytes)
Event: 20.502 Thread 0x00000250afaf4900 nmethod 6247 0x000002509989e590 code [0x000002509989e720, 0x000002509989e838]

GC Heap History (20 events):
Event: 19.796 GC heap after
{Heap after GC invocations=19 (full 0):
 garbage-first heap   total 198656K, used 61658K [0x0000000760e00000, 0x0000000800000000)
  region size 2048K, 1 young (2048K), 1 survivors (2048K)
 Metaspace       used 66796K, committed 67392K, reserved 1114112K
  class space    used 9081K, committed 9344K, reserved 1048576K
}
Event: 19.954 GC heap before
{Heap before GC invocations=20 (full 0):
 garbage-first heap   total 198656K, used 112858K [0x0000000760e00000, 0x0000000800000000)
  region size 2048K, 27 young (55296K), 1 survivors (2048K)
 Metaspace       used 66797K, committed 67392K, reserved 1114112K
  class space    used 9081K, committed 9344K, reserved 1048576K
}
Event: 19.982 GC heap after
{Heap after GC invocations=21 (full 0):
 garbage-first heap   total 198656K, used 99609K [0x0000000760e00000, 0x0000000800000000)
  region size 2048K, 4 young (8192K), 4 survivors (8192K)
 Metaspace       used 66797K, committed 67392K, reserved 1114112K
  class space    used 9081K, committed 9344K, reserved 1048576K
}
Event: 19.985 GC heap before
{Heap before GC invocations=21 (full 0):
 garbage-first heap   total 198656K, used 101657K [0x0000000760e00000, 0x0000000800000000)
  region size 2048K, 5 young (10240K), 4 survivors (8192K)
 Metaspace       used 66797K, committed 67392K, reserved 1114112K
  class space    used 9081K, committed 9344K, reserved 1048576K
}
Event: 19.995 GC heap after
{Heap after GC invocations=22 (full 0):
 garbage-first heap   total 198656K, used 102780K [0x0000000760e00000, 0x0000000800000000)
  region size 2048K, 1 young (2048K), 1 survivors (2048K)
 Metaspace       used 66797K, committed 67392K, reserved 1114112K
  class space    used 9081K, committed 9344K, reserved 1048576K
}
Event: 20.019 GC heap before
{Heap before GC invocations=22 (full 0):
 garbage-first heap   total 198656K, used 131452K [0x0000000760e00000, 0x0000000800000000)
  region size 2048K, 15 young (30720K), 1 survivors (2048K)
 Metaspace       used 66797K, committed 67392K, reserved 1114112K
  class space    used 9081K, committed 9344K, reserved 1048576K
}
Event: 20.035 GC heap after
{Heap after GC invocations=23 (full 0):
 garbage-first heap   total 198656K, used 124900K [0x0000000760e00000, 0x0000000800000000)
  region size 2048K, 2 young (4096K), 2 survivors (4096K)
 Metaspace       used 66797K, committed 67392K, reserved 1114112K
  class space    used 9081K, committed 9344K, reserved 1048576K
}
Event: 20.051 GC heap before
{Heap before GC invocations=23 (full 0):
 garbage-first heap   total 198656K, used 143332K [0x0000000760e00000, 0x0000000800000000)
  region size 2048K, 11 young (22528K), 2 survivors (4096K)
 Metaspace       used 66797K, committed 67392K, reserved 1114112K
  class space    used 9081K, committed 9344K, reserved 1048576K
}
Event: 20.063 GC heap after
{Heap after GC invocations=24 (full 0):
 garbage-first heap   total 198656K, used 139264K [0x0000000760e00000, 0x0000000800000000)
  region size 2048K, 2 young (4096K), 2 survivors (4096K)
 Metaspace       used 66797K, committed 67392K, reserved 1114112K
  class space    used 9081K, committed 9344K, reserved 1048576K
}
Event: 20.084 GC heap before
{Heap before GC invocations=24 (full 0):
 garbage-first heap   total 198656K, used 151552K [0x0000000760e00000, 0x0000000800000000)
  region size 2048K, 8 young (16384K), 2 survivors (4096K)
 Metaspace       used 66797K, committed 67392K, reserved 1114112K
  class space    used 9081K, committed 9344K, reserved 1048576K
}
Event: 20.095 GC heap after
{Heap after GC invocations=25 (full 0):
 garbage-first heap   total 595968K, used 149196K [0x0000000760e00000, 0x0000000800000000)
  region size 2048K, 1 young (2048K), 1 survivors (2048K)
 Metaspace       used 66797K, committed 67392K, reserved 1114112K
  class space    used 9081K, committed 9344K, reserved 1048576K
}
Event: 20.440 GC heap before
{Heap before GC invocations=26 (full 0):
 garbage-first heap   total 595968K, used 276172K [0x0000000760e00000, 0x0000000800000000)
  region size 2048K, 63 young (129024K), 1 survivors (2048K)
 Metaspace       used 66797K, committed 67392K, reserved 1114112K
  class space    used 9081K, committed 9344K, reserved 1048576K
}
Event: 20.501 GC heap after
{Heap after GC invocations=27 (full 0):
 garbage-first heap   total 595968K, used 240480K [0x0000000760e00000, 0x0000000800000000)
  region size 2048K, 8 young (16384K), 8 survivors (16384K)
 Metaspace       used 66797K, committed 67392K, reserved 1114112K
  class space    used 9081K, committed 9344K, reserved 1048576K
}
Event: 20.512 GC heap before
{Heap before GC invocations=27 (full 0):
 garbage-first heap   total 595968K, used 252768K [0x0000000760e00000, 0x0000000800000000)
  region size 2048K, 14 young (28672K), 8 survivors (16384K)
 Metaspace       used 66797K, committed 67392K, reserved 1114112K
  class space    used 9081K, committed 9344K, reserved 1048576K
}
Event: 20.530 GC heap after
{Heap after GC invocations=28 (full 0):
 garbage-first heap   total 595968K, used 251904K [0x0000000760e00000, 0x0000000800000000)
  region size 2048K, 2 young (4096K), 2 survivors (4096K)
 Metaspace       used 66797K, committed 67392K, reserved 1114112K
  class space    used 9081K, committed 9344K, reserved 1048576K
}
Event: 20.604 GC heap before
{Heap before GC invocations=28 (full 0):
 garbage-first heap   total 595968K, used 346112K [0x0000000760e00000, 0x0000000800000000)
  region size 2048K, 48 young (98304K), 2 survivors (4096K)
 Metaspace       used 66797K, committed 67392K, reserved 1114112K
  class space    used 9081K, committed 9344K, reserved 1048576K
}
Event: 20.653 GC heap after
{Heap after GC invocations=29 (full 0):
 garbage-first heap   total 595968K, used 321536K [0x0000000760e00000, 0x0000000800000000)
  region size 2048K, 6 young (12288K), 6 survivors (12288K)
 Metaspace       used 66797K, committed 67392K, reserved 1114112K
  class space    used 9081K, committed 9344K, reserved 1048576K
}
Event: 20.713 GC heap before
{Heap before GC invocations=29 (full 0):
 garbage-first heap   total 595968K, used 395264K [0x0000000760e00000, 0x0000000800000000)
  region size 2048K, 42 young (86016K), 6 survivors (12288K)
 Metaspace       used 66797K, committed 67392K, reserved 1114112K
  class space    used 9081K, committed 9344K, reserved 1048576K
}
Event: 20.757 GC heap after
{Heap after GC invocations=30 (full 0):
 garbage-first heap   total 595968K, used 376832K [0x0000000760e00000, 0x0000000800000000)
  region size 2048K, 6 young (12288K), 6 survivors (12288K)
 Metaspace       used 66797K, committed 67392K, reserved 1114112K
  class space    used 9081K, committed 9344K, reserved 1048576K
}
Event: 20.805 GC heap before
{Heap before GC invocations=30 (full 0):
 garbage-first heap   total 595968K, used 434176K [0x0000000760e00000, 0x0000000800000000)
  region size 2048K, 34 young (69632K), 6 survivors (12288K)
 Metaspace       used 66797K, committed 67392K, reserved 1114112K
  class space    used 9081K, committed 9344K, reserved 1048576K
}

Dll operation events (17 events):
Event: 0.029 Loaded shared library C:\Users\vlade\IntelliJ IDEA 2022.2.4\.jdks\openjdk-19.0.1\bin\java.dll
Event: 0.063 Loaded shared library C:\Users\vlade\IntelliJ IDEA 2022.2.4\.jdks\openjdk-19.0.1\bin\jsvml.dll
Event: 0.450 Loaded shared library C:\Users\vlade\IntelliJ IDEA 2022.2.4\.jdks\openjdk-19.0.1\bin\zip.dll
Event: 0.456 Loaded shared library C:\Users\vlade\IntelliJ IDEA 2022.2.4\.jdks\openjdk-19.0.1\bin\instrument.dll
Event: 0.470 Loaded shared library C:\Users\vlade\IntelliJ IDEA 2022.2.4\.jdks\openjdk-19.0.1\bin\net.dll
Event: 0.475 Loaded shared library C:\Users\vlade\IntelliJ IDEA 2022.2.4\.jdks\openjdk-19.0.1\bin\nio.dll
Event: 0.482 Loaded shared library C:\Users\vlade\IntelliJ IDEA 2022.2.4\.jdks\openjdk-19.0.1\bin\zip.dll
Event: 0.668 Loaded shared library C:\Users\vlade\IntelliJ IDEA 2022.2.4\bin\breakgen64.dll
Event: 0.680 Loaded shared library C:\Users\vlade\IntelliJ IDEA 2022.2.4\.jdks\openjdk-19.0.1\bin\jimage.dll
Event: 0.691 Loaded shared library C:\Users\vlade\IntelliJ IDEA 2022.2.4\.jdks\openjdk-19.0.1\bin\extnet.dll
Event: 0.724 Loaded shared library C:\Users\vlade\IntelliJ IDEA 2022.2.4\.jdks\openjdk-19.0.1\bin\management.dll
Event: 0.748 Loaded shared library C:\Users\vlade\IntelliJ IDEA 2022.2.4\.jdks\openjdk-19.0.1\bin\management_ext.dll
Event: 1.467 Loaded shared library C:\Users\vlade\IntelliJ IDEA 2022.2.4\.jdks\openjdk-19.0.1\bin\awt.dll
Event: 3.589 Loaded shared library C:\Users\vlade\IntelliJ IDEA 2022.2.4\.jdks\openjdk-19.0.1\bin\verify.dll
Event: 6.688 Loaded shared library C:\Users\vlade\IntelliJ IDEA 2022.2.4\.jdks\openjdk-19.0.1\bin\sunmscapi.dll
Event: 12.586 Loaded shared library C:\Users\vlade\IntelliJ IDEA 2022.2.4\.jdks\openjdk-19.0.1\bin\freetype.dll
Event: 12.588 Loaded shared library C:\Users\vlade\IntelliJ IDEA 2022.2.4\.jdks\openjdk-19.0.1\bin\fontmanager.dll

Deoptimization events (18 events):
Event: 0.978 Thread 0x0000025090cbde30 DEOPT PACKING pc=0x0000025098fd4bd5 sp=0x000000f5ea0fd3f0
Event: 0.978 Thread 0x0000025090cbde30 DEOPT UNPACKING pc=0x0000025098c77543 sp=0x000000f5ea0fc8a0 mode 3
Event: 1.006 Thread 0x0000025090cbde30 DEOPT PACKING pc=0x0000025098fee850 sp=0x000000f5ea0fd3c0
Event: 1.007 Thread 0x0000025090cbde30 DEOPT UNPACKING pc=0x0000025098c77543 sp=0x000000f5ea0fc878 mode 3
Event: 3.720 Thread 0x0000025090cbde30 DEOPT PACKING pc=0x0000025099247119 sp=0x000000f5ea0fd6e0
Event: 3.720 Thread 0x0000025090cbde30 DEOPT UNPACKING pc=0x0000025098c77543 sp=0x000000f5ea0fcbc0 mode 3
Event: 10.905 Thread 0x0000025090cbde30 DEOPT PACKING pc=0x000002509927d254 sp=0x000000f5ea0fc8d0
Event: 10.905 Thread 0x0000025090cbde30 DEOPT UNPACKING pc=0x0000025098c77543 sp=0x000000f5ea0fbe28 mode 0
Event: 11.826 Thread 0x0000025090cbde30 DEOPT PACKING pc=0x00000250992781f2 sp=0x000000f5ea0fe040
Event: 11.826 Thread 0x0000025090cbde30 DEOPT UNPACKING pc=0x0000025098c77543 sp=0x000000f5ea0fd548 mode 3
Event: 11.826 Thread 0x0000025090cbde30 DEOPT PACKING pc=0x0000025099254c04 sp=0x000000f5ea0fe000
Event: 11.826 Thread 0x0000025090cbde30 DEOPT UNPACKING pc=0x0000025098c77543 sp=0x000000f5ea0fd548 mode 3
Event: 19.728 Thread 0x00000250aff341c0 DEOPT PACKING pc=0x00000250998887fb sp=0x000000f5ed1fd020
Event: 19.728 Thread 0x00000250aff341c0 DEOPT UNPACKING pc=0x0000025098c77543 sp=0x000000f5ed1fc540 mode 3
Event: 19.730 Thread 0x00000250aff341c0 DEOPT PACKING pc=0x0000025099889c36 sp=0x000000f5ed1fd0d0
Event: 19.730 Thread 0x00000250aff341c0 DEOPT UNPACKING pc=0x0000025098c77543 sp=0x000000f5ed1fc5d8 mode 3
Event: 19.736 Thread 0x00000250aff3a160 DEOPT PACKING pc=0x000002509988ee25 sp=0x000000f5eddfd9e0
Event: 19.736 Thread 0x00000250aff3a160 DEOPT UNPACKING pc=0x0000025098c77543 sp=0x000000f5eddfcf60 mode 3

Classes loaded (20 events):
Event: 18.426 Loading class javax/swing/event/RowSorterListener done
Event: 18.427 Loading class javax/swing/JTable done
Event: 18.450 Loading class java/beans/VetoableChangeSupport
Event: 18.451 Loading class java/beans/VetoableChangeSupport done
Event: 18.451 Loading class java/beans/VetoableChangeSupport$VetoableChangeListenerMap
Event: 18.452 Loading class java/beans/VetoableChangeSupport$VetoableChangeListenerMap done
Event: 18.462 Loading class sun/java2d/loops/MaskBlit$General
Event: 18.462 Loading class sun/java2d/loops/GraphicsPrimitive$GeneralBinaryOp
Event: 18.463 Loading class sun/java2d/loops/GraphicsPrimitive$GeneralBinaryOp done
Event: 18.463 Loading class sun/java2d/loops/MaskBlit$General done
Event: 18.557 Loading class javax/imageio/ImageTypeSpecifier$Indexed
Event: 18.557 Loading class javax/imageio/ImageTypeSpecifier$Indexed done
Event: 18.557 Loading class sun/awt/image/BytePackedRaster
Event: 18.559 Loading class sun/awt/image/BytePackedRaster done
Event: 18.571 Loading class java/awt/EventQueue$1AWTInvocationLock
Event: 18.572 Loading class java/awt/EventQueue$1AWTInvocationLock done
Event: 19.695 Loading class java/util/AbstractMap$SimpleEntry
Event: 19.695 Loading class java/util/AbstractMap$SimpleEntry done
Event: 19.729 Loading class sun/net/www/http/ChunkedInputStream
Event: 19.729 Loading class sun/net/www/http/ChunkedInputStream done

Classes unloaded (0 events):
No events

Classes redefined (0 events):
No events

Internal exceptions (20 events):
Event: 10.540 Thread 0x0000025090cbde30 Exception <a 'java/lang/NoSuchMethodError'{0x0000000764fcf9d8}: 'void java.lang.invoke.Invokers$Holder.invokeExact_MT(java.lang.Object, java.lang.Object, java.lang.Object, java.lang.Object)'> (0x0000000764fcf9d8) 
thrown [s\open\src\hotspot\share\interpreter\linkResolver.cpp, line 774]
Event: 10.641 Thread 0x0000025090cbde30 Exception <a 'java/lang/IncompatibleClassChangeError'{0x0000000764b47b20}: Found class java.lang.Object, but interface was expected> (0x0000000764b47b20) 
thrown [s\open\src\hotspot\share\interpreter\linkResolver.cpp, line 841]
Event: 10.692 Thread 0x0000025090cbde30 Exception <a 'java/lang/IncompatibleClassChangeError'{0x00000007648a5d20}: Found class java.lang.Object, but interface was expected> (0x00000007648a5d20) 
thrown [s\open\src\hotspot\share\interpreter\linkResolver.cpp, line 841]
Event: 10.978 Thread 0x0000025090cbde30 Exception <a 'java/lang/IncompatibleClassChangeError'{0x000000076431fee0}: Found class java.lang.Object, but interface was expected> (0x000000076431fee0) 
thrown [s\open\src\hotspot\share\interpreter\linkResolver.cpp, line 841]
Event: 11.107 Thread 0x0000025090cbde30 Exception <a 'java/lang/NoSuchMethodError'{0x0000000763d5f598}: 'int java.lang.invoke.DirectMethodHandle$Holder.invokeStatic(java.lang.Object, int, java.lang.Object)'> (0x0000000763d5f598) 
thrown [s\open\src\hotspot\share\interpreter\linkResolver.cpp, line 774]
Event: 11.354 Thread 0x0000025090cbde30 Exception <a 'java/lang/NoSuchMethodError'{0x0000000766a16af8}: 'java.lang.Object java.lang.invoke.DirectMethodHandle$Holder.newInvokeSpecial(java.lang.Object, java.lang.Object, java.lang.Object, java.lang.Object, java.lang.Object, java.lang.Object, java.lang.Object, java.lang.Object)'> (0x0000000766a16af8) 
thrown [s\open\src\hotspot\share\interpreter\linkResolver.cpp, line 774]
Event: 11.538 Thread 0x0000025090cbde30 Exception <a 'java/lang/IncompatibleClassChangeError'{0x000000076571eed8}: Found class java.lang.Object, but interface was expected> (0x000000076571eed8) 
thrown [s\open\src\hotspot\share\interpreter\linkResolver.cpp, line 841]
Event: 11.593 Thread 0x0000025090cbde30 Exception <a 'java/lang/NoSuchMethodError'{0x0000000765519f90}: 'void java.lang.invoke.DirectMethodHandle$Holder.invokeVirtual(java.lang.Object, java.lang.Object, long)'> (0x0000000765519f90) 
thrown [s\open\src\hotspot\share\interpreter\linkResolver.cpp, line 774]
Event: 11.824 Thread 0x0000025090cbde30 Exception <a 'java/lang/IncompatibleClassChangeError'{0x0000000764ec5960}: Found class java.lang.Object, but interface was expected> (0x0000000764ec5960) 
thrown [s\open\src\hotspot\share\interpreter\linkResolver.cpp, line 841]
Event: 12.431 Thread 0x0000025090cbde30 Exception <a 'java/lang/NoSuchMethodError'{0x0000000766aebf98}: 'java.lang.Object java.lang.invoke.DirectMethodHandle$Holder.newInvokeSpecial(java.lang.Object, java.lang.Object, int, java.lang.Object, java.lang.Object)'> (0x0000000766aebf98) 
thrown [s\open\src\hotspot\share\interpreter\linkResolver.cpp, line 774]
Event: 12.431 Thread 0x0000025090cbde30 Exception <a 'java/lang/NoSuchMethodError'{0x0000000766af3890}: 'java.lang.Object java.lang.invoke.Invokers$Holder.linkToTargetMethod(java.lang.Object, int, java.lang.Object, java.lang.Object, java.lang.Object)'> (0x0000000766af3890) 
thrown [s\open\src\hotspot\share\interpreter\linkResolver.cpp, line 774]
Event: 12.432 Thread 0x0000025090cbde30 Exception <a 'java/lang/NoSuchMethodError'{0x0000000766af77d0}: 'java.lang.Object java.lang.invoke.DirectMethodHandle$Holder.invokeSpecial(java.lang.Object, java.lang.Object, int, java.lang.Object, int, java.lang.Object)'> (0x0000000766af77d0) 
thrown [s\open\src\hotspot\share\interpreter\linkResolver.cpp, line 774]
Event: 12.433 Thread 0x0000025090cbde30 Exception <a 'java/lang/NoSuchMethodError'{0x0000000766aff5b8}: 'java.lang.Object java.lang.invoke.DirectMethodHandle$Holder.newInvokeSpecial(java.lang.Object, java.lang.Object, int, java.lang.Object, int)'> (0x0000000766aff5b8) 
thrown [s\open\src\hotspot\share\interpreter\linkResolver.cpp, line 774]
Event: 12.433 Thread 0x0000025090cbde30 Exception <a 'java/lang/NoSuchMethodError'{0x0000000766b036d0}: 'java.lang.Object java.lang.invoke.DirectMethodHandle$Holder.invokeSpecial(java.lang.Object, java.lang.Object, java.lang.Object, int, java.lang.Object, int)'> (0x0000000766b036d0) 
thrown [s\open\src\hotspot\share\interpreter\linkResolver.cpp, line 774]
Event: 12.575 Thread 0x0000025090cbde30 Exception <a 'java/lang/NoSuchMethodError'{0x00000007669d80c0}: 'void java.lang.invoke.DirectMethodHandle$Holder.invokeStaticInit(java.lang.Object)'> (0x00000007669d80c0) 
thrown [s\open\src\hotspot\share\interpreter\linkResolver.cpp, line 774]
Event: 17.192 Thread 0x00000250a8ed1070 Exception <a 'java/lang/NoSuchMethodError'{0x00000007652eb398}: 'java.lang.Object java.lang.invoke.DirectMethodHandle$Holder.invokeSpecial(java.lang.Object, java.lang.Object, java.lang.Object, java.lang.Object, java.lang.Object, long)'> (0x00000007652eb398) 
thrown [s\open\src\hotspot\share\interpreter\linkResolver.cpp, line 774]
Event: 17.193 Thread 0x00000250a8ed1070 Exception <a 'java/lang/NoSuchMethodError'{0x00000007652eede8}: 'java.lang.Object java.lang.invoke.Invokers$Holder.linkToTargetMethod(java.lang.Object, java.lang.Object, java.lang.Object, long, java.lang.Object)'> (0x00000007652eede8) 
thrown [s\open\src\hotspot\share\interpreter\linkResolver.cpp, line 774]
Event: 17.492 Thread 0x00000250a8ed1070 Exception <a 'java/lang/NoSuchMethodError'{0x0000000764c985c8}: 'void java.lang.invoke.DirectMethodHandle$Holder.invokeStaticInit(java.lang.Object, java.lang.Object, java.lang.Object, java.lang.Object, java.lang.Object)'> (0x0000000764c985c8) 
thrown [s\open\src\hotspot\share\interpreter\linkResolver.cpp, line 774]
Event: 17.538 Thread 0x00000250a8ed1070 Exception <a 'java/lang/NoSuchMethodError'{0x0000000764d2d878}: 'java.lang.Object java.lang.invoke.DirectMethodHandle$Holder.invokeInterface(java.lang.Object, java.lang.Object, int)'> (0x0000000764d2d878) 
thrown [s\open\src\hotspot\share\interpreter\linkResolver.cpp, line 774]
Event: 17.548 Thread 0x00000250a8ed1070 Exception <a 'java/lang/IncompatibleClassChangeError'{0x0000000764d608f0}: Found class java.lang.Object, but interface was expected> (0x0000000764d608f0) 
thrown [s\open\src\hotspot\share\interpreter\linkResolver.cpp, line 841]

VM Operations (20 events):
Event: 19.995 Executing VM operation: G1CollectForAllocation done
Event: 20.019 Executing VM operation: G1CollectForAllocation
Event: 20.035 Executing VM operation: G1CollectForAllocation done
Event: 20.050 Executing VM operation: G1CollectForAllocation
Event: 20.063 Executing VM operation: G1CollectForAllocation done
Event: 20.083 Executing VM operation: G1CollectForAllocation
Event: 20.096 Executing VM operation: G1CollectForAllocation done
Event: 20.189 Executing VM operation: G1PauseRemark
Event: 20.196 Executing VM operation: G1PauseRemark done
Event: 20.262 Executing VM operation: G1PauseCleanup
Event: 20.262 Executing VM operation: G1PauseCleanup done
Event: 20.440 Executing VM operation: G1CollectForAllocation
Event: 20.501 Executing VM operation: G1CollectForAllocation done
Event: 20.512 Executing VM operation: G1CollectForAllocation
Event: 20.530 Executing VM operation: G1CollectForAllocation done
Event: 20.604 Executing VM operation: G1CollectForAllocation
Event: 20.653 Executing VM operation: G1CollectForAllocation done
Event: 20.713 Executing VM operation: G1CollectForAllocation
Event: 20.757 Executing VM operation: G1CollectForAllocation done
Event: 20.804 Executing VM operation: G1CollectForAllocation

Events (20 events):
Event: 12.454 Thread 0x00000250aff36c40 Thread added: 0x00000250aff36c40
Event: 12.474 Thread 0x00000250aff39170 Thread added: 0x00000250aff39170
Event: 12.478 Thread 0x00000250aff39c10 Thread added: 0x00000250aff39c10
Event: 12.521 Thread 0x00000250aff351b0 Thread added: 0x00000250aff351b0
Event: 12.534 Thread 0x00000250aff3a160 Thread added: 0x00000250aff3a160
Event: 12.758 Thread 0x00000250aff37190 Thread added: 0x00000250aff37190
Event: 12.762 Thread 0x0000025090cbde30 Thread exited: 0x0000025090cbde30
Event: 12.763 Thread 0x00000250aff376e0 Thread added: 0x00000250aff376e0
Event: 12.955 Thread 0x00000250aff37c30 Thread added: 0x00000250aff37c30
Event: 13.976 Thread 0x00000250a464e910 Thread exited: 0x00000250a464e910
Event: 13.976 Thread 0x00000250a464dd80 Thread exited: 0x00000250a464dd80
Event: 15.164 Thread 0x00000250a8ed25b0 Thread exited: 0x00000250a8ed25b0
Event: 17.615 Thread 0x00000250aff38180 Thread added: 0x00000250aff38180
Event: 18.457 Thread 0x00000250aff34c60 Thread added: 0x00000250aff34c60
Event: 18.458 Thread 0x00000250aff331d0 Thread added: 0x00000250aff331d0
Event: 18.466 Thread 0x00000250aff386d0 Thread added: 0x00000250aff386d0
Event: 18.468 Thread 0x00000250aff35700 Thread added: 0x00000250aff35700
Event: 18.562 Thread 0x00000250afaf27a0 Thread added: 0x00000250afaf27a0
Event: 18.564 Thread 0x00000250afaf1c80 Thread added: 0x00000250afaf1c80
Event: 19.640 Thread 0x00000250afaf4900 Thread added: 0x00000250afaf4900


Dynamic libraries:
0x00007ff796440000 - 0x00007ff79644e000 	C:\Users\vlade\IntelliJ IDEA 2022.2.4\.jdks\openjdk-19.0.1\bin\java.exe
0x00007fff9b4c0000 - 0x00007fff9b6c9000 	C:\Windows\SYSTEM32\ntdll.dll
0x00007fff9aa10000 - 0x00007fff9aace000 	C:\Windows\System32\KERNEL32.DLL
0x00007fff98ed0000 - 0x00007fff9924b000 	C:\Windows\System32\KERNELBASE.dll
0x00007fff98ab0000 - 0x00007fff98bc1000 	C:\Windows\System32\ucrtbase.dll
0x00007fff8af70000 - 0x00007fff8af8b000 	C:\Users\vlade\IntelliJ IDEA 2022.2.4\.jdks\openjdk-19.0.1\bin\VCRUNTIME140.dll
0x00007fff8af50000 - 0x00007fff8af67000 	C:\Users\vlade\IntelliJ IDEA 2022.2.4\.jdks\openjdk-19.0.1\bin\jli.dll
0x00007fff99830000 - 0x00007fff999dd000 	C:\Windows\System32\USER32.dll
0x00007fff98a80000 - 0x00007fff98aa6000 	C:\Windows\System32\win32u.dll
0x00007fff9a930000 - 0x00007fff9a959000 	C:\Windows\System32\GDI32.dll
0x00007fff98960000 - 0x00007fff98a78000 	C:\Windows\System32\gdi32full.dll
0x00007fff853a0000 - 0x00007fff85645000 	C:\Windows\WinSxS\amd64_microsoft.windows.common-controls_6595b64144ccf1df_6.0.22000.120_none_9d947278b86cc467\COMCTL32.dll
0x00007fff98bd0000 - 0x00007fff98c6d000 	C:\Windows\System32\msvcp_win.dll
0x00007fff9a960000 - 0x00007fff9aa03000 	C:\Windows\System32\msvcrt.dll
0x00007fff9a670000 - 0x00007fff9a6a2000 	C:\Windows\System32\IMM32.DLL
0x00007fff8efa0000 - 0x00007fff8efac000 	C:\Users\vlade\IntelliJ IDEA 2022.2.4\.jdks\openjdk-19.0.1\bin\vcruntime140_1.dll
0x00007fff4f300000 - 0x00007fff4f38e000 	C:\Users\vlade\IntelliJ IDEA 2022.2.4\.jdks\openjdk-19.0.1\bin\msvcp140.dll
0x00007fff16030000 - 0x00007fff16cf0000 	C:\Users\vlade\IntelliJ IDEA 2022.2.4\.jdks\openjdk-19.0.1\bin\server\jvm.dll
0x00007fff9b200000 - 0x00007fff9b2ae000 	C:\Windows\System32\ADVAPI32.dll
0x00007fff993b0000 - 0x00007fff9944e000 	C:\Windows\System32\sechost.dll
0x00007fff9aad0000 - 0x00007fff9abf0000 	C:\Windows\System32\RPCRT4.dll
0x00007fff90200000 - 0x00007fff9020a000 	C:\Windows\SYSTEM32\VERSION.dll
0x00007fff92320000 - 0x00007fff92353000 	C:\Windows\SYSTEM32\WINMM.dll
0x00007fff80200000 - 0x00007fff80209000 	C:\Windows\SYSTEM32\WSOCK32.dll
0x00007fff99340000 - 0x00007fff993af000 	C:\Windows\System32\WS2_32.dll
0x00007fff979b0000 - 0x00007fff979c8000 	C:\Windows\SYSTEM32\kernel.appcore.dll
0x00007fff8b740000 - 0x00007fff8b74a000 	C:\Users\vlade\IntelliJ IDEA 2022.2.4\.jdks\openjdk-19.0.1\bin\jimage.dll
0x00007fff8f7d0000 - 0x00007fff8f9f1000 	C:\Windows\SYSTEM32\DBGHELP.DLL
0x00007fff81d20000 - 0x00007fff81d51000 	C:\Windows\SYSTEM32\dbgcore.DLL
0x00007fff98c70000 - 0x00007fff98cef000 	C:\Windows\System32\bcryptPrimitives.dll
0x00007fff95680000 - 0x00007fff9568e000 	C:\Users\vlade\IntelliJ IDEA 2022.2.4\.jdks\openjdk-19.0.1\bin\instrument.dll
0x00007fff87fa0000 - 0x00007fff87fc6000 	C:\Users\vlade\IntelliJ IDEA 2022.2.4\.jdks\openjdk-19.0.1\bin\java.dll
0x00007fff4eea0000 - 0x00007fff4ef77000 	C:\Users\vlade\IntelliJ IDEA 2022.2.4\.jdks\openjdk-19.0.1\bin\jsvml.dll
0x00007fff999e0000 - 0x00007fff9a197000 	C:\Windows\System32\SHELL32.dll
0x00007fff96a10000 - 0x00007fff97275000 	C:\Windows\SYSTEM32\windows.storage.dll
0x00007fff99450000 - 0x00007fff997c8000 	C:\Windows\System32\combase.dll
0x00007fff968a0000 - 0x00007fff96a06000 	C:\Windows\SYSTEM32\wintypes.dll
0x00007fff9a490000 - 0x00007fff9a57a000 	C:\Windows\System32\SHCORE.dll
0x00007fff997d0000 - 0x00007fff9982d000 	C:\Windows\System32\shlwapi.dll
0x00007fff98890000 - 0x00007fff988b1000 	C:\Windows\SYSTEM32\profapi.dll
0x00007fff85820000 - 0x00007fff85838000 	C:\Users\vlade\IntelliJ IDEA 2022.2.4\.jdks\openjdk-19.0.1\bin\zip.dll
0x00007fff891f0000 - 0x00007fff89203000 	C:\Users\vlade\IntelliJ IDEA 2022.2.4\.jdks\openjdk-19.0.1\bin\net.dll
0x00007fff916c0000 - 0x00007fff917d4000 	C:\Windows\SYSTEM32\WINHTTP.dll
0x00007fff97e80000 - 0x00007fff97ee7000 	C:\Windows\system32\mswsock.dll
0x00007fff885a0000 - 0x00007fff885b6000 	C:\Users\vlade\IntelliJ IDEA 2022.2.4\.jdks\openjdk-19.0.1\bin\nio.dll
0x00007fff92420000 - 0x00007fff9243a000 	C:\Users\vlade\IntelliJ IDEA 2022.2.4\bin\breakgen64.dll
0x00007fff8b580000 - 0x00007fff8b588000 	C:\Users\vlade\IntelliJ IDEA 2022.2.4\.jdks\openjdk-19.0.1\bin\extnet.dll
0x00007fff97500000 - 0x00007fff975e8000 	C:\Windows\SYSTEM32\DNSAPI.dll
0x00007fff974d0000 - 0x00007fff974fd000 	C:\Windows\SYSTEM32\IPHLPAPI.DLL
0x00007fff9a580000 - 0x00007fff9a589000 	C:\Windows\System32\NSI.dll
0x00007fff8e350000 - 0x00007fff8e35a000 	C:\Windows\System32\rasadhlp.dll
0x00007fff8dc50000 - 0x00007fff8dcd1000 	C:\Windows\System32\fwpuclnt.dll
0x00007fff95010000 - 0x00007fff9501a000 	C:\Users\vlade\IntelliJ IDEA 2022.2.4\.jdks\openjdk-19.0.1\bin\management.dll
0x00007fff947f0000 - 0x00007fff947fb000 	C:\Users\vlade\IntelliJ IDEA 2022.2.4\.jdks\openjdk-19.0.1\bin\management_ext.dll
0x00007fff99330000 - 0x00007fff99338000 	C:\Windows\System32\PSAPI.DLL
0x00007fff980d0000 - 0x00007fff980e8000 	C:\Windows\SYSTEM32\CRYPTSP.dll
0x00007fff97910000 - 0x00007fff97945000 	C:\Windows\system32\rsaenh.dll
0x00007fff97f70000 - 0x00007fff97f99000 	C:\Windows\SYSTEM32\USERENV.dll
0x00007fff98250000 - 0x00007fff98277000 	C:\Windows\SYSTEM32\bcrypt.dll
0x00007fff980c0000 - 0x00007fff980cc000 	C:\Windows\SYSTEM32\CRYPTBASE.dll
0x00007fff92230000 - 0x00007fff92249000 	C:\Windows\SYSTEM32\dhcpcsvc6.DLL
0x00007fff92300000 - 0x00007fff9231e000 	C:\Windows\SYSTEM32\dhcpcsvc.DLL
0x00007fff6a800000 - 0x00007fff6a817000 	C:\Windows\system32\napinsp.dll
0x00007fff690a0000 - 0x00007fff690bb000 	C:\Windows\system32\pnrpnsp.dll
0x00007fff5c160000 - 0x00007fff5c172000 	C:\Windows\System32\winrnr.dll
0x00007fff7a730000 - 0x00007fff7a745000 	C:\Windows\system32\wshbth.dll
0x00007fff89e80000 - 0x00007fff89e9f000 	C:\Windows\system32\nlansp_c.dll
0x00007fff881f0000 - 0x00007fff88380000 	C:\Users\vlade\IntelliJ IDEA 2022.2.4\.jdks\openjdk-19.0.1\bin\awt.dll
0x00007fff9a590000 - 0x00007fff9a666000 	C:\Windows\System32\OLEAUT32.dll
0x00007fff95f10000 - 0x00007fff95fa2000 	C:\Windows\SYSTEM32\apphelp.dll
0x00007fff96030000 - 0x00007fff960dc000 	C:\Windows\system32\uxtheme.dll
0x00007fff9ac70000 - 0x00007fff9ad8d000 	C:\Windows\System32\MSCTF.dll
0x00007fff9b2b0000 - 0x00007fff9b44a000 	C:\Windows\System32\ole32.dll
0x00007fff96580000 - 0x00007fff965af000 	C:\Windows\system32\DWMAPI.DLL
0x00007fff52450000 - 0x00007fff52551000 	C:\Windows\system32\opengl32.dll
0x00007fff51650000 - 0x00007fff5167d000 	C:\Windows\SYSTEM32\GLU32.dll
0x00007fff96110000 - 0x00007fff96148000 	C:\Windows\SYSTEM32\dxcore.dll
0x00007fff58f30000 - 0x00007fff590d6000 	C:\Windows\system32\d3d9.dll
0x00007fff8f400000 - 0x00007fff8f5db000 	C:\Windows\System32\DriverStore\FileRepository\u0364341.inf_amd64_c22b73fb0c3a32d3\B364190\aticfx64.dll
0x00007fff89230000 - 0x00007fff89263000 	C:\Windows\System32\DriverStore\FileRepository\u0364341.inf_amd64_c22b73fb0c3a32d3\B364190\atiu9p64.dll
0x00007fff479c0000 - 0x00007fff48656000 	C:\Windows\System32\DriverStore\FileRepository\u0364341.inf_amd64_c22b73fb0c3a32d3\B364190\atiumd64.dll
0x0000000065d20000 - 0x0000000066b9d000 	C:\Windows\System32\DriverStore\FileRepository\u0364341.inf_amd64_c22b73fb0c3a32d3\B364190\atiumd6a.dll
0x00007fff98830000 - 0x00007fff9887d000 	C:\Windows\SYSTEM32\POWRPROF.dll
0x00007fff98810000 - 0x00007fff98823000 	C:\Windows\SYSTEM32\UMPDC.dll
0x00007fff902c0000 - 0x00007fff902ef000 	C:\Windows\SYSTEM32\amdihk64.dll
0x00007fff94610000 - 0x00007fff94654000 	C:\Windows\SYSTEM32\directxdatabasehelper.dll
0x00007fff979d0000 - 0x00007fff97a04000 	C:\Windows\SYSTEM32\ntmarta.dll
0x00007fff89d20000 - 0x00007fff89d30000 	C:\Users\vlade\IntelliJ IDEA 2022.2.4\.jdks\openjdk-19.0.1\bin\verify.dll
0x00007fff947a0000 - 0x00007fff947ae000 	C:\Users\vlade\IntelliJ IDEA 2022.2.4\.jdks\openjdk-19.0.1\bin\sunmscapi.dll
0x00007fff98cf0000 - 0x00007fff98e52000 	C:\Windows\System32\CRYPT32.dll
0x00007fff98220000 - 0x00007fff98248000 	C:\Windows\SYSTEM32\ncrypt.dll
0x00007fff981e0000 - 0x00007fff98217000 	C:\Windows\SYSTEM32\NTASN1.dll
0x00007fff8f790000 - 0x00007fff8f798000 	C:\Windows\system32\wshunix.dll
0x00007fff8aec0000 - 0x00007fff8af46000 	C:\Users\vlade\IntelliJ IDEA 2022.2.4\.jdks\openjdk-19.0.1\bin\freetype.dll
0x00007fff8adf0000 - 0x00007fff8aeb5000 	C:\Users\vlade\IntelliJ IDEA 2022.2.4\.jdks\openjdk-19.0.1\bin\fontmanager.dll
0x00007fff9a340000 - 0x00007fff9a3f5000 	C:\Windows\System32\clbcatq.dll
0x00007fff92560000 - 0x00007fff9270e000 	C:\Windows\SYSTEM32\WindowsCodecs.dll
0x00007fff7c0f0000 - 0x00007fff7c14d000 	C:\Windows\system32\dataexchange.dll
0x00007fff91140000 - 0x00007fff913a6000 	C:\Windows\system32\twinapi.appcore.dll
0x00007fff7a890000 - 0x00007fff7a9bd000 	C:\Windows\SYSTEM32\textinputframework.dll
0x00007fff95b70000 - 0x00007fff95ca1000 	C:\Windows\SYSTEM32\CoreMessaging.dll
0x00007fff93f70000 - 0x00007fff942dd000 	C:\Windows\SYSTEM32\CoreUIComponents.dll

dbghelp: loaded successfully - version: 4.0.5 - missing functions: none
symbol engine: initialized successfully - sym options: 0x614 - pdb path: .;C:\Users\vlade\IntelliJ IDEA 2022.2.4\.jdks\openjdk-19.0.1\bin;C:\Windows\SYSTEM32;C:\Windows\WinSxS\amd64_microsoft.windows.common-controls_6595b64144ccf1df_6.0.22000.120_none_9d947278b86cc467;C:\Users\vlade\IntelliJ IDEA 2022.2.4\.jdks\openjdk-19.0.1\bin\server;C:\Users\vlade\IntelliJ IDEA 2022.2.4\bin;C:\Windows\System32\DriverStore\FileRepository\u0364341.inf_amd64_c22b73fb0c3a32d3\B364190

VM Arguments:
jvm_args: -XX:TieredStopAtLevel=1 -Dspring.output.ansi.enabled=always -Dcom.sun.management.jmxremote -Dspring.jmx.enabled=true -Dspring.liveBeansView.mbeanDomain -Dspring.application.admin.enabled=true -javaagent:C:\Users\vlade\IntelliJ IDEA 2022.2.4\lib\idea_rt.jar=51497:C:\Users\vlade\IntelliJ IDEA 2022.2.4\bin -Dfile.encoding=UTF-8 -Dsun.stdout.encoding=UTF-8 -Dsun.stderr.encoding=UTF-8 
java_command: kursovoi.mestopolozhenie_po_zasechkam.MestopolozheniePoZasechkamApplication
java_class_path (initial): C:\Users\vlade\IdeaProjects\Mestopolozhenie_po_zasechkam\target\classes;C:\Users\vlade\.m2\repository\org\springframework\boot\spring-boot-starter-data-jpa\3.0.0\spring-boot-starter-data-jpa-3.0.0.jar;C:\Users\vlade\.m2\repository\org\springframework\boot\spring-boot-starter-aop\3.0.0\spring-boot-starter-aop-3.0.0.jar;C:\Users\vlade\.m2\repository\org\springframework\spring-aop\6.0.2\spring-aop-6.0.2.jar;C:\Users\vlade\.m2\repository\org\aspectj\aspectjweaver\1.9.9.1\aspectjweaver-1.9.9.1.jar;C:\Users\vlade\.m2\repository\org\springframework\boot\spring-boot-starter-jdbc\3.0.0\spring-boot-starter-jdbc-3.0.0.jar;C:\Users\vlade\.m2\repository\com\zaxxer\HikariCP\5.0.1\HikariCP-5.0.1.jar;C:\Users\vlade\.m2\repository\org\springframework\spring-jdbc\6.0.2\spring-jdbc-6.0.2.jar;C:\Users\vlade\.m2\repository\org\hibernate\orm\hibernate-core\6.1.5.Final\hibernate-core-6.1.5.Final.jar;C:\Users\vlade\.m2\repository\jakarta\persistence\jakarta.persistence-api\3.1.0\jakarta.persistence-api-3.1.0.jar;C:\Users\vlade\.m2\repository\jakarta\transaction\jakarta.transaction-api\2.0.1\jakarta.transaction-api-2.0.1.jar;C:\Users\vlade\.m2\repository\org\jboss\logging\jboss-logging\3.5.0.Final\jboss-logging-3.5.0.Final.jar;C:\Users\vlade\.m2\repository\org\hibernate\common\hibernate-commons-annotations\6.0.2.Final\hibernate-commons-annotations-6.0.2.Final.jar;C:\Users\vlade\.m2\repository\org\jboss\jandex\2.4.2.Final\jandex-2.4.2.Final.jar;C:\Users\vlade\.m2\repository\com\fasterxml\classmate\1.5.1\classmate-1.5.1.jar;C:\Users\vlade\.m2\repository\net\bytebuddy\byte-buddy\1.12.19\byte-buddy-1.12.19.jar;C:\Users\vlade\.m2\repository\org\glassfish\jaxb\jaxb-runtime\4.0.1\jaxb-runtime-4.0.1.jar;C:\Users\vlade\.m2\repository\org\glassfish\jaxb\jaxb-core\4.0.1\jaxb-core-4.0.1.jar;C:\Users\vlade\.m2\repository\org\eclipse\angus\angus-activation\1.0.0\angus-activation-1.0.0.jar;C:\Users\vlade\.m2\repository\org\glassfish\jaxb\txw2\4.0.1\txw2-4.0.1.jar;C:\Users\vlade\.m2\repository\com\sun\istack\istack-commons-runtime\4.1.1\istack-commons-runtime-4.1.1.jar;C:\Users\vlade\.m2\repository\jakarta\inject\jakarta.inject-api\2.0.0\jakarta.inject-api-2.0.0.jar;C:\Users\vlade\.m2\repository\org\antlr\antlr4-runtime\4.10.1\antlr4-runtime-4.10.1.jar;C:\Users\vlade\.m2\repository\org\springframework\data\spring-data-jpa\3.0.0\spring-data-jpa-3.0.0.jar;C:\Users\vlade\.m2\repository\org\springframework\data\spring-data-commons\3.0.0\spring-data-commons-3.0.0.jar;C:\Users\vlade\.m2\repository\org\springframework\spring-orm\6.0.2\spring-orm-6.0.2.jar;C:\Users\vlade\.m2\repository\org\springframework\spring-context\6.0.2\spring-context-6.0.2.jar;C:\Users\vlade\.m2\repository\org\springframework\spring-tx\6.0.2\spring-tx-6.0.2.jar;C:\Users\vlade\.m2\repository\org\springframework\spring-beans\6.0.2\spring-beans-6.0.2.jar;C:\Users\vlade\.m2\repository\jakarta\annotation\jakarta.annotation-api\2.1.1\jakarta.annotation-api-2.1.1.jar;C:\Users\vlade\.m2\repository\org\slf4j\slf4j-api\2.0.4\slf4j-api-2.0.4.jar;C:\Users\vlade\.m2\repository\org\springframework\spring-aspects\6.0.2\spring-aspects-6.0.2.jar;C:\Users\vlade\.m2\repository\org\springframework\boot\spring-boot-starter-freemarker\3.0.0\spring-boot-starter-freemarker-3.0.0.jar;C:\Users\vlade\.m2\repository\org\springframework\boot\spring-boot-starter\3.0.0\spring-boot-starter-3.0.0.jar;C:\Users\vlade\.m2\repository\org\springframework\boot\spring-boot\3.0.0\spring-boot-3.0.0.jar;C:\Users\vlade\.m2\repository\org\springframework\boot\spring-boot-autoconfigure\3.0.0\spring-boot-autoconfigure-3.0.0.jar;C:\Users\vlade\.m2\repository\org\springframework\boot\spring-boot-starter-logging\3.0.0\spring-boot-starter-logging-3.0.0.jar;C:\Users\vlade\.m2\repository\ch\qos\logback\logback-classic\1.4.5\logback-classic-1.4.5.jar;C:\Users\vlade\.m2\repository\ch\qos\logback\logback-core\1.4.5\logback-core-1.4.5.jar;C:\Users\vlade\.m2\repository\org\apache\logging\log4j\log4j-to-slf4j\2.19.0\log4j-to-slf4j-2.19.0.jar;C:\Users\vlade\.m2\repository\org\apache\logging\log4j\log4j-api\2.19.0\log4j-api-2.19.0.jar;C:\Users\vlade\.m2\repository\org\slf4j\jul-to-slf4j\2.0.4\jul-to-slf4j-2.0.4.jar;C:\Users\vlade\.m2\repository\org\yaml\snakeyaml\1.33\snakeyaml-1.33.jar;C:\Users\vlade\.m2\repository\org\freemarker\freemarker\2.3.31\freemarker-2.3.31.jar;C:\Users\vlade\.m2\repository\org\springframework\spring-context-support\6.0.2\spring-context-support-6.0.2.jar;C:\Users\vlade\.m2\repository\org\springframework\boot\spring-boot-starter-web\3.0.0\spring-boot-starter-web-3.0.0.jar;C:\Users\vlade\.m2\repository\org\springframework\boot\spring-boot-starter-json\3.0.0\spring-boot-starter-json-3.0.0.jar;C:\Users\vlade\.m2\repository\com\fasterxml\jackson\core\jackson-databind\2.14.1\jackson-databind-2.14.1.jar;C:\Users\vlade\.m2\repository\com\fasterxml\jackson\core\jackson-annotations\2.14.1\jackson-annotations-2.14.1.jar;C:\Users\vlade\.m2\repository\com\fasterxml\jackson\core\jackson-core\2.14.1\jackson-core-2.14.1.jar;C:\Users\vlade\.m2\repository\com\fasterxml\jackson\datatype\jackson-datatype-jdk8\2.14.1\jackson-datatype-jdk8-2.14.1.jar;C:\Users\vlade\.m2\repository\com\fasterxml\jackson\datatype\jackson-datatype-jsr310\2.14.1\jackson-datatype-jsr310-2.14.1.jar;C:\Users\vlade\.m2\repository\com\fasterxml\jackson\module\jackson-module-parameter-names\2.14.1\jackson-module-parameter-names-2.14.1.jar;C:\Users\vlade\.m2\repository\org\springframework\boot\spring-boot-starter-tomcat\3.0.0\spring-boot-starter-tomcat-3.0.0.jar;C:\Users\vlade\.m2\repository\org\apache\tomcat\embed\tomcat-embed-core\10.1.1\tomcat-embed-core-10.1.1.jar;C:\Users\vlade\.m2\repository\org\apache\tomcat\embed\tomcat-embed-el\10.1.1\tomcat-embed-el-10.1.1.jar;C:\Users\vlade\.m2\repository\org\apache\tomcat\embed\tomcat-embed-websocket\10.1.1\tomcat-embed-websocket-10.1.1.jar;C:\Users\vlade\.m2\repository\org\springframework\spring-web\6.0.2\spring-web-6.0.2.jar;C:\Users\vlade\.m2\repository\io\micrometer\micrometer-observation\1.10.2\micrometer-observation-1.10.2.jar;C:\Users\vlade\.m2\repository\io\micrometer\micrometer-commons\1.10.2\micrometer-commons-1.10.2.jar;C:\Users\vlade\.m2\repository\org\springframework\spring-webmvc\6.0.2\spring-webmvc-6.0.2.jar;C:\Users\vlade\.m2\repository\org\springframework\spring-expression\6.0.2\spring-expression-6.0.2.jar;C:\Users\vlade\.m2\repository\org\postgresql\postgresql\42.5.1\postgresql-42.5.1.jar;C:\Users\vlade\.m2\repository\org\checkerframework\checker-qual\3.5.0\checker-qual-3.5.0.jar;C:\Users\vlade\.m2\repository\org\projectlombok\lombok\1.18.24\lombok-1.18.24.jar;C:\Users\vlade\.m2\repository\jakarta\xml\bind\jakarta.xml.bind-api\4.0.0\jakarta.xml.bind-api-4.0.0.jar;C:\Users\vlade\.m2\repository\jakarta\activation\jakarta.activation-api\2.1.0\jakarta.activation-api-2.1.0.jar;C:\Users\vlade\.m2\repository\org\springframework\spring-core\6.0.2\spring-core-6.0.2.jar;C:\Users\vlade\.m2\repository\org\springframework\spring-jcl\6.0.2\spring-jcl-6.0.2.jar;C:\Users\vlade\.m2\repository\com\google\maps\google-maps-services\2.1.2\google-maps-services-2.1.2.jar;C:\Users\vlade\.m2\repository\com\squareup\okhttp3\okhttp\4.10.0\okhttp-4.10.0.jar;C:\Users\vlade\.m2\repository\com\squareup\okio\okio-jvm\3.0.0\okio-jvm-3.0.0.jar;C:\Users\vlade\.m2\repository\org\jetbrains\kotlin\kotlin-stdlib-jdk8\1.5.31\kotlin-stdlib-jdk8-1.5.31.jar;C:\Users\vlade\.m2\repository\org\jetbrains\kotlin\kotlin-stdlib-jdk7\1.5.31\kotlin-stdlib-jdk7-1.5.31.jar;C:\Users\vlade\.m2\repository\org\jetbrains\kotlin\kotlin-stdlib-common\1.5.31\kotlin-stdlib-common-1.5.31.jar;C:\Users\vlade\.m2\repository\org\jetbrains\kotlin\kotlin-stdlib\1.6.20\kotlin-stdlib-1.6.20.jar;C:\Users\vlade\.m2\repository\org\jetbrains\annotations\13.0\annotations-13.0.jar;C:\Users\vlade\.m2\repository\com\google\code\gson\gson\2.10\gson-2.10.jar;C:\Users\vlade\.m2\repository\io\opencensus\opencensus-api\0.31.0\opencensus-api-0.31.0.jar;C:\Users\vlade\.m2\repository\io\grpc\grpc-context\1.27.2\grpc-context-1.27.2.jar;C:\Users\vlade\.m2\repository\org\slf4j\slf4j-api\2.0.3\slf4j-api-2.0.3.jar;C:\Users\vlade\.m2\repository\org\apache\maven\archetypes\maven-archetype-simple\1.0\maven-archetype-simple-1.0.jar;C:\Users\vlade\.m2\repository\junit\junit\3.8.1\junit-3.8.1.jar;C:\Users\vlade\IdeaProjects\Mestopolozhenie_po_zasechkam\jxmapviewer2-2.6.jar;C:\Users\vlade\IdeaProjects\Mestopolozhenie_po_zasechkam\commons-logging-1.1.3.jar
Launcher Type: SUN_STANDARD

[Global flags]
     intx CICompilerCount                          = 4                                         {product} {ergonomic}
     uint ConcGCThreads                            = 2                                         {product} {ergonomic}
     uint G1ConcRefinementThreads                  = 8                                         {product} {ergonomic}
   size_t G1HeapRegionSize                         = 2097152                                   {product} {ergonomic}
    uintx GCDrainStackTargetSize                   = 64                                        {product} {ergonomic}
   size_t InitialHeapSize                          = 167772160                                 {product} {ergonomic}
     bool ManagementServer                         = true                                      {product} {command line}
   size_t MarkStackSize                            = 4194304                                   {product} {ergonomic}
   size_t MaxHeapSize                              = 2669674496                                {product} {ergonomic}
   size_t MaxNewSize                               = 1600126976                                {product} {ergonomic}
   size_t MinHeapDeltaBytes                        = 2097152                                   {product} {ergonomic}
   size_t MinHeapSize                              = 8388608                                   {product} {ergonomic}
    uintx NonProfiledCodeHeapSize                  = 0                                      {pd product} {ergonomic}
     bool ProfileInterpreter                       = false                                  {pd product} {command line}
    uintx ProfiledCodeHeapSize                     = 0                                      {pd product} {ergonomic}
   size_t SoftMaxHeapSize                          = 2669674496                             {manageable} {ergonomic}
     intx TieredStopAtLevel                        = 1                                         {product} {command line}
     bool UseCompressedClassPointers               = true                           {product lp64_product} {ergonomic}
     bool UseCompressedOops                        = true                           {product lp64_product} {ergonomic}
     bool UseG1GC                                  = true                                      {product} {ergonomic}
     bool UseLargePagesIndividualAllocation        = false                                  {pd product} {ergonomic}

Logging:
Log output configuration:
 #0: stdout all=warning uptime,level,tags foldmultilines=false
 #1: stderr all=off uptime,level,tags foldmultilines=false

Environment Variables:
PATH=C:\Windows\system32;C:\Windows;C:\Windows\System32\Wbem;C:\Windows\System32\WindowsPowerShell\v1.0\;C:\Windows\System32\OpenSSH\;C:\Program Files (x86)\dotnet\;C:\Users\vlade\AppData\Local\Microsoft\WindowsApps;;C:\Users\vlade\IntelliJ IDEA 2022.2.4\bin;
USERNAME=vlade
OS=Windows_NT
PROCESSOR_IDENTIFIER=AMD64 Family 23 Model 24 Stepping 1, AuthenticAMD
TMP=C:\Users\vlade\AppData\Local\Temp
TEMP=C:\Users\vlade\AppData\Local\Temp



---------------  S Y S T E M  ---------------

OS:
 Windows 11 , 64 bit Build 22000 (10.0.22000.1335)
OS uptime: 2 days 22:30 hours
Hyper-V role detected

CPU: total 8 (initial active 8) (8 cores per cpu, 2 threads per core) family 23 model 24 stepping 1 microcode 0x0, cx8, cmov, fxsr, ht, mmx, 3dnowpref, sse, sse2, sse3, ssse3, sse4a, sse4.1, sse4.2, popcnt, lzcnt, tsc, tscinvbit, avx, avx2, aes, clmul, bmi1, bmi2, adx, sha, fma, vzeroupper, clflush, clflushopt, hv, rdtscp

Memory: 4k page, system-wide physical 10177M (2320M free)
TotalPageFile size 10177M (AvailPageFile size 380M)
current process WorkingSet (physical memory assigned to process): 730M, peak: 730M
current process commit charge ("private bytes"): 888M, peak: 1674M

vm_info: OpenJDK 64-Bit Server VM (19.0.1+10-21) for windows-amd64 JRE (19.0.1+10-21), built on 2022-09-14T12:45:06Z by "mach5one" with MS VC++ 17.1 (VS2022)

END.
